[0.182s] DEBUG:colcon:Command line arguments: ['/usr/bin/colcon', 'build']
[0.182s] DEBUG:colcon:Parsed command line arguments: Namespace(log_base=None, log_level=None, verb_name='build', build_base='build', install_base='install', merge_install=False, symlink_install=False, test_result_base=None, continue_on_error=False, executor='parallel', parallel_workers=16, event_handlers=None, ignore_user_meta=False, metas=['./colcon.meta'], base_paths=['.'], packages_ignore=None, packages_ignore_regex=None, paths=None, packages_up_to=None, packages_up_to_regex=None, packages_above=None, packages_above_and_dependencies=None, packages_above_depth=None, packages_select_by_dep=None, packages_skip_by_dep=None, packages_skip_up_to=None, packages_select_build_failed=False, packages_skip_build_finished=False, packages_select_test_failures=False, packages_skip_test_passed=False, packages_select=None, packages_skip=None, packages_select_regex=None, packages_skip_regex=None, packages_start=None, packages_end=None, allow_overriding=[], cmake_args=None, cmake_target=None, cmake_target_skip_unavailable=False, cmake_clean_cache=False, cmake_clean_first=False, cmake_force_configure=False, ament_cmake_args=None, catkin_cmake_args=None, catkin_skip_building_tests=False, mixin_files=None, mixin=None, verb_parser=<colcon_mixin.mixin.mixin_argument.MixinArgumentDecorator object at 0x7732d8f5e7e0>, verb_extension=<colcon_core.verb.build.BuildVerb object at 0x7732d9edf9e0>, main=<bound method BuildVerb.main of <colcon_core.verb.build.BuildVerb object at 0x7732d9edf9e0>>, mixin_verb=('build',))
[0.223s] Level 1:colcon.colcon_core.package_discovery:discover_packages(colcon_meta) check parameters
[0.223s] Level 1:colcon.colcon_core.package_discovery:discover_packages(recursive) check parameters
[0.223s] Level 1:colcon.colcon_core.package_discovery:discover_packages(ignore) check parameters
[0.223s] Level 1:colcon.colcon_core.package_discovery:discover_packages(path) check parameters
[0.223s] Level 1:colcon.colcon_core.package_discovery:discover_packages(colcon_meta) discover
[0.223s] Level 1:colcon.colcon_core.package_discovery:discover_packages(recursive) discover
[0.223s] INFO:colcon.colcon_core.package_discovery:Crawling recursively for packages in '/home/ardra/go_sim'
[0.223s] Level 1:colcon.colcon_core.package_identification:_identify(.) by extensions ['ignore', 'ignore_ament_install']
[0.223s] Level 1:colcon.colcon_core.package_identification:_identify(.) by extension 'ignore'
[0.223s] Level 1:colcon.colcon_core.package_identification:_identify(.) by extension 'ignore_ament_install'
[0.223s] Level 1:colcon.colcon_core.package_identification:_identify(.) by extensions ['colcon_pkg']
[0.223s] Level 1:colcon.colcon_core.package_identification:_identify(.) by extension 'colcon_pkg'
[0.223s] Level 1:colcon.colcon_core.package_identification:_identify(.) by extensions ['colcon_meta']
[0.223s] Level 1:colcon.colcon_core.package_identification:_identify(.) by extension 'colcon_meta'
[0.223s] Level 1:colcon.colcon_core.package_identification:_identify(.) by extensions ['ros']
[0.223s] Level 1:colcon.colcon_core.package_identification:_identify(.) by extension 'ros'
[0.243s] Level 1:colcon.colcon_core.package_identification:_identify(.) by extensions ['cmake', 'python']
[0.243s] Level 1:colcon.colcon_core.package_identification:_identify(.) by extension 'cmake'
[0.243s] Level 1:colcon.colcon_core.package_identification:_identify(.) by extension 'python'
[0.243s] Level 1:colcon.colcon_core.package_identification:_identify(.) by extensions ['python_setup_py']
[0.243s] Level 1:colcon.colcon_core.package_identification:_identify(.) by extension 'python_setup_py'
[0.243s] Level 1:colcon.colcon_core.package_identification:_identify(build) by extensions ['ignore', 'ignore_ament_install']
[0.243s] Level 1:colcon.colcon_core.package_identification:_identify(build) by extension 'ignore'
[0.243s] Level 1:colcon.colcon_core.package_identification:_identify(build) ignored
[0.243s] Level 1:colcon.colcon_core.package_identification:_identify(install) by extensions ['ignore', 'ignore_ament_install']
[0.243s] Level 1:colcon.colcon_core.package_identification:_identify(install) by extension 'ignore'
[0.243s] Level 1:colcon.colcon_core.package_identification:_identify(install) ignored
[0.243s] Level 1:colcon.colcon_core.package_identification:_identify(log) by extensions ['ignore', 'ignore_ament_install']
[0.243s] Level 1:colcon.colcon_core.package_identification:_identify(log) by extension 'ignore'
[0.243s] Level 1:colcon.colcon_core.package_identification:_identify(log) ignored
[0.243s] Level 1:colcon.colcon_core.package_identification:_identify(src) by extensions ['ignore', 'ignore_ament_install']
[0.243s] Level 1:colcon.colcon_core.package_identification:_identify(src) by extension 'ignore'
[0.243s] Level 1:colcon.colcon_core.package_identification:_identify(src) by extension 'ignore_ament_install'
[0.243s] Level 1:colcon.colcon_core.package_identification:_identify(src) by extensions ['colcon_pkg']
[0.243s] Level 1:colcon.colcon_core.package_identification:_identify(src) by extension 'colcon_pkg'
[0.243s] Level 1:colcon.colcon_core.package_identification:_identify(src) by extensions ['colcon_meta']
[0.243s] Level 1:colcon.colcon_core.package_identification:_identify(src) by extension 'colcon_meta'
[0.243s] Level 1:colcon.colcon_core.package_identification:_identify(src) by extensions ['ros']
[0.243s] Level 1:colcon.colcon_core.package_identification:_identify(src) by extension 'ros'
[0.243s] Level 1:colcon.colcon_core.package_identification:_identify(src) by extensions ['cmake', 'python']
[0.243s] Level 1:colcon.colcon_core.package_identification:_identify(src) by extension 'cmake'
[0.244s] Level 1:colcon.colcon_core.package_identification:_identify(src) by extension 'python'
[0.244s] Level 1:colcon.colcon_core.package_identification:_identify(src) by extensions ['python_setup_py']
[0.244s] Level 1:colcon.colcon_core.package_identification:_identify(src) by extension 'python_setup_py'
[0.244s] Level 1:colcon.colcon_core.package_identification:_identify(src/docker) by extensions ['ignore', 'ignore_ament_install']
[0.244s] Level 1:colcon.colcon_core.package_identification:_identify(src/docker) by extension 'ignore'
[0.244s] Level 1:colcon.colcon_core.package_identification:_identify(src/docker) by extension 'ignore_ament_install'
[0.244s] Level 1:colcon.colcon_core.package_identification:_identify(src/docker) by extensions ['colcon_pkg']
[0.244s] Level 1:colcon.colcon_core.package_identification:_identify(src/docker) by extension 'colcon_pkg'
[0.244s] Level 1:colcon.colcon_core.package_identification:_identify(src/docker) by extensions ['colcon_meta']
[0.244s] Level 1:colcon.colcon_core.package_identification:_identify(src/docker) by extension 'colcon_meta'
[0.244s] Level 1:colcon.colcon_core.package_identification:_identify(src/docker) by extensions ['ros']
[0.244s] Level 1:colcon.colcon_core.package_identification:_identify(src/docker) by extension 'ros'
[0.244s] Level 1:colcon.colcon_core.package_identification:_identify(src/docker) by extensions ['cmake', 'python']
[0.244s] Level 1:colcon.colcon_core.package_identification:_identify(src/docker) by extension 'cmake'
[0.244s] Level 1:colcon.colcon_core.package_identification:_identify(src/docker) by extension 'python'
[0.244s] Level 1:colcon.colcon_core.package_identification:_identify(src/docker) by extensions ['python_setup_py']
[0.244s] Level 1:colcon.colcon_core.package_identification:_identify(src/docker) by extension 'python_setup_py'
[0.244s] Level 1:colcon.colcon_core.package_identification:_identify(src/gazebo_sim) by extensions ['ignore', 'ignore_ament_install']
[0.244s] Level 1:colcon.colcon_core.package_identification:_identify(src/gazebo_sim) by extension 'ignore'
[0.244s] Level 1:colcon.colcon_core.package_identification:_identify(src/gazebo_sim) by extension 'ignore_ament_install'
[0.244s] Level 1:colcon.colcon_core.package_identification:_identify(src/gazebo_sim) by extensions ['colcon_pkg']
[0.244s] Level 1:colcon.colcon_core.package_identification:_identify(src/gazebo_sim) by extension 'colcon_pkg'
[0.244s] Level 1:colcon.colcon_core.package_identification:_identify(src/gazebo_sim) by extensions ['colcon_meta']
[0.244s] Level 1:colcon.colcon_core.package_identification:_identify(src/gazebo_sim) by extension 'colcon_meta'
[0.244s] Level 1:colcon.colcon_core.package_identification:_identify(src/gazebo_sim) by extensions ['ros']
[0.244s] Level 1:colcon.colcon_core.package_identification:_identify(src/gazebo_sim) by extension 'ros'
[0.247s] DEBUG:colcon.colcon_core.package_identification:Package 'src/gazebo_sim' with type 'ros.ament_cmake' and name 'gazebo_sim'
[0.247s] Level 1:colcon.colcon_core.package_identification:_identify(src/go1_description) by extensions ['ignore', 'ignore_ament_install']
[0.247s] Level 1:colcon.colcon_core.package_identification:_identify(src/go1_description) by extension 'ignore'
[0.247s] Level 1:colcon.colcon_core.package_identification:_identify(src/go1_description) by extension 'ignore_ament_install'
[0.247s] Level 1:colcon.colcon_core.package_identification:_identify(src/go1_description) by extensions ['colcon_pkg']
[0.247s] Level 1:colcon.colcon_core.package_identification:_identify(src/go1_description) by extension 'colcon_pkg'
[0.247s] Level 1:colcon.colcon_core.package_identification:_identify(src/go1_description) by extensions ['colcon_meta']
[0.248s] Level 1:colcon.colcon_core.package_identification:_identify(src/go1_description) by extension 'colcon_meta'
[0.248s] Level 1:colcon.colcon_core.package_identification:_identify(src/go1_description) by extensions ['ros']
[0.248s] Level 1:colcon.colcon_core.package_identification:_identify(src/go1_description) by extension 'ros'
[0.250s] DEBUG:colcon.colcon_core.package_identification:Package 'src/go1_description' with type 'ros.ament_cmake' and name 'go1_description'
[0.250s] Level 1:colcon.colcon_core.package_identification:_identify(src/go2_description) by extensions ['ignore', 'ignore_ament_install']
[0.250s] Level 1:colcon.colcon_core.package_identification:_identify(src/go2_description) by extension 'ignore'
[0.250s] Level 1:colcon.colcon_core.package_identification:_identify(src/go2_description) by extension 'ignore_ament_install'
[0.250s] Level 1:colcon.colcon_core.package_identification:_identify(src/go2_description) by extensions ['colcon_pkg']
[0.250s] Level 1:colcon.colcon_core.package_identification:_identify(src/go2_description) by extension 'colcon_pkg'
[0.250s] Level 1:colcon.colcon_core.package_identification:_identify(src/go2_description) by extensions ['colcon_meta']
[0.250s] Level 1:colcon.colcon_core.package_identification:_identify(src/go2_description) by extension 'colcon_meta'
[0.250s] Level 1:colcon.colcon_core.package_identification:_identify(src/go2_description) by extensions ['ros']
[0.250s] Level 1:colcon.colcon_core.package_identification:_identify(src/go2_description) by extension 'ros'
[0.250s] DEBUG:colcon.colcon_core.package_identification:Package 'src/go2_description' with type 'ros.ament_cmake' and name 'go2_description'
[0.250s] Level 1:colcon.colcon_core.package_identification:_identify(src/media) by extensions ['ignore', 'ignore_ament_install']
[0.250s] Level 1:colcon.colcon_core.package_identification:_identify(src/media) by extension 'ignore'
[0.250s] Level 1:colcon.colcon_core.package_identification:_identify(src/media) by extension 'ignore_ament_install'
[0.250s] Level 1:colcon.colcon_core.package_identification:_identify(src/media) by extensions ['colcon_pkg']
[0.250s] Level 1:colcon.colcon_core.package_identification:_identify(src/media) by extension 'colcon_pkg'
[0.250s] Level 1:colcon.colcon_core.package_identification:_identify(src/media) by extensions ['colcon_meta']
[0.250s] Level 1:colcon.colcon_core.package_identification:_identify(src/media) by extension 'colcon_meta'
[0.250s] Level 1:colcon.colcon_core.package_identification:_identify(src/media) by extensions ['ros']
[0.250s] Level 1:colcon.colcon_core.package_identification:_identify(src/media) by extension 'ros'
[0.250s] Level 1:colcon.colcon_core.package_identification:_identify(src/media) by extensions ['cmake', 'python']
[0.250s] Level 1:colcon.colcon_core.package_identification:_identify(src/media) by extension 'cmake'
[0.250s] Level 1:colcon.colcon_core.package_identification:_identify(src/media) by extension 'python'
[0.251s] Level 1:colcon.colcon_core.package_identification:_identify(src/media) by extensions ['python_setup_py']
[0.251s] Level 1:colcon.colcon_core.package_identification:_identify(src/media) by extension 'python_setup_py'
[0.251s] Level 1:colcon.colcon_core.package_identification:_identify(src/quadropted_controller) by extensions ['ignore', 'ignore_ament_install']
[0.251s] Level 1:colcon.colcon_core.package_identification:_identify(src/quadropted_controller) by extension 'ignore'
[0.251s] Level 1:colcon.colcon_core.package_identification:_identify(src/quadropted_controller) by extension 'ignore_ament_install'
[0.251s] Level 1:colcon.colcon_core.package_identification:_identify(src/quadropted_controller) by extensions ['colcon_pkg']
[0.251s] Level 1:colcon.colcon_core.package_identification:_identify(src/quadropted_controller) by extension 'colcon_pkg'
[0.251s] Level 1:colcon.colcon_core.package_identification:_identify(src/quadropted_controller) by extensions ['colcon_meta']
[0.251s] Level 1:colcon.colcon_core.package_identification:_identify(src/quadropted_controller) by extension 'colcon_meta'
[0.251s] Level 1:colcon.colcon_core.package_identification:_identify(src/quadropted_controller) by extensions ['ros']
[0.251s] Level 1:colcon.colcon_core.package_identification:_identify(src/quadropted_controller) by extension 'ros'
[0.251s] DEBUG:colcon.colcon_core.package_identification:Package 'src/quadropted_controller' with type 'ros.ament_cmake' and name 'quadropted_controller'
[0.251s] Level 1:colcon.colcon_core.package_identification:_identify(src/quadropted_msgs) by extensions ['ignore', 'ignore_ament_install']
[0.251s] Level 1:colcon.colcon_core.package_identification:_identify(src/quadropted_msgs) by extension 'ignore'
[0.251s] Level 1:colcon.colcon_core.package_identification:_identify(src/quadropted_msgs) by extension 'ignore_ament_install'
[0.251s] Level 1:colcon.colcon_core.package_identification:_identify(src/quadropted_msgs) by extensions ['colcon_pkg']
[0.251s] Level 1:colcon.colcon_core.package_identification:_identify(src/quadropted_msgs) by extension 'colcon_pkg'
[0.251s] Level 1:colcon.colcon_core.package_identification:_identify(src/quadropted_msgs) by extensions ['colcon_meta']
[0.251s] Level 1:colcon.colcon_core.package_identification:_identify(src/quadropted_msgs) by extension 'colcon_meta'
[0.251s] Level 1:colcon.colcon_core.package_identification:_identify(src/quadropted_msgs) by extensions ['ros']
[0.251s] Level 1:colcon.colcon_core.package_identification:_identify(src/quadropted_msgs) by extension 'ros'
[0.252s] DEBUG:colcon.colcon_core.package_identification:Package 'src/quadropted_msgs' with type 'ros.ament_cmake' and name 'quadropted_msgs'
[0.252s] Level 1:colcon.colcon_core.package_discovery:discover_packages(recursive) using defaults
[0.252s] Level 1:colcon.colcon_core.package_discovery:discover_packages(ignore) discover
[0.252s] Level 1:colcon.colcon_core.package_discovery:discover_packages(ignore) using defaults
[0.252s] Level 1:colcon.colcon_core.package_discovery:discover_packages(path) discover
[0.252s] Level 1:colcon.colcon_core.package_discovery:discover_packages(path) using defaults
[0.269s] Level 1:colcon.colcon_core.package_discovery:discover_packages(prefix_path) check parameters
[0.269s] Level 1:colcon.colcon_core.package_discovery:discover_packages(prefix_path) discover
[0.272s] DEBUG:colcon.colcon_installed_package_information.package_discovery:Found 422 installed packages in /opt/ros/jazzy
[0.273s] Level 1:colcon.colcon_core.package_discovery:discover_packages(prefix_path) using defaults
[0.308s] Level 5:colcon.colcon_core.verb:set package 'gazebo_sim' build argument 'cmake_args' from command line to 'None'
[0.308s] Level 5:colcon.colcon_core.verb:set package 'gazebo_sim' build argument 'cmake_target' from command line to 'None'
[0.308s] Level 5:colcon.colcon_core.verb:set package 'gazebo_sim' build argument 'cmake_target_skip_unavailable' from command line to 'False'
[0.308s] Level 5:colcon.colcon_core.verb:set package 'gazebo_sim' build argument 'cmake_clean_cache' from command line to 'False'
[0.308s] Level 5:colcon.colcon_core.verb:set package 'gazebo_sim' build argument 'cmake_clean_first' from command line to 'False'
[0.308s] Level 5:colcon.colcon_core.verb:set package 'gazebo_sim' build argument 'cmake_force_configure' from command line to 'False'
[0.308s] Level 5:colcon.colcon_core.verb:set package 'gazebo_sim' build argument 'ament_cmake_args' from command line to 'None'
[0.308s] Level 5:colcon.colcon_core.verb:set package 'gazebo_sim' build argument 'catkin_cmake_args' from command line to 'None'
[0.308s] Level 5:colcon.colcon_core.verb:set package 'gazebo_sim' build argument 'catkin_skip_building_tests' from command line to 'False'
[0.308s] DEBUG:colcon.colcon_core.verb:Building package 'gazebo_sim' with the following arguments: {'ament_cmake_args': None, 'build_base': '/home/ardra/go_sim/build/gazebo_sim', 'catkin_cmake_args': None, 'catkin_skip_building_tests': False, 'cmake_args': None, 'cmake_clean_cache': False, 'cmake_clean_first': False, 'cmake_force_configure': False, 'cmake_target': None, 'cmake_target_skip_unavailable': False, 'install_base': '/home/ardra/go_sim/install/gazebo_sim', 'merge_install': False, 'path': '/home/ardra/go_sim/src/gazebo_sim', 'symlink_install': False, 'test_result_base': None}
[0.308s] Level 5:colcon.colcon_core.verb:set package 'go1_description' build argument 'cmake_args' from command line to 'None'
[0.308s] Level 5:colcon.colcon_core.verb:set package 'go1_description' build argument 'cmake_target' from command line to 'None'
[0.308s] Level 5:colcon.colcon_core.verb:set package 'go1_description' build argument 'cmake_target_skip_unavailable' from command line to 'False'
[0.308s] Level 5:colcon.colcon_core.verb:set package 'go1_description' build argument 'cmake_clean_cache' from command line to 'False'
[0.308s] Level 5:colcon.colcon_core.verb:set package 'go1_description' build argument 'cmake_clean_first' from command line to 'False'
[0.308s] Level 5:colcon.colcon_core.verb:set package 'go1_description' build argument 'cmake_force_configure' from command line to 'False'
[0.308s] Level 5:colcon.colcon_core.verb:set package 'go1_description' build argument 'ament_cmake_args' from command line to 'None'
[0.308s] Level 5:colcon.colcon_core.verb:set package 'go1_description' build argument 'catkin_cmake_args' from command line to 'None'
[0.308s] Level 5:colcon.colcon_core.verb:set package 'go1_description' build argument 'catkin_skip_building_tests' from command line to 'False'
[0.308s] DEBUG:colcon.colcon_core.verb:Building package 'go1_description' with the following arguments: {'ament_cmake_args': None, 'build_base': '/home/ardra/go_sim/build/go1_description', 'catkin_cmake_args': None, 'catkin_skip_building_tests': False, 'cmake_args': None, 'cmake_clean_cache': False, 'cmake_clean_first': False, 'cmake_force_configure': False, 'cmake_target': None, 'cmake_target_skip_unavailable': False, 'install_base': '/home/ardra/go_sim/install/go1_description', 'merge_install': False, 'path': '/home/ardra/go_sim/src/go1_description', 'symlink_install': False, 'test_result_base': None}
[0.308s] Level 5:colcon.colcon_core.verb:set package 'go2_description' build argument 'cmake_args' from command line to 'None'
[0.308s] Level 5:colcon.colcon_core.verb:set package 'go2_description' build argument 'cmake_target' from command line to 'None'
[0.309s] Level 5:colcon.colcon_core.verb:set package 'go2_description' build argument 'cmake_target_skip_unavailable' from command line to 'False'
[0.309s] Level 5:colcon.colcon_core.verb:set package 'go2_description' build argument 'cmake_clean_cache' from command line to 'False'
[0.309s] Level 5:colcon.colcon_core.verb:set package 'go2_description' build argument 'cmake_clean_first' from command line to 'False'
[0.309s] Level 5:colcon.colcon_core.verb:set package 'go2_description' build argument 'cmake_force_configure' from command line to 'False'
[0.309s] Level 5:colcon.colcon_core.verb:set package 'go2_description' build argument 'ament_cmake_args' from command line to 'None'
[0.309s] Level 5:colcon.colcon_core.verb:set package 'go2_description' build argument 'catkin_cmake_args' from command line to 'None'
[0.309s] Level 5:colcon.colcon_core.verb:set package 'go2_description' build argument 'catkin_skip_building_tests' from command line to 'False'
[0.309s] DEBUG:colcon.colcon_core.verb:Building package 'go2_description' with the following arguments: {'ament_cmake_args': None, 'build_base': '/home/ardra/go_sim/build/go2_description', 'catkin_cmake_args': None, 'catkin_skip_building_tests': False, 'cmake_args': None, 'cmake_clean_cache': False, 'cmake_clean_first': False, 'cmake_force_configure': False, 'cmake_target': None, 'cmake_target_skip_unavailable': False, 'install_base': '/home/ardra/go_sim/install/go2_description', 'merge_install': False, 'path': '/home/ardra/go_sim/src/go2_description', 'symlink_install': False, 'test_result_base': None}
[0.309s] Level 5:colcon.colcon_core.verb:set package 'quadropted_controller' build argument 'cmake_args' from command line to 'None'
[0.309s] Level 5:colcon.colcon_core.verb:set package 'quadropted_controller' build argument 'cmake_target' from command line to 'None'
[0.309s] Level 5:colcon.colcon_core.verb:set package 'quadropted_controller' build argument 'cmake_target_skip_unavailable' from command line to 'False'
[0.309s] Level 5:colcon.colcon_core.verb:set package 'quadropted_controller' build argument 'cmake_clean_cache' from command line to 'False'
[0.309s] Level 5:colcon.colcon_core.verb:set package 'quadropted_controller' build argument 'cmake_clean_first' from command line to 'False'
[0.309s] Level 5:colcon.colcon_core.verb:set package 'quadropted_controller' build argument 'cmake_force_configure' from command line to 'False'
[0.309s] Level 5:colcon.colcon_core.verb:set package 'quadropted_controller' build argument 'ament_cmake_args' from command line to 'None'
[0.309s] Level 5:colcon.colcon_core.verb:set package 'quadropted_controller' build argument 'catkin_cmake_args' from command line to 'None'
[0.309s] Level 5:colcon.colcon_core.verb:set package 'quadropted_controller' build argument 'catkin_skip_building_tests' from command line to 'False'
[0.309s] DEBUG:colcon.colcon_core.verb:Building package 'quadropted_controller' with the following arguments: {'ament_cmake_args': None, 'build_base': '/home/ardra/go_sim/build/quadropted_controller', 'catkin_cmake_args': None, 'catkin_skip_building_tests': False, 'cmake_args': None, 'cmake_clean_cache': False, 'cmake_clean_first': False, 'cmake_force_configure': False, 'cmake_target': None, 'cmake_target_skip_unavailable': False, 'install_base': '/home/ardra/go_sim/install/quadropted_controller', 'merge_install': False, 'path': '/home/ardra/go_sim/src/quadropted_controller', 'symlink_install': False, 'test_result_base': None}
[0.309s] Level 5:colcon.colcon_core.verb:set package 'quadropted_msgs' build argument 'cmake_args' from command line to 'None'
[0.309s] Level 5:colcon.colcon_core.verb:set package 'quadropted_msgs' build argument 'cmake_target' from command line to 'None'
[0.309s] Level 5:colcon.colcon_core.verb:set package 'quadropted_msgs' build argument 'cmake_target_skip_unavailable' from command line to 'False'
[0.309s] Level 5:colcon.colcon_core.verb:set package 'quadropted_msgs' build argument 'cmake_clean_cache' from command line to 'False'
[0.309s] Level 5:colcon.colcon_core.verb:set package 'quadropted_msgs' build argument 'cmake_clean_first' from command line to 'False'
[0.309s] Level 5:colcon.colcon_core.verb:set package 'quadropted_msgs' build argument 'cmake_force_configure' from command line to 'False'
[0.309s] Level 5:colcon.colcon_core.verb:set package 'quadropted_msgs' build argument 'ament_cmake_args' from command line to 'None'
[0.309s] Level 5:colcon.colcon_core.verb:set package 'quadropted_msgs' build argument 'catkin_cmake_args' from command line to 'None'
[0.309s] Level 5:colcon.colcon_core.verb:set package 'quadropted_msgs' build argument 'catkin_skip_building_tests' from command line to 'False'
[0.309s] DEBUG:colcon.colcon_core.verb:Building package 'quadropted_msgs' with the following arguments: {'ament_cmake_args': None, 'build_base': '/home/ardra/go_sim/build/quadropted_msgs', 'catkin_cmake_args': None, 'catkin_skip_building_tests': False, 'cmake_args': None, 'cmake_clean_cache': False, 'cmake_clean_first': False, 'cmake_force_configure': False, 'cmake_target': None, 'cmake_target_skip_unavailable': False, 'install_base': '/home/ardra/go_sim/install/quadropted_msgs', 'merge_install': False, 'path': '/home/ardra/go_sim/src/quadropted_msgs', 'symlink_install': False, 'test_result_base': None}
[0.309s] INFO:colcon.colcon_core.executor:Executing jobs using 'parallel' executor
[0.310s] DEBUG:colcon.colcon_parallel_executor.executor.parallel:run_until_complete
[0.310s] INFO:colcon.colcon_ros.task.ament_cmake.build:Building ROS package in '/home/ardra/go_sim/src/gazebo_sim' with build type 'ament_cmake'
[0.310s] INFO:colcon.colcon_cmake.task.cmake.build:Building CMake package in '/home/ardra/go_sim/src/gazebo_sim'
[0.314s] INFO:colcon.colcon_core.plugin_system:Skipping extension 'colcon_core.shell.bat': Not used on non-Windows systems
[0.314s] INFO:colcon.colcon_core.shell:Skip shell extension 'powershell' for command environment: Not usable outside of PowerShell
[0.314s] DEBUG:colcon.colcon_core.shell:Skip shell extension 'dsv' for command environment
[0.316s] INFO:colcon.colcon_ros.task.ament_cmake.build:Building ROS package in '/home/ardra/go_sim/src/go1_description' with build type 'ament_cmake'
[0.316s] INFO:colcon.colcon_cmake.task.cmake.build:Building CMake package in '/home/ardra/go_sim/src/go1_description'
[0.317s] INFO:colcon.colcon_core.shell:Skip shell extension 'powershell' for command environment: Not usable outside of PowerShell
[0.317s] DEBUG:colcon.colcon_core.shell:Skip shell extension 'dsv' for command environment
[0.319s] INFO:colcon.colcon_ros.task.ament_cmake.build:Building ROS package in '/home/ardra/go_sim/src/go2_description' with build type 'ament_cmake'
[0.319s] INFO:colcon.colcon_cmake.task.cmake.build:Building CMake package in '/home/ardra/go_sim/src/go2_description'
[0.319s] INFO:colcon.colcon_core.shell:Skip shell extension 'powershell' for command environment: Not usable outside of PowerShell
[0.319s] DEBUG:colcon.colcon_core.shell:Skip shell extension 'dsv' for command environment
[0.321s] INFO:colcon.colcon_ros.task.ament_cmake.build:Building ROS package in '/home/ardra/go_sim/src/quadropted_controller' with build type 'ament_cmake'
[0.321s] INFO:colcon.colcon_cmake.task.cmake.build:Building CMake package in '/home/ardra/go_sim/src/quadropted_controller'
[0.321s] INFO:colcon.colcon_core.shell:Skip shell extension 'powershell' for command environment: Not usable outside of PowerShell
[0.321s] DEBUG:colcon.colcon_core.shell:Skip shell extension 'dsv' for command environment
[0.323s] INFO:colcon.colcon_ros.task.ament_cmake.build:Building ROS package in '/home/ardra/go_sim/src/quadropted_msgs' with build type 'ament_cmake'
[0.323s] INFO:colcon.colcon_cmake.task.cmake.build:Building CMake package in '/home/ardra/go_sim/src/quadropted_msgs'
[0.323s] INFO:colcon.colcon_core.shell:Skip shell extension 'powershell' for command environment: Not usable outside of PowerShell
[0.323s] DEBUG:colcon.colcon_core.shell:Skip shell extension 'dsv' for command environment
[0.328s] DEBUG:colcon.colcon_core.event_handler.log_command:Invoking command in '/home/ardra/go_sim/build/gazebo_sim': CMAKE_PREFIX_PATH=${CMAKE_PREFIX_PATH}:/opt/ros/jazzy CONDA_PROMPT_MODIFIER=(base) DEBUGINFOD_URLS=https://debuginfod.ubuntu.com /usr/bin/cmake /home/ardra/go_sim/src/gazebo_sim -DCMAKE_INSTALL_PREFIX=/home/ardra/go_sim/install/gazebo_sim
[0.330s] DEBUG:colcon.colcon_core.event_handler.log_command:Invoking command in '/home/ardra/go_sim/build/go1_description': CMAKE_PREFIX_PATH=${CMAKE_PREFIX_PATH}:/opt/ros/jazzy CONDA_PROMPT_MODIFIER=(base) DEBUGINFOD_URLS=https://debuginfod.ubuntu.com /usr/bin/cmake /home/ardra/go_sim/src/go1_description -DCMAKE_INSTALL_PREFIX=/home/ardra/go_sim/install/go1_description
[0.332s] DEBUG:colcon.colcon_core.event_handler.log_command:Invoking command in '/home/ardra/go_sim/build/go2_description': CMAKE_PREFIX_PATH=${CMAKE_PREFIX_PATH}:/opt/ros/jazzy CONDA_PROMPT_MODIFIER=(base) DEBUGINFOD_URLS=https://debuginfod.ubuntu.com /usr/bin/cmake --build /home/ardra/go_sim/build/go2_description -- -j16 -l16
[0.334s] DEBUG:colcon.colcon_core.event_handler.log_command:Invoking command in '/home/ardra/go_sim/build/quadropted_controller': CMAKE_PREFIX_PATH=${CMAKE_PREFIX_PATH}:/opt/ros/jazzy CONDA_PROMPT_MODIFIER=(base) DEBUGINFOD_URLS=https://debuginfod.ubuntu.com /usr/bin/cmake /home/ardra/go_sim/src/quadropted_controller -DCMAKE_INSTALL_PREFIX=/home/ardra/go_sim/install/quadropted_controller
[0.339s] DEBUG:colcon.colcon_core.event_handler.log_command:Invoking command in '/home/ardra/go_sim/build/quadropted_msgs': CMAKE_PREFIX_PATH=${CMAKE_PREFIX_PATH}:/opt/ros/jazzy CONDA_PROMPT_MODIFIER=(base) DEBUGINFOD_URLS=https://debuginfod.ubuntu.com /usr/bin/cmake /home/ardra/go_sim/src/quadropted_msgs -DCMAKE_INSTALL_PREFIX=/home/ardra/go_sim/install/quadropted_msgs
[0.373s] DEBUG:colcon.colcon_core.event_handler.log_command:Invoked command in '/home/ardra/go_sim/build/go2_description' returned '0': CMAKE_PREFIX_PATH=${CMAKE_PREFIX_PATH}:/opt/ros/jazzy CONDA_PROMPT_MODIFIER=(base) DEBUGINFOD_URLS=https://debuginfod.ubuntu.com /usr/bin/cmake --build /home/ardra/go_sim/build/go2_description -- -j16 -l16
[0.380s] DEBUG:colcon.colcon_core.event_handler.log_command:Invoking command in '/home/ardra/go_sim/build/go2_description': CMAKE_PREFIX_PATH=${CMAKE_PREFIX_PATH}:/opt/ros/jazzy CONDA_PROMPT_MODIFIER=(base) DEBUGINFOD_URLS=https://debuginfod.ubuntu.com /usr/bin/cmake --install /home/ardra/go_sim/build/go2_description
[0.403s] Level 1:colcon.colcon_core.environment:create_environment_scripts_only(go2_description)
[0.403s] DEBUG:colcon.colcon_core.event_handler.log_command:Invoked command in '/home/ardra/go_sim/build/go2_description' returned '0': CMAKE_PREFIX_PATH=${CMAKE_PREFIX_PATH}:/opt/ros/jazzy CONDA_PROMPT_MODIFIER=(base) DEBUGINFOD_URLS=https://debuginfod.ubuntu.com /usr/bin/cmake --install /home/ardra/go_sim/build/go2_description
[0.407s] Level 1:colcon.colcon_core.environment:checking '/home/ardra/go_sim/install/go2_description' for CMake module files
[0.408s] Level 1:colcon.colcon_core.environment:checking '/home/ardra/go_sim/install/go2_description' for CMake config files
[0.408s] Level 1:colcon.colcon_core.shell:create_environment_hook('go2_description', 'cmake_prefix_path')
[0.408s] INFO:colcon.colcon_core.shell:Creating environment hook '/home/ardra/go_sim/install/go2_description/share/go2_description/hook/cmake_prefix_path.ps1'
[0.409s] INFO:colcon.colcon_core.shell:Creating environment descriptor '/home/ardra/go_sim/install/go2_description/share/go2_description/hook/cmake_prefix_path.dsv'
[0.409s] INFO:colcon.colcon_core.shell:Creating environment hook '/home/ardra/go_sim/install/go2_description/share/go2_description/hook/cmake_prefix_path.sh'
[0.410s] Level 1:colcon.colcon_core.environment:checking '/home/ardra/go_sim/install/go2_description/bin'
[0.410s] Level 1:colcon.colcon_core.environment:checking '/home/ardra/go_sim/install/go2_description/lib/pkgconfig/go2_description.pc'
[0.410s] Level 1:colcon.colcon_core.environment:checking '/home/ardra/go_sim/install/go2_description/lib/python3.12/site-packages'
[0.410s] Level 1:colcon.colcon_core.environment:checking '/home/ardra/go_sim/install/go2_description/bin'
[0.410s] INFO:colcon.colcon_core.shell:Creating package script '/home/ardra/go_sim/install/go2_description/share/go2_description/package.ps1'
[0.411s] INFO:colcon.colcon_core.shell:Creating package descriptor '/home/ardra/go_sim/install/go2_description/share/go2_description/package.dsv'
[0.411s] INFO:colcon.colcon_core.shell:Creating package script '/home/ardra/go_sim/install/go2_description/share/go2_description/package.sh'
[0.412s] INFO:colcon.colcon_core.shell:Creating package script '/home/ardra/go_sim/install/go2_description/share/go2_description/package.bash'
[0.412s] INFO:colcon.colcon_core.shell:Creating package script '/home/ardra/go_sim/install/go2_description/share/go2_description/package.zsh'
[0.413s] Level 1:colcon.colcon_core.environment:create_file_with_runtime_dependencies(/home/ardra/go_sim/install/go2_description/share/colcon-core/packages/go2_description)
[0.413s] Level 1:colcon.colcon_core.environment:create_environment_scripts_only(go2_description)
[0.413s] Level 1:colcon.colcon_core.environment:checking '/home/ardra/go_sim/install/go2_description' for CMake module files
[0.414s] Level 1:colcon.colcon_core.environment:checking '/home/ardra/go_sim/install/go2_description' for CMake config files
[0.414s] Level 1:colcon.colcon_core.shell:create_environment_hook('go2_description', 'cmake_prefix_path')
[0.414s] INFO:colcon.colcon_core.shell:Creating environment hook '/home/ardra/go_sim/install/go2_description/share/go2_description/hook/cmake_prefix_path.ps1'
[0.414s] INFO:colcon.colcon_core.shell:Creating environment descriptor '/home/ardra/go_sim/install/go2_description/share/go2_description/hook/cmake_prefix_path.dsv'
[0.415s] INFO:colcon.colcon_core.shell:Creating environment hook '/home/ardra/go_sim/install/go2_description/share/go2_description/hook/cmake_prefix_path.sh'
[0.415s] Level 1:colcon.colcon_core.environment:checking '/home/ardra/go_sim/install/go2_description/bin'
[0.415s] Level 1:colcon.colcon_core.environment:checking '/home/ardra/go_sim/install/go2_description/lib/pkgconfig/go2_description.pc'
[0.415s] Level 1:colcon.colcon_core.environment:checking '/home/ardra/go_sim/install/go2_description/lib/python3.12/site-packages'
[0.415s] Level 1:colcon.colcon_core.environment:checking '/home/ardra/go_sim/install/go2_description/bin'
[0.416s] INFO:colcon.colcon_core.shell:Creating package script '/home/ardra/go_sim/install/go2_description/share/go2_description/package.ps1'
[0.416s] INFO:colcon.colcon_core.shell:Creating package descriptor '/home/ardra/go_sim/install/go2_description/share/go2_description/package.dsv'
[0.416s] INFO:colcon.colcon_core.shell:Creating package script '/home/ardra/go_sim/install/go2_description/share/go2_description/package.sh'
[0.416s] INFO:colcon.colcon_core.shell:Creating package script '/home/ardra/go_sim/install/go2_description/share/go2_description/package.bash'
[0.417s] INFO:colcon.colcon_core.shell:Creating package script '/home/ardra/go_sim/install/go2_description/share/go2_description/package.zsh'
[0.417s] Level 1:colcon.colcon_core.environment:create_file_with_runtime_dependencies(/home/ardra/go_sim/install/go2_description/share/colcon-core/packages/go2_description)
[0.578s] DEBUG:colcon.colcon_core.event_handler.log_command:Invoked command in '/home/ardra/go_sim/build/quadropted_controller' returned '0': CMAKE_PREFIX_PATH=${CMAKE_PREFIX_PATH}:/opt/ros/jazzy CONDA_PROMPT_MODIFIER=(base) DEBUGINFOD_URLS=https://debuginfod.ubuntu.com /usr/bin/cmake /home/ardra/go_sim/src/quadropted_controller -DCMAKE_INSTALL_PREFIX=/home/ardra/go_sim/install/quadropted_controller
[0.579s] DEBUG:colcon.colcon_core.event_handler.log_command:Invoking command in '/home/ardra/go_sim/build/quadropted_controller': CMAKE_PREFIX_PATH=${CMAKE_PREFIX_PATH}:/opt/ros/jazzy CONDA_PROMPT_MODIFIER=(base) DEBUGINFOD_URLS=https://debuginfod.ubuntu.com /usr/bin/cmake --build /home/ardra/go_sim/build/quadropted_controller -- -j16 -l16
[0.604s] DEBUG:colcon.colcon_core.event_handler.log_command:Invoked command in '/home/ardra/go_sim/build/quadropted_controller' returned '0': CMAKE_PREFIX_PATH=${CMAKE_PREFIX_PATH}:/opt/ros/jazzy CONDA_PROMPT_MODIFIER=(base) DEBUGINFOD_URLS=https://debuginfod.ubuntu.com /usr/bin/cmake --build /home/ardra/go_sim/build/quadropted_controller -- -j16 -l16
[0.605s] DEBUG:colcon.colcon_core.event_handler.log_command:Invoking command in '/home/ardra/go_sim/build/quadropted_controller': CMAKE_PREFIX_PATH=${CMAKE_PREFIX_PATH}:/opt/ros/jazzy CONDA_PROMPT_MODIFIER=(base) DEBUGINFOD_URLS=https://debuginfod.ubuntu.com /usr/bin/cmake --install /home/ardra/go_sim/build/quadropted_controller
[0.622s] Level 1:colcon.colcon_core.environment:create_environment_scripts_only(quadropted_controller)
[0.622s] Level 1:colcon.colcon_core.environment:checking '/home/ardra/go_sim/install/quadropted_controller' for CMake module files
[0.623s] DEBUG:colcon.colcon_core.event_handler.log_command:Invoked command in '/home/ardra/go_sim/build/quadropted_controller' returned '0': CMAKE_PREFIX_PATH=${CMAKE_PREFIX_PATH}:/opt/ros/jazzy CONDA_PROMPT_MODIFIER=(base) DEBUGINFOD_URLS=https://debuginfod.ubuntu.com /usr/bin/cmake --install /home/ardra/go_sim/build/quadropted_controller
[0.623s] Level 1:colcon.colcon_core.environment:checking '/home/ardra/go_sim/install/quadropted_controller' for CMake config files
[0.623s] Level 1:colcon.colcon_core.shell:create_environment_hook('quadropted_controller', 'cmake_prefix_path')
[0.623s] INFO:colcon.colcon_core.shell:Creating environment hook '/home/ardra/go_sim/install/quadropted_controller/share/quadropted_controller/hook/cmake_prefix_path.ps1'
[0.624s] INFO:colcon.colcon_core.shell:Creating environment descriptor '/home/ardra/go_sim/install/quadropted_controller/share/quadropted_controller/hook/cmake_prefix_path.dsv'
[0.624s] INFO:colcon.colcon_core.shell:Creating environment hook '/home/ardra/go_sim/install/quadropted_controller/share/quadropted_controller/hook/cmake_prefix_path.sh'
[0.624s] Level 1:colcon.colcon_core.environment:checking '/home/ardra/go_sim/install/quadropted_controller/lib'
[0.624s] Level 1:colcon.colcon_core.environment:checking '/home/ardra/go_sim/install/quadropted_controller/bin'
[0.624s] Level 1:colcon.colcon_core.environment:checking '/home/ardra/go_sim/install/quadropted_controller/lib/pkgconfig/quadropted_controller.pc'
[0.625s] Level 1:colcon.colcon_core.environment:checking '/home/ardra/go_sim/install/quadropted_controller/lib/python3.12/site-packages'
[0.625s] Level 1:colcon.colcon_core.environment:checking '/home/ardra/go_sim/install/quadropted_controller/bin'
[0.625s] INFO:colcon.colcon_core.shell:Creating package script '/home/ardra/go_sim/install/quadropted_controller/share/quadropted_controller/package.ps1'
[0.625s] INFO:colcon.colcon_core.shell:Creating package descriptor '/home/ardra/go_sim/install/quadropted_controller/share/quadropted_controller/package.dsv'
[0.625s] INFO:colcon.colcon_core.shell:Creating package script '/home/ardra/go_sim/install/quadropted_controller/share/quadropted_controller/package.sh'
[0.626s] INFO:colcon.colcon_core.shell:Creating package script '/home/ardra/go_sim/install/quadropted_controller/share/quadropted_controller/package.bash'
[0.626s] INFO:colcon.colcon_core.shell:Creating package script '/home/ardra/go_sim/install/quadropted_controller/share/quadropted_controller/package.zsh'
[0.626s] Level 1:colcon.colcon_core.environment:create_file_with_runtime_dependencies(/home/ardra/go_sim/install/quadropted_controller/share/colcon-core/packages/quadropted_controller)
[0.626s] Level 1:colcon.colcon_core.environment:create_environment_scripts_only(quadropted_controller)
[0.626s] Level 1:colcon.colcon_core.environment:checking '/home/ardra/go_sim/install/quadropted_controller' for CMake module files
[0.627s] Level 1:colcon.colcon_core.environment:checking '/home/ardra/go_sim/install/quadropted_controller' for CMake config files
[0.627s] Level 1:colcon.colcon_core.shell:create_environment_hook('quadropted_controller', 'cmake_prefix_path')
[0.627s] INFO:colcon.colcon_core.shell:Creating environment hook '/home/ardra/go_sim/install/quadropted_controller/share/quadropted_controller/hook/cmake_prefix_path.ps1'
[0.627s] INFO:colcon.colcon_core.shell:Creating environment descriptor '/home/ardra/go_sim/install/quadropted_controller/share/quadropted_controller/hook/cmake_prefix_path.dsv'
[0.627s] INFO:colcon.colcon_core.shell:Creating environment hook '/home/ardra/go_sim/install/quadropted_controller/share/quadropted_controller/hook/cmake_prefix_path.sh'
[0.628s] Level 1:colcon.colcon_core.environment:checking '/home/ardra/go_sim/install/quadropted_controller/lib'
[0.628s] Level 1:colcon.colcon_core.environment:checking '/home/ardra/go_sim/install/quadropted_controller/bin'
[0.628s] Level 1:colcon.colcon_core.environment:checking '/home/ardra/go_sim/install/quadropted_controller/lib/pkgconfig/quadropted_controller.pc'
[0.628s] Level 1:colcon.colcon_core.environment:checking '/home/ardra/go_sim/install/quadropted_controller/lib/python3.12/site-packages'
[0.628s] Level 1:colcon.colcon_core.environment:checking '/home/ardra/go_sim/install/quadropted_controller/bin'
[0.628s] INFO:colcon.colcon_core.shell:Creating package script '/home/ardra/go_sim/install/quadropted_controller/share/quadropted_controller/package.ps1'
[0.629s] INFO:colcon.colcon_core.shell:Creating package descriptor '/home/ardra/go_sim/install/quadropted_controller/share/quadropted_controller/package.dsv'
[0.629s] INFO:colcon.colcon_core.shell:Creating package script '/home/ardra/go_sim/install/quadropted_controller/share/quadropted_controller/package.sh'
[0.629s] INFO:colcon.colcon_core.shell:Creating package script '/home/ardra/go_sim/install/quadropted_controller/share/quadropted_controller/package.bash'
[0.629s] INFO:colcon.colcon_core.shell:Creating package script '/home/ardra/go_sim/install/quadropted_controller/share/quadropted_controller/package.zsh'
[0.629s] Level 1:colcon.colcon_core.environment:create_file_with_runtime_dependencies(/home/ardra/go_sim/install/quadropted_controller/share/colcon-core/packages/quadropted_controller)
[0.811s] DEBUG:colcon.colcon_core.event_handler.log_command:Invoked command in '/home/ardra/go_sim/build/gazebo_sim' returned '0': CMAKE_PREFIX_PATH=${CMAKE_PREFIX_PATH}:/opt/ros/jazzy CONDA_PROMPT_MODIFIER=(base) DEBUGINFOD_URLS=https://debuginfod.ubuntu.com /usr/bin/cmake /home/ardra/go_sim/src/gazebo_sim -DCMAKE_INSTALL_PREFIX=/home/ardra/go_sim/install/gazebo_sim
[0.812s] DEBUG:colcon.colcon_core.event_handler.log_command:Invoking command in '/home/ardra/go_sim/build/gazebo_sim': CMAKE_PREFIX_PATH=${CMAKE_PREFIX_PATH}:/opt/ros/jazzy CONDA_PROMPT_MODIFIER=(base) DEBUGINFOD_URLS=https://debuginfod.ubuntu.com /usr/bin/cmake --build /home/ardra/go_sim/build/gazebo_sim -- -j16 -l16
[0.813s] DEBUG:colcon.colcon_core.event_handler.log_command:Invoked command in '/home/ardra/go_sim/build/go1_description' returned '0': CMAKE_PREFIX_PATH=${CMAKE_PREFIX_PATH}:/opt/ros/jazzy CONDA_PROMPT_MODIFIER=(base) DEBUGINFOD_URLS=https://debuginfod.ubuntu.com /usr/bin/cmake /home/ardra/go_sim/src/go1_description -DCMAKE_INSTALL_PREFIX=/home/ardra/go_sim/install/go1_description
[0.813s] DEBUG:colcon.colcon_core.event_handler.log_command:Invoking command in '/home/ardra/go_sim/build/go1_description': CMAKE_PREFIX_PATH=${CMAKE_PREFIX_PATH}:/opt/ros/jazzy CONDA_PROMPT_MODIFIER=(base) DEBUGINFOD_URLS=https://debuginfod.ubuntu.com /usr/bin/cmake --build /home/ardra/go_sim/build/go1_description -- -j16 -l16
[0.838s] DEBUG:colcon.colcon_core.event_handler.log_command:Invoked command in '/home/ardra/go_sim/build/gazebo_sim' returned '0': CMAKE_PREFIX_PATH=${CMAKE_PREFIX_PATH}:/opt/ros/jazzy CONDA_PROMPT_MODIFIER=(base) DEBUGINFOD_URLS=https://debuginfod.ubuntu.com /usr/bin/cmake --build /home/ardra/go_sim/build/gazebo_sim -- -j16 -l16
[0.839s] DEBUG:colcon.colcon_core.event_handler.log_command:Invoking command in '/home/ardra/go_sim/build/gazebo_sim': CMAKE_PREFIX_PATH=${CMAKE_PREFIX_PATH}:/opt/ros/jazzy CONDA_PROMPT_MODIFIER=(base) DEBUGINFOD_URLS=https://debuginfod.ubuntu.com /usr/bin/cmake --install /home/ardra/go_sim/build/gazebo_sim
[0.840s] DEBUG:colcon.colcon_core.event_handler.log_command:Invoked command in '/home/ardra/go_sim/build/go1_description' returned '0': CMAKE_PREFIX_PATH=${CMAKE_PREFIX_PATH}:/opt/ros/jazzy CONDA_PROMPT_MODIFIER=(base) DEBUGINFOD_URLS=https://debuginfod.ubuntu.com /usr/bin/cmake --build /home/ardra/go_sim/build/go1_description -- -j16 -l16
[0.841s] DEBUG:colcon.colcon_core.event_handler.log_command:Invoking command in '/home/ardra/go_sim/build/go1_description': CMAKE_PREFIX_PATH=${CMAKE_PREFIX_PATH}:/opt/ros/jazzy CONDA_PROMPT_MODIFIER=(base) DEBUGINFOD_URLS=https://debuginfod.ubuntu.com /usr/bin/cmake --install /home/ardra/go_sim/build/go1_description
[0.858s] Level 1:colcon.colcon_core.environment:create_environment_scripts_only(go1_description)
[0.858s] Level 1:colcon.colcon_core.environment:checking '/home/ardra/go_sim/install/go1_description' for CMake module files
[0.858s] DEBUG:colcon.colcon_core.event_handler.log_command:Invoked command in '/home/ardra/go_sim/build/go1_description' returned '0': CMAKE_PREFIX_PATH=${CMAKE_PREFIX_PATH}:/opt/ros/jazzy CONDA_PROMPT_MODIFIER=(base) DEBUGINFOD_URLS=https://debuginfod.ubuntu.com /usr/bin/cmake --install /home/ardra/go_sim/build/go1_description
[0.859s] Level 1:colcon.colcon_core.environment:checking '/home/ardra/go_sim/install/go1_description' for CMake config files
[0.860s] Level 1:colcon.colcon_core.shell:create_environment_hook('go1_description', 'cmake_prefix_path')
[0.860s] INFO:colcon.colcon_core.shell:Creating environment hook '/home/ardra/go_sim/install/go1_description/share/go1_description/hook/cmake_prefix_path.ps1'
[0.860s] INFO:colcon.colcon_core.shell:Creating environment descriptor '/home/ardra/go_sim/install/go1_description/share/go1_description/hook/cmake_prefix_path.dsv'
[0.861s] INFO:colcon.colcon_core.shell:Creating environment hook '/home/ardra/go_sim/install/go1_description/share/go1_description/hook/cmake_prefix_path.sh'
[0.862s] Level 1:colcon.colcon_core.environment:checking '/home/ardra/go_sim/install/go1_description/lib'
[0.862s] Level 1:colcon.colcon_core.environment:checking '/home/ardra/go_sim/install/go1_description/bin'
[0.862s] Level 1:colcon.colcon_core.environment:checking '/home/ardra/go_sim/install/go1_description/lib/pkgconfig/go1_description.pc'
[0.862s] Level 1:colcon.colcon_core.environment:checking '/home/ardra/go_sim/install/go1_description/lib/python3.12/site-packages'
[0.862s] Level 1:colcon.colcon_core.environment:checking '/home/ardra/go_sim/install/go1_description/bin'
[0.862s] INFO:colcon.colcon_core.shell:Creating package script '/home/ardra/go_sim/install/go1_description/share/go1_description/package.ps1'
[0.863s] INFO:colcon.colcon_core.shell:Creating package descriptor '/home/ardra/go_sim/install/go1_description/share/go1_description/package.dsv'
[0.864s] INFO:colcon.colcon_core.shell:Creating package script '/home/ardra/go_sim/install/go1_description/share/go1_description/package.sh'
[0.864s] INFO:colcon.colcon_core.shell:Creating package script '/home/ardra/go_sim/install/go1_description/share/go1_description/package.bash'
[0.864s] INFO:colcon.colcon_core.shell:Creating package script '/home/ardra/go_sim/install/go1_description/share/go1_description/package.zsh'
[0.865s] Level 1:colcon.colcon_core.environment:create_file_with_runtime_dependencies(/home/ardra/go_sim/install/go1_description/share/colcon-core/packages/go1_description)
[0.865s] Level 1:colcon.colcon_core.environment:create_environment_scripts_only(go1_description)
[0.865s] Level 1:colcon.colcon_core.environment:checking '/home/ardra/go_sim/install/go1_description' for CMake module files
[0.866s] Level 1:colcon.colcon_core.environment:checking '/home/ardra/go_sim/install/go1_description' for CMake config files
[0.866s] Level 1:colcon.colcon_core.shell:create_environment_hook('go1_description', 'cmake_prefix_path')
[0.866s] INFO:colcon.colcon_core.shell:Creating environment hook '/home/ardra/go_sim/install/go1_description/share/go1_description/hook/cmake_prefix_path.ps1'
[0.867s] INFO:colcon.colcon_core.shell:Creating environment descriptor '/home/ardra/go_sim/install/go1_description/share/go1_description/hook/cmake_prefix_path.dsv'
[0.867s] INFO:colcon.colcon_core.shell:Creating environment hook '/home/ardra/go_sim/install/go1_description/share/go1_description/hook/cmake_prefix_path.sh'
[0.868s] Level 1:colcon.colcon_core.environment:checking '/home/ardra/go_sim/install/go1_description/lib'
[0.868s] Level 1:colcon.colcon_core.environment:checking '/home/ardra/go_sim/install/go1_description/bin'
[0.868s] Level 1:colcon.colcon_core.environment:checking '/home/ardra/go_sim/install/go1_description/lib/pkgconfig/go1_description.pc'
[0.868s] Level 1:colcon.colcon_core.environment:checking '/home/ardra/go_sim/install/go1_description/lib/python3.12/site-packages'
[0.868s] Level 1:colcon.colcon_core.environment:checking '/home/ardra/go_sim/install/go1_description/bin'
[0.868s] INFO:colcon.colcon_core.shell:Creating package script '/home/ardra/go_sim/install/go1_description/share/go1_description/package.ps1'
[0.869s] INFO:colcon.colcon_core.shell:Creating package descriptor '/home/ardra/go_sim/install/go1_description/share/go1_description/package.dsv'
[0.870s] INFO:colcon.colcon_core.shell:Creating package script '/home/ardra/go_sim/install/go1_description/share/go1_description/package.sh'
[0.870s] INFO:colcon.colcon_core.shell:Creating package script '/home/ardra/go_sim/install/go1_description/share/go1_description/package.bash'
[0.870s] INFO:colcon.colcon_core.shell:Creating package script '/home/ardra/go_sim/install/go1_description/share/go1_description/package.zsh'
[0.871s] Level 1:colcon.colcon_core.environment:create_file_with_runtime_dependencies(/home/ardra/go_sim/install/go1_description/share/colcon-core/packages/go1_description)
[0.939s] Level 1:colcon.colcon_core.environment:create_environment_scripts_only(gazebo_sim)
[0.939s] DEBUG:colcon.colcon_core.event_handler.log_command:Invoked command in '/home/ardra/go_sim/build/gazebo_sim' returned '0': CMAKE_PREFIX_PATH=${CMAKE_PREFIX_PATH}:/opt/ros/jazzy CONDA_PROMPT_MODIFIER=(base) DEBUGINFOD_URLS=https://debuginfod.ubuntu.com /usr/bin/cmake --install /home/ardra/go_sim/build/gazebo_sim
[0.940s] Level 1:colcon.colcon_core.environment:checking '/home/ardra/go_sim/install/gazebo_sim' for CMake module files
[0.940s] Level 1:colcon.colcon_core.environment:checking '/home/ardra/go_sim/install/gazebo_sim' for CMake config files
[0.940s] Level 1:colcon.colcon_core.shell:create_environment_hook('gazebo_sim', 'cmake_prefix_path')
[0.940s] INFO:colcon.colcon_core.shell:Creating environment hook '/home/ardra/go_sim/install/gazebo_sim/share/gazebo_sim/hook/cmake_prefix_path.ps1'
[0.941s] INFO:colcon.colcon_core.shell:Creating environment descriptor '/home/ardra/go_sim/install/gazebo_sim/share/gazebo_sim/hook/cmake_prefix_path.dsv'
[0.941s] INFO:colcon.colcon_core.shell:Creating environment hook '/home/ardra/go_sim/install/gazebo_sim/share/gazebo_sim/hook/cmake_prefix_path.sh'
[0.941s] Level 1:colcon.colcon_core.environment:checking '/home/ardra/go_sim/install/gazebo_sim/lib'
[0.941s] Level 1:colcon.colcon_core.environment:checking '/home/ardra/go_sim/install/gazebo_sim/bin'
[0.941s] Level 1:colcon.colcon_core.environment:checking '/home/ardra/go_sim/install/gazebo_sim/lib/pkgconfig/gazebo_sim.pc'
[0.941s] Level 1:colcon.colcon_core.environment:checking '/home/ardra/go_sim/install/gazebo_sim/lib/python3.12/site-packages'
[0.942s] Level 1:colcon.colcon_core.environment:checking '/home/ardra/go_sim/install/gazebo_sim/bin'
[0.942s] INFO:colcon.colcon_core.shell:Creating package script '/home/ardra/go_sim/install/gazebo_sim/share/gazebo_sim/package.ps1'
[0.942s] INFO:colcon.colcon_core.shell:Creating package descriptor '/home/ardra/go_sim/install/gazebo_sim/share/gazebo_sim/package.dsv'
[0.942s] INFO:colcon.colcon_core.shell:Creating package script '/home/ardra/go_sim/install/gazebo_sim/share/gazebo_sim/package.sh'
[0.942s] INFO:colcon.colcon_core.shell:Creating package script '/home/ardra/go_sim/install/gazebo_sim/share/gazebo_sim/package.bash'
[0.943s] INFO:colcon.colcon_core.shell:Creating package script '/home/ardra/go_sim/install/gazebo_sim/share/gazebo_sim/package.zsh'
[0.943s] Level 1:colcon.colcon_core.environment:create_file_with_runtime_dependencies(/home/ardra/go_sim/install/gazebo_sim/share/colcon-core/packages/gazebo_sim)
[0.943s] Level 1:colcon.colcon_core.environment:create_environment_scripts_only(gazebo_sim)
[0.943s] Level 1:colcon.colcon_core.environment:checking '/home/ardra/go_sim/install/gazebo_sim' for CMake module files
[0.943s] Level 1:colcon.colcon_core.environment:checking '/home/ardra/go_sim/install/gazebo_sim' for CMake config files
[0.944s] Level 1:colcon.colcon_core.shell:create_environment_hook('gazebo_sim', 'cmake_prefix_path')
[0.944s] INFO:colcon.colcon_core.shell:Creating environment hook '/home/ardra/go_sim/install/gazebo_sim/share/gazebo_sim/hook/cmake_prefix_path.ps1'
[0.944s] INFO:colcon.colcon_core.shell:Creating environment descriptor '/home/ardra/go_sim/install/gazebo_sim/share/gazebo_sim/hook/cmake_prefix_path.dsv'
[0.944s] INFO:colcon.colcon_core.shell:Creating environment hook '/home/ardra/go_sim/install/gazebo_sim/share/gazebo_sim/hook/cmake_prefix_path.sh'
[0.944s] Level 1:colcon.colcon_core.environment:checking '/home/ardra/go_sim/install/gazebo_sim/lib'
[0.944s] Level 1:colcon.colcon_core.environment:checking '/home/ardra/go_sim/install/gazebo_sim/bin'
[0.945s] Level 1:colcon.colcon_core.environment:checking '/home/ardra/go_sim/install/gazebo_sim/lib/pkgconfig/gazebo_sim.pc'
[0.945s] Level 1:colcon.colcon_core.environment:checking '/home/ardra/go_sim/install/gazebo_sim/lib/python3.12/site-packages'
[0.945s] Level 1:colcon.colcon_core.environment:checking '/home/ardra/go_sim/install/gazebo_sim/bin'
[0.945s] INFO:colcon.colcon_core.shell:Creating package script '/home/ardra/go_sim/install/gazebo_sim/share/gazebo_sim/package.ps1'
[0.945s] INFO:colcon.colcon_core.shell:Creating package descriptor '/home/ardra/go_sim/install/gazebo_sim/share/gazebo_sim/package.dsv'
[0.945s] INFO:colcon.colcon_core.shell:Creating package script '/home/ardra/go_sim/install/gazebo_sim/share/gazebo_sim/package.sh'
[0.946s] INFO:colcon.colcon_core.shell:Creating package script '/home/ardra/go_sim/install/gazebo_sim/share/gazebo_sim/package.bash'
[0.946s] INFO:colcon.colcon_core.shell:Creating package script '/home/ardra/go_sim/install/gazebo_sim/share/gazebo_sim/package.zsh'
[0.946s] Level 1:colcon.colcon_core.environment:create_file_with_runtime_dependencies(/home/ardra/go_sim/install/gazebo_sim/share/colcon-core/packages/gazebo_sim)
[1.391s] DEBUG:colcon.colcon_core.event_handler.log_command:Invoked command in '/home/ardra/go_sim/build/quadropted_msgs' returned '0': CMAKE_PREFIX_PATH=${CMAKE_PREFIX_PATH}:/opt/ros/jazzy CONDA_PROMPT_MODIFIER=(base) DEBUGINFOD_URLS=https://debuginfod.ubuntu.com /usr/bin/cmake /home/ardra/go_sim/src/quadropted_msgs -DCMAKE_INSTALL_PREFIX=/home/ardra/go_sim/install/quadropted_msgs
[1.391s] DEBUG:colcon.colcon_core.event_handler.log_command:Invoking command in '/home/ardra/go_sim/build/quadropted_msgs': CMAKE_PREFIX_PATH=${CMAKE_PREFIX_PATH}:/opt/ros/jazzy CONDA_PROMPT_MODIFIER=(base) DEBUGINFOD_URLS=https://debuginfod.ubuntu.com /usr/bin/cmake --build /home/ardra/go_sim/build/quadropted_msgs -- -j16 -l16
[2.832s] DEBUG:colcon.colcon_core.event_handler.log_command:Invoked command in '/home/ardra/go_sim/build/quadropted_msgs' returned '0': CMAKE_PREFIX_PATH=${CMAKE_PREFIX_PATH}:/opt/ros/jazzy CONDA_PROMPT_MODIFIER=(base) DEBUGINFOD_URLS=https://debuginfod.ubuntu.com /usr/bin/cmake --build /home/ardra/go_sim/build/quadropted_msgs -- -j16 -l16
[2.833s] DEBUG:colcon.colcon_core.event_handler.log_command:Invoking command in '/home/ardra/go_sim/build/quadropted_msgs': CMAKE_PREFIX_PATH=${CMAKE_PREFIX_PATH}:/opt/ros/jazzy CONDA_PROMPT_MODIFIER=(base) DEBUGINFOD_URLS=https://debuginfod.ubuntu.com /usr/bin/cmake --install /home/ardra/go_sim/build/quadropted_msgs
[2.897s] Level 1:colcon.colcon_core.environment:create_environment_scripts_only(quadropted_msgs)
[2.897s] Level 1:colcon.colcon_core.environment:checking '/home/ardra/go_sim/install/quadropted_msgs' for CMake module files
[2.898s] DEBUG:colcon.colcon_core.event_handler.log_command:Invoked command in '/home/ardra/go_sim/build/quadropted_msgs' returned '0': CMAKE_PREFIX_PATH=${CMAKE_PREFIX_PATH}:/opt/ros/jazzy CONDA_PROMPT_MODIFIER=(base) DEBUGINFOD_URLS=https://debuginfod.ubuntu.com /usr/bin/cmake --install /home/ardra/go_sim/build/quadropted_msgs
[2.898s] Level 1:colcon.colcon_core.environment:checking '/home/ardra/go_sim/install/quadropted_msgs' for CMake config files
[2.898s] Level 1:colcon.colcon_core.shell:create_environment_hook('quadropted_msgs', 'cmake_prefix_path')
[2.898s] INFO:colcon.colcon_core.shell:Creating environment hook '/home/ardra/go_sim/install/quadropted_msgs/share/quadropted_msgs/hook/cmake_prefix_path.ps1'
[2.899s] INFO:colcon.colcon_core.shell:Creating environment descriptor '/home/ardra/go_sim/install/quadropted_msgs/share/quadropted_msgs/hook/cmake_prefix_path.dsv'
[2.899s] INFO:colcon.colcon_core.shell:Creating environment hook '/home/ardra/go_sim/install/quadropted_msgs/share/quadropted_msgs/hook/cmake_prefix_path.sh'
[2.899s] Level 1:colcon.colcon_core.environment:checking '/home/ardra/go_sim/install/quadropted_msgs/lib'
[2.899s] Level 1:colcon.colcon_core.shell:create_environment_hook('quadropted_msgs', 'ld_library_path_lib')
[2.899s] INFO:colcon.colcon_core.shell:Creating environment hook '/home/ardra/go_sim/install/quadropted_msgs/share/quadropted_msgs/hook/ld_library_path_lib.ps1'
[2.900s] INFO:colcon.colcon_core.shell:Creating environment descriptor '/home/ardra/go_sim/install/quadropted_msgs/share/quadropted_msgs/hook/ld_library_path_lib.dsv'
[2.900s] INFO:colcon.colcon_core.shell:Creating environment hook '/home/ardra/go_sim/install/quadropted_msgs/share/quadropted_msgs/hook/ld_library_path_lib.sh'
[2.900s] Level 1:colcon.colcon_core.environment:checking '/home/ardra/go_sim/install/quadropted_msgs/bin'
[2.900s] Level 1:colcon.colcon_core.environment:checking '/home/ardra/go_sim/install/quadropted_msgs/lib/pkgconfig/quadropted_msgs.pc'
[2.900s] Level 1:colcon.colcon_core.environment:checking '/home/ardra/go_sim/install/quadropted_msgs/lib/python3.12/site-packages'
[2.900s] Level 1:colcon.colcon_core.shell:create_environment_hook('quadropted_msgs', 'pythonpath')
[2.900s] INFO:colcon.colcon_core.shell:Creating environment hook '/home/ardra/go_sim/install/quadropted_msgs/share/quadropted_msgs/hook/pythonpath.ps1'
[2.901s] INFO:colcon.colcon_core.shell:Creating environment descriptor '/home/ardra/go_sim/install/quadropted_msgs/share/quadropted_msgs/hook/pythonpath.dsv'
[2.901s] INFO:colcon.colcon_core.shell:Creating environment hook '/home/ardra/go_sim/install/quadropted_msgs/share/quadropted_msgs/hook/pythonpath.sh'
[2.901s] Level 1:colcon.colcon_core.environment:checking '/home/ardra/go_sim/install/quadropted_msgs/bin'
[2.901s] INFO:colcon.colcon_core.shell:Creating package script '/home/ardra/go_sim/install/quadropted_msgs/share/quadropted_msgs/package.ps1'
[2.902s] INFO:colcon.colcon_core.shell:Creating package descriptor '/home/ardra/go_sim/install/quadropted_msgs/share/quadropted_msgs/package.dsv'
[2.902s] INFO:colcon.colcon_core.shell:Creating package script '/home/ardra/go_sim/install/quadropted_msgs/share/quadropted_msgs/package.sh'
[2.902s] INFO:colcon.colcon_core.shell:Creating package script '/home/ardra/go_sim/install/quadropted_msgs/share/quadropted_msgs/package.bash'
[2.903s] INFO:colcon.colcon_core.shell:Creating package script '/home/ardra/go_sim/install/quadropted_msgs/share/quadropted_msgs/package.zsh'
[2.903s] Level 1:colcon.colcon_core.environment:create_file_with_runtime_dependencies(/home/ardra/go_sim/install/quadropted_msgs/share/colcon-core/packages/quadropted_msgs)
[2.903s] Level 1:colcon.colcon_core.environment:create_environment_scripts_only(quadropted_msgs)
[2.903s] Level 1:colcon.colcon_core.environment:checking '/home/ardra/go_sim/install/quadropted_msgs' for CMake module files
[2.904s] Level 1:colcon.colcon_core.environment:checking '/home/ardra/go_sim/install/quadropted_msgs' for CMake config files
[2.904s] Level 1:colcon.colcon_core.shell:create_environment_hook('quadropted_msgs', 'cmake_prefix_path')
[2.904s] INFO:colcon.colcon_core.shell:Creating environment hook '/home/ardra/go_sim/install/quadropted_msgs/share/quadropted_msgs/hook/cmake_prefix_path.ps1'
[2.904s] INFO:colcon.colcon_core.shell:Creating environment descriptor '/home/ardra/go_sim/install/quadropted_msgs/share/quadropted_msgs/hook/cmake_prefix_path.dsv'
[2.904s] INFO:colcon.colcon_core.shell:Creating environment hook '/home/ardra/go_sim/install/quadropted_msgs/share/quadropted_msgs/hook/cmake_prefix_path.sh'
[2.905s] Level 1:colcon.colcon_core.environment:checking '/home/ardra/go_sim/install/quadropted_msgs/lib'
[2.905s] Level 1:colcon.colcon_core.shell:create_environment_hook('quadropted_msgs', 'ld_library_path_lib')
[2.905s] INFO:colcon.colcon_core.shell:Creating environment hook '/home/ardra/go_sim/install/quadropted_msgs/share/quadropted_msgs/hook/ld_library_path_lib.ps1'
[2.905s] INFO:colcon.colcon_core.shell:Creating environment descriptor '/home/ardra/go_sim/install/quadropted_msgs/share/quadropted_msgs/hook/ld_library_path_lib.dsv'
[2.905s] INFO:colcon.colcon_core.shell:Creating environment hook '/home/ardra/go_sim/install/quadropted_msgs/share/quadropted_msgs/hook/ld_library_path_lib.sh'
[2.905s] Level 1:colcon.colcon_core.environment:checking '/home/ardra/go_sim/install/quadropted_msgs/bin'
[2.905s] Level 1:colcon.colcon_core.environment:checking '/home/ardra/go_sim/install/quadropted_msgs/lib/pkgconfig/quadropted_msgs.pc'
[2.906s] Level 1:colcon.colcon_core.environment:checking '/home/ardra/go_sim/install/quadropted_msgs/lib/python3.12/site-packages'
[2.906s] Level 1:colcon.colcon_core.shell:create_environment_hook('quadropted_msgs', 'pythonpath')
[2.906s] INFO:colcon.colcon_core.shell:Creating environment hook '/home/ardra/go_sim/install/quadropted_msgs/share/quadropted_msgs/hook/pythonpath.ps1'
[2.906s] INFO:colcon.colcon_core.shell:Creating environment descriptor '/home/ardra/go_sim/install/quadropted_msgs/share/quadropted_msgs/hook/pythonpath.dsv'
[2.906s] INFO:colcon.colcon_core.shell:Creating environment hook '/home/ardra/go_sim/install/quadropted_msgs/share/quadropted_msgs/hook/pythonpath.sh'
[2.906s] Level 1:colcon.colcon_core.environment:checking '/home/ardra/go_sim/install/quadropted_msgs/bin'
[2.907s] INFO:colcon.colcon_core.shell:Creating package script '/home/ardra/go_sim/install/quadropted_msgs/share/quadropted_msgs/package.ps1'
[2.907s] INFO:colcon.colcon_core.shell:Creating package descriptor '/home/ardra/go_sim/install/quadropted_msgs/share/quadropted_msgs/package.dsv'
[2.907s] INFO:colcon.colcon_core.shell:Creating package script '/home/ardra/go_sim/install/quadropted_msgs/share/quadropted_msgs/package.sh'
[2.907s] INFO:colcon.colcon_core.shell:Creating package script '/home/ardra/go_sim/install/quadropted_msgs/share/quadropted_msgs/package.bash'
[2.908s] INFO:colcon.colcon_core.shell:Creating package script '/home/ardra/go_sim/install/quadropted_msgs/share/quadropted_msgs/package.zsh'
[2.908s] Level 1:colcon.colcon_core.environment:create_file_with_runtime_dependencies(/home/ardra/go_sim/install/quadropted_msgs/share/colcon-core/packages/quadropted_msgs)
[2.908s] DEBUG:colcon.colcon_parallel_executor.executor.parallel:closing loop
[2.908s] DEBUG:colcon.colcon_parallel_executor.executor.parallel:loop closed
[2.908s] DEBUG:colcon.colcon_parallel_executor.executor.parallel:run_until_complete finished with '0'
[2.908s] DEBUG:colcon.colcon_core.event_reactor:joining thread
[2.914s] INFO:colcon.colcon_core.plugin_system:Skipping extension 'colcon_notification.desktop_notification.terminal_notifier': Not used on non-Darwin systems
[2.914s] INFO:colcon.colcon_core.plugin_system:Skipping extension 'colcon_notification.desktop_notification.win32': Not used on non-Windows systems
[2.914s] INFO:colcon.colcon_notification.desktop_notification:Sending desktop notification using 'notify2'
[2.929s] DEBUG:colcon.colcon_core.event_reactor:joined thread
[2.929s] INFO:colcon.colcon_core.shell:Creating prefix script '/home/ardra/go_sim/install/local_setup.ps1'
[2.930s] INFO:colcon.colcon_core.shell:Creating prefix util module '/home/ardra/go_sim/install/_local_setup_util_ps1.py'
[2.930s] INFO:colcon.colcon_core.shell:Creating prefix chain script '/home/ardra/go_sim/install/setup.ps1'
[2.931s] INFO:colcon.colcon_core.shell:Creating prefix script '/home/ardra/go_sim/install/local_setup.sh'
[2.931s] INFO:colcon.colcon_core.shell:Creating prefix util module '/home/ardra/go_sim/install/_local_setup_util_sh.py'
[2.932s] INFO:colcon.colcon_core.shell:Creating prefix chain script '/home/ardra/go_sim/install/setup.sh'
[2.932s] INFO:colcon.colcon_core.shell:Creating prefix script '/home/ardra/go_sim/install/local_setup.bash'
[2.933s] INFO:colcon.colcon_core.shell:Creating prefix chain script '/home/ardra/go_sim/install/setup.bash'
[2.933s] INFO:colcon.colcon_core.shell:Creating prefix script '/home/ardra/go_sim/install/local_setup.zsh'
[2.934s] INFO:colcon.colcon_core.shell:Creating prefix chain script '/home/ardra/go_sim/install/setup.zsh'
