[0.013s] Invoking command in '/home/ardra/go_sim/build/quadropted_controller': CMAKE_PREFIX_PATH=${CMAKE_PREFIX_PATH}:/opt/ros/jazzy CONDA_PROMPT_MODIFIER=(base) DEBUGINFOD_URLS=https://debuginfod.ubuntu.com /usr/bin/cmake /home/ardra/go_sim/src/quadropted_controller -DCMAKE_INSTALL_PREFIX=/home/ardra/go_sim/install/quadropted_controller
[0.037s] -- Found ament_cmake: 2.5.4 (/opt/ros/jazzy/share/ament_cmake/cmake)
[0.182s] -- Override CMake install command with custom implementation using symlinks instead of copying resources
[0.187s] -- Found rclpy: 7.1.5 (/opt/ros/jazzy/share/rclpy/cmake)
[0.250s] -- Configuring done (0.2s)
[0.254s] -- Generating done (0.0s)
[0.255s] -- Build files have been written to: /home/ardra/go_sim/build/quadropted_controller
[0.257s] Invoked command in '/home/ardra/go_sim/build/quadropted_controller' returned '0': CMAKE_PREFIX_PATH=${CMAKE_PREFIX_PATH}:/opt/ros/jazzy CONDA_PROMPT_MODIFIER=(base) DEBUGINFOD_URLS=https://debuginfod.ubuntu.com /usr/bin/cmake /home/ardra/go_sim/src/quadropted_controller -DCMAKE_INSTALL_PREFIX=/home/ardra/go_sim/install/quadropted_controller
[0.258s] Invoking command in '/home/ardra/go_sim/build/quadropted_controller': CMAKE_PREFIX_PATH=${CMAKE_PREFIX_PATH}:/opt/ros/jazzy CONDA_PROMPT_MODIFIER=(base) DEBUGINFOD_URLS=https://debuginfod.ubuntu.com /usr/bin/cmake --build /home/ardra/go_sim/build/quadropted_controller -- -j16 -l16
[0.283s] Invoked command in '/home/ardra/go_sim/build/quadropted_controller' returned '0': CMAKE_PREFIX_PATH=${CMAKE_PREFIX_PATH}:/opt/ros/jazzy CONDA_PROMPT_MODIFIER=(base) DEBUGINFOD_URLS=https://debuginfod.ubuntu.com /usr/bin/cmake --build /home/ardra/go_sim/build/quadropted_controller -- -j16 -l16
[0.284s] Invoking command in '/home/ardra/go_sim/build/quadropted_controller': CMAKE_PREFIX_PATH=${CMAKE_PREFIX_PATH}:/opt/ros/jazzy CONDA_PROMPT_MODIFIER=(base) DEBUGINFOD_URLS=https://debuginfod.ubuntu.com /usr/bin/cmake --install /home/ardra/go_sim/build/quadropted_controller
[0.289s] -- Install configuration: ""
[0.289s] -- Execute custom install script
[0.289s] -- Up-to-date symlink: /home/ardra/go_sim/install/quadropted_controller/lib/quadropted_controller/robot_controller_gazebo.py
[0.290s] -- Up-to-date symlink: /home/ardra/go_sim/install/quadropted_controller/lib/quadropted_controller/QuadrupedOdometryNode.py
[0.290s] -- Up-to-date symlink: /home/ardra/go_sim/install/quadropted_controller/lib/quadropted_controller/cmd_vel_pub.py
[0.290s] -- Up-to-date symlink: /home/ardra/go_sim/install/quadropted_controller/share/quadropted_controller//launch/robot_controller.launch.py
[0.290s] -- Up-to-date symlink: /home/ardra/go_sim/install/quadropted_controller/share/ament_index/resource_index/package_run_dependencies/quadropted_controller
[0.290s] -- Up-to-date symlink: /home/ardra/go_sim/install/quadropted_controller/share/ament_index/resource_index/parent_prefix_path/quadropted_controller
[0.291s] -- Up-to-date symlink: /home/ardra/go_sim/install/quadropted_controller/share/quadropted_controller/environment/ament_prefix_path.sh
[0.291s] -- Up-to-date symlink: /home/ardra/go_sim/install/quadropted_controller/share/quadropted_controller/environment/ament_prefix_path.dsv
[0.291s] -- Up-to-date symlink: /home/ardra/go_sim/install/quadropted_controller/share/quadropted_controller/environment/path.sh
[0.291s] -- Up-to-date symlink: /home/ardra/go_sim/install/quadropted_controller/share/quadropted_controller/environment/path.dsv
[0.292s] -- Up-to-date symlink: /home/ardra/go_sim/install/quadropted_controller/share/quadropted_controller/local_setup.bash
[0.292s] -- Up-to-date symlink: /home/ardra/go_sim/install/quadropted_controller/share/quadropted_controller/local_setup.sh
[0.292s] -- Up-to-date symlink: /home/ardra/go_sim/install/quadropted_controller/share/quadropted_controller/local_setup.zsh
[0.292s] -- Up-to-date symlink: /home/ardra/go_sim/install/quadropted_controller/share/quadropted_controller/local_setup.dsv
[0.292s] -- Symlinking: /home/ardra/go_sim/install/quadropted_controller/share/quadropted_controller/package.dsv
[0.299s] -- Up-to-date symlink: /home/ardra/go_sim/install/quadropted_controller/share/ament_index/resource_index/packages/quadropted_controller
[0.299s] -- Up-to-date symlink: /home/ardra/go_sim/install/quadropted_controller/share/quadropted_controller/cmake/quadropted_controllerConfig.cmake
[0.299s] -- Up-to-date symlink: /home/ardra/go_sim/install/quadropted_controller/share/quadropted_controller/cmake/quadropted_controllerConfig-version.cmake
[0.299s] -- Up-to-date symlink: /home/ardra/go_sim/install/quadropted_controller/share/quadropted_controller/package.xml
[0.299s] -- Up-to-date: /home/ardra/go_sim/install/quadropted_controller/lib/quadropted_controller
[0.299s] -- Up-to-date: /home/ardra/go_sim/install/quadropted_controller/lib/quadropted_controller/ForwardKinematics
[0.299s] -- Up-to-date: /home/ardra/go_sim/install/quadropted_controller/lib/quadropted_controller/ForwardKinematics/__pycache__
[0.299s] -- Up-to-date: /home/ardra/go_sim/install/quadropted_controller/lib/quadropted_controller/ForwardKinematics/__pycache__/robot_FK.cpython-312.pyc
[0.299s] -- Up-to-date: /home/ardra/go_sim/install/quadropted_controller/lib/quadropted_controller/ForwardKinematics/robot_FK.py
[0.299s] -- Up-to-date: /home/ardra/go_sim/install/quadropted_controller/lib/quadropted_controller/.QuadrupedOdometryNode.py.swp
[0.299s] -- Up-to-date: /home/ardra/go_sim/install/quadropted_controller/lib/quadropted_controller/InverseKinematics
[0.299s] -- Up-to-date: /home/ardra/go_sim/install/quadropted_controller/lib/quadropted_controller/InverseKinematics/robot_IK.py
[0.300s] -- Up-to-date: /home/ardra/go_sim/install/quadropted_controller/lib/quadropted_controller/InverseKinematics/__pycache__
[0.300s] -- Up-to-date: /home/ardra/go_sim/install/quadropted_controller/lib/quadropted_controller/InverseKinematics/__pycache__/robot_IK.cpython-312.pyc
[0.300s] -- Up-to-date: /home/ardra/go_sim/install/quadropted_controller/lib/quadropted_controller/InverseKinematics/__pycache__/robot_IK.cpython-310.pyc
[0.300s] -- Up-to-date: /home/ardra/go_sim/install/quadropted_controller/lib/quadropted_controller/RobotController
[0.300s] -- Up-to-date: /home/ardra/go_sim/install/quadropted_controller/lib/quadropted_controller/RobotController/TrotGaitController.py
[0.300s] -- Up-to-date: /home/ardra/go_sim/install/quadropted_controller/lib/quadropted_controller/RobotController/PIDController.py
[0.300s] -- Up-to-date: /home/ardra/go_sim/install/quadropted_controller/lib/quadropted_controller/RobotController/RestController.py
[0.300s] -- Up-to-date: /home/ardra/go_sim/install/quadropted_controller/lib/quadropted_controller/RobotController/GaitController.py
[0.300s] -- Up-to-date: /home/ardra/go_sim/install/quadropted_controller/lib/quadropted_controller/RobotController/StateCommand.py
[0.300s] -- Up-to-date: /home/ardra/go_sim/install/quadropted_controller/lib/quadropted_controller/RobotController/StandController.py
[0.300s] -- Up-to-date: /home/ardra/go_sim/install/quadropted_controller/lib/quadropted_controller/RobotController/CrawlGaitController.py
[0.300s] -- Up-to-date: /home/ardra/go_sim/install/quadropted_controller/lib/quadropted_controller/RobotController/RobotController.py
[0.300s] -- Up-to-date: /home/ardra/go_sim/install/quadropted_controller/lib/quadropted_controller/RobotController/__pycache__
[0.300s] -- Up-to-date: /home/ardra/go_sim/install/quadropted_controller/lib/quadropted_controller/RobotController/__pycache__/StateCommand.cpython-310.pyc
[0.300s] -- Up-to-date: /home/ardra/go_sim/install/quadropted_controller/lib/quadropted_controller/RobotController/__pycache__/CrawlGaitController.cpython-310.pyc
[0.300s] -- Up-to-date: /home/ardra/go_sim/install/quadropted_controller/lib/quadropted_controller/RobotController/__pycache__/StateCommand.cpython-312.pyc
[0.300s] -- Up-to-date: /home/ardra/go_sim/install/quadropted_controller/lib/quadropted_controller/RobotController/__pycache__/StandController.cpython-310.pyc
[0.300s] -- Up-to-date: /home/ardra/go_sim/install/quadropted_controller/lib/quadropted_controller/RobotController/__pycache__/PIDController.cpython-312.pyc
[0.300s] -- Up-to-date: /home/ardra/go_sim/install/quadropted_controller/lib/quadropted_controller/RobotController/__pycache__/StandController.cpython-312.pyc
[0.300s] -- Up-to-date: /home/ardra/go_sim/install/quadropted_controller/lib/quadropted_controller/RobotController/__pycache__/PIDController.cpython-310.pyc
[0.300s] -- Up-to-date: /home/ardra/go_sim/install/quadropted_controller/lib/quadropted_controller/RobotController/__pycache__/GaitController.cpython-312.pyc
[0.300s] -- Up-to-date: /home/ardra/go_sim/install/quadropted_controller/lib/quadropted_controller/RobotController/__pycache__/TrotGaitController.cpython-312.pyc
[0.301s] -- Up-to-date: /home/ardra/go_sim/install/quadropted_controller/lib/quadropted_controller/RobotController/__pycache__/RestController.cpython-310.pyc
[0.301s] -- Up-to-date: /home/ardra/go_sim/install/quadropted_controller/lib/quadropted_controller/RobotController/__pycache__/RestController.cpython-312.pyc
[0.301s] -- Up-to-date: /home/ardra/go_sim/install/quadropted_controller/lib/quadropted_controller/RobotController/__pycache__/TrotGaitController.cpython-310.pyc
[0.301s] -- Up-to-date: /home/ardra/go_sim/install/quadropted_controller/lib/quadropted_controller/RobotController/__pycache__/GaitController.cpython-310.pyc
[0.301s] -- Up-to-date: /home/ardra/go_sim/install/quadropted_controller/lib/quadropted_controller/RobotController/__pycache__/CrawlGaitController.cpython-312.pyc
[0.301s] -- Up-to-date: /home/ardra/go_sim/install/quadropted_controller/lib/quadropted_controller/RobotController/__pycache__/RobotController.cpython-312.pyc
[0.301s] -- Up-to-date: /home/ardra/go_sim/install/quadropted_controller/lib/quadropted_controller/RobotController/__pycache__/RobotController.cpython-310.pyc
[0.301s] -- Up-to-date: /home/ardra/go_sim/install/quadropted_controller/lib/quadropted_controller/RoboticsUtilities
[0.301s] -- Up-to-date: /home/ardra/go_sim/install/quadropted_controller/lib/quadropted_controller/RoboticsUtilities/Transformations.py
[0.301s] -- Up-to-date: /home/ardra/go_sim/install/quadropted_controller/lib/quadropted_controller/RoboticsUtilities/__pycache__
[0.301s] -- Up-to-date: /home/ardra/go_sim/install/quadropted_controller/lib/quadropted_controller/RoboticsUtilities/__pycache__/Transformations.cpython-310.pyc
[0.301s] -- Up-to-date: /home/ardra/go_sim/install/quadropted_controller/lib/quadropted_controller/RoboticsUtilities/__pycache__/Transformations.cpython-312.pyc
[0.302s] Invoked command in '/home/ardra/go_sim/build/quadropted_controller' returned '0': CMAKE_PREFIX_PATH=${CMAKE_PREFIX_PATH}:/opt/ros/jazzy CONDA_PROMPT_MODIFIER=(base) DEBUGINFOD_URLS=https://debuginfod.ubuntu.com /usr/bin/cmake --install /home/ardra/go_sim/build/quadropted_controller
