[0.142s] DEBUG:colcon:Command line arguments: ['/usr/bin/colcon', 'build', '--packages-select', 'go2_description', 'gazebo_sim', 'quadropted_controller', 'quadropted_msgs']
[0.143s] DEBUG:colcon:Parsed command line arguments: Namespace(log_base=None, log_level=None, verb_name='build', build_base='build', install_base='install', merge_install=False, symlink_install=False, test_result_base=None, continue_on_error=False, executor='parallel', parallel_workers=16, event_handlers=None, ignore_user_meta=False, metas=['./colcon.meta'], base_paths=['.'], packages_ignore=None, packages_ignore_regex=None, paths=None, packages_up_to=None, packages_up_to_regex=None, packages_above=None, packages_above_and_dependencies=None, packages_above_depth=None, packages_select_by_dep=None, packages_skip_by_dep=None, packages_skip_up_to=None, packages_select_build_failed=False, packages_skip_build_finished=False, packages_select_test_failures=False, packages_skip_test_passed=False, packages_select=['go2_description', 'gazebo_sim', 'quadropted_controller', 'quadropted_msgs'], packages_skip=None, packages_select_regex=None, packages_skip_regex=None, packages_start=None, packages_end=None, allow_overriding=[], cmake_args=None, cmake_target=None, cmake_target_skip_unavailable=False, cmake_clean_cache=False, cmake_clean_first=False, cmake_force_configure=False, ament_cmake_args=None, catkin_cmake_args=None, catkin_skip_building_tests=False, mixin_files=None, mixin=None, verb_parser=<colcon_mixin.mixin.mixin_argument.MixinArgumentDecorator object at 0x7003c745eba0>, verb_extension=<colcon_core.verb.build.BuildVerb object at 0x7003c745e630>, main=<bound method BuildVerb.main of <colcon_core.verb.build.BuildVerb object at 0x7003c745e630>>, mixin_verb=('build',))
[0.175s] Level 1:colcon.colcon_core.package_discovery:discover_packages(colcon_meta) check parameters
[0.175s] Level 1:colcon.colcon_core.package_discovery:discover_packages(recursive) check parameters
[0.175s] Level 1:colcon.colcon_core.package_discovery:discover_packages(ignore) check parameters
[0.175s] Level 1:colcon.colcon_core.package_discovery:discover_packages(path) check parameters
[0.175s] Level 1:colcon.colcon_core.package_discovery:discover_packages(colcon_meta) discover
[0.175s] Level 1:colcon.colcon_core.package_discovery:discover_packages(recursive) discover
[0.175s] INFO:colcon.colcon_core.package_discovery:Crawling recursively for packages in '/home/ardra/go_sim'
[0.175s] Level 1:colcon.colcon_core.package_identification:_identify(.) by extensions ['ignore', 'ignore_ament_install']
[0.175s] Level 1:colcon.colcon_core.package_identification:_identify(.) by extension 'ignore'
[0.175s] Level 1:colcon.colcon_core.package_identification:_identify(.) by extension 'ignore_ament_install'
[0.175s] Level 1:colcon.colcon_core.package_identification:_identify(.) by extensions ['colcon_pkg']
[0.175s] Level 1:colcon.colcon_core.package_identification:_identify(.) by extension 'colcon_pkg'
[0.175s] Level 1:colcon.colcon_core.package_identification:_identify(.) by extensions ['colcon_meta']
[0.175s] Level 1:colcon.colcon_core.package_identification:_identify(.) by extension 'colcon_meta'
[0.175s] Level 1:colcon.colcon_core.package_identification:_identify(.) by extensions ['ros']
[0.175s] Level 1:colcon.colcon_core.package_identification:_identify(.) by extension 'ros'
[0.193s] Level 1:colcon.colcon_core.package_identification:_identify(.) by extensions ['cmake', 'python']
[0.193s] Level 1:colcon.colcon_core.package_identification:_identify(.) by extension 'cmake'
[0.193s] Level 1:colcon.colcon_core.package_identification:_identify(.) by extension 'python'
[0.193s] Level 1:colcon.colcon_core.package_identification:_identify(.) by extensions ['python_setup_py']
[0.193s] Level 1:colcon.colcon_core.package_identification:_identify(.) by extension 'python_setup_py'
[0.193s] Level 1:colcon.colcon_core.package_identification:_identify(build) by extensions ['ignore', 'ignore_ament_install']
[0.193s] Level 1:colcon.colcon_core.package_identification:_identify(build) by extension 'ignore'
[0.193s] Level 1:colcon.colcon_core.package_identification:_identify(build) ignored
[0.193s] Level 1:colcon.colcon_core.package_identification:_identify(install) by extensions ['ignore', 'ignore_ament_install']
[0.193s] Level 1:colcon.colcon_core.package_identification:_identify(install) by extension 'ignore'
[0.193s] Level 1:colcon.colcon_core.package_identification:_identify(install) ignored
[0.193s] Level 1:colcon.colcon_core.package_identification:_identify(log) by extensions ['ignore', 'ignore_ament_install']
[0.193s] Level 1:colcon.colcon_core.package_identification:_identify(log) by extension 'ignore'
[0.193s] Level 1:colcon.colcon_core.package_identification:_identify(log) ignored
[0.193s] Level 1:colcon.colcon_core.package_identification:_identify(src) by extensions ['ignore', 'ignore_ament_install']
[0.193s] Level 1:colcon.colcon_core.package_identification:_identify(src) by extension 'ignore'
[0.193s] Level 1:colcon.colcon_core.package_identification:_identify(src) by extension 'ignore_ament_install'
[0.193s] Level 1:colcon.colcon_core.package_identification:_identify(src) by extensions ['colcon_pkg']
[0.193s] Level 1:colcon.colcon_core.package_identification:_identify(src) by extension 'colcon_pkg'
[0.194s] Level 1:colcon.colcon_core.package_identification:_identify(src) by extensions ['colcon_meta']
[0.194s] Level 1:colcon.colcon_core.package_identification:_identify(src) by extension 'colcon_meta'
[0.194s] Level 1:colcon.colcon_core.package_identification:_identify(src) by extensions ['ros']
[0.194s] Level 1:colcon.colcon_core.package_identification:_identify(src) by extension 'ros'
[0.194s] Level 1:colcon.colcon_core.package_identification:_identify(src) by extensions ['cmake', 'python']
[0.194s] Level 1:colcon.colcon_core.package_identification:_identify(src) by extension 'cmake'
[0.194s] Level 1:colcon.colcon_core.package_identification:_identify(src) by extension 'python'
[0.194s] Level 1:colcon.colcon_core.package_identification:_identify(src) by extensions ['python_setup_py']
[0.194s] Level 1:colcon.colcon_core.package_identification:_identify(src) by extension 'python_setup_py'
[0.194s] Level 1:colcon.colcon_core.package_identification:_identify(src/docker) by extensions ['ignore', 'ignore_ament_install']
[0.194s] Level 1:colcon.colcon_core.package_identification:_identify(src/docker) by extension 'ignore'
[0.194s] Level 1:colcon.colcon_core.package_identification:_identify(src/docker) by extension 'ignore_ament_install'
[0.194s] Level 1:colcon.colcon_core.package_identification:_identify(src/docker) by extensions ['colcon_pkg']
[0.194s] Level 1:colcon.colcon_core.package_identification:_identify(src/docker) by extension 'colcon_pkg'
[0.194s] Level 1:colcon.colcon_core.package_identification:_identify(src/docker) by extensions ['colcon_meta']
[0.194s] Level 1:colcon.colcon_core.package_identification:_identify(src/docker) by extension 'colcon_meta'
[0.194s] Level 1:colcon.colcon_core.package_identification:_identify(src/docker) by extensions ['ros']
[0.194s] Level 1:colcon.colcon_core.package_identification:_identify(src/docker) by extension 'ros'
[0.194s] Level 1:colcon.colcon_core.package_identification:_identify(src/docker) by extensions ['cmake', 'python']
[0.194s] Level 1:colcon.colcon_core.package_identification:_identify(src/docker) by extension 'cmake'
[0.194s] Level 1:colcon.colcon_core.package_identification:_identify(src/docker) by extension 'python'
[0.194s] Level 1:colcon.colcon_core.package_identification:_identify(src/docker) by extensions ['python_setup_py']
[0.194s] Level 1:colcon.colcon_core.package_identification:_identify(src/docker) by extension 'python_setup_py'
[0.194s] Level 1:colcon.colcon_core.package_identification:_identify(src/gazebo_sim) by extensions ['ignore', 'ignore_ament_install']
[0.194s] Level 1:colcon.colcon_core.package_identification:_identify(src/gazebo_sim) by extension 'ignore'
[0.194s] Level 1:colcon.colcon_core.package_identification:_identify(src/gazebo_sim) by extension 'ignore_ament_install'
[0.194s] Level 1:colcon.colcon_core.package_identification:_identify(src/gazebo_sim) by extensions ['colcon_pkg']
[0.194s] Level 1:colcon.colcon_core.package_identification:_identify(src/gazebo_sim) by extension 'colcon_pkg'
[0.194s] Level 1:colcon.colcon_core.package_identification:_identify(src/gazebo_sim) by extensions ['colcon_meta']
[0.194s] Level 1:colcon.colcon_core.package_identification:_identify(src/gazebo_sim) by extension 'colcon_meta'
[0.194s] Level 1:colcon.colcon_core.package_identification:_identify(src/gazebo_sim) by extensions ['ros']
[0.194s] Level 1:colcon.colcon_core.package_identification:_identify(src/gazebo_sim) by extension 'ros'
[0.198s] DEBUG:colcon.colcon_core.package_identification:Package 'src/gazebo_sim' with type 'ros.ament_cmake' and name 'gazebo_sim'
[0.198s] Level 1:colcon.colcon_core.package_identification:_identify(src/go1_description) by extensions ['ignore', 'ignore_ament_install']
[0.198s] Level 1:colcon.colcon_core.package_identification:_identify(src/go1_description) by extension 'ignore'
[0.198s] Level 1:colcon.colcon_core.package_identification:_identify(src/go1_description) by extension 'ignore_ament_install'
[0.198s] Level 1:colcon.colcon_core.package_identification:_identify(src/go1_description) by extensions ['colcon_pkg']
[0.198s] Level 1:colcon.colcon_core.package_identification:_identify(src/go1_description) by extension 'colcon_pkg'
[0.198s] Level 1:colcon.colcon_core.package_identification:_identify(src/go1_description) by extensions ['colcon_meta']
[0.198s] Level 1:colcon.colcon_core.package_identification:_identify(src/go1_description) by extension 'colcon_meta'
[0.198s] Level 1:colcon.colcon_core.package_identification:_identify(src/go1_description) by extensions ['ros']
[0.198s] Level 1:colcon.colcon_core.package_identification:_identify(src/go1_description) by extension 'ros'
[0.200s] DEBUG:colcon.colcon_core.package_identification:Package 'src/go1_description' with type 'ros.ament_cmake' and name 'go1_description'
[0.200s] Level 1:colcon.colcon_core.package_identification:_identify(src/go2_description) by extensions ['ignore', 'ignore_ament_install']
[0.200s] Level 1:colcon.colcon_core.package_identification:_identify(src/go2_description) by extension 'ignore'
[0.200s] Level 1:colcon.colcon_core.package_identification:_identify(src/go2_description) by extension 'ignore_ament_install'
[0.200s] Level 1:colcon.colcon_core.package_identification:_identify(src/go2_description) by extensions ['colcon_pkg']
[0.200s] Level 1:colcon.colcon_core.package_identification:_identify(src/go2_description) by extension 'colcon_pkg'
[0.200s] Level 1:colcon.colcon_core.package_identification:_identify(src/go2_description) by extensions ['colcon_meta']
[0.200s] Level 1:colcon.colcon_core.package_identification:_identify(src/go2_description) by extension 'colcon_meta'
[0.200s] Level 1:colcon.colcon_core.package_identification:_identify(src/go2_description) by extensions ['ros']
[0.200s] Level 1:colcon.colcon_core.package_identification:_identify(src/go2_description) by extension 'ros'
[0.200s] DEBUG:colcon.colcon_core.package_identification:Package 'src/go2_description' with type 'ros.ament_cmake' and name 'go2_description'
[0.200s] Level 1:colcon.colcon_core.package_identification:_identify(src/media) by extensions ['ignore', 'ignore_ament_install']
[0.200s] Level 1:colcon.colcon_core.package_identification:_identify(src/media) by extension 'ignore'
[0.200s] Level 1:colcon.colcon_core.package_identification:_identify(src/media) by extension 'ignore_ament_install'
[0.200s] Level 1:colcon.colcon_core.package_identification:_identify(src/media) by extensions ['colcon_pkg']
[0.201s] Level 1:colcon.colcon_core.package_identification:_identify(src/media) by extension 'colcon_pkg'
[0.201s] Level 1:colcon.colcon_core.package_identification:_identify(src/media) by extensions ['colcon_meta']
[0.201s] Level 1:colcon.colcon_core.package_identification:_identify(src/media) by extension 'colcon_meta'
[0.201s] Level 1:colcon.colcon_core.package_identification:_identify(src/media) by extensions ['ros']
[0.201s] Level 1:colcon.colcon_core.package_identification:_identify(src/media) by extension 'ros'
[0.201s] Level 1:colcon.colcon_core.package_identification:_identify(src/media) by extensions ['cmake', 'python']
[0.201s] Level 1:colcon.colcon_core.package_identification:_identify(src/media) by extension 'cmake'
[0.201s] Level 1:colcon.colcon_core.package_identification:_identify(src/media) by extension 'python'
[0.201s] Level 1:colcon.colcon_core.package_identification:_identify(src/media) by extensions ['python_setup_py']
[0.201s] Level 1:colcon.colcon_core.package_identification:_identify(src/media) by extension 'python_setup_py'
[0.201s] Level 1:colcon.colcon_core.package_identification:_identify(src/quadropted_controller) by extensions ['ignore', 'ignore_ament_install']
[0.201s] Level 1:colcon.colcon_core.package_identification:_identify(src/quadropted_controller) by extension 'ignore'
[0.201s] Level 1:colcon.colcon_core.package_identification:_identify(src/quadropted_controller) by extension 'ignore_ament_install'
[0.201s] Level 1:colcon.colcon_core.package_identification:_identify(src/quadropted_controller) by extensions ['colcon_pkg']
[0.201s] Level 1:colcon.colcon_core.package_identification:_identify(src/quadropted_controller) by extension 'colcon_pkg'
[0.201s] Level 1:colcon.colcon_core.package_identification:_identify(src/quadropted_controller) by extensions ['colcon_meta']
[0.201s] Level 1:colcon.colcon_core.package_identification:_identify(src/quadropted_controller) by extension 'colcon_meta'
[0.201s] Level 1:colcon.colcon_core.package_identification:_identify(src/quadropted_controller) by extensions ['ros']
[0.201s] Level 1:colcon.colcon_core.package_identification:_identify(src/quadropted_controller) by extension 'ros'
[0.201s] DEBUG:colcon.colcon_core.package_identification:Package 'src/quadropted_controller' with type 'ros.ament_cmake' and name 'quadropted_controller'
[0.201s] Level 1:colcon.colcon_core.package_identification:_identify(src/quadropted_msgs) by extensions ['ignore', 'ignore_ament_install']
[0.201s] Level 1:colcon.colcon_core.package_identification:_identify(src/quadropted_msgs) by extension 'ignore'
[0.201s] Level 1:colcon.colcon_core.package_identification:_identify(src/quadropted_msgs) by extension 'ignore_ament_install'
[0.201s] Level 1:colcon.colcon_core.package_identification:_identify(src/quadropted_msgs) by extensions ['colcon_pkg']
[0.201s] Level 1:colcon.colcon_core.package_identification:_identify(src/quadropted_msgs) by extension 'colcon_pkg'
[0.202s] Level 1:colcon.colcon_core.package_identification:_identify(src/quadropted_msgs) by extensions ['colcon_meta']
[0.202s] Level 1:colcon.colcon_core.package_identification:_identify(src/quadropted_msgs) by extension 'colcon_meta'
[0.202s] Level 1:colcon.colcon_core.package_identification:_identify(src/quadropted_msgs) by extensions ['ros']
[0.202s] Level 1:colcon.colcon_core.package_identification:_identify(src/quadropted_msgs) by extension 'ros'
[0.202s] DEBUG:colcon.colcon_core.package_identification:Package 'src/quadropted_msgs' with type 'ros.ament_cmake' and name 'quadropted_msgs'
[0.202s] Level 1:colcon.colcon_core.package_discovery:discover_packages(recursive) using defaults
[0.202s] Level 1:colcon.colcon_core.package_discovery:discover_packages(ignore) discover
[0.202s] Level 1:colcon.colcon_core.package_discovery:discover_packages(ignore) using defaults
[0.202s] Level 1:colcon.colcon_core.package_discovery:discover_packages(path) discover
[0.202s] Level 1:colcon.colcon_core.package_discovery:discover_packages(path) using defaults
[0.217s] INFO:colcon.colcon_core.package_selection:Skipping not selected package 'go1_description' in 'src/go1_description'
[0.217s] Level 1:colcon.colcon_core.package_discovery:discover_packages(prefix_path) check parameters
[0.217s] Level 1:colcon.colcon_core.package_discovery:discover_packages(prefix_path) discover
[0.219s] DEBUG:colcon.colcon_installed_package_information.package_discovery:Found 5 installed packages in /home/ardra/go_sim/install
[0.221s] DEBUG:colcon.colcon_installed_package_information.package_discovery:Found 422 installed packages in /opt/ros/jazzy
[0.222s] Level 1:colcon.colcon_core.package_discovery:discover_packages(prefix_path) using defaults
[0.261s] Level 5:colcon.colcon_core.verb:set package 'gazebo_sim' build argument 'cmake_args' from command line to 'None'
[0.261s] Level 5:colcon.colcon_core.verb:set package 'gazebo_sim' build argument 'cmake_target' from command line to 'None'
[0.261s] Level 5:colcon.colcon_core.verb:set package 'gazebo_sim' build argument 'cmake_target_skip_unavailable' from command line to 'False'
[0.261s] Level 5:colcon.colcon_core.verb:set package 'gazebo_sim' build argument 'cmake_clean_cache' from command line to 'False'
[0.261s] Level 5:colcon.colcon_core.verb:set package 'gazebo_sim' build argument 'cmake_clean_first' from command line to 'False'
[0.261s] Level 5:colcon.colcon_core.verb:set package 'gazebo_sim' build argument 'cmake_force_configure' from command line to 'False'
[0.261s] Level 5:colcon.colcon_core.verb:set package 'gazebo_sim' build argument 'ament_cmake_args' from command line to 'None'
[0.261s] Level 5:colcon.colcon_core.verb:set package 'gazebo_sim' build argument 'catkin_cmake_args' from command line to 'None'
[0.261s] Level 5:colcon.colcon_core.verb:set package 'gazebo_sim' build argument 'catkin_skip_building_tests' from command line to 'False'
[0.261s] DEBUG:colcon.colcon_core.verb:Building package 'gazebo_sim' with the following arguments: {'ament_cmake_args': None, 'build_base': '/home/ardra/go_sim/build/gazebo_sim', 'catkin_cmake_args': None, 'catkin_skip_building_tests': False, 'cmake_args': None, 'cmake_clean_cache': False, 'cmake_clean_first': False, 'cmake_force_configure': False, 'cmake_target': None, 'cmake_target_skip_unavailable': False, 'install_base': '/home/ardra/go_sim/install/gazebo_sim', 'merge_install': False, 'path': '/home/ardra/go_sim/src/gazebo_sim', 'symlink_install': False, 'test_result_base': None}
[0.261s] Level 5:colcon.colcon_core.verb:set package 'go2_description' build argument 'cmake_args' from command line to 'None'
[0.261s] Level 5:colcon.colcon_core.verb:set package 'go2_description' build argument 'cmake_target' from command line to 'None'
[0.261s] Level 5:colcon.colcon_core.verb:set package 'go2_description' build argument 'cmake_target_skip_unavailable' from command line to 'False'
[0.261s] Level 5:colcon.colcon_core.verb:set package 'go2_description' build argument 'cmake_clean_cache' from command line to 'False'
[0.261s] Level 5:colcon.colcon_core.verb:set package 'go2_description' build argument 'cmake_clean_first' from command line to 'False'
[0.261s] Level 5:colcon.colcon_core.verb:set package 'go2_description' build argument 'cmake_force_configure' from command line to 'False'
[0.261s] Level 5:colcon.colcon_core.verb:set package 'go2_description' build argument 'ament_cmake_args' from command line to 'None'
[0.261s] Level 5:colcon.colcon_core.verb:set package 'go2_description' build argument 'catkin_cmake_args' from command line to 'None'
[0.261s] Level 5:colcon.colcon_core.verb:set package 'go2_description' build argument 'catkin_skip_building_tests' from command line to 'False'
[0.261s] DEBUG:colcon.colcon_core.verb:Building package 'go2_description' with the following arguments: {'ament_cmake_args': None, 'build_base': '/home/ardra/go_sim/build/go2_description', 'catkin_cmake_args': None, 'catkin_skip_building_tests': False, 'cmake_args': None, 'cmake_clean_cache': False, 'cmake_clean_first': False, 'cmake_force_configure': False, 'cmake_target': None, 'cmake_target_skip_unavailable': False, 'install_base': '/home/ardra/go_sim/install/go2_description', 'merge_install': False, 'path': '/home/ardra/go_sim/src/go2_description', 'symlink_install': False, 'test_result_base': None}
[0.261s] Level 5:colcon.colcon_core.verb:set package 'quadropted_controller' build argument 'cmake_args' from command line to 'None'
[0.262s] Level 5:colcon.colcon_core.verb:set package 'quadropted_controller' build argument 'cmake_target' from command line to 'None'
[0.262s] Level 5:colcon.colcon_core.verb:set package 'quadropted_controller' build argument 'cmake_target_skip_unavailable' from command line to 'False'
[0.262s] Level 5:colcon.colcon_core.verb:set package 'quadropted_controller' build argument 'cmake_clean_cache' from command line to 'False'
[0.262s] Level 5:colcon.colcon_core.verb:set package 'quadropted_controller' build argument 'cmake_clean_first' from command line to 'False'
[0.262s] Level 5:colcon.colcon_core.verb:set package 'quadropted_controller' build argument 'cmake_force_configure' from command line to 'False'
[0.262s] Level 5:colcon.colcon_core.verb:set package 'quadropted_controller' build argument 'ament_cmake_args' from command line to 'None'
[0.262s] Level 5:colcon.colcon_core.verb:set package 'quadropted_controller' build argument 'catkin_cmake_args' from command line to 'None'
[0.262s] Level 5:colcon.colcon_core.verb:set package 'quadropted_controller' build argument 'catkin_skip_building_tests' from command line to 'False'
[0.262s] DEBUG:colcon.colcon_core.verb:Building package 'quadropted_controller' with the following arguments: {'ament_cmake_args': None, 'build_base': '/home/ardra/go_sim/build/quadropted_controller', 'catkin_cmake_args': None, 'catkin_skip_building_tests': False, 'cmake_args': None, 'cmake_clean_cache': False, 'cmake_clean_first': False, 'cmake_force_configure': False, 'cmake_target': None, 'cmake_target_skip_unavailable': False, 'install_base': '/home/ardra/go_sim/install/quadropted_controller', 'merge_install': False, 'path': '/home/ardra/go_sim/src/quadropted_controller', 'symlink_install': False, 'test_result_base': None}
[0.262s] Level 5:colcon.colcon_core.verb:set package 'quadropted_msgs' build argument 'cmake_args' from command line to 'None'
[0.262s] Level 5:colcon.colcon_core.verb:set package 'quadropted_msgs' build argument 'cmake_target' from command line to 'None'
[0.262s] Level 5:colcon.colcon_core.verb:set package 'quadropted_msgs' build argument 'cmake_target_skip_unavailable' from command line to 'False'
[0.262s] Level 5:colcon.colcon_core.verb:set package 'quadropted_msgs' build argument 'cmake_clean_cache' from command line to 'False'
[0.262s] Level 5:colcon.colcon_core.verb:set package 'quadropted_msgs' build argument 'cmake_clean_first' from command line to 'False'
[0.262s] Level 5:colcon.colcon_core.verb:set package 'quadropted_msgs' build argument 'cmake_force_configure' from command line to 'False'
[0.262s] Level 5:colcon.colcon_core.verb:set package 'quadropted_msgs' build argument 'ament_cmake_args' from command line to 'None'
[0.262s] Level 5:colcon.colcon_core.verb:set package 'quadropted_msgs' build argument 'catkin_cmake_args' from command line to 'None'
[0.262s] Level 5:colcon.colcon_core.verb:set package 'quadropted_msgs' build argument 'catkin_skip_building_tests' from command line to 'False'
[0.262s] DEBUG:colcon.colcon_core.verb:Building package 'quadropted_msgs' with the following arguments: {'ament_cmake_args': None, 'build_base': '/home/ardra/go_sim/build/quadropted_msgs', 'catkin_cmake_args': None, 'catkin_skip_building_tests': False, 'cmake_args': None, 'cmake_clean_cache': False, 'cmake_clean_first': False, 'cmake_force_configure': False, 'cmake_target': None, 'cmake_target_skip_unavailable': False, 'install_base': '/home/ardra/go_sim/install/quadropted_msgs', 'merge_install': False, 'path': '/home/ardra/go_sim/src/quadropted_msgs', 'symlink_install': False, 'test_result_base': None}
[0.262s] INFO:colcon.colcon_core.executor:Executing jobs using 'parallel' executor
[0.263s] DEBUG:colcon.colcon_parallel_executor.executor.parallel:run_until_complete
[0.263s] INFO:colcon.colcon_ros.task.ament_cmake.build:Building ROS package in '/home/ardra/go_sim/src/gazebo_sim' with build type 'ament_cmake'
[0.263s] INFO:colcon.colcon_cmake.task.cmake.build:Building CMake package in '/home/ardra/go_sim/src/gazebo_sim'
[0.265s] INFO:colcon.colcon_core.plugin_system:Skipping extension 'colcon_core.shell.bat': Not used on non-Windows systems
[0.265s] INFO:colcon.colcon_core.shell:Skip shell extension 'powershell' for command environment: Not usable outside of PowerShell
[0.265s] DEBUG:colcon.colcon_core.shell:Skip shell extension 'dsv' for command environment
[0.268s] INFO:colcon.colcon_ros.task.ament_cmake.build:Building ROS package in '/home/ardra/go_sim/src/go2_description' with build type 'ament_cmake'
[0.268s] INFO:colcon.colcon_cmake.task.cmake.build:Building CMake package in '/home/ardra/go_sim/src/go2_description'
[0.269s] INFO:colcon.colcon_core.shell:Skip shell extension 'powershell' for command environment: Not usable outside of PowerShell
[0.269s] DEBUG:colcon.colcon_core.shell:Skip shell extension 'dsv' for command environment
[0.271s] INFO:colcon.colcon_ros.task.ament_cmake.build:Building ROS package in '/home/ardra/go_sim/src/quadropted_controller' with build type 'ament_cmake'
[0.271s] INFO:colcon.colcon_cmake.task.cmake.build:Building CMake package in '/home/ardra/go_sim/src/quadropted_controller'
[0.272s] INFO:colcon.colcon_core.shell:Skip shell extension 'powershell' for command environment: Not usable outside of PowerShell
[0.272s] DEBUG:colcon.colcon_core.shell:Skip shell extension 'dsv' for command environment
[0.274s] INFO:colcon.colcon_ros.task.ament_cmake.build:Building ROS package in '/home/ardra/go_sim/src/quadropted_msgs' with build type 'ament_cmake'
[0.274s] INFO:colcon.colcon_cmake.task.cmake.build:Building CMake package in '/home/ardra/go_sim/src/quadropted_msgs'
[0.274s] INFO:colcon.colcon_core.shell:Skip shell extension 'powershell' for command environment: Not usable outside of PowerShell
[0.274s] DEBUG:colcon.colcon_core.shell:Skip shell extension 'dsv' for command environment
[0.279s] DEBUG:colcon.colcon_core.event_handler.log_command:Invoking command in '/home/ardra/go_sim/build/gazebo_sim': CMAKE_PREFIX_PATH=${CMAKE_PREFIX_PATH}:/opt/ros/jazzy DEBUGINFOD_URLS=https://debuginfod.ubuntu.com /usr/bin/cmake --build /home/ardra/go_sim/build/gazebo_sim -- -j16 -l16
[0.280s] DEBUG:colcon.colcon_core.event_handler.log_command:Invoking command in '/home/ardra/go_sim/build/go2_description': CMAKE_PREFIX_PATH=${CMAKE_PREFIX_PATH}:/opt/ros/jazzy DEBUGINFOD_URLS=https://debuginfod.ubuntu.com /usr/bin/cmake --build /home/ardra/go_sim/build/go2_description -- -j16 -l16
[0.281s] DEBUG:colcon.colcon_core.event_handler.log_command:Invoking command in '/home/ardra/go_sim/build/quadropted_controller': CMAKE_PREFIX_PATH=${CMAKE_PREFIX_PATH}:/opt/ros/jazzy DEBUGINFOD_URLS=https://debuginfod.ubuntu.com /usr/bin/cmake --build /home/ardra/go_sim/build/quadropted_controller -- -j16 -l16
[0.283s] DEBUG:colcon.colcon_core.event_handler.log_command:Invoking command in '/home/ardra/go_sim/build/quadropted_msgs': CMAKE_PREFIX_PATH=${CMAKE_PREFIX_PATH}:/opt/ros/jazzy DEBUGINFOD_URLS=https://debuginfod.ubuntu.com /usr/bin/cmake --build /home/ardra/go_sim/build/quadropted_msgs -- -j16 -l16
[0.309s] DEBUG:colcon.colcon_core.event_handler.log_command:Invoked command in '/home/ardra/go_sim/build/quadropted_controller' returned '0': CMAKE_PREFIX_PATH=${CMAKE_PREFIX_PATH}:/opt/ros/jazzy DEBUGINFOD_URLS=https://debuginfod.ubuntu.com /usr/bin/cmake --build /home/ardra/go_sim/build/quadropted_controller -- -j16 -l16
[0.316s] DEBUG:colcon.colcon_core.event_handler.log_command:Invoking command in '/home/ardra/go_sim/build/quadropted_controller': CMAKE_PREFIX_PATH=${CMAKE_PREFIX_PATH}:/opt/ros/jazzy DEBUGINFOD_URLS=https://debuginfod.ubuntu.com /usr/bin/cmake --install /home/ardra/go_sim/build/quadropted_controller
[0.317s] DEBUG:colcon.colcon_core.event_handler.log_command:Invoked command in '/home/ardra/go_sim/build/go2_description' returned '0': CMAKE_PREFIX_PATH=${CMAKE_PREFIX_PATH}:/opt/ros/jazzy DEBUGINFOD_URLS=https://debuginfod.ubuntu.com /usr/bin/cmake --build /home/ardra/go_sim/build/go2_description -- -j16 -l16
[0.317s] DEBUG:colcon.colcon_core.event_handler.log_command:Invoking command in '/home/ardra/go_sim/build/go2_description': CMAKE_PREFIX_PATH=${CMAKE_PREFIX_PATH}:/opt/ros/jazzy DEBUGINFOD_URLS=https://debuginfod.ubuntu.com /usr/bin/cmake --install /home/ardra/go_sim/build/go2_description
[0.318s] DEBUG:colcon.colcon_core.event_handler.log_command:Invoked command in '/home/ardra/go_sim/build/gazebo_sim' returned '0': CMAKE_PREFIX_PATH=${CMAKE_PREFIX_PATH}:/opt/ros/jazzy DEBUGINFOD_URLS=https://debuginfod.ubuntu.com /usr/bin/cmake --build /home/ardra/go_sim/build/gazebo_sim -- -j16 -l16
[0.318s] DEBUG:colcon.colcon_core.event_handler.log_command:Invoking command in '/home/ardra/go_sim/build/gazebo_sim': CMAKE_PREFIX_PATH=${CMAKE_PREFIX_PATH}:/opt/ros/jazzy DEBUGINFOD_URLS=https://debuginfod.ubuntu.com /usr/bin/cmake --install /home/ardra/go_sim/build/gazebo_sim
[0.334s] Level 1:colcon.colcon_core.environment:create_environment_scripts_only(quadropted_controller)
[0.336s] DEBUG:colcon.colcon_core.event_handler.log_command:Invoked command in '/home/ardra/go_sim/build/quadropted_controller' returned '0': CMAKE_PREFIX_PATH=${CMAKE_PREFIX_PATH}:/opt/ros/jazzy DEBUGINFOD_URLS=https://debuginfod.ubuntu.com /usr/bin/cmake --install /home/ardra/go_sim/build/quadropted_controller
[0.339s] Level 1:colcon.colcon_core.environment:checking '/home/ardra/go_sim/install/quadropted_controller' for CMake module files
[0.340s] Level 1:colcon.colcon_core.environment:checking '/home/ardra/go_sim/install/quadropted_controller' for CMake config files
[0.340s] Level 1:colcon.colcon_core.shell:create_environment_hook('quadropted_controller', 'cmake_prefix_path')
[0.340s] INFO:colcon.colcon_core.shell:Creating environment hook '/home/ardra/go_sim/install/quadropted_controller/share/quadropted_controller/hook/cmake_prefix_path.ps1'
[0.341s] INFO:colcon.colcon_core.shell:Creating environment descriptor '/home/ardra/go_sim/install/quadropted_controller/share/quadropted_controller/hook/cmake_prefix_path.dsv'
[0.341s] INFO:colcon.colcon_core.shell:Creating environment hook '/home/ardra/go_sim/install/quadropted_controller/share/quadropted_controller/hook/cmake_prefix_path.sh'
[0.342s] Level 1:colcon.colcon_core.environment:checking '/home/ardra/go_sim/install/quadropted_controller/lib'
[0.342s] Level 1:colcon.colcon_core.environment:checking '/home/ardra/go_sim/install/quadropted_controller/bin'
[0.342s] Level 1:colcon.colcon_core.environment:checking '/home/ardra/go_sim/install/quadropted_controller/lib/pkgconfig/quadropted_controller.pc'
[0.343s] Level 1:colcon.colcon_core.environment:checking '/home/ardra/go_sim/install/quadropted_controller/lib/python3.12/site-packages'
[0.343s] Level 1:colcon.colcon_core.environment:checking '/home/ardra/go_sim/install/quadropted_controller/bin'
[0.343s] INFO:colcon.colcon_core.shell:Creating package script '/home/ardra/go_sim/install/quadropted_controller/share/quadropted_controller/package.ps1'
[0.344s] INFO:colcon.colcon_core.shell:Creating package descriptor '/home/ardra/go_sim/install/quadropted_controller/share/quadropted_controller/package.dsv'
[0.344s] INFO:colcon.colcon_core.shell:Creating package script '/home/ardra/go_sim/install/quadropted_controller/share/quadropted_controller/package.sh'
[0.345s] INFO:colcon.colcon_core.shell:Creating package script '/home/ardra/go_sim/install/quadropted_controller/share/quadropted_controller/package.bash'
[0.345s] INFO:colcon.colcon_core.shell:Creating package script '/home/ardra/go_sim/install/quadropted_controller/share/quadropted_controller/package.zsh'
[0.346s] Level 1:colcon.colcon_core.environment:create_file_with_runtime_dependencies(/home/ardra/go_sim/install/quadropted_controller/share/colcon-core/packages/quadropted_controller)
[0.346s] Level 1:colcon.colcon_core.environment:create_environment_scripts_only(quadropted_controller)
[0.346s] Level 1:colcon.colcon_core.environment:checking '/home/ardra/go_sim/install/quadropted_controller' for CMake module files
[0.347s] Level 1:colcon.colcon_core.environment:checking '/home/ardra/go_sim/install/quadropted_controller' for CMake config files
[0.347s] Level 1:colcon.colcon_core.shell:create_environment_hook('quadropted_controller', 'cmake_prefix_path')
[0.347s] INFO:colcon.colcon_core.shell:Creating environment hook '/home/ardra/go_sim/install/quadropted_controller/share/quadropted_controller/hook/cmake_prefix_path.ps1'
[0.348s] INFO:colcon.colcon_core.shell:Creating environment descriptor '/home/ardra/go_sim/install/quadropted_controller/share/quadropted_controller/hook/cmake_prefix_path.dsv'
[0.348s] INFO:colcon.colcon_core.shell:Creating environment hook '/home/ardra/go_sim/install/quadropted_controller/share/quadropted_controller/hook/cmake_prefix_path.sh'
[0.348s] Level 1:colcon.colcon_core.environment:checking '/home/ardra/go_sim/install/quadropted_controller/lib'
[0.348s] Level 1:colcon.colcon_core.environment:checking '/home/ardra/go_sim/install/quadropted_controller/bin'
[0.348s] Level 1:colcon.colcon_core.environment:checking '/home/ardra/go_sim/install/quadropted_controller/lib/pkgconfig/quadropted_controller.pc'
[0.349s] Level 1:colcon.colcon_core.environment:checking '/home/ardra/go_sim/install/quadropted_controller/lib/python3.12/site-packages'
[0.349s] Level 1:colcon.colcon_core.environment:checking '/home/ardra/go_sim/install/quadropted_controller/bin'
[0.349s] INFO:colcon.colcon_core.shell:Creating package script '/home/ardra/go_sim/install/quadropted_controller/share/quadropted_controller/package.ps1'
[0.349s] INFO:colcon.colcon_core.shell:Creating package descriptor '/home/ardra/go_sim/install/quadropted_controller/share/quadropted_controller/package.dsv'
[0.350s] INFO:colcon.colcon_core.shell:Creating package script '/home/ardra/go_sim/install/quadropted_controller/share/quadropted_controller/package.sh'
[0.350s] INFO:colcon.colcon_core.shell:Creating package script '/home/ardra/go_sim/install/quadropted_controller/share/quadropted_controller/package.bash'
[0.351s] INFO:colcon.colcon_core.shell:Creating package script '/home/ardra/go_sim/install/quadropted_controller/share/quadropted_controller/package.zsh'
[0.351s] Level 1:colcon.colcon_core.environment:create_file_with_runtime_dependencies(/home/ardra/go_sim/install/quadropted_controller/share/colcon-core/packages/quadropted_controller)
[0.353s] Level 1:colcon.colcon_core.environment:create_environment_scripts_only(go2_description)
[0.354s] Level 1:colcon.colcon_core.environment:checking '/home/ardra/go_sim/install/go2_description' for CMake module files
[0.361s] Level 1:colcon.colcon_core.environment:checking '/home/ardra/go_sim/install/go2_description' for CMake config files
[0.371s] DEBUG:colcon.colcon_core.event_handler.log_command:Invoked command in '/home/ardra/go_sim/build/go2_description' returned '0': CMAKE_PREFIX_PATH=${CMAKE_PREFIX_PATH}:/opt/ros/jazzy DEBUGINFOD_URLS=https://debuginfod.ubuntu.com /usr/bin/cmake --install /home/ardra/go_sim/build/go2_description
[0.371s] Level 1:colcon.colcon_core.shell:create_environment_hook('go2_description', 'cmake_prefix_path')
[0.371s] INFO:colcon.colcon_core.shell:Creating environment hook '/home/ardra/go_sim/install/go2_description/share/go2_description/hook/cmake_prefix_path.ps1'
[0.371s] INFO:colcon.colcon_core.shell:Creating environment descriptor '/home/ardra/go_sim/install/go2_description/share/go2_description/hook/cmake_prefix_path.dsv'
[0.372s] INFO:colcon.colcon_core.shell:Creating environment hook '/home/ardra/go_sim/install/go2_description/share/go2_description/hook/cmake_prefix_path.sh'
[0.372s] Level 1:colcon.colcon_core.environment:checking '/home/ardra/go_sim/install/go2_description/bin'
[0.372s] Level 1:colcon.colcon_core.environment:checking '/home/ardra/go_sim/install/go2_description/lib/pkgconfig/go2_description.pc'
[0.372s] Level 1:colcon.colcon_core.environment:checking '/home/ardra/go_sim/install/go2_description/lib/python3.12/site-packages'
[0.372s] Level 1:colcon.colcon_core.environment:checking '/home/ardra/go_sim/install/go2_description/bin'
[0.373s] INFO:colcon.colcon_core.shell:Creating package script '/home/ardra/go_sim/install/go2_description/share/go2_description/package.ps1'
[0.373s] INFO:colcon.colcon_core.shell:Creating package descriptor '/home/ardra/go_sim/install/go2_description/share/go2_description/package.dsv'
[0.373s] INFO:colcon.colcon_core.shell:Creating package script '/home/ardra/go_sim/install/go2_description/share/go2_description/package.sh'
[0.373s] INFO:colcon.colcon_core.shell:Creating package script '/home/ardra/go_sim/install/go2_description/share/go2_description/package.bash'
[0.374s] INFO:colcon.colcon_core.shell:Creating package script '/home/ardra/go_sim/install/go2_description/share/go2_description/package.zsh'
[0.374s] Level 1:colcon.colcon_core.environment:create_file_with_runtime_dependencies(/home/ardra/go_sim/install/go2_description/share/colcon-core/packages/go2_description)
[0.374s] Level 1:colcon.colcon_core.environment:create_environment_scripts_only(go2_description)
[0.374s] Level 1:colcon.colcon_core.environment:checking '/home/ardra/go_sim/install/go2_description' for CMake module files
[0.375s] Level 1:colcon.colcon_core.environment:checking '/home/ardra/go_sim/install/go2_description' for CMake config files
[0.375s] Level 1:colcon.colcon_core.shell:create_environment_hook('go2_description', 'cmake_prefix_path')
[0.375s] INFO:colcon.colcon_core.shell:Creating environment hook '/home/ardra/go_sim/install/go2_description/share/go2_description/hook/cmake_prefix_path.ps1'
[0.375s] INFO:colcon.colcon_core.shell:Creating environment descriptor '/home/ardra/go_sim/install/go2_description/share/go2_description/hook/cmake_prefix_path.dsv'
[0.375s] INFO:colcon.colcon_core.shell:Creating environment hook '/home/ardra/go_sim/install/go2_description/share/go2_description/hook/cmake_prefix_path.sh'
[0.376s] Level 1:colcon.colcon_core.environment:checking '/home/ardra/go_sim/install/go2_description/bin'
[0.376s] Level 1:colcon.colcon_core.environment:checking '/home/ardra/go_sim/install/go2_description/lib/pkgconfig/go2_description.pc'
[0.376s] Level 1:colcon.colcon_core.environment:checking '/home/ardra/go_sim/install/go2_description/lib/python3.12/site-packages'
[0.376s] Level 1:colcon.colcon_core.environment:checking '/home/ardra/go_sim/install/go2_description/bin'
[0.376s] INFO:colcon.colcon_core.shell:Creating package script '/home/ardra/go_sim/install/go2_description/share/go2_description/package.ps1'
[0.377s] INFO:colcon.colcon_core.shell:Creating package descriptor '/home/ardra/go_sim/install/go2_description/share/go2_description/package.dsv'
[0.377s] INFO:colcon.colcon_core.shell:Creating package script '/home/ardra/go_sim/install/go2_description/share/go2_description/package.sh'
[0.377s] INFO:colcon.colcon_core.shell:Creating package script '/home/ardra/go_sim/install/go2_description/share/go2_description/package.bash'
[0.377s] INFO:colcon.colcon_core.shell:Creating package script '/home/ardra/go_sim/install/go2_description/share/go2_description/package.zsh'
[0.378s] Level 1:colcon.colcon_core.environment:create_file_with_runtime_dependencies(/home/ardra/go_sim/install/go2_description/share/colcon-core/packages/go2_description)
[0.388s] Level 1:colcon.colcon_core.environment:create_environment_scripts_only(gazebo_sim)
[0.388s] Level 1:colcon.colcon_core.environment:checking '/home/ardra/go_sim/install/gazebo_sim' for CMake module files
[0.395s] DEBUG:colcon.colcon_core.event_handler.log_command:Invoked command in '/home/ardra/go_sim/build/gazebo_sim' returned '0': CMAKE_PREFIX_PATH=${CMAKE_PREFIX_PATH}:/opt/ros/jazzy DEBUGINFOD_URLS=https://debuginfod.ubuntu.com /usr/bin/cmake --install /home/ardra/go_sim/build/gazebo_sim
[0.395s] Level 1:colcon.colcon_core.environment:checking '/home/ardra/go_sim/install/gazebo_sim' for CMake config files
[0.395s] Level 1:colcon.colcon_core.shell:create_environment_hook('gazebo_sim', 'cmake_prefix_path')
[0.396s] INFO:colcon.colcon_core.shell:Creating environment hook '/home/ardra/go_sim/install/gazebo_sim/share/gazebo_sim/hook/cmake_prefix_path.ps1'
[0.396s] INFO:colcon.colcon_core.shell:Creating environment descriptor '/home/ardra/go_sim/install/gazebo_sim/share/gazebo_sim/hook/cmake_prefix_path.dsv'
[0.396s] INFO:colcon.colcon_core.shell:Creating environment hook '/home/ardra/go_sim/install/gazebo_sim/share/gazebo_sim/hook/cmake_prefix_path.sh'
[0.397s] Level 1:colcon.colcon_core.environment:checking '/home/ardra/go_sim/install/gazebo_sim/lib'
[0.397s] Level 1:colcon.colcon_core.environment:checking '/home/ardra/go_sim/install/gazebo_sim/bin'
[0.397s] Level 1:colcon.colcon_core.environment:checking '/home/ardra/go_sim/install/gazebo_sim/lib/pkgconfig/gazebo_sim.pc'
[0.397s] Level 1:colcon.colcon_core.environment:checking '/home/ardra/go_sim/install/gazebo_sim/lib/python3.12/site-packages'
[0.397s] Level 1:colcon.colcon_core.environment:checking '/home/ardra/go_sim/install/gazebo_sim/bin'
[0.398s] INFO:colcon.colcon_core.shell:Creating package script '/home/ardra/go_sim/install/gazebo_sim/share/gazebo_sim/package.ps1'
[0.398s] INFO:colcon.colcon_core.shell:Creating package descriptor '/home/ardra/go_sim/install/gazebo_sim/share/gazebo_sim/package.dsv'
[0.398s] INFO:colcon.colcon_core.shell:Creating package script '/home/ardra/go_sim/install/gazebo_sim/share/gazebo_sim/package.sh'
[0.399s] INFO:colcon.colcon_core.shell:Creating package script '/home/ardra/go_sim/install/gazebo_sim/share/gazebo_sim/package.bash'
[0.399s] INFO:colcon.colcon_core.shell:Creating package script '/home/ardra/go_sim/install/gazebo_sim/share/gazebo_sim/package.zsh'
[0.399s] Level 1:colcon.colcon_core.environment:create_file_with_runtime_dependencies(/home/ardra/go_sim/install/gazebo_sim/share/colcon-core/packages/gazebo_sim)
[0.399s] Level 1:colcon.colcon_core.environment:create_environment_scripts_only(gazebo_sim)
[0.400s] Level 1:colcon.colcon_core.environment:checking '/home/ardra/go_sim/install/gazebo_sim' for CMake module files
[0.400s] Level 1:colcon.colcon_core.environment:checking '/home/ardra/go_sim/install/gazebo_sim' for CMake config files
[0.400s] Level 1:colcon.colcon_core.shell:create_environment_hook('gazebo_sim', 'cmake_prefix_path')
[0.400s] INFO:colcon.colcon_core.shell:Creating environment hook '/home/ardra/go_sim/install/gazebo_sim/share/gazebo_sim/hook/cmake_prefix_path.ps1'
[0.401s] INFO:colcon.colcon_core.shell:Creating environment descriptor '/home/ardra/go_sim/install/gazebo_sim/share/gazebo_sim/hook/cmake_prefix_path.dsv'
[0.401s] INFO:colcon.colcon_core.shell:Creating environment hook '/home/ardra/go_sim/install/gazebo_sim/share/gazebo_sim/hook/cmake_prefix_path.sh'
[0.401s] Level 1:colcon.colcon_core.environment:checking '/home/ardra/go_sim/install/gazebo_sim/lib'
[0.401s] Level 1:colcon.colcon_core.environment:checking '/home/ardra/go_sim/install/gazebo_sim/bin'
[0.401s] Level 1:colcon.colcon_core.environment:checking '/home/ardra/go_sim/install/gazebo_sim/lib/pkgconfig/gazebo_sim.pc'
[0.402s] Level 1:colcon.colcon_core.environment:checking '/home/ardra/go_sim/install/gazebo_sim/lib/python3.12/site-packages'
[0.402s] Level 1:colcon.colcon_core.environment:checking '/home/ardra/go_sim/install/gazebo_sim/bin'
[0.402s] INFO:colcon.colcon_core.shell:Creating package script '/home/ardra/go_sim/install/gazebo_sim/share/gazebo_sim/package.ps1'
[0.402s] INFO:colcon.colcon_core.shell:Creating package descriptor '/home/ardra/go_sim/install/gazebo_sim/share/gazebo_sim/package.dsv'
[0.403s] INFO:colcon.colcon_core.shell:Creating package script '/home/ardra/go_sim/install/gazebo_sim/share/gazebo_sim/package.sh'
[0.403s] INFO:colcon.colcon_core.shell:Creating package script '/home/ardra/go_sim/install/gazebo_sim/share/gazebo_sim/package.bash'
[0.403s] INFO:colcon.colcon_core.shell:Creating package script '/home/ardra/go_sim/install/gazebo_sim/share/gazebo_sim/package.zsh'
[0.403s] Level 1:colcon.colcon_core.environment:create_file_with_runtime_dependencies(/home/ardra/go_sim/install/gazebo_sim/share/colcon-core/packages/gazebo_sim)
[0.609s] DEBUG:colcon.colcon_core.event_handler.log_command:Invoked command in '/home/ardra/go_sim/build/quadropted_msgs' returned '0': CMAKE_PREFIX_PATH=${CMAKE_PREFIX_PATH}:/opt/ros/jazzy DEBUGINFOD_URLS=https://debuginfod.ubuntu.com /usr/bin/cmake --build /home/ardra/go_sim/build/quadropted_msgs -- -j16 -l16
[0.610s] DEBUG:colcon.colcon_core.event_handler.log_command:Invoking command in '/home/ardra/go_sim/build/quadropted_msgs': CMAKE_PREFIX_PATH=${CMAKE_PREFIX_PATH}:/opt/ros/jazzy DEBUGINFOD_URLS=https://debuginfod.ubuntu.com /usr/bin/cmake --install /home/ardra/go_sim/build/quadropted_msgs
[0.669s] Level 1:colcon.colcon_core.environment:create_environment_scripts_only(quadropted_msgs)
[0.669s] Level 1:colcon.colcon_core.environment:checking '/home/ardra/go_sim/install/quadropted_msgs' for CMake module files
[0.670s] DEBUG:colcon.colcon_core.event_handler.log_command:Invoked command in '/home/ardra/go_sim/build/quadropted_msgs' returned '0': CMAKE_PREFIX_PATH=${CMAKE_PREFIX_PATH}:/opt/ros/jazzy DEBUGINFOD_URLS=https://debuginfod.ubuntu.com /usr/bin/cmake --install /home/ardra/go_sim/build/quadropted_msgs
[0.670s] Level 1:colcon.colcon_core.environment:checking '/home/ardra/go_sim/install/quadropted_msgs' for CMake config files
[0.671s] Level 1:colcon.colcon_core.shell:create_environment_hook('quadropted_msgs', 'cmake_prefix_path')
[0.671s] INFO:colcon.colcon_core.shell:Creating environment hook '/home/ardra/go_sim/install/quadropted_msgs/share/quadropted_msgs/hook/cmake_prefix_path.ps1'
[0.671s] INFO:colcon.colcon_core.shell:Creating environment descriptor '/home/ardra/go_sim/install/quadropted_msgs/share/quadropted_msgs/hook/cmake_prefix_path.dsv'
[0.671s] INFO:colcon.colcon_core.shell:Creating environment hook '/home/ardra/go_sim/install/quadropted_msgs/share/quadropted_msgs/hook/cmake_prefix_path.sh'
[0.672s] Level 1:colcon.colcon_core.environment:checking '/home/ardra/go_sim/install/quadropted_msgs/lib'
[0.672s] Level 1:colcon.colcon_core.shell:create_environment_hook('quadropted_msgs', 'ld_library_path_lib')
[0.672s] INFO:colcon.colcon_core.shell:Creating environment hook '/home/ardra/go_sim/install/quadropted_msgs/share/quadropted_msgs/hook/ld_library_path_lib.ps1'
[0.672s] INFO:colcon.colcon_core.shell:Creating environment descriptor '/home/ardra/go_sim/install/quadropted_msgs/share/quadropted_msgs/hook/ld_library_path_lib.dsv'
[0.672s] INFO:colcon.colcon_core.shell:Creating environment hook '/home/ardra/go_sim/install/quadropted_msgs/share/quadropted_msgs/hook/ld_library_path_lib.sh'
[0.672s] Level 1:colcon.colcon_core.environment:checking '/home/ardra/go_sim/install/quadropted_msgs/bin'
[0.673s] Level 1:colcon.colcon_core.environment:checking '/home/ardra/go_sim/install/quadropted_msgs/lib/pkgconfig/quadropted_msgs.pc'
[0.673s] Level 1:colcon.colcon_core.environment:checking '/home/ardra/go_sim/install/quadropted_msgs/lib/python3.12/site-packages'
[0.673s] Level 1:colcon.colcon_core.shell:create_environment_hook('quadropted_msgs', 'pythonpath')
[0.673s] INFO:colcon.colcon_core.shell:Creating environment hook '/home/ardra/go_sim/install/quadropted_msgs/share/quadropted_msgs/hook/pythonpath.ps1'
[0.673s] INFO:colcon.colcon_core.shell:Creating environment descriptor '/home/ardra/go_sim/install/quadropted_msgs/share/quadropted_msgs/hook/pythonpath.dsv'
[0.673s] INFO:colcon.colcon_core.shell:Creating environment hook '/home/ardra/go_sim/install/quadropted_msgs/share/quadropted_msgs/hook/pythonpath.sh'
[0.674s] Level 1:colcon.colcon_core.environment:checking '/home/ardra/go_sim/install/quadropted_msgs/bin'
[0.674s] INFO:colcon.colcon_core.shell:Creating package script '/home/ardra/go_sim/install/quadropted_msgs/share/quadropted_msgs/package.ps1'
[0.674s] INFO:colcon.colcon_core.shell:Creating package descriptor '/home/ardra/go_sim/install/quadropted_msgs/share/quadropted_msgs/package.dsv'
[0.675s] INFO:colcon.colcon_core.shell:Creating package script '/home/ardra/go_sim/install/quadropted_msgs/share/quadropted_msgs/package.sh'
[0.675s] INFO:colcon.colcon_core.shell:Creating package script '/home/ardra/go_sim/install/quadropted_msgs/share/quadropted_msgs/package.bash'
[0.675s] INFO:colcon.colcon_core.shell:Creating package script '/home/ardra/go_sim/install/quadropted_msgs/share/quadropted_msgs/package.zsh'
[0.675s] Level 1:colcon.colcon_core.environment:create_file_with_runtime_dependencies(/home/ardra/go_sim/install/quadropted_msgs/share/colcon-core/packages/quadropted_msgs)
[0.676s] Level 1:colcon.colcon_core.environment:create_environment_scripts_only(quadropted_msgs)
[0.676s] Level 1:colcon.colcon_core.environment:checking '/home/ardra/go_sim/install/quadropted_msgs' for CMake module files
[0.676s] Level 1:colcon.colcon_core.environment:checking '/home/ardra/go_sim/install/quadropted_msgs' for CMake config files
[0.677s] Level 1:colcon.colcon_core.shell:create_environment_hook('quadropted_msgs', 'cmake_prefix_path')
[0.677s] INFO:colcon.colcon_core.shell:Creating environment hook '/home/ardra/go_sim/install/quadropted_msgs/share/quadropted_msgs/hook/cmake_prefix_path.ps1'
[0.677s] INFO:colcon.colcon_core.shell:Creating environment descriptor '/home/ardra/go_sim/install/quadropted_msgs/share/quadropted_msgs/hook/cmake_prefix_path.dsv'
[0.677s] INFO:colcon.colcon_core.shell:Creating environment hook '/home/ardra/go_sim/install/quadropted_msgs/share/quadropted_msgs/hook/cmake_prefix_path.sh'
[0.677s] Level 1:colcon.colcon_core.environment:checking '/home/ardra/go_sim/install/quadropted_msgs/lib'
[0.677s] Level 1:colcon.colcon_core.shell:create_environment_hook('quadropted_msgs', 'ld_library_path_lib')
[0.678s] INFO:colcon.colcon_core.shell:Creating environment hook '/home/ardra/go_sim/install/quadropted_msgs/share/quadropted_msgs/hook/ld_library_path_lib.ps1'
[0.678s] INFO:colcon.colcon_core.shell:Creating environment descriptor '/home/ardra/go_sim/install/quadropted_msgs/share/quadropted_msgs/hook/ld_library_path_lib.dsv'
[0.678s] INFO:colcon.colcon_core.shell:Creating environment hook '/home/ardra/go_sim/install/quadropted_msgs/share/quadropted_msgs/hook/ld_library_path_lib.sh'
[0.678s] Level 1:colcon.colcon_core.environment:checking '/home/ardra/go_sim/install/quadropted_msgs/bin'
[0.678s] Level 1:colcon.colcon_core.environment:checking '/home/ardra/go_sim/install/quadropted_msgs/lib/pkgconfig/quadropted_msgs.pc'
[0.678s] Level 1:colcon.colcon_core.environment:checking '/home/ardra/go_sim/install/quadropted_msgs/lib/python3.12/site-packages'
[0.678s] Level 1:colcon.colcon_core.shell:create_environment_hook('quadropted_msgs', 'pythonpath')
[0.678s] INFO:colcon.colcon_core.shell:Creating environment hook '/home/ardra/go_sim/install/quadropted_msgs/share/quadropted_msgs/hook/pythonpath.ps1'
[0.679s] INFO:colcon.colcon_core.shell:Creating environment descriptor '/home/ardra/go_sim/install/quadropted_msgs/share/quadropted_msgs/hook/pythonpath.dsv'
[0.679s] INFO:colcon.colcon_core.shell:Creating environment hook '/home/ardra/go_sim/install/quadropted_msgs/share/quadropted_msgs/hook/pythonpath.sh'
[0.679s] Level 1:colcon.colcon_core.environment:checking '/home/ardra/go_sim/install/quadropted_msgs/bin'
[0.679s] INFO:colcon.colcon_core.shell:Creating package script '/home/ardra/go_sim/install/quadropted_msgs/share/quadropted_msgs/package.ps1'
[0.680s] INFO:colcon.colcon_core.shell:Creating package descriptor '/home/ardra/go_sim/install/quadropted_msgs/share/quadropted_msgs/package.dsv'
[0.680s] INFO:colcon.colcon_core.shell:Creating package script '/home/ardra/go_sim/install/quadropted_msgs/share/quadropted_msgs/package.sh'
[0.680s] INFO:colcon.colcon_core.shell:Creating package script '/home/ardra/go_sim/install/quadropted_msgs/share/quadropted_msgs/package.bash'
[0.681s] INFO:colcon.colcon_core.shell:Creating package script '/home/ardra/go_sim/install/quadropted_msgs/share/quadropted_msgs/package.zsh'
[0.681s] Level 1:colcon.colcon_core.environment:create_file_with_runtime_dependencies(/home/ardra/go_sim/install/quadropted_msgs/share/colcon-core/packages/quadropted_msgs)
[0.681s] DEBUG:colcon.colcon_parallel_executor.executor.parallel:closing loop
[0.681s] DEBUG:colcon.colcon_parallel_executor.executor.parallel:loop closed
[0.681s] DEBUG:colcon.colcon_parallel_executor.executor.parallel:run_until_complete finished with '0'
[0.681s] DEBUG:colcon.colcon_core.event_reactor:joining thread
[0.687s] INFO:colcon.colcon_core.plugin_system:Skipping extension 'colcon_notification.desktop_notification.terminal_notifier': Not used on non-Darwin systems
[0.687s] INFO:colcon.colcon_core.plugin_system:Skipping extension 'colcon_notification.desktop_notification.win32': Not used on non-Windows systems
[0.687s] INFO:colcon.colcon_notification.desktop_notification:Sending desktop notification using 'notify2'
[0.695s] DEBUG:colcon.colcon_core.event_reactor:joined thread
[0.695s] INFO:colcon.colcon_core.shell:Creating prefix script '/home/ardra/go_sim/install/local_setup.ps1'
[0.695s] INFO:colcon.colcon_core.shell:Creating prefix util module '/home/ardra/go_sim/install/_local_setup_util_ps1.py'
[0.696s] INFO:colcon.colcon_core.shell:Creating prefix chain script '/home/ardra/go_sim/install/setup.ps1'
[0.697s] INFO:colcon.colcon_core.shell:Creating prefix script '/home/ardra/go_sim/install/local_setup.sh'
[0.697s] INFO:colcon.colcon_core.shell:Creating prefix util module '/home/ardra/go_sim/install/_local_setup_util_sh.py'
[0.698s] INFO:colcon.colcon_core.shell:Creating prefix chain script '/home/ardra/go_sim/install/setup.sh'
[0.698s] INFO:colcon.colcon_core.shell:Creating prefix script '/home/ardra/go_sim/install/local_setup.bash'
[0.698s] INFO:colcon.colcon_core.shell:Creating prefix chain script '/home/ardra/go_sim/install/setup.bash'
[0.699s] INFO:colcon.colcon_core.shell:Creating prefix script '/home/ardra/go_sim/install/local_setup.zsh'
[0.699s] INFO:colcon.colcon_core.shell:Creating prefix chain script '/home/ardra/go_sim/install/setup.zsh'
