[0.181s] DEBUG:colcon:Command line arguments: ['/usr/bin/colcon', 'build', '--packages-select', 'go2_description', 'gazebo_sim', 'quadropted_controller', 'quadropted_msgs']
[0.181s] DEBUG:colcon:Parsed command line arguments: Namespace(log_base=None, log_level=None, verb_name='build', build_base='build', install_base='install', merge_install=False, symlink_install=False, test_result_base=None, continue_on_error=False, executor='parallel', parallel_workers=16, event_handlers=None, ignore_user_meta=False, metas=['./colcon.meta'], base_paths=['.'], packages_ignore=None, packages_ignore_regex=None, paths=None, packages_up_to=None, packages_up_to_regex=None, packages_above=None, packages_above_and_dependencies=None, packages_above_depth=None, packages_select_by_dep=None, packages_skip_by_dep=None, packages_skip_up_to=None, packages_select_build_failed=False, packages_skip_build_finished=False, packages_select_test_failures=False, packages_skip_test_passed=False, packages_select=['go2_description', 'gazebo_sim', 'quadropted_controller', 'quadropted_msgs'], packages_skip=None, packages_select_regex=None, packages_skip_regex=None, packages_start=None, packages_end=None, allow_overriding=[], cmake_args=None, cmake_target=None, cmake_target_skip_unavailable=False, cmake_clean_cache=False, cmake_clean_first=False, cmake_force_configure=False, ament_cmake_args=None, catkin_cmake_args=None, catkin_skip_building_tests=False, mixin_files=None, mixin=None, verb_parser=<colcon_mixin.mixin.mixin_argument.MixinArgumentDecorator object at 0x7972bf45a720>, verb_extension=<colcon_core.verb.build.BuildVerb object at 0x7972bf45a120>, main=<bound method BuildVerb.main of <colcon_core.verb.build.BuildVerb object at 0x7972bf45a120>>, mixin_verb=('build',))
[0.222s] Level 1:colcon.colcon_core.package_discovery:discover_packages(colcon_meta) check parameters
[0.223s] Level 1:colcon.colcon_core.package_discovery:discover_packages(recursive) check parameters
[0.223s] Level 1:colcon.colcon_core.package_discovery:discover_packages(ignore) check parameters
[0.223s] Level 1:colcon.colcon_core.package_discovery:discover_packages(path) check parameters
[0.223s] Level 1:colcon.colcon_core.package_discovery:discover_packages(colcon_meta) discover
[0.223s] Level 1:colcon.colcon_core.package_discovery:discover_packages(recursive) discover
[0.223s] INFO:colcon.colcon_core.package_discovery:Crawling recursively for packages in '/home/ardra/go_sim'
[0.223s] Level 1:colcon.colcon_core.package_identification:_identify(.) by extensions ['ignore', 'ignore_ament_install']
[0.223s] Level 1:colcon.colcon_core.package_identification:_identify(.) by extension 'ignore'
[0.223s] Level 1:colcon.colcon_core.package_identification:_identify(.) by extension 'ignore_ament_install'
[0.223s] Level 1:colcon.colcon_core.package_identification:_identify(.) by extensions ['colcon_pkg']
[0.223s] Level 1:colcon.colcon_core.package_identification:_identify(.) by extension 'colcon_pkg'
[0.223s] Level 1:colcon.colcon_core.package_identification:_identify(.) by extensions ['colcon_meta']
[0.223s] Level 1:colcon.colcon_core.package_identification:_identify(.) by extension 'colcon_meta'
[0.223s] Level 1:colcon.colcon_core.package_identification:_identify(.) by extensions ['ros']
[0.223s] Level 1:colcon.colcon_core.package_identification:_identify(.) by extension 'ros'
[0.242s] Level 1:colcon.colcon_core.package_identification:_identify(.) by extensions ['cmake', 'python']
[0.242s] Level 1:colcon.colcon_core.package_identification:_identify(.) by extension 'cmake'
[0.242s] Level 1:colcon.colcon_core.package_identification:_identify(.) by extension 'python'
[0.242s] Level 1:colcon.colcon_core.package_identification:_identify(.) by extensions ['python_setup_py']
[0.242s] Level 1:colcon.colcon_core.package_identification:_identify(.) by extension 'python_setup_py'
[0.242s] Level 1:colcon.colcon_core.package_identification:_identify(build) by extensions ['ignore', 'ignore_ament_install']
[0.242s] Level 1:colcon.colcon_core.package_identification:_identify(build) by extension 'ignore'
[0.242s] Level 1:colcon.colcon_core.package_identification:_identify(build) ignored
[0.242s] Level 1:colcon.colcon_core.package_identification:_identify(install) by extensions ['ignore', 'ignore_ament_install']
[0.242s] Level 1:colcon.colcon_core.package_identification:_identify(install) by extension 'ignore'
[0.242s] Level 1:colcon.colcon_core.package_identification:_identify(install) ignored
[0.242s] Level 1:colcon.colcon_core.package_identification:_identify(log) by extensions ['ignore', 'ignore_ament_install']
[0.242s] Level 1:colcon.colcon_core.package_identification:_identify(log) by extension 'ignore'
[0.242s] Level 1:colcon.colcon_core.package_identification:_identify(log) ignored
[0.242s] Level 1:colcon.colcon_core.package_identification:_identify(src) by extensions ['ignore', 'ignore_ament_install']
[0.243s] Level 1:colcon.colcon_core.package_identification:_identify(src) by extension 'ignore'
[0.243s] Level 1:colcon.colcon_core.package_identification:_identify(src) by extension 'ignore_ament_install'
[0.243s] Level 1:colcon.colcon_core.package_identification:_identify(src) by extensions ['colcon_pkg']
[0.243s] Level 1:colcon.colcon_core.package_identification:_identify(src) by extension 'colcon_pkg'
[0.243s] Level 1:colcon.colcon_core.package_identification:_identify(src) by extensions ['colcon_meta']
[0.243s] Level 1:colcon.colcon_core.package_identification:_identify(src) by extension 'colcon_meta'
[0.243s] Level 1:colcon.colcon_core.package_identification:_identify(src) by extensions ['ros']
[0.243s] Level 1:colcon.colcon_core.package_identification:_identify(src) by extension 'ros'
[0.243s] Level 1:colcon.colcon_core.package_identification:_identify(src) by extensions ['cmake', 'python']
[0.243s] Level 1:colcon.colcon_core.package_identification:_identify(src) by extension 'cmake'
[0.243s] Level 1:colcon.colcon_core.package_identification:_identify(src) by extension 'python'
[0.243s] Level 1:colcon.colcon_core.package_identification:_identify(src) by extensions ['python_setup_py']
[0.243s] Level 1:colcon.colcon_core.package_identification:_identify(src) by extension 'python_setup_py'
[0.243s] Level 1:colcon.colcon_core.package_identification:_identify(src/docker) by extensions ['ignore', 'ignore_ament_install']
[0.243s] Level 1:colcon.colcon_core.package_identification:_identify(src/docker) by extension 'ignore'
[0.243s] Level 1:colcon.colcon_core.package_identification:_identify(src/docker) by extension 'ignore_ament_install'
[0.243s] Level 1:colcon.colcon_core.package_identification:_identify(src/docker) by extensions ['colcon_pkg']
[0.243s] Level 1:colcon.colcon_core.package_identification:_identify(src/docker) by extension 'colcon_pkg'
[0.243s] Level 1:colcon.colcon_core.package_identification:_identify(src/docker) by extensions ['colcon_meta']
[0.243s] Level 1:colcon.colcon_core.package_identification:_identify(src/docker) by extension 'colcon_meta'
[0.243s] Level 1:colcon.colcon_core.package_identification:_identify(src/docker) by extensions ['ros']
[0.243s] Level 1:colcon.colcon_core.package_identification:_identify(src/docker) by extension 'ros'
[0.243s] Level 1:colcon.colcon_core.package_identification:_identify(src/docker) by extensions ['cmake', 'python']
[0.243s] Level 1:colcon.colcon_core.package_identification:_identify(src/docker) by extension 'cmake'
[0.243s] Level 1:colcon.colcon_core.package_identification:_identify(src/docker) by extension 'python'
[0.243s] Level 1:colcon.colcon_core.package_identification:_identify(src/docker) by extensions ['python_setup_py']
[0.243s] Level 1:colcon.colcon_core.package_identification:_identify(src/docker) by extension 'python_setup_py'
[0.243s] Level 1:colcon.colcon_core.package_identification:_identify(src/gazebo_sim) by extensions ['ignore', 'ignore_ament_install']
[0.243s] Level 1:colcon.colcon_core.package_identification:_identify(src/gazebo_sim) by extension 'ignore'
[0.243s] Level 1:colcon.colcon_core.package_identification:_identify(src/gazebo_sim) by extension 'ignore_ament_install'
[0.243s] Level 1:colcon.colcon_core.package_identification:_identify(src/gazebo_sim) by extensions ['colcon_pkg']
[0.243s] Level 1:colcon.colcon_core.package_identification:_identify(src/gazebo_sim) by extension 'colcon_pkg'
[0.243s] Level 1:colcon.colcon_core.package_identification:_identify(src/gazebo_sim) by extensions ['colcon_meta']
[0.243s] Level 1:colcon.colcon_core.package_identification:_identify(src/gazebo_sim) by extension 'colcon_meta'
[0.243s] Level 1:colcon.colcon_core.package_identification:_identify(src/gazebo_sim) by extensions ['ros']
[0.243s] Level 1:colcon.colcon_core.package_identification:_identify(src/gazebo_sim) by extension 'ros'
[0.246s] DEBUG:colcon.colcon_core.package_identification:Package 'src/gazebo_sim' with type 'ros.ament_cmake' and name 'gazebo_sim'
[0.246s] Level 1:colcon.colcon_core.package_identification:_identify(src/go1_description) by extensions ['ignore', 'ignore_ament_install']
[0.246s] Level 1:colcon.colcon_core.package_identification:_identify(src/go1_description) by extension 'ignore'
[0.246s] Level 1:colcon.colcon_core.package_identification:_identify(src/go1_description) by extension 'ignore_ament_install'
[0.246s] Level 1:colcon.colcon_core.package_identification:_identify(src/go1_description) by extensions ['colcon_pkg']
[0.246s] Level 1:colcon.colcon_core.package_identification:_identify(src/go1_description) by extension 'colcon_pkg'
[0.246s] Level 1:colcon.colcon_core.package_identification:_identify(src/go1_description) by extensions ['colcon_meta']
[0.246s] Level 1:colcon.colcon_core.package_identification:_identify(src/go1_description) by extension 'colcon_meta'
[0.246s] Level 1:colcon.colcon_core.package_identification:_identify(src/go1_description) by extensions ['ros']
[0.246s] Level 1:colcon.colcon_core.package_identification:_identify(src/go1_description) by extension 'ros'
[0.248s] DEBUG:colcon.colcon_core.package_identification:Package 'src/go1_description' with type 'ros.ament_cmake' and name 'go1_description'
[0.248s] Level 1:colcon.colcon_core.package_identification:_identify(src/go2_description) by extensions ['ignore', 'ignore_ament_install']
[0.249s] Level 1:colcon.colcon_core.package_identification:_identify(src/go2_description) by extension 'ignore'
[0.249s] Level 1:colcon.colcon_core.package_identification:_identify(src/go2_description) by extension 'ignore_ament_install'
[0.249s] Level 1:colcon.colcon_core.package_identification:_identify(src/go2_description) by extensions ['colcon_pkg']
[0.249s] Level 1:colcon.colcon_core.package_identification:_identify(src/go2_description) by extension 'colcon_pkg'
[0.249s] Level 1:colcon.colcon_core.package_identification:_identify(src/go2_description) by extensions ['colcon_meta']
[0.249s] Level 1:colcon.colcon_core.package_identification:_identify(src/go2_description) by extension 'colcon_meta'
[0.249s] Level 1:colcon.colcon_core.package_identification:_identify(src/go2_description) by extensions ['ros']
[0.249s] Level 1:colcon.colcon_core.package_identification:_identify(src/go2_description) by extension 'ros'
[0.249s] DEBUG:colcon.colcon_core.package_identification:Package 'src/go2_description' with type 'ros.ament_cmake' and name 'go2_description'
[0.249s] Level 1:colcon.colcon_core.package_identification:_identify(src/media) by extensions ['ignore', 'ignore_ament_install']
[0.249s] Level 1:colcon.colcon_core.package_identification:_identify(src/media) by extension 'ignore'
[0.249s] Level 1:colcon.colcon_core.package_identification:_identify(src/media) by extension 'ignore_ament_install'
[0.249s] Level 1:colcon.colcon_core.package_identification:_identify(src/media) by extensions ['colcon_pkg']
[0.249s] Level 1:colcon.colcon_core.package_identification:_identify(src/media) by extension 'colcon_pkg'
[0.249s] Level 1:colcon.colcon_core.package_identification:_identify(src/media) by extensions ['colcon_meta']
[0.249s] Level 1:colcon.colcon_core.package_identification:_identify(src/media) by extension 'colcon_meta'
[0.249s] Level 1:colcon.colcon_core.package_identification:_identify(src/media) by extensions ['ros']
[0.249s] Level 1:colcon.colcon_core.package_identification:_identify(src/media) by extension 'ros'
[0.249s] Level 1:colcon.colcon_core.package_identification:_identify(src/media) by extensions ['cmake', 'python']
[0.249s] Level 1:colcon.colcon_core.package_identification:_identify(src/media) by extension 'cmake'
[0.249s] Level 1:colcon.colcon_core.package_identification:_identify(src/media) by extension 'python'
[0.249s] Level 1:colcon.colcon_core.package_identification:_identify(src/media) by extensions ['python_setup_py']
[0.249s] Level 1:colcon.colcon_core.package_identification:_identify(src/media) by extension 'python_setup_py'
[0.249s] Level 1:colcon.colcon_core.package_identification:_identify(src/quadropted_controller) by extensions ['ignore', 'ignore_ament_install']
[0.250s] Level 1:colcon.colcon_core.package_identification:_identify(src/quadropted_controller) by extension 'ignore'
[0.250s] Level 1:colcon.colcon_core.package_identification:_identify(src/quadropted_controller) by extension 'ignore_ament_install'
[0.250s] Level 1:colcon.colcon_core.package_identification:_identify(src/quadropted_controller) by extensions ['colcon_pkg']
[0.250s] Level 1:colcon.colcon_core.package_identification:_identify(src/quadropted_controller) by extension 'colcon_pkg'
[0.250s] Level 1:colcon.colcon_core.package_identification:_identify(src/quadropted_controller) by extensions ['colcon_meta']
[0.250s] Level 1:colcon.colcon_core.package_identification:_identify(src/quadropted_controller) by extension 'colcon_meta'
[0.250s] Level 1:colcon.colcon_core.package_identification:_identify(src/quadropted_controller) by extensions ['ros']
[0.250s] Level 1:colcon.colcon_core.package_identification:_identify(src/quadropted_controller) by extension 'ros'
[0.250s] DEBUG:colcon.colcon_core.package_identification:Package 'src/quadropted_controller' with type 'ros.ament_cmake' and name 'quadropted_controller'
[0.250s] Level 1:colcon.colcon_core.package_identification:_identify(src/quadropted_msgs) by extensions ['ignore', 'ignore_ament_install']
[0.250s] Level 1:colcon.colcon_core.package_identification:_identify(src/quadropted_msgs) by extension 'ignore'
[0.250s] Level 1:colcon.colcon_core.package_identification:_identify(src/quadropted_msgs) by extension 'ignore_ament_install'
[0.250s] Level 1:colcon.colcon_core.package_identification:_identify(src/quadropted_msgs) by extensions ['colcon_pkg']
[0.250s] Level 1:colcon.colcon_core.package_identification:_identify(src/quadropted_msgs) by extension 'colcon_pkg'
[0.250s] Level 1:colcon.colcon_core.package_identification:_identify(src/quadropted_msgs) by extensions ['colcon_meta']
[0.250s] Level 1:colcon.colcon_core.package_identification:_identify(src/quadropted_msgs) by extension 'colcon_meta'
[0.250s] Level 1:colcon.colcon_core.package_identification:_identify(src/quadropted_msgs) by extensions ['ros']
[0.250s] Level 1:colcon.colcon_core.package_identification:_identify(src/quadropted_msgs) by extension 'ros'
[0.251s] DEBUG:colcon.colcon_core.package_identification:Package 'src/quadropted_msgs' with type 'ros.ament_cmake' and name 'quadropted_msgs'
[0.251s] Level 1:colcon.colcon_core.package_discovery:discover_packages(recursive) using defaults
[0.251s] Level 1:colcon.colcon_core.package_discovery:discover_packages(ignore) discover
[0.251s] Level 1:colcon.colcon_core.package_discovery:discover_packages(ignore) using defaults
[0.251s] Level 1:colcon.colcon_core.package_discovery:discover_packages(path) discover
[0.251s] Level 1:colcon.colcon_core.package_discovery:discover_packages(path) using defaults
[0.266s] INFO:colcon.colcon_core.package_selection:Skipping not selected package 'go1_description' in 'src/go1_description'
[0.267s] Level 1:colcon.colcon_core.package_discovery:discover_packages(prefix_path) check parameters
[0.267s] Level 1:colcon.colcon_core.package_discovery:discover_packages(prefix_path) discover
[0.270s] DEBUG:colcon.colcon_installed_package_information.package_discovery:Found 422 installed packages in /opt/ros/jazzy
[0.271s] Level 1:colcon.colcon_core.package_discovery:discover_packages(prefix_path) using defaults
[0.306s] Level 5:colcon.colcon_core.verb:set package 'gazebo_sim' build argument 'cmake_args' from command line to 'None'
[0.306s] Level 5:colcon.colcon_core.verb:set package 'gazebo_sim' build argument 'cmake_target' from command line to 'None'
[0.306s] Level 5:colcon.colcon_core.verb:set package 'gazebo_sim' build argument 'cmake_target_skip_unavailable' from command line to 'False'
[0.306s] Level 5:colcon.colcon_core.verb:set package 'gazebo_sim' build argument 'cmake_clean_cache' from command line to 'False'
[0.306s] Level 5:colcon.colcon_core.verb:set package 'gazebo_sim' build argument 'cmake_clean_first' from command line to 'False'
[0.306s] Level 5:colcon.colcon_core.verb:set package 'gazebo_sim' build argument 'cmake_force_configure' from command line to 'False'
[0.306s] Level 5:colcon.colcon_core.verb:set package 'gazebo_sim' build argument 'ament_cmake_args' from command line to 'None'
[0.306s] Level 5:colcon.colcon_core.verb:set package 'gazebo_sim' build argument 'catkin_cmake_args' from command line to 'None'
[0.306s] Level 5:colcon.colcon_core.verb:set package 'gazebo_sim' build argument 'catkin_skip_building_tests' from command line to 'False'
[0.306s] DEBUG:colcon.colcon_core.verb:Building package 'gazebo_sim' with the following arguments: {'ament_cmake_args': None, 'build_base': '/home/ardra/go_sim/build/gazebo_sim', 'catkin_cmake_args': None, 'catkin_skip_building_tests': False, 'cmake_args': None, 'cmake_clean_cache': False, 'cmake_clean_first': False, 'cmake_force_configure': False, 'cmake_target': None, 'cmake_target_skip_unavailable': False, 'install_base': '/home/ardra/go_sim/install/gazebo_sim', 'merge_install': False, 'path': '/home/ardra/go_sim/src/gazebo_sim', 'symlink_install': False, 'test_result_base': None}
[0.306s] Level 5:colcon.colcon_core.verb:set package 'go2_description' build argument 'cmake_args' from command line to 'None'
[0.306s] Level 5:colcon.colcon_core.verb:set package 'go2_description' build argument 'cmake_target' from command line to 'None'
[0.306s] Level 5:colcon.colcon_core.verb:set package 'go2_description' build argument 'cmake_target_skip_unavailable' from command line to 'False'
[0.306s] Level 5:colcon.colcon_core.verb:set package 'go2_description' build argument 'cmake_clean_cache' from command line to 'False'
[0.306s] Level 5:colcon.colcon_core.verb:set package 'go2_description' build argument 'cmake_clean_first' from command line to 'False'
[0.306s] Level 5:colcon.colcon_core.verb:set package 'go2_description' build argument 'cmake_force_configure' from command line to 'False'
[0.306s] Level 5:colcon.colcon_core.verb:set package 'go2_description' build argument 'ament_cmake_args' from command line to 'None'
[0.306s] Level 5:colcon.colcon_core.verb:set package 'go2_description' build argument 'catkin_cmake_args' from command line to 'None'
[0.306s] Level 5:colcon.colcon_core.verb:set package 'go2_description' build argument 'catkin_skip_building_tests' from command line to 'False'
[0.306s] DEBUG:colcon.colcon_core.verb:Building package 'go2_description' with the following arguments: {'ament_cmake_args': None, 'build_base': '/home/ardra/go_sim/build/go2_description', 'catkin_cmake_args': None, 'catkin_skip_building_tests': False, 'cmake_args': None, 'cmake_clean_cache': False, 'cmake_clean_first': False, 'cmake_force_configure': False, 'cmake_target': None, 'cmake_target_skip_unavailable': False, 'install_base': '/home/ardra/go_sim/install/go2_description', 'merge_install': False, 'path': '/home/ardra/go_sim/src/go2_description', 'symlink_install': False, 'test_result_base': None}
[0.307s] Level 5:colcon.colcon_core.verb:set package 'quadropted_controller' build argument 'cmake_args' from command line to 'None'
[0.307s] Level 5:colcon.colcon_core.verb:set package 'quadropted_controller' build argument 'cmake_target' from command line to 'None'
[0.307s] Level 5:colcon.colcon_core.verb:set package 'quadropted_controller' build argument 'cmake_target_skip_unavailable' from command line to 'False'
[0.307s] Level 5:colcon.colcon_core.verb:set package 'quadropted_controller' build argument 'cmake_clean_cache' from command line to 'False'
[0.307s] Level 5:colcon.colcon_core.verb:set package 'quadropted_controller' build argument 'cmake_clean_first' from command line to 'False'
[0.307s] Level 5:colcon.colcon_core.verb:set package 'quadropted_controller' build argument 'cmake_force_configure' from command line to 'False'
[0.307s] Level 5:colcon.colcon_core.verb:set package 'quadropted_controller' build argument 'ament_cmake_args' from command line to 'None'
[0.307s] Level 5:colcon.colcon_core.verb:set package 'quadropted_controller' build argument 'catkin_cmake_args' from command line to 'None'
[0.307s] Level 5:colcon.colcon_core.verb:set package 'quadropted_controller' build argument 'catkin_skip_building_tests' from command line to 'False'
[0.307s] DEBUG:colcon.colcon_core.verb:Building package 'quadropted_controller' with the following arguments: {'ament_cmake_args': None, 'build_base': '/home/ardra/go_sim/build/quadropted_controller', 'catkin_cmake_args': None, 'catkin_skip_building_tests': False, 'cmake_args': None, 'cmake_clean_cache': False, 'cmake_clean_first': False, 'cmake_force_configure': False, 'cmake_target': None, 'cmake_target_skip_unavailable': False, 'install_base': '/home/ardra/go_sim/install/quadropted_controller', 'merge_install': False, 'path': '/home/ardra/go_sim/src/quadropted_controller', 'symlink_install': False, 'test_result_base': None}
[0.307s] Level 5:colcon.colcon_core.verb:set package 'quadropted_msgs' build argument 'cmake_args' from command line to 'None'
[0.307s] Level 5:colcon.colcon_core.verb:set package 'quadropted_msgs' build argument 'cmake_target' from command line to 'None'
[0.307s] Level 5:colcon.colcon_core.verb:set package 'quadropted_msgs' build argument 'cmake_target_skip_unavailable' from command line to 'False'
[0.307s] Level 5:colcon.colcon_core.verb:set package 'quadropted_msgs' build argument 'cmake_clean_cache' from command line to 'False'
[0.307s] Level 5:colcon.colcon_core.verb:set package 'quadropted_msgs' build argument 'cmake_clean_first' from command line to 'False'
[0.307s] Level 5:colcon.colcon_core.verb:set package 'quadropted_msgs' build argument 'cmake_force_configure' from command line to 'False'
[0.307s] Level 5:colcon.colcon_core.verb:set package 'quadropted_msgs' build argument 'ament_cmake_args' from command line to 'None'
[0.307s] Level 5:colcon.colcon_core.verb:set package 'quadropted_msgs' build argument 'catkin_cmake_args' from command line to 'None'
[0.307s] Level 5:colcon.colcon_core.verb:set package 'quadropted_msgs' build argument 'catkin_skip_building_tests' from command line to 'False'
[0.307s] DEBUG:colcon.colcon_core.verb:Building package 'quadropted_msgs' with the following arguments: {'ament_cmake_args': None, 'build_base': '/home/ardra/go_sim/build/quadropted_msgs', 'catkin_cmake_args': None, 'catkin_skip_building_tests': False, 'cmake_args': None, 'cmake_clean_cache': False, 'cmake_clean_first': False, 'cmake_force_configure': False, 'cmake_target': None, 'cmake_target_skip_unavailable': False, 'install_base': '/home/ardra/go_sim/install/quadropted_msgs', 'merge_install': False, 'path': '/home/ardra/go_sim/src/quadropted_msgs', 'symlink_install': False, 'test_result_base': None}
[0.307s] INFO:colcon.colcon_core.executor:Executing jobs using 'parallel' executor
[0.308s] DEBUG:colcon.colcon_parallel_executor.executor.parallel:run_until_complete
[0.308s] INFO:colcon.colcon_ros.task.ament_cmake.build:Building ROS package in '/home/ardra/go_sim/src/gazebo_sim' with build type 'ament_cmake'
[0.308s] INFO:colcon.colcon_cmake.task.cmake.build:Building CMake package in '/home/ardra/go_sim/src/gazebo_sim'
[0.312s] INFO:colcon.colcon_core.plugin_system:Skipping extension 'colcon_core.shell.bat': Not used on non-Windows systems
[0.312s] INFO:colcon.colcon_core.shell:Skip shell extension 'powershell' for command environment: Not usable outside of PowerShell
[0.312s] DEBUG:colcon.colcon_core.shell:Skip shell extension 'dsv' for command environment
[0.315s] INFO:colcon.colcon_ros.task.ament_cmake.build:Building ROS package in '/home/ardra/go_sim/src/go2_description' with build type 'ament_cmake'
[0.315s] INFO:colcon.colcon_cmake.task.cmake.build:Building CMake package in '/home/ardra/go_sim/src/go2_description'
[0.315s] INFO:colcon.colcon_core.shell:Skip shell extension 'powershell' for command environment: Not usable outside of PowerShell
[0.315s] DEBUG:colcon.colcon_core.shell:Skip shell extension 'dsv' for command environment
[0.317s] INFO:colcon.colcon_ros.task.ament_cmake.build:Building ROS package in '/home/ardra/go_sim/src/quadropted_controller' with build type 'ament_cmake'
[0.317s] INFO:colcon.colcon_cmake.task.cmake.build:Building CMake package in '/home/ardra/go_sim/src/quadropted_controller'
[0.317s] INFO:colcon.colcon_core.shell:Skip shell extension 'powershell' for command environment: Not usable outside of PowerShell
[0.317s] DEBUG:colcon.colcon_core.shell:Skip shell extension 'dsv' for command environment
[0.319s] INFO:colcon.colcon_ros.task.ament_cmake.build:Building ROS package in '/home/ardra/go_sim/src/quadropted_msgs' with build type 'ament_cmake'
[0.319s] INFO:colcon.colcon_cmake.task.cmake.build:Building CMake package in '/home/ardra/go_sim/src/quadropted_msgs'
[0.319s] INFO:colcon.colcon_core.shell:Skip shell extension 'powershell' for command environment: Not usable outside of PowerShell
[0.319s] DEBUG:colcon.colcon_core.shell:Skip shell extension 'dsv' for command environment
[0.324s] DEBUG:colcon.colcon_core.event_handler.log_command:Invoking command in '/home/ardra/go_sim/build/gazebo_sim': CMAKE_PREFIX_PATH=${CMAKE_PREFIX_PATH}:/opt/ros/jazzy CONDA_PROMPT_MODIFIER=(base) DEBUGINFOD_URLS=https://debuginfod.ubuntu.com /usr/bin/cmake --build /home/ardra/go_sim/build/gazebo_sim -- -j16 -l16
[0.327s] DEBUG:colcon.colcon_core.event_handler.log_command:Invoking command in '/home/ardra/go_sim/build/go2_description': CMAKE_PREFIX_PATH=${CMAKE_PREFIX_PATH}:/opt/ros/jazzy CONDA_PROMPT_MODIFIER=(base) DEBUGINFOD_URLS=https://debuginfod.ubuntu.com /usr/bin/cmake --build /home/ardra/go_sim/build/go2_description -- -j16 -l16
[0.328s] DEBUG:colcon.colcon_core.event_handler.log_command:Invoking command in '/home/ardra/go_sim/build/quadropted_controller': CMAKE_PREFIX_PATH=${CMAKE_PREFIX_PATH}:/opt/ros/jazzy CONDA_PROMPT_MODIFIER=(base) DEBUGINFOD_URLS=https://debuginfod.ubuntu.com /usr/bin/cmake --build /home/ardra/go_sim/build/quadropted_controller -- -j16 -l16
[0.331s] DEBUG:colcon.colcon_core.event_handler.log_command:Invoking command in '/home/ardra/go_sim/build/quadropted_msgs': CMAKE_PREFIX_PATH=${CMAKE_PREFIX_PATH}:/opt/ros/jazzy CONDA_PROMPT_MODIFIER=(base) DEBUGINFOD_URLS=https://debuginfod.ubuntu.com /usr/bin/cmake --build /home/ardra/go_sim/build/quadropted_msgs -- -j16 -l16
[0.374s] DEBUG:colcon.colcon_core.event_handler.log_command:Invoked command in '/home/ardra/go_sim/build/quadropted_controller' returned '0': CMAKE_PREFIX_PATH=${CMAKE_PREFIX_PATH}:/opt/ros/jazzy CONDA_PROMPT_MODIFIER=(base) DEBUGINFOD_URLS=https://debuginfod.ubuntu.com /usr/bin/cmake --build /home/ardra/go_sim/build/quadropted_controller -- -j16 -l16
[0.381s] DEBUG:colcon.colcon_core.event_handler.log_command:Invoking command in '/home/ardra/go_sim/build/quadropted_controller': CMAKE_PREFIX_PATH=${CMAKE_PREFIX_PATH}:/opt/ros/jazzy CONDA_PROMPT_MODIFIER=(base) DEBUGINFOD_URLS=https://debuginfod.ubuntu.com /usr/bin/cmake --install /home/ardra/go_sim/build/quadropted_controller
[0.381s] DEBUG:colcon.colcon_core.event_handler.log_command:Invoked command in '/home/ardra/go_sim/build/go2_description' returned '0': CMAKE_PREFIX_PATH=${CMAKE_PREFIX_PATH}:/opt/ros/jazzy CONDA_PROMPT_MODIFIER=(base) DEBUGINFOD_URLS=https://debuginfod.ubuntu.com /usr/bin/cmake --build /home/ardra/go_sim/build/go2_description -- -j16 -l16
[0.382s] DEBUG:colcon.colcon_core.event_handler.log_command:Invoking command in '/home/ardra/go_sim/build/go2_description': CMAKE_PREFIX_PATH=${CMAKE_PREFIX_PATH}:/opt/ros/jazzy CONDA_PROMPT_MODIFIER=(base) DEBUGINFOD_URLS=https://debuginfod.ubuntu.com /usr/bin/cmake --install /home/ardra/go_sim/build/go2_description
[0.383s] DEBUG:colcon.colcon_core.event_handler.log_command:Invoked command in '/home/ardra/go_sim/build/gazebo_sim' returned '0': CMAKE_PREFIX_PATH=${CMAKE_PREFIX_PATH}:/opt/ros/jazzy CONDA_PROMPT_MODIFIER=(base) DEBUGINFOD_URLS=https://debuginfod.ubuntu.com /usr/bin/cmake --build /home/ardra/go_sim/build/gazebo_sim -- -j16 -l16
[0.384s] DEBUG:colcon.colcon_core.event_handler.log_command:Invoking command in '/home/ardra/go_sim/build/gazebo_sim': CMAKE_PREFIX_PATH=${CMAKE_PREFIX_PATH}:/opt/ros/jazzy CONDA_PROMPT_MODIFIER=(base) DEBUGINFOD_URLS=https://debuginfod.ubuntu.com /usr/bin/cmake --install /home/ardra/go_sim/build/gazebo_sim
[0.399s] Level 1:colcon.colcon_core.environment:create_environment_scripts_only(quadropted_controller)
[0.400s] DEBUG:colcon.colcon_core.event_handler.log_command:Invoked command in '/home/ardra/go_sim/build/quadropted_controller' returned '0': CMAKE_PREFIX_PATH=${CMAKE_PREFIX_PATH}:/opt/ros/jazzy CONDA_PROMPT_MODIFIER=(base) DEBUGINFOD_URLS=https://debuginfod.ubuntu.com /usr/bin/cmake --install /home/ardra/go_sim/build/quadropted_controller
[0.405s] Level 1:colcon.colcon_core.environment:checking '/home/ardra/go_sim/install/quadropted_controller' for CMake module files
[0.406s] Level 1:colcon.colcon_core.environment:checking '/home/ardra/go_sim/install/quadropted_controller' for CMake config files
[0.407s] Level 1:colcon.colcon_core.shell:create_environment_hook('quadropted_controller', 'cmake_prefix_path')
[0.407s] INFO:colcon.colcon_core.shell:Creating environment hook '/home/ardra/go_sim/install/quadropted_controller/share/quadropted_controller/hook/cmake_prefix_path.ps1'
[0.408s] INFO:colcon.colcon_core.shell:Creating environment descriptor '/home/ardra/go_sim/install/quadropted_controller/share/quadropted_controller/hook/cmake_prefix_path.dsv'
[0.409s] INFO:colcon.colcon_core.shell:Creating environment hook '/home/ardra/go_sim/install/quadropted_controller/share/quadropted_controller/hook/cmake_prefix_path.sh'
[0.410s] Level 1:colcon.colcon_core.environment:checking '/home/ardra/go_sim/install/quadropted_controller/lib'
[0.410s] Level 1:colcon.colcon_core.environment:checking '/home/ardra/go_sim/install/quadropted_controller/bin'
[0.410s] Level 1:colcon.colcon_core.environment:checking '/home/ardra/go_sim/install/quadropted_controller/lib/pkgconfig/quadropted_controller.pc'
[0.410s] Level 1:colcon.colcon_core.environment:checking '/home/ardra/go_sim/install/quadropted_controller/lib/python3.12/site-packages'
[0.411s] Level 1:colcon.colcon_core.environment:checking '/home/ardra/go_sim/install/quadropted_controller/bin'
[0.411s] INFO:colcon.colcon_core.shell:Creating package script '/home/ardra/go_sim/install/quadropted_controller/share/quadropted_controller/package.ps1'
[0.412s] INFO:colcon.colcon_core.shell:Creating package descriptor '/home/ardra/go_sim/install/quadropted_controller/share/quadropted_controller/package.dsv'
[0.412s] INFO:colcon.colcon_core.shell:Creating package script '/home/ardra/go_sim/install/quadropted_controller/share/quadropted_controller/package.sh'
[0.413s] INFO:colcon.colcon_core.shell:Creating package script '/home/ardra/go_sim/install/quadropted_controller/share/quadropted_controller/package.bash'
[0.414s] INFO:colcon.colcon_core.shell:Creating package script '/home/ardra/go_sim/install/quadropted_controller/share/quadropted_controller/package.zsh'
[0.416s] Level 1:colcon.colcon_core.environment:create_file_with_runtime_dependencies(/home/ardra/go_sim/install/quadropted_controller/share/colcon-core/packages/quadropted_controller)
[0.416s] Level 1:colcon.colcon_core.environment:create_environment_scripts_only(quadropted_controller)
[0.416s] Level 1:colcon.colcon_core.environment:checking '/home/ardra/go_sim/install/quadropted_controller' for CMake module files
[0.417s] Level 1:colcon.colcon_core.environment:checking '/home/ardra/go_sim/install/quadropted_controller' for CMake config files
[0.418s] Level 1:colcon.colcon_core.shell:create_environment_hook('quadropted_controller', 'cmake_prefix_path')
[0.418s] INFO:colcon.colcon_core.shell:Creating environment hook '/home/ardra/go_sim/install/quadropted_controller/share/quadropted_controller/hook/cmake_prefix_path.ps1'
[0.419s] INFO:colcon.colcon_core.shell:Creating environment descriptor '/home/ardra/go_sim/install/quadropted_controller/share/quadropted_controller/hook/cmake_prefix_path.dsv'
[0.419s] INFO:colcon.colcon_core.shell:Creating environment hook '/home/ardra/go_sim/install/quadropted_controller/share/quadropted_controller/hook/cmake_prefix_path.sh'
[0.420s] Level 1:colcon.colcon_core.environment:checking '/home/ardra/go_sim/install/quadropted_controller/lib'
[0.420s] Level 1:colcon.colcon_core.environment:checking '/home/ardra/go_sim/install/quadropted_controller/bin'
[0.420s] Level 1:colcon.colcon_core.environment:checking '/home/ardra/go_sim/install/quadropted_controller/lib/pkgconfig/quadropted_controller.pc'
[0.420s] Level 1:colcon.colcon_core.environment:checking '/home/ardra/go_sim/install/quadropted_controller/lib/python3.12/site-packages'
[0.421s] Level 1:colcon.colcon_core.environment:checking '/home/ardra/go_sim/install/quadropted_controller/bin'
[0.421s] INFO:colcon.colcon_core.shell:Creating package script '/home/ardra/go_sim/install/quadropted_controller/share/quadropted_controller/package.ps1'
[0.423s] INFO:colcon.colcon_core.shell:Creating package descriptor '/home/ardra/go_sim/install/quadropted_controller/share/quadropted_controller/package.dsv'
[0.423s] INFO:colcon.colcon_core.shell:Creating package script '/home/ardra/go_sim/install/quadropted_controller/share/quadropted_controller/package.sh'
[0.425s] INFO:colcon.colcon_core.shell:Creating package script '/home/ardra/go_sim/install/quadropted_controller/share/quadropted_controller/package.bash'
[0.425s] INFO:colcon.colcon_core.shell:Creating package script '/home/ardra/go_sim/install/quadropted_controller/share/quadropted_controller/package.zsh'
[0.426s] Level 1:colcon.colcon_core.environment:create_file_with_runtime_dependencies(/home/ardra/go_sim/install/quadropted_controller/share/colcon-core/packages/quadropted_controller)
[0.427s] Level 1:colcon.colcon_core.environment:create_environment_scripts_only(go2_description)
[0.427s] Level 1:colcon.colcon_core.environment:checking '/home/ardra/go_sim/install/go2_description' for CMake module files
[0.427s] DEBUG:colcon.colcon_core.event_handler.log_command:Invoked command in '/home/ardra/go_sim/build/go2_description' returned '0': CMAKE_PREFIX_PATH=${CMAKE_PREFIX_PATH}:/opt/ros/jazzy CONDA_PROMPT_MODIFIER=(base) DEBUGINFOD_URLS=https://debuginfod.ubuntu.com /usr/bin/cmake --install /home/ardra/go_sim/build/go2_description
[0.429s] Level 1:colcon.colcon_core.environment:checking '/home/ardra/go_sim/install/go2_description' for CMake config files
[0.430s] Level 1:colcon.colcon_core.shell:create_environment_hook('go2_description', 'cmake_prefix_path')
[0.430s] INFO:colcon.colcon_core.shell:Creating environment hook '/home/ardra/go_sim/install/go2_description/share/go2_description/hook/cmake_prefix_path.ps1'
[0.431s] INFO:colcon.colcon_core.shell:Creating environment descriptor '/home/ardra/go_sim/install/go2_description/share/go2_description/hook/cmake_prefix_path.dsv'
[0.432s] INFO:colcon.colcon_core.shell:Creating environment hook '/home/ardra/go_sim/install/go2_description/share/go2_description/hook/cmake_prefix_path.sh'
[0.433s] Level 1:colcon.colcon_core.environment:checking '/home/ardra/go_sim/install/go2_description/bin'
[0.433s] Level 1:colcon.colcon_core.environment:checking '/home/ardra/go_sim/install/go2_description/lib/pkgconfig/go2_description.pc'
[0.433s] Level 1:colcon.colcon_core.environment:checking '/home/ardra/go_sim/install/go2_description/lib/python3.12/site-packages'
[0.433s] Level 1:colcon.colcon_core.environment:checking '/home/ardra/go_sim/install/go2_description/bin'
[0.433s] INFO:colcon.colcon_core.shell:Creating package script '/home/ardra/go_sim/install/go2_description/share/go2_description/package.ps1'
[0.434s] INFO:colcon.colcon_core.shell:Creating package descriptor '/home/ardra/go_sim/install/go2_description/share/go2_description/package.dsv'
[0.435s] INFO:colcon.colcon_core.shell:Creating package script '/home/ardra/go_sim/install/go2_description/share/go2_description/package.sh'
[0.436s] INFO:colcon.colcon_core.shell:Creating package script '/home/ardra/go_sim/install/go2_description/share/go2_description/package.bash'
[0.436s] INFO:colcon.colcon_core.shell:Creating package script '/home/ardra/go_sim/install/go2_description/share/go2_description/package.zsh'
[0.436s] Level 1:colcon.colcon_core.environment:create_file_with_runtime_dependencies(/home/ardra/go_sim/install/go2_description/share/colcon-core/packages/go2_description)
[0.437s] Level 1:colcon.colcon_core.environment:create_environment_scripts_only(go2_description)
[0.437s] Level 1:colcon.colcon_core.environment:checking '/home/ardra/go_sim/install/go2_description' for CMake module files
[0.438s] Level 1:colcon.colcon_core.environment:checking '/home/ardra/go_sim/install/go2_description' for CMake config files
[0.439s] Level 1:colcon.colcon_core.shell:create_environment_hook('go2_description', 'cmake_prefix_path')
[0.439s] INFO:colcon.colcon_core.shell:Creating environment hook '/home/ardra/go_sim/install/go2_description/share/go2_description/hook/cmake_prefix_path.ps1'
[0.440s] INFO:colcon.colcon_core.shell:Creating environment descriptor '/home/ardra/go_sim/install/go2_description/share/go2_description/hook/cmake_prefix_path.dsv'
[0.440s] INFO:colcon.colcon_core.shell:Creating environment hook '/home/ardra/go_sim/install/go2_description/share/go2_description/hook/cmake_prefix_path.sh'
[0.441s] Level 1:colcon.colcon_core.environment:checking '/home/ardra/go_sim/install/go2_description/bin'
[0.441s] Level 1:colcon.colcon_core.environment:checking '/home/ardra/go_sim/install/go2_description/lib/pkgconfig/go2_description.pc'
[0.442s] Level 1:colcon.colcon_core.environment:checking '/home/ardra/go_sim/install/go2_description/lib/python3.12/site-packages'
[0.442s] Level 1:colcon.colcon_core.environment:checking '/home/ardra/go_sim/install/go2_description/bin'
[0.442s] INFO:colcon.colcon_core.shell:Creating package script '/home/ardra/go_sim/install/go2_description/share/go2_description/package.ps1'
[0.443s] INFO:colcon.colcon_core.shell:Creating package descriptor '/home/ardra/go_sim/install/go2_description/share/go2_description/package.dsv'
[0.443s] INFO:colcon.colcon_core.shell:Creating package script '/home/ardra/go_sim/install/go2_description/share/go2_description/package.sh'
[0.444s] INFO:colcon.colcon_core.shell:Creating package script '/home/ardra/go_sim/install/go2_description/share/go2_description/package.bash'
[0.445s] INFO:colcon.colcon_core.shell:Creating package script '/home/ardra/go_sim/install/go2_description/share/go2_description/package.zsh'
[0.445s] Level 1:colcon.colcon_core.environment:create_file_with_runtime_dependencies(/home/ardra/go_sim/install/go2_description/share/colcon-core/packages/go2_description)
[0.508s] Level 1:colcon.colcon_core.environment:create_environment_scripts_only(gazebo_sim)
[0.508s] Level 1:colcon.colcon_core.environment:checking '/home/ardra/go_sim/install/gazebo_sim' for CMake module files
[0.509s] DEBUG:colcon.colcon_core.event_handler.log_command:Invoked command in '/home/ardra/go_sim/build/gazebo_sim' returned '0': CMAKE_PREFIX_PATH=${CMAKE_PREFIX_PATH}:/opt/ros/jazzy CONDA_PROMPT_MODIFIER=(base) DEBUGINFOD_URLS=https://debuginfod.ubuntu.com /usr/bin/cmake --install /home/ardra/go_sim/build/gazebo_sim
[0.509s] Level 1:colcon.colcon_core.environment:checking '/home/ardra/go_sim/install/gazebo_sim' for CMake config files
[0.510s] Level 1:colcon.colcon_core.shell:create_environment_hook('gazebo_sim', 'cmake_prefix_path')
[0.510s] INFO:colcon.colcon_core.shell:Creating environment hook '/home/ardra/go_sim/install/gazebo_sim/share/gazebo_sim/hook/cmake_prefix_path.ps1'
[0.510s] INFO:colcon.colcon_core.shell:Creating environment descriptor '/home/ardra/go_sim/install/gazebo_sim/share/gazebo_sim/hook/cmake_prefix_path.dsv'
[0.510s] INFO:colcon.colcon_core.shell:Creating environment hook '/home/ardra/go_sim/install/gazebo_sim/share/gazebo_sim/hook/cmake_prefix_path.sh'
[0.511s] Level 1:colcon.colcon_core.environment:checking '/home/ardra/go_sim/install/gazebo_sim/lib'
[0.511s] Level 1:colcon.colcon_core.environment:checking '/home/ardra/go_sim/install/gazebo_sim/bin'
[0.511s] Level 1:colcon.colcon_core.environment:checking '/home/ardra/go_sim/install/gazebo_sim/lib/pkgconfig/gazebo_sim.pc'
[0.511s] Level 1:colcon.colcon_core.environment:checking '/home/ardra/go_sim/install/gazebo_sim/lib/python3.12/site-packages'
[0.511s] Level 1:colcon.colcon_core.environment:checking '/home/ardra/go_sim/install/gazebo_sim/bin'
[0.511s] INFO:colcon.colcon_core.shell:Creating package script '/home/ardra/go_sim/install/gazebo_sim/share/gazebo_sim/package.ps1'
[0.512s] INFO:colcon.colcon_core.shell:Creating package descriptor '/home/ardra/go_sim/install/gazebo_sim/share/gazebo_sim/package.dsv'
[0.512s] INFO:colcon.colcon_core.shell:Creating package script '/home/ardra/go_sim/install/gazebo_sim/share/gazebo_sim/package.sh'
[0.512s] INFO:colcon.colcon_core.shell:Creating package script '/home/ardra/go_sim/install/gazebo_sim/share/gazebo_sim/package.bash'
[0.513s] INFO:colcon.colcon_core.shell:Creating package script '/home/ardra/go_sim/install/gazebo_sim/share/gazebo_sim/package.zsh'
[0.513s] Level 1:colcon.colcon_core.environment:create_file_with_runtime_dependencies(/home/ardra/go_sim/install/gazebo_sim/share/colcon-core/packages/gazebo_sim)
[0.513s] Level 1:colcon.colcon_core.environment:create_environment_scripts_only(gazebo_sim)
[0.513s] Level 1:colcon.colcon_core.environment:checking '/home/ardra/go_sim/install/gazebo_sim' for CMake module files
[0.513s] Level 1:colcon.colcon_core.environment:checking '/home/ardra/go_sim/install/gazebo_sim' for CMake config files
[0.514s] Level 1:colcon.colcon_core.shell:create_environment_hook('gazebo_sim', 'cmake_prefix_path')
[0.514s] INFO:colcon.colcon_core.shell:Creating environment hook '/home/ardra/go_sim/install/gazebo_sim/share/gazebo_sim/hook/cmake_prefix_path.ps1'
[0.514s] INFO:colcon.colcon_core.shell:Creating environment descriptor '/home/ardra/go_sim/install/gazebo_sim/share/gazebo_sim/hook/cmake_prefix_path.dsv'
[0.514s] INFO:colcon.colcon_core.shell:Creating environment hook '/home/ardra/go_sim/install/gazebo_sim/share/gazebo_sim/hook/cmake_prefix_path.sh'
[0.515s] Level 1:colcon.colcon_core.environment:checking '/home/ardra/go_sim/install/gazebo_sim/lib'
[0.515s] Level 1:colcon.colcon_core.environment:checking '/home/ardra/go_sim/install/gazebo_sim/bin'
[0.515s] Level 1:colcon.colcon_core.environment:checking '/home/ardra/go_sim/install/gazebo_sim/lib/pkgconfig/gazebo_sim.pc'
[0.515s] Level 1:colcon.colcon_core.environment:checking '/home/ardra/go_sim/install/gazebo_sim/lib/python3.12/site-packages'
[0.515s] Level 1:colcon.colcon_core.environment:checking '/home/ardra/go_sim/install/gazebo_sim/bin'
[0.515s] INFO:colcon.colcon_core.shell:Creating package script '/home/ardra/go_sim/install/gazebo_sim/share/gazebo_sim/package.ps1'
[0.515s] INFO:colcon.colcon_core.shell:Creating package descriptor '/home/ardra/go_sim/install/gazebo_sim/share/gazebo_sim/package.dsv'
[0.516s] INFO:colcon.colcon_core.shell:Creating package script '/home/ardra/go_sim/install/gazebo_sim/share/gazebo_sim/package.sh'
[0.516s] INFO:colcon.colcon_core.shell:Creating package script '/home/ardra/go_sim/install/gazebo_sim/share/gazebo_sim/package.bash'
[0.516s] INFO:colcon.colcon_core.shell:Creating package script '/home/ardra/go_sim/install/gazebo_sim/share/gazebo_sim/package.zsh'
[0.517s] Level 1:colcon.colcon_core.environment:create_file_with_runtime_dependencies(/home/ardra/go_sim/install/gazebo_sim/share/colcon-core/packages/gazebo_sim)
[0.637s] DEBUG:colcon.colcon_core.event_handler.log_command:Invoked command in '/home/ardra/go_sim/build/quadropted_msgs' returned '0': CMAKE_PREFIX_PATH=${CMAKE_PREFIX_PATH}:/opt/ros/jazzy CONDA_PROMPT_MODIFIER=(base) DEBUGINFOD_URLS=https://debuginfod.ubuntu.com /usr/bin/cmake --build /home/ardra/go_sim/build/quadropted_msgs -- -j16 -l16
[0.638s] DEBUG:colcon.colcon_core.event_handler.log_command:Invoking command in '/home/ardra/go_sim/build/quadropted_msgs': CMAKE_PREFIX_PATH=${CMAKE_PREFIX_PATH}:/opt/ros/jazzy CONDA_PROMPT_MODIFIER=(base) DEBUGINFOD_URLS=https://debuginfod.ubuntu.com /usr/bin/cmake --install /home/ardra/go_sim/build/quadropted_msgs
[0.701s] Level 1:colcon.colcon_core.environment:create_environment_scripts_only(quadropted_msgs)
[0.701s] Level 1:colcon.colcon_core.environment:checking '/home/ardra/go_sim/install/quadropted_msgs' for CMake module files
[0.701s] DEBUG:colcon.colcon_core.event_handler.log_command:Invoked command in '/home/ardra/go_sim/build/quadropted_msgs' returned '0': CMAKE_PREFIX_PATH=${CMAKE_PREFIX_PATH}:/opt/ros/jazzy CONDA_PROMPT_MODIFIER=(base) DEBUGINFOD_URLS=https://debuginfod.ubuntu.com /usr/bin/cmake --install /home/ardra/go_sim/build/quadropted_msgs
[0.702s] Level 1:colcon.colcon_core.environment:checking '/home/ardra/go_sim/install/quadropted_msgs' for CMake config files
[0.702s] Level 1:colcon.colcon_core.shell:create_environment_hook('quadropted_msgs', 'cmake_prefix_path')
[0.702s] INFO:colcon.colcon_core.shell:Creating environment hook '/home/ardra/go_sim/install/quadropted_msgs/share/quadropted_msgs/hook/cmake_prefix_path.ps1'
[0.703s] INFO:colcon.colcon_core.shell:Creating environment descriptor '/home/ardra/go_sim/install/quadropted_msgs/share/quadropted_msgs/hook/cmake_prefix_path.dsv'
[0.703s] INFO:colcon.colcon_core.shell:Creating environment hook '/home/ardra/go_sim/install/quadropted_msgs/share/quadropted_msgs/hook/cmake_prefix_path.sh'
[0.703s] Level 1:colcon.colcon_core.environment:checking '/home/ardra/go_sim/install/quadropted_msgs/lib'
[0.703s] Level 1:colcon.colcon_core.shell:create_environment_hook('quadropted_msgs', 'ld_library_path_lib')
[0.704s] INFO:colcon.colcon_core.shell:Creating environment hook '/home/ardra/go_sim/install/quadropted_msgs/share/quadropted_msgs/hook/ld_library_path_lib.ps1'
[0.704s] INFO:colcon.colcon_core.shell:Creating environment descriptor '/home/ardra/go_sim/install/quadropted_msgs/share/quadropted_msgs/hook/ld_library_path_lib.dsv'
[0.704s] INFO:colcon.colcon_core.shell:Creating environment hook '/home/ardra/go_sim/install/quadropted_msgs/share/quadropted_msgs/hook/ld_library_path_lib.sh'
[0.704s] Level 1:colcon.colcon_core.environment:checking '/home/ardra/go_sim/install/quadropted_msgs/bin'
[0.704s] Level 1:colcon.colcon_core.environment:checking '/home/ardra/go_sim/install/quadropted_msgs/lib/pkgconfig/quadropted_msgs.pc'
[0.704s] Level 1:colcon.colcon_core.environment:checking '/home/ardra/go_sim/install/quadropted_msgs/lib/python3.12/site-packages'
[0.704s] Level 1:colcon.colcon_core.shell:create_environment_hook('quadropted_msgs', 'pythonpath')
[0.704s] INFO:colcon.colcon_core.shell:Creating environment hook '/home/ardra/go_sim/install/quadropted_msgs/share/quadropted_msgs/hook/pythonpath.ps1'
[0.705s] INFO:colcon.colcon_core.shell:Creating environment descriptor '/home/ardra/go_sim/install/quadropted_msgs/share/quadropted_msgs/hook/pythonpath.dsv'
[0.705s] INFO:colcon.colcon_core.shell:Creating environment hook '/home/ardra/go_sim/install/quadropted_msgs/share/quadropted_msgs/hook/pythonpath.sh'
[0.705s] Level 1:colcon.colcon_core.environment:checking '/home/ardra/go_sim/install/quadropted_msgs/bin'
[0.705s] INFO:colcon.colcon_core.shell:Creating package script '/home/ardra/go_sim/install/quadropted_msgs/share/quadropted_msgs/package.ps1'
[0.706s] INFO:colcon.colcon_core.shell:Creating package descriptor '/home/ardra/go_sim/install/quadropted_msgs/share/quadropted_msgs/package.dsv'
[0.706s] INFO:colcon.colcon_core.shell:Creating package script '/home/ardra/go_sim/install/quadropted_msgs/share/quadropted_msgs/package.sh'
[0.706s] INFO:colcon.colcon_core.shell:Creating package script '/home/ardra/go_sim/install/quadropted_msgs/share/quadropted_msgs/package.bash'
[0.706s] INFO:colcon.colcon_core.shell:Creating package script '/home/ardra/go_sim/install/quadropted_msgs/share/quadropted_msgs/package.zsh'
[0.706s] Level 1:colcon.colcon_core.environment:create_file_with_runtime_dependencies(/home/ardra/go_sim/install/quadropted_msgs/share/colcon-core/packages/quadropted_msgs)
[0.707s] Level 1:colcon.colcon_core.environment:create_environment_scripts_only(quadropted_msgs)
[0.707s] Level 1:colcon.colcon_core.environment:checking '/home/ardra/go_sim/install/quadropted_msgs' for CMake module files
[0.707s] Level 1:colcon.colcon_core.environment:checking '/home/ardra/go_sim/install/quadropted_msgs' for CMake config files
[0.708s] Level 1:colcon.colcon_core.shell:create_environment_hook('quadropted_msgs', 'cmake_prefix_path')
[0.708s] INFO:colcon.colcon_core.shell:Creating environment hook '/home/ardra/go_sim/install/quadropted_msgs/share/quadropted_msgs/hook/cmake_prefix_path.ps1'
[0.708s] INFO:colcon.colcon_core.shell:Creating environment descriptor '/home/ardra/go_sim/install/quadropted_msgs/share/quadropted_msgs/hook/cmake_prefix_path.dsv'
[0.708s] INFO:colcon.colcon_core.shell:Creating environment hook '/home/ardra/go_sim/install/quadropted_msgs/share/quadropted_msgs/hook/cmake_prefix_path.sh'
[0.708s] Level 1:colcon.colcon_core.environment:checking '/home/ardra/go_sim/install/quadropted_msgs/lib'
[0.708s] Level 1:colcon.colcon_core.shell:create_environment_hook('quadropted_msgs', 'ld_library_path_lib')
[0.709s] INFO:colcon.colcon_core.shell:Creating environment hook '/home/ardra/go_sim/install/quadropted_msgs/share/quadropted_msgs/hook/ld_library_path_lib.ps1'
[0.709s] INFO:colcon.colcon_core.shell:Creating environment descriptor '/home/ardra/go_sim/install/quadropted_msgs/share/quadropted_msgs/hook/ld_library_path_lib.dsv'
[0.709s] INFO:colcon.colcon_core.shell:Creating environment hook '/home/ardra/go_sim/install/quadropted_msgs/share/quadropted_msgs/hook/ld_library_path_lib.sh'
[0.709s] Level 1:colcon.colcon_core.environment:checking '/home/ardra/go_sim/install/quadropted_msgs/bin'
[0.709s] Level 1:colcon.colcon_core.environment:checking '/home/ardra/go_sim/install/quadropted_msgs/lib/pkgconfig/quadropted_msgs.pc'
[0.710s] Level 1:colcon.colcon_core.environment:checking '/home/ardra/go_sim/install/quadropted_msgs/lib/python3.12/site-packages'
[0.710s] Level 1:colcon.colcon_core.shell:create_environment_hook('quadropted_msgs', 'pythonpath')
[0.710s] INFO:colcon.colcon_core.shell:Creating environment hook '/home/ardra/go_sim/install/quadropted_msgs/share/quadropted_msgs/hook/pythonpath.ps1'
[0.710s] INFO:colcon.colcon_core.shell:Creating environment descriptor '/home/ardra/go_sim/install/quadropted_msgs/share/quadropted_msgs/hook/pythonpath.dsv'
[0.710s] INFO:colcon.colcon_core.shell:Creating environment hook '/home/ardra/go_sim/install/quadropted_msgs/share/quadropted_msgs/hook/pythonpath.sh'
[0.710s] Level 1:colcon.colcon_core.environment:checking '/home/ardra/go_sim/install/quadropted_msgs/bin'
[0.711s] INFO:colcon.colcon_core.shell:Creating package script '/home/ardra/go_sim/install/quadropted_msgs/share/quadropted_msgs/package.ps1'
[0.711s] INFO:colcon.colcon_core.shell:Creating package descriptor '/home/ardra/go_sim/install/quadropted_msgs/share/quadropted_msgs/package.dsv'
[0.711s] INFO:colcon.colcon_core.shell:Creating package script '/home/ardra/go_sim/install/quadropted_msgs/share/quadropted_msgs/package.sh'
[0.712s] INFO:colcon.colcon_core.shell:Creating package script '/home/ardra/go_sim/install/quadropted_msgs/share/quadropted_msgs/package.bash'
[0.712s] INFO:colcon.colcon_core.shell:Creating package script '/home/ardra/go_sim/install/quadropted_msgs/share/quadropted_msgs/package.zsh'
[0.712s] Level 1:colcon.colcon_core.environment:create_file_with_runtime_dependencies(/home/ardra/go_sim/install/quadropted_msgs/share/colcon-core/packages/quadropted_msgs)
[0.712s] DEBUG:colcon.colcon_parallel_executor.executor.parallel:closing loop
[0.713s] DEBUG:colcon.colcon_parallel_executor.executor.parallel:loop closed
[0.713s] DEBUG:colcon.colcon_parallel_executor.executor.parallel:run_until_complete finished with '0'
[0.713s] DEBUG:colcon.colcon_core.event_reactor:joining thread
[0.719s] INFO:colcon.colcon_core.plugin_system:Skipping extension 'colcon_notification.desktop_notification.terminal_notifier': Not used on non-Darwin systems
[0.719s] INFO:colcon.colcon_core.plugin_system:Skipping extension 'colcon_notification.desktop_notification.win32': Not used on non-Windows systems
[0.719s] INFO:colcon.colcon_notification.desktop_notification:Sending desktop notification using 'notify2'
[0.729s] DEBUG:colcon.colcon_core.event_reactor:joined thread
[0.729s] INFO:colcon.colcon_core.shell:Creating prefix script '/home/ardra/go_sim/install/local_setup.ps1'
[0.730s] INFO:colcon.colcon_core.shell:Creating prefix util module '/home/ardra/go_sim/install/_local_setup_util_ps1.py'
[0.731s] INFO:colcon.colcon_core.shell:Creating prefix chain script '/home/ardra/go_sim/install/setup.ps1'
[0.732s] INFO:colcon.colcon_core.shell:Creating prefix script '/home/ardra/go_sim/install/local_setup.sh'
[0.732s] INFO:colcon.colcon_core.shell:Creating prefix util module '/home/ardra/go_sim/install/_local_setup_util_sh.py'
[0.732s] INFO:colcon.colcon_core.shell:Creating prefix chain script '/home/ardra/go_sim/install/setup.sh'
[0.733s] INFO:colcon.colcon_core.shell:Creating prefix script '/home/ardra/go_sim/install/local_setup.bash'
[0.733s] INFO:colcon.colcon_core.shell:Creating prefix chain script '/home/ardra/go_sim/install/setup.bash'
[0.734s] INFO:colcon.colcon_core.shell:Creating prefix script '/home/ardra/go_sim/install/local_setup.zsh'
[0.734s] INFO:colcon.colcon_core.shell:Creating prefix chain script '/home/ardra/go_sim/install/setup.zsh'
