[0.044s] Invoking command in '/home/ardra/go_sim/build/gazebo_sim': CMAKE_PREFIX_PATH=${CMAKE_PREFIX_PATH}:/opt/ros/jazzy DEBUGINFOD_URLS=https://debuginfod.ubuntu.com /usr/bin/cmake /home/ardra/go_sim/src/gazebo_sim -DAMENT_CMAKE_SYMLINK_INSTALL=1 -DCMAKE_INSTALL_PREFIX=/home/ardra/go_sim/install/gazebo_sim
[0.191s] -- The C compiler identification is GNU 13.3.0
[0.312s] -- The CXX compiler identification is GNU 13.3.0
[0.340s] -- Detecting C compiler ABI info
[0.500s] -- Detecting C compiler ABI info - done
[0.517s] -- Check for working C compiler: /usr/bin/cc - skipped
[0.517s] -- Detecting C compile features
[0.519s] -- Detecting C compile features - done
[0.536s] -- Detecting CXX compiler ABI info
[0.719s] -- Detecting CXX compiler ABI info - done
[0.736s] -- Check for working CXX compiler: /usr/bin/c++ - skipped
[0.737s] -- Detecting CXX compile features
[0.737s] -- Detecting CXX compile features - done
[0.745s] -- Found ament_cmake: 2.5.4 (/opt/ros/jazzy/share/ament_cmake/cmake)
[0.987s] -- Found Python3: /usr/bin/python3 (found version "3.12.3") found components: Interpreter 
[1.099s] -- Override CMake install command with custom implementation using symlinks instead of copying resources
[1.198s] -- Found rclcpp: 28.1.11 (/opt/ros/jazzy/share/rclcpp/cmake)
[1.293s] -- Found rosidl_generator_c: 4.6.6 (/opt/ros/jazzy/share/rosidl_generator_c/cmake)
[1.322s] -- Found rosidl_generator_cpp: 4.6.6 (/opt/ros/jazzy/share/rosidl_generator_cpp/cmake)
[1.353s] -- Using all available rosidl_typesupport_c: rosidl_typesupport_fastrtps_c;rosidl_typesupport_introspection_c
[1.392s] -- Using all available rosidl_typesupport_cpp: rosidl_typesupport_fastrtps_cpp;rosidl_typesupport_introspection_cpp
[1.552s] -- Found rmw_implementation_cmake: 7.3.2 (/opt/ros/jazzy/share/rmw_implementation_cmake/cmake)
[1.559s] -- Found rmw_fastrtps_cpp: 8.4.3 (/opt/ros/jazzy/share/rmw_fastrtps_cpp/cmake)
[1.720s] -- Found OpenSSL: /usr/lib/x86_64-linux-gnu/libcrypto.so (found version "3.0.13")  
[1.755s] -- Found FastRTPS: /opt/ros/jazzy/include (Required is at least version "2.13") 
[1.793s] -- Using RMW implementation 'rmw_fastrtps_cpp' as default
[1.931s] -- Found urdf: 2.10.0 (/opt/ros/jazzy/share/urdf/cmake)
[1.990s] -- Found xacro: 2.0.13 (/opt/ros/jazzy/share/xacro/cmake)
[1.995s] -- Found std_msgs: 5.3.6 (/opt/ros/jazzy/share/std_msgs/cmake)
[2.151s] -- Configuring done (2.1s)
[2.157s] -- Generating done (0.0s)
[2.159s] -- Build files have been written to: /home/ardra/go_sim/build/gazebo_sim
[2.173s] Invoked command in '/home/ardra/go_sim/build/gazebo_sim' returned '0': CMAKE_PREFIX_PATH=${CMAKE_PREFIX_PATH}:/opt/ros/jazzy DEBUGINFOD_URLS=https://debuginfod.ubuntu.com /usr/bin/cmake /home/ardra/go_sim/src/gazebo_sim -DAMENT_CMAKE_SYMLINK_INSTALL=1 -DCMAKE_INSTALL_PREFIX=/home/ardra/go_sim/install/gazebo_sim
[2.174s] Invoking command in '/home/ardra/go_sim/build/gazebo_sim': CMAKE_PREFIX_PATH=${CMAKE_PREFIX_PATH}:/opt/ros/jazzy DEBUGINFOD_URLS=https://debuginfod.ubuntu.com /usr/bin/cmake --build /home/ardra/go_sim/build/gazebo_sim -- -j16 -l16
[2.231s] Invoked command in '/home/ardra/go_sim/build/gazebo_sim' returned '0': CMAKE_PREFIX_PATH=${CMAKE_PREFIX_PATH}:/opt/ros/jazzy DEBUGINFOD_URLS=https://debuginfod.ubuntu.com /usr/bin/cmake --build /home/ardra/go_sim/build/gazebo_sim -- -j16 -l16
[2.233s] Invoking command in '/home/ardra/go_sim/build/gazebo_sim': CMAKE_PREFIX_PATH=${CMAKE_PREFIX_PATH}:/opt/ros/jazzy DEBUGINFOD_URLS=https://debuginfod.ubuntu.com /usr/bin/cmake --install /home/ardra/go_sim/build/gazebo_sim
[2.243s] -- Install configuration: ""
[2.243s] -- Execute custom install script
[2.244s] -- Symlinking: /home/ardra/go_sim/install/gazebo_sim/share/gazebo_sim//config/apriltags_36h11.yaml
[2.256s] -- Symlinking: /home/ardra/go_sim/install/gazebo_sim/share/gazebo_sim//config/ekf.yaml
[2.267s] -- Symlinking: /home/ardra/go_sim/install/gazebo_sim/share/gazebo_sim//config/gaz_ros2_ctl_use_sim.yaml
[2.278s] -- Symlinking: /home/ardra/go_sim/install/gazebo_sim/share/gazebo_sim//config/gz_bridge.yaml
[2.289s] -- Symlinking: /home/ardra/go_sim/install/gazebo_sim/share/gazebo_sim//config/nav2_params.yaml
[2.299s] -- Symlinking: /home/ardra/go_sim/install/gazebo_sim/share/gazebo_sim//config/robot_control.yaml
[2.311s] -- Symlinking: /home/ardra/go_sim/install/gazebo_sim/share/gazebo_sim//config/robots.yaml
[2.323s] -- Symlinking: /home/ardra/go_sim/install/gazebo_sim/share/gazebo_sim//launch/gazebo_multi_nav2_world.launch.py
[2.333s] -- Symlinking: /home/ardra/go_sim/install/gazebo_sim/share/gazebo_sim//launch/launch.py
[2.346s] -- Symlinking: /home/ardra/go_sim/install/gazebo_sim/share/gazebo_sim//launch/launch_sim.launch.py
[2.358s] -- Symlinking: /home/ardra/go_sim/install/gazebo_sim/share/gazebo_sim//launch/nav2/bringup_launch.py
[2.369s] -- Symlinking: /home/ardra/go_sim/install/gazebo_sim/share/gazebo_sim//launch/nav2/localization_launch.py
[2.381s] -- Symlinking: /home/ardra/go_sim/install/gazebo_sim/share/gazebo_sim//launch/nav2/navigation_launch.py
[2.393s] -- Symlinking: /home/ardra/go_sim/install/gazebo_sim/share/gazebo_sim//launch/rviz_launch.py
[2.406s] -- Symlinking: /home/ardra/go_sim/install/gazebo_sim/share/gazebo_sim//world/cafe.world
[2.418s] -- Symlinking: /home/ardra/go_sim/install/gazebo_sim/share/gazebo_sim//maps/cafe_world_map.pgm
[2.431s] -- Symlinking: /home/ardra/go_sim/install/gazebo_sim/share/gazebo_sim//maps/cafe_world_map.yaml
[2.444s] -- Symlinking: /home/ardra/go_sim/install/gazebo_sim/share/gazebo_sim//rviz/check_joint.rviz
[2.457s] -- Symlinking: /home/ardra/go_sim/install/gazebo_sim/share/gazebo_sim//rviz/multi_nav2_default_view.rviz
[2.469s] -- Symlinking: /home/ardra/go_sim/install/gazebo_sim/share/gazebo_sim//rviz/nav2_default_view.rviz
[2.480s] -- Symlinking: /home/ardra/go_sim/install/gazebo_sim/share/gazebo_sim//rviz/rviz_ns.rviz
[2.503s] -- Symlinking: /home/ardra/go_sim/install/gazebo_sim/share/gazebo_sim//models/Apriltag36_11_00000/materials/textures/tag36_11_00000.png
[2.516s] -- Symlinking: /home/ardra/go_sim/install/gazebo_sim/share/gazebo_sim//models/Apriltag36_11_00000/meshes/tag36_11_00000.dae
[2.526s] -- Symlinking: /home/ardra/go_sim/install/gazebo_sim/share/gazebo_sim//models/Apriltag36_11_00000/model.config
[2.537s] -- Symlinking: /home/ardra/go_sim/install/gazebo_sim/share/gazebo_sim//models/Apriltag36_11_00000/model.sdf
[2.547s] -- Symlinking: /home/ardra/go_sim/install/gazebo_sim/share/gazebo_sim//models/aws_robomaker_residential_AirconditionerA_01/materials/textures/aws_AirconditionerA_01.png
[2.558s] -- Symlinking: /home/ardra/go_sim/install/gazebo_sim/share/gazebo_sim//models/aws_robomaker_residential_AirconditionerA_01/meshes/aws_AirconditionerA_01_collision.DAE
[2.569s] -- Symlinking: /home/ardra/go_sim/install/gazebo_sim/share/gazebo_sim//models/aws_robomaker_residential_AirconditionerA_01/meshes/aws_AirconditionerA_01_visual.DAE
[2.578s] -- Symlinking: /home/ardra/go_sim/install/gazebo_sim/share/gazebo_sim//models/aws_robomaker_residential_AirconditionerA_01/model.config
[2.590s] -- Symlinking: /home/ardra/go_sim/install/gazebo_sim/share/gazebo_sim//models/aws_robomaker_residential_AirconditionerA_01/model.sdf
[2.602s] -- Symlinking: /home/ardra/go_sim/install/gazebo_sim/share/gazebo_sim//models/aws_robomaker_residential_AirconditionerB_01/materials/textures/aws_AirconditionerB_01.png
[2.616s] -- Symlinking: /home/ardra/go_sim/install/gazebo_sim/share/gazebo_sim//models/aws_robomaker_residential_AirconditionerB_01/meshes/aws_AirconditionerB_01_collision.DAE
[2.627s] -- Symlinking: /home/ardra/go_sim/install/gazebo_sim/share/gazebo_sim//models/aws_robomaker_residential_AirconditionerB_01/meshes/aws_AirconditionerB_01_visual.DAE
[2.639s] -- Symlinking: /home/ardra/go_sim/install/gazebo_sim/share/gazebo_sim//models/aws_robomaker_residential_AirconditionerB_01/model.config
[2.652s] -- Symlinking: /home/ardra/go_sim/install/gazebo_sim/share/gazebo_sim//models/aws_robomaker_residential_AirconditionerB_01/model.sdf
[2.666s] -- Symlinking: /home/ardra/go_sim/install/gazebo_sim/share/gazebo_sim//models/aws_robomaker_residential_BalconyTable_01/materials/textures/aws_BalconyTable_01.png
[2.678s] -- Symlinking: /home/ardra/go_sim/install/gazebo_sim/share/gazebo_sim//models/aws_robomaker_residential_BalconyTable_01/meshes/aws_BalconyTable_01_collision.DAE
[2.689s] -- Symlinking: /home/ardra/go_sim/install/gazebo_sim/share/gazebo_sim//models/aws_robomaker_residential_BalconyTable_01/meshes/aws_BalconyTable_01_visual.DAE
[2.700s] -- Symlinking: /home/ardra/go_sim/install/gazebo_sim/share/gazebo_sim//models/aws_robomaker_residential_BalconyTable_01/model.config
[2.712s] -- Symlinking: /home/ardra/go_sim/install/gazebo_sim/share/gazebo_sim//models/aws_robomaker_residential_BalconyTable_01/model.sdf
[2.724s] -- Symlinking: /home/ardra/go_sim/install/gazebo_sim/share/gazebo_sim//models/aws_robomaker_residential_Ball_01/materials/textures/aws_Ball_01.png
[2.735s] -- Symlinking: /home/ardra/go_sim/install/gazebo_sim/share/gazebo_sim//models/aws_robomaker_residential_Ball_01/meshes/aws_Ball_01_collision.DAE
[2.749s] -- Symlinking: /home/ardra/go_sim/install/gazebo_sim/share/gazebo_sim//models/aws_robomaker_residential_Ball_01/meshes/aws_Ball_01_visual.DAE
[2.763s] -- Symlinking: /home/ardra/go_sim/install/gazebo_sim/share/gazebo_sim//models/aws_robomaker_residential_Ball_01/model.config
[2.775s] -- Symlinking: /home/ardra/go_sim/install/gazebo_sim/share/gazebo_sim//models/aws_robomaker_residential_Ball_01/model.sdf
[2.787s] -- Symlinking: /home/ardra/go_sim/install/gazebo_sim/share/gazebo_sim//models/aws_robomaker_residential_Bed_01/materials/textures/aws_BedA_01.png
[2.798s] -- Symlinking: /home/ardra/go_sim/install/gazebo_sim/share/gazebo_sim//models/aws_robomaker_residential_Bed_01/materials/textures/aws_BedB_01.png
[2.809s] -- Symlinking: /home/ardra/go_sim/install/gazebo_sim/share/gazebo_sim//models/aws_robomaker_residential_Bed_01/materials/textures/aws_BedC_01.png
[2.821s] -- Symlinking: /home/ardra/go_sim/install/gazebo_sim/share/gazebo_sim//models/aws_robomaker_residential_Bed_01/materials/textures/aws_Bed_01.png
[2.833s] -- Symlinking: /home/ardra/go_sim/install/gazebo_sim/share/gazebo_sim//models/aws_robomaker_residential_Bed_01/meshes/aws_Bed_01_collision.DAE
[2.847s] -- Symlinking: /home/ardra/go_sim/install/gazebo_sim/share/gazebo_sim//models/aws_robomaker_residential_Bed_01/meshes/aws_Bed_01_visual.DAE
[2.859s] -- Symlinking: /home/ardra/go_sim/install/gazebo_sim/share/gazebo_sim//models/aws_robomaker_residential_Bed_01/model.config
[2.874s] -- Symlinking: /home/ardra/go_sim/install/gazebo_sim/share/gazebo_sim//models/aws_robomaker_residential_Bed_01/model.sdf
[2.889s] -- Symlinking: /home/ardra/go_sim/install/gazebo_sim/share/gazebo_sim//models/aws_robomaker_residential_Board_01/materials/textures/aws_Board_01.png
[2.904s] -- Symlinking: /home/ardra/go_sim/install/gazebo_sim/share/gazebo_sim//models/aws_robomaker_residential_Board_01/meshes/aws_Board_01_collision.DAE
[2.920s] -- Symlinking: /home/ardra/go_sim/install/gazebo_sim/share/gazebo_sim//models/aws_robomaker_residential_Board_01/meshes/aws_Board_01_visual.DAE
[2.933s] -- Symlinking: /home/ardra/go_sim/install/gazebo_sim/share/gazebo_sim//models/aws_robomaker_residential_Board_01/model.config
[2.945s] -- Symlinking: /home/ardra/go_sim/install/gazebo_sim/share/gazebo_sim//models/aws_robomaker_residential_Board_01/model.sdf
[2.958s] -- Symlinking: /home/ardra/go_sim/install/gazebo_sim/share/gazebo_sim//models/aws_robomaker_residential_Carpet_01/materials/textures/aws_Carpet_01.png
[2.970s] -- Symlinking: /home/ardra/go_sim/install/gazebo_sim/share/gazebo_sim//models/aws_robomaker_residential_Carpet_01/meshes/aws_Carpet_01_collision.DAE
[2.982s] -- Symlinking: /home/ardra/go_sim/install/gazebo_sim/share/gazebo_sim//models/aws_robomaker_residential_Carpet_01/meshes/aws_Carpet_01_visual.DAE
[2.994s] -- Symlinking: /home/ardra/go_sim/install/gazebo_sim/share/gazebo_sim//models/aws_robomaker_residential_Carpet_01/model.config
[3.006s] -- Symlinking: /home/ardra/go_sim/install/gazebo_sim/share/gazebo_sim//models/aws_robomaker_residential_Carpet_01/model.sdf
[3.020s] -- Symlinking: /home/ardra/go_sim/install/gazebo_sim/share/gazebo_sim//models/aws_robomaker_residential_ChairA_01/materials/textures/aws_ChairA_01.png
[3.033s] -- Symlinking: /home/ardra/go_sim/install/gazebo_sim/share/gazebo_sim//models/aws_robomaker_residential_ChairA_01/meshes/aws_ChairA_01_collision.DAE
[3.043s] -- Symlinking: /home/ardra/go_sim/install/gazebo_sim/share/gazebo_sim//models/aws_robomaker_residential_ChairA_01/meshes/aws_ChairA_01_visual.DAE
[3.052s] -- Symlinking: /home/ardra/go_sim/install/gazebo_sim/share/gazebo_sim//models/aws_robomaker_residential_ChairA_01/model.config
[3.061s] -- Symlinking: /home/ardra/go_sim/install/gazebo_sim/share/gazebo_sim//models/aws_robomaker_residential_ChairA_01/model.sdf
[3.072s] -- Symlinking: /home/ardra/go_sim/install/gazebo_sim/share/gazebo_sim//models/aws_robomaker_residential_ChairD_01/materials/textures/aws_ChairD_01.png
[3.081s] -- Symlinking: /home/ardra/go_sim/install/gazebo_sim/share/gazebo_sim//models/aws_robomaker_residential_ChairD_01/meshes/aws_ChairD_01_collision.DAE
[3.090s] -- Symlinking: /home/ardra/go_sim/install/gazebo_sim/share/gazebo_sim//models/aws_robomaker_residential_ChairD_01/meshes/aws_ChairD_01_visual.DAE
[3.100s] -- Symlinking: /home/ardra/go_sim/install/gazebo_sim/share/gazebo_sim//models/aws_robomaker_residential_ChairD_01/model.config
[3.111s] -- Symlinking: /home/ardra/go_sim/install/gazebo_sim/share/gazebo_sim//models/aws_robomaker_residential_ChairD_01/model.sdf
[3.124s] -- Symlinking: /home/ardra/go_sim/install/gazebo_sim/share/gazebo_sim//models/aws_robomaker_residential_Chandelier_01/materials/textures/aws_Chandelier_01.png
[3.135s] -- Symlinking: /home/ardra/go_sim/install/gazebo_sim/share/gazebo_sim//models/aws_robomaker_residential_Chandelier_01/meshes/aws_Chandelier_01.DAE
[3.146s] -- Symlinking: /home/ardra/go_sim/install/gazebo_sim/share/gazebo_sim//models/aws_robomaker_residential_Chandelier_01/meshes/aws_Chandelier_01_collision.DAE
[3.158s] -- Symlinking: /home/ardra/go_sim/install/gazebo_sim/share/gazebo_sim//models/aws_robomaker_residential_Chandelier_01/meshes/aws_Chandelier_01_visual.DAE
[3.171s] -- Symlinking: /home/ardra/go_sim/install/gazebo_sim/share/gazebo_sim//models/aws_robomaker_residential_Chandelier_01/model.config
[3.184s] -- Symlinking: /home/ardra/go_sim/install/gazebo_sim/share/gazebo_sim//models/aws_robomaker_residential_Chandelier_01/model.sdf
[3.197s] -- Symlinking: /home/ardra/go_sim/install/gazebo_sim/share/gazebo_sim//models/aws_robomaker_residential_CoffeeTable_01/materials/textures/aws_CoffeeTable_01.png
[3.213s] -- Symlinking: /home/ardra/go_sim/install/gazebo_sim/share/gazebo_sim//models/aws_robomaker_residential_CoffeeTable_01/meshes/aws_CoffeeTable_01_collision.DAE
[3.226s] -- Symlinking: /home/ardra/go_sim/install/gazebo_sim/share/gazebo_sim//models/aws_robomaker_residential_CoffeeTable_01/meshes/aws_CoffeeTable_01_visual.DAE
[3.237s] -- Symlinking: /home/ardra/go_sim/install/gazebo_sim/share/gazebo_sim//models/aws_robomaker_residential_CoffeeTable_01/model.config
[3.248s] -- Symlinking: /home/ardra/go_sim/install/gazebo_sim/share/gazebo_sim//models/aws_robomaker_residential_CoffeeTable_01/model.sdf
[3.259s] -- Symlinking: /home/ardra/go_sim/install/gazebo_sim/share/gazebo_sim//models/aws_robomaker_residential_CookingBench_01/materials/textures/aws_CookingBench_01.png
[3.271s] -- Symlinking: /home/ardra/go_sim/install/gazebo_sim/share/gazebo_sim//models/aws_robomaker_residential_CookingBench_01/meshes/aws_CookingBench_01.DAE
[3.283s] -- Symlinking: /home/ardra/go_sim/install/gazebo_sim/share/gazebo_sim//models/aws_robomaker_residential_CookingBench_01/meshes/aws_CookingBench_01_collision.DAE
[3.293s] -- Symlinking: /home/ardra/go_sim/install/gazebo_sim/share/gazebo_sim//models/aws_robomaker_residential_CookingBench_01/meshes/aws_CookingBench_01_visual.DAE
[3.304s] -- Symlinking: /home/ardra/go_sim/install/gazebo_sim/share/gazebo_sim//models/aws_robomaker_residential_CookingBench_01/model.config
[3.316s] -- Symlinking: /home/ardra/go_sim/install/gazebo_sim/share/gazebo_sim//models/aws_robomaker_residential_CookingBench_01/model.sdf
[3.326s] -- Symlinking: /home/ardra/go_sim/install/gazebo_sim/share/gazebo_sim//models/aws_robomaker_residential_Curtain_01/materials/textures/aws_Curtain_01.png
[3.335s] -- Symlinking: /home/ardra/go_sim/install/gazebo_sim/share/gazebo_sim//models/aws_robomaker_residential_Curtain_01/meshes/aws_Curtain_01_collision.DAE
[3.345s] -- Symlinking: /home/ardra/go_sim/install/gazebo_sim/share/gazebo_sim//models/aws_robomaker_residential_Curtain_01/meshes/aws_Curtain_01_visual.DAE
[3.357s] -- Symlinking: /home/ardra/go_sim/install/gazebo_sim/share/gazebo_sim//models/aws_robomaker_residential_Curtain_01/model.config
[3.370s] -- Symlinking: /home/ardra/go_sim/install/gazebo_sim/share/gazebo_sim//models/aws_robomaker_residential_Curtain_01/model.sdf
[3.385s] -- Symlinking: /home/ardra/go_sim/install/gazebo_sim/share/gazebo_sim//models/aws_robomaker_residential_DeskPortraitA_01/materials/textures/DeskPortraitA_01.jpg
[3.400s] -- Symlinking: /home/ardra/go_sim/install/gazebo_sim/share/gazebo_sim//models/aws_robomaker_residential_DeskPortraitA_01/materials/textures/aws_DeskPortraitA_01.png
[3.417s] -- Symlinking: /home/ardra/go_sim/install/gazebo_sim/share/gazebo_sim//models/aws_robomaker_residential_DeskPortraitA_01/materials/textures/aws_DeskPortraitA_02.png
[3.430s] -- Symlinking: /home/ardra/go_sim/install/gazebo_sim/share/gazebo_sim//models/aws_robomaker_residential_DeskPortraitA_01/meshes/aws_DeskPortraitA_01_collision.DAE
[3.443s] -- Symlinking: /home/ardra/go_sim/install/gazebo_sim/share/gazebo_sim//models/aws_robomaker_residential_DeskPortraitA_01/meshes/aws_DeskPortraitA_01_visual.DAE
[3.454s] -- Symlinking: /home/ardra/go_sim/install/gazebo_sim/share/gazebo_sim//models/aws_robomaker_residential_DeskPortraitA_01/model.config
[3.465s] -- Symlinking: /home/ardra/go_sim/install/gazebo_sim/share/gazebo_sim//models/aws_robomaker_residential_DeskPortraitA_01/model.sdf
[3.475s] -- Symlinking: /home/ardra/go_sim/install/gazebo_sim/share/gazebo_sim//models/aws_robomaker_residential_DeskPortraitA_02/materials/textures/DeskPortraitA_02.jpg
[3.485s] -- Symlinking: /home/ardra/go_sim/install/gazebo_sim/share/gazebo_sim//models/aws_robomaker_residential_DeskPortraitA_02/materials/textures/aws_DeskPortraitA_01.png
[3.495s] -- Symlinking: /home/ardra/go_sim/install/gazebo_sim/share/gazebo_sim//models/aws_robomaker_residential_DeskPortraitA_02/materials/textures/aws_DeskPortraitA_02.png
[3.505s] -- Symlinking: /home/ardra/go_sim/install/gazebo_sim/share/gazebo_sim//models/aws_robomaker_residential_DeskPortraitA_02/meshes/aws_DeskPortraitA_01_collision.DAE
[3.518s] -- Symlinking: /home/ardra/go_sim/install/gazebo_sim/share/gazebo_sim//models/aws_robomaker_residential_DeskPortraitA_02/meshes/aws_DeskPortraitA_01_visual.DAE
[3.533s] -- Symlinking: /home/ardra/go_sim/install/gazebo_sim/share/gazebo_sim//models/aws_robomaker_residential_DeskPortraitA_02/model.config
[3.548s] -- Symlinking: /home/ardra/go_sim/install/gazebo_sim/share/gazebo_sim//models/aws_robomaker_residential_DeskPortraitA_02/model.sdf
[3.564s] -- Symlinking: /home/ardra/go_sim/install/gazebo_sim/share/gazebo_sim//models/aws_robomaker_residential_DeskPortraitB_01/materials/textures/DeskPortraitB_01.jpg
[3.579s] -- Symlinking: /home/ardra/go_sim/install/gazebo_sim/share/gazebo_sim//models/aws_robomaker_residential_DeskPortraitB_01/materials/textures/aws_DeskPortraitB_01.png
[3.594s] -- Symlinking: /home/ardra/go_sim/install/gazebo_sim/share/gazebo_sim//models/aws_robomaker_residential_DeskPortraitB_01/materials/textures/aws_DeskPortraitB_02.png
[3.609s] -- Symlinking: /home/ardra/go_sim/install/gazebo_sim/share/gazebo_sim//models/aws_robomaker_residential_DeskPortraitB_01/meshes/aws_DeskPortraitB_01_collision.DAE
[3.622s] -- Symlinking: /home/ardra/go_sim/install/gazebo_sim/share/gazebo_sim//models/aws_robomaker_residential_DeskPortraitB_01/meshes/aws_DeskPortraitB_01_visual.DAE
[3.637s] -- Symlinking: /home/ardra/go_sim/install/gazebo_sim/share/gazebo_sim//models/aws_robomaker_residential_DeskPortraitB_01/model.config
[3.652s] -- Symlinking: /home/ardra/go_sim/install/gazebo_sim/share/gazebo_sim//models/aws_robomaker_residential_DeskPortraitB_01/model.sdf
[3.668s] -- Symlinking: /home/ardra/go_sim/install/gazebo_sim/share/gazebo_sim//models/aws_robomaker_residential_DeskPortraitB_02/materials/textures/DeskPortraitB_02.jpg
[3.686s] -- Symlinking: /home/ardra/go_sim/install/gazebo_sim/share/gazebo_sim//models/aws_robomaker_residential_DeskPortraitB_02/materials/textures/aws_DeskPortraitB_01.png
[3.702s] -- Symlinking: /home/ardra/go_sim/install/gazebo_sim/share/gazebo_sim//models/aws_robomaker_residential_DeskPortraitB_02/materials/textures/aws_DeskPortraitB_02.png
[3.719s] -- Symlinking: /home/ardra/go_sim/install/gazebo_sim/share/gazebo_sim//models/aws_robomaker_residential_DeskPortraitB_02/meshes/aws_DeskPortraitB_01_collision.DAE
[3.735s] -- Symlinking: /home/ardra/go_sim/install/gazebo_sim/share/gazebo_sim//models/aws_robomaker_residential_DeskPortraitB_02/meshes/aws_DeskPortraitB_01_visual.DAE
[3.750s] -- Symlinking: /home/ardra/go_sim/install/gazebo_sim/share/gazebo_sim//models/aws_robomaker_residential_DeskPortraitB_02/model.config
[3.763s] -- Symlinking: /home/ardra/go_sim/install/gazebo_sim/share/gazebo_sim//models/aws_robomaker_residential_DeskPortraitB_02/model.sdf
[3.774s] -- Symlinking: /home/ardra/go_sim/install/gazebo_sim/share/gazebo_sim//models/aws_robomaker_residential_DeskPortraitC_01/materials/textures/DeskPortraitC_01.jpg
[3.784s] -- Symlinking: /home/ardra/go_sim/install/gazebo_sim/share/gazebo_sim//models/aws_robomaker_residential_DeskPortraitC_01/materials/textures/aws_DeskPortraitC_01.png
[3.794s] -- Symlinking: /home/ardra/go_sim/install/gazebo_sim/share/gazebo_sim//models/aws_robomaker_residential_DeskPortraitC_01/materials/textures/aws_DeskPortraitC_02.png
[3.804s] -- Symlinking: /home/ardra/go_sim/install/gazebo_sim/share/gazebo_sim//models/aws_robomaker_residential_DeskPortraitC_01/meshes/aws_DeskPortraitC_01_collision.DAE
[3.819s] -- Symlinking: /home/ardra/go_sim/install/gazebo_sim/share/gazebo_sim//models/aws_robomaker_residential_DeskPortraitC_01/meshes/aws_DeskPortraitC_01_visual.DAE
[3.833s] -- Symlinking: /home/ardra/go_sim/install/gazebo_sim/share/gazebo_sim//models/aws_robomaker_residential_DeskPortraitC_01/model.config
[3.843s] -- Symlinking: /home/ardra/go_sim/install/gazebo_sim/share/gazebo_sim//models/aws_robomaker_residential_DeskPortraitC_01/model.sdf
[3.856s] -- Symlinking: /home/ardra/go_sim/install/gazebo_sim/share/gazebo_sim//models/aws_robomaker_residential_DeskPortraitC_02/materials/textures/DeskPortraitC_02.jpg
[3.871s] -- Symlinking: /home/ardra/go_sim/install/gazebo_sim/share/gazebo_sim//models/aws_robomaker_residential_DeskPortraitC_02/materials/textures/aws_DeskPortraitC_01.png
[3.886s] -- Symlinking: /home/ardra/go_sim/install/gazebo_sim/share/gazebo_sim//models/aws_robomaker_residential_DeskPortraitC_02/materials/textures/aws_DeskPortraitC_02.png
[3.899s] -- Symlinking: /home/ardra/go_sim/install/gazebo_sim/share/gazebo_sim//models/aws_robomaker_residential_DeskPortraitC_02/meshes/aws_DeskPortraitC_01_collision.DAE
[3.912s] -- Symlinking: /home/ardra/go_sim/install/gazebo_sim/share/gazebo_sim//models/aws_robomaker_residential_DeskPortraitC_02/meshes/aws_DeskPortraitC_01_visual.DAE
[3.927s] -- Symlinking: /home/ardra/go_sim/install/gazebo_sim/share/gazebo_sim//models/aws_robomaker_residential_DeskPortraitC_02/model.config
[3.942s] -- Symlinking: /home/ardra/go_sim/install/gazebo_sim/share/gazebo_sim//models/aws_robomaker_residential_DeskPortraitC_02/model.sdf
[3.954s] -- Symlinking: /home/ardra/go_sim/install/gazebo_sim/share/gazebo_sim//models/aws_robomaker_residential_DeskPortraitD_01/materials/textures/DeskPortraitD_01.jpg
[3.965s] -- Symlinking: /home/ardra/go_sim/install/gazebo_sim/share/gazebo_sim//models/aws_robomaker_residential_DeskPortraitD_01/materials/textures/aws_DeskPortraitD_01.png
[3.976s] -- Symlinking: /home/ardra/go_sim/install/gazebo_sim/share/gazebo_sim//models/aws_robomaker_residential_DeskPortraitD_01/materials/textures/aws_DeskPortraitD_02.png
[3.986s] -- Symlinking: /home/ardra/go_sim/install/gazebo_sim/share/gazebo_sim//models/aws_robomaker_residential_DeskPortraitD_01/meshes/aws_DeskPortraitD_01_collision.DAE
[3.996s] -- Symlinking: /home/ardra/go_sim/install/gazebo_sim/share/gazebo_sim//models/aws_robomaker_residential_DeskPortraitD_01/meshes/aws_DeskPortraitD_01_visual.DAE
[4.005s] -- Symlinking: /home/ardra/go_sim/install/gazebo_sim/share/gazebo_sim//models/aws_robomaker_residential_DeskPortraitD_01/model.config
[4.018s] -- Symlinking: /home/ardra/go_sim/install/gazebo_sim/share/gazebo_sim//models/aws_robomaker_residential_DeskPortraitD_01/model.sdf
[4.029s] -- Symlinking: /home/ardra/go_sim/install/gazebo_sim/share/gazebo_sim//models/aws_robomaker_residential_DeskPortraitD_02/materials/textures/DeskPortraitD_02.jpg
[4.044s] -- Symlinking: /home/ardra/go_sim/install/gazebo_sim/share/gazebo_sim//models/aws_robomaker_residential_DeskPortraitD_02/materials/textures/aws_DeskPortraitD_01.png
[4.057s] -- Symlinking: /home/ardra/go_sim/install/gazebo_sim/share/gazebo_sim//models/aws_robomaker_residential_DeskPortraitD_02/materials/textures/aws_DeskPortraitD_02.png
[4.069s] -- Symlinking: /home/ardra/go_sim/install/gazebo_sim/share/gazebo_sim//models/aws_robomaker_residential_DeskPortraitD_02/meshes/aws_DeskPortraitD_01_collision.DAE
[4.079s] -- Symlinking: /home/ardra/go_sim/install/gazebo_sim/share/gazebo_sim//models/aws_robomaker_residential_DeskPortraitD_02/meshes/aws_DeskPortraitD_01_visual.DAE
[4.090s] -- Symlinking: /home/ardra/go_sim/install/gazebo_sim/share/gazebo_sim//models/aws_robomaker_residential_DeskPortraitD_02/model.config
[4.104s] -- Symlinking: /home/ardra/go_sim/install/gazebo_sim/share/gazebo_sim//models/aws_robomaker_residential_DeskPortraitD_02/model.sdf
[4.119s] -- Symlinking: /home/ardra/go_sim/install/gazebo_sim/share/gazebo_sim//models/aws_robomaker_residential_DeskPortraitD_03/materials/textures/DeskPortraitD_03.jpg
[4.135s] -- Symlinking: /home/ardra/go_sim/install/gazebo_sim/share/gazebo_sim//models/aws_robomaker_residential_DeskPortraitD_03/materials/textures/aws_DeskPortraitD_01.png
[4.147s] -- Symlinking: /home/ardra/go_sim/install/gazebo_sim/share/gazebo_sim//models/aws_robomaker_residential_DeskPortraitD_03/materials/textures/aws_DeskPortraitD_02.png
[4.161s] -- Symlinking: /home/ardra/go_sim/install/gazebo_sim/share/gazebo_sim//models/aws_robomaker_residential_DeskPortraitD_03/meshes/aws_DeskPortraitD_01_collision.DAE
[4.176s] -- Symlinking: /home/ardra/go_sim/install/gazebo_sim/share/gazebo_sim//models/aws_robomaker_residential_DeskPortraitD_03/meshes/aws_DeskPortraitD_01_visual.DAE
[4.192s] -- Symlinking: /home/ardra/go_sim/install/gazebo_sim/share/gazebo_sim//models/aws_robomaker_residential_DeskPortraitD_03/model.config
[4.208s] -- Symlinking: /home/ardra/go_sim/install/gazebo_sim/share/gazebo_sim//models/aws_robomaker_residential_DeskPortraitD_03/model.sdf
[4.221s] -- Symlinking: /home/ardra/go_sim/install/gazebo_sim/share/gazebo_sim//models/aws_robomaker_residential_DeskPortraitD_04/materials/textures/DeskPortraitD_04.jpg
[4.235s] -- Symlinking: /home/ardra/go_sim/install/gazebo_sim/share/gazebo_sim//models/aws_robomaker_residential_DeskPortraitD_04/materials/textures/aws_DeskPortraitD_01.png
[4.253s] -- Symlinking: /home/ardra/go_sim/install/gazebo_sim/share/gazebo_sim//models/aws_robomaker_residential_DeskPortraitD_04/materials/textures/aws_DeskPortraitD_02.png
[4.270s] -- Symlinking: /home/ardra/go_sim/install/gazebo_sim/share/gazebo_sim//models/aws_robomaker_residential_DeskPortraitD_04/meshes/aws_DeskPortraitD_01_collision.DAE
[4.285s] -- Symlinking: /home/ardra/go_sim/install/gazebo_sim/share/gazebo_sim//models/aws_robomaker_residential_DeskPortraitD_04/meshes/aws_DeskPortraitD_01_visual.DAE
[4.297s] -- Symlinking: /home/ardra/go_sim/install/gazebo_sim/share/gazebo_sim//models/aws_robomaker_residential_DeskPortraitD_04/model.config
[4.309s] -- Symlinking: /home/ardra/go_sim/install/gazebo_sim/share/gazebo_sim//models/aws_robomaker_residential_DeskPortraitD_04/model.sdf
[4.323s] -- Symlinking: /home/ardra/go_sim/install/gazebo_sim/share/gazebo_sim//models/aws_robomaker_residential_Door_01/materials/textures/aws_Door_01.png
[4.334s] -- Symlinking: /home/ardra/go_sim/install/gazebo_sim/share/gazebo_sim//models/aws_robomaker_residential_Door_01/meshes/aws_Door_01_collision.DAE
[4.344s] -- Symlinking: /home/ardra/go_sim/install/gazebo_sim/share/gazebo_sim//models/aws_robomaker_residential_Door_01/meshes/aws_Door_01_visual.DAE
[4.354s] -- Symlinking: /home/ardra/go_sim/install/gazebo_sim/share/gazebo_sim//models/aws_robomaker_residential_Door_01/model.config
[4.364s] -- Symlinking: /home/ardra/go_sim/install/gazebo_sim/share/gazebo_sim//models/aws_robomaker_residential_Door_01/model.sdf
[4.375s] -- Symlinking: /home/ardra/go_sim/install/gazebo_sim/share/gazebo_sim//models/aws_robomaker_residential_Dumbbell_01/materials/textures/aws_Dumbbell_01.png
[4.385s] -- Symlinking: /home/ardra/go_sim/install/gazebo_sim/share/gazebo_sim//models/aws_robomaker_residential_Dumbbell_01/meshes/aws_Dumbbell_01_collision.DAE
[4.397s] -- Symlinking: /home/ardra/go_sim/install/gazebo_sim/share/gazebo_sim//models/aws_robomaker_residential_Dumbbell_01/meshes/aws_Dumbbell_01_visual.DAE
[4.413s] -- Symlinking: /home/ardra/go_sim/install/gazebo_sim/share/gazebo_sim//models/aws_robomaker_residential_Dumbbell_01/model.config
[4.427s] -- Symlinking: /home/ardra/go_sim/install/gazebo_sim/share/gazebo_sim//models/aws_robomaker_residential_Dumbbell_01/model.sdf
[4.439s] -- Symlinking: /home/ardra/go_sim/install/gazebo_sim/share/gazebo_sim//models/aws_robomaker_residential_FitnessEquipment_01/materials/textures/aws_FitnessEquipment_01.png
[4.448s] -- Symlinking: /home/ardra/go_sim/install/gazebo_sim/share/gazebo_sim//models/aws_robomaker_residential_FitnessEquipment_01/meshes/aws_FitnessEquipment_01_collision.DAE
[4.459s] -- Symlinking: /home/ardra/go_sim/install/gazebo_sim/share/gazebo_sim//models/aws_robomaker_residential_FitnessEquipment_01/meshes/aws_FitnessEquipment_01_visual.DAE
[4.474s] -- Symlinking: /home/ardra/go_sim/install/gazebo_sim/share/gazebo_sim//models/aws_robomaker_residential_FitnessEquipment_01/model.config
[4.488s] -- Symlinking: /home/ardra/go_sim/install/gazebo_sim/share/gazebo_sim//models/aws_robomaker_residential_FitnessEquipment_01/model.sdf
[4.499s] -- Symlinking: /home/ardra/go_sim/install/gazebo_sim/share/gazebo_sim//models/aws_robomaker_residential_FloorB_01/materials/textures/aws_FloorB_01.png
[4.513s] -- Symlinking: /home/ardra/go_sim/install/gazebo_sim/share/gazebo_sim//models/aws_robomaker_residential_FloorB_01/meshes/aws_FloorB_01_collision.DAE
[4.529s] -- Symlinking: /home/ardra/go_sim/install/gazebo_sim/share/gazebo_sim//models/aws_robomaker_residential_FloorB_01/meshes/aws_FloorB_01_visual.DAE
[4.545s] -- Symlinking: /home/ardra/go_sim/install/gazebo_sim/share/gazebo_sim//models/aws_robomaker_residential_FloorB_01/model.config
[4.557s] -- Symlinking: /home/ardra/go_sim/install/gazebo_sim/share/gazebo_sim//models/aws_robomaker_residential_FloorB_01/model.sdf
[4.569s] -- Symlinking: /home/ardra/go_sim/install/gazebo_sim/share/gazebo_sim//models/aws_robomaker_residential_FoldingDoor_01/materials/textures/aws_FoldingDoor_01.png
[4.579s] -- Symlinking: /home/ardra/go_sim/install/gazebo_sim/share/gazebo_sim//models/aws_robomaker_residential_FoldingDoor_01/meshes/aws_FoldingDoor_01_collision.DAE
[4.593s] -- Symlinking: /home/ardra/go_sim/install/gazebo_sim/share/gazebo_sim//models/aws_robomaker_residential_FoldingDoor_01/meshes/aws_FoldingDoor_01_visual.DAE
[4.606s] -- Symlinking: /home/ardra/go_sim/install/gazebo_sim/share/gazebo_sim//models/aws_robomaker_residential_FoldingDoor_01/model.config
[4.620s] -- Symlinking: /home/ardra/go_sim/install/gazebo_sim/share/gazebo_sim//models/aws_robomaker_residential_FoldingDoor_01/model.sdf
[4.631s] -- Symlinking: /home/ardra/go_sim/install/gazebo_sim/share/gazebo_sim//models/aws_robomaker_residential_FoldingDoor_02/materials/textures/aws_FoldingDoor_02.png
[4.641s] -- Symlinking: /home/ardra/go_sim/install/gazebo_sim/share/gazebo_sim//models/aws_robomaker_residential_FoldingDoor_02/meshes/aws_FoldingDoor_02_collision.DAE
[4.650s] -- Symlinking: /home/ardra/go_sim/install/gazebo_sim/share/gazebo_sim//models/aws_robomaker_residential_FoldingDoor_02/meshes/aws_FoldingDoor_02_visual.DAE
[4.660s] -- Symlinking: /home/ardra/go_sim/install/gazebo_sim/share/gazebo_sim//models/aws_robomaker_residential_FoldingDoor_02/model.config
[4.674s] -- Symlinking: /home/ardra/go_sim/install/gazebo_sim/share/gazebo_sim//models/aws_robomaker_residential_FoldingDoor_02/model.sdf
[4.687s] -- Symlinking: /home/ardra/go_sim/install/gazebo_sim/share/gazebo_sim//models/aws_robomaker_residential_Handle_01/materials/textures/aws_Handle_01.png
[4.699s] -- Symlinking: /home/ardra/go_sim/install/gazebo_sim/share/gazebo_sim//models/aws_robomaker_residential_Handle_01/meshes/aws_Handle_01_collision.DAE
[4.710s] -- Symlinking: /home/ardra/go_sim/install/gazebo_sim/share/gazebo_sim//models/aws_robomaker_residential_Handle_01/meshes/aws_Handle_01_visual.DAE
[4.723s] -- Symlinking: /home/ardra/go_sim/install/gazebo_sim/share/gazebo_sim//models/aws_robomaker_residential_Handle_01/model.config
[4.734s] -- Symlinking: /home/ardra/go_sim/install/gazebo_sim/share/gazebo_sim//models/aws_robomaker_residential_Handle_01/model.sdf
[4.744s] -- Symlinking: /home/ardra/go_sim/install/gazebo_sim/share/gazebo_sim//models/aws_robomaker_residential_HouseWallB_01/materials/textures/aws_HouseWallB_01.png
[4.756s] -- Symlinking: /home/ardra/go_sim/install/gazebo_sim/share/gazebo_sim//models/aws_robomaker_residential_HouseWallB_01/meshes/aws_HouseWallB_01_collision.DAE
[4.768s] -- Symlinking: /home/ardra/go_sim/install/gazebo_sim/share/gazebo_sim//models/aws_robomaker_residential_HouseWallB_01/meshes/aws_HouseWallB_01_visual.DAE
[4.779s] -- Symlinking: /home/ardra/go_sim/install/gazebo_sim/share/gazebo_sim//models/aws_robomaker_residential_HouseWallB_01/model.config
[4.790s] -- Symlinking: /home/ardra/go_sim/install/gazebo_sim/share/gazebo_sim//models/aws_robomaker_residential_HouseWallB_01/model.sdf
[4.801s] -- Symlinking: /home/ardra/go_sim/install/gazebo_sim/share/gazebo_sim//models/aws_robomaker_residential_KitchenCabinet_01/materials/textures/aws_KitchenCabinet_01.png
[4.811s] -- Symlinking: /home/ardra/go_sim/install/gazebo_sim/share/gazebo_sim//models/aws_robomaker_residential_KitchenCabinet_01/meshes/aws_KitchenCabinet_01_collision.DAE
[4.823s] -- Symlinking: /home/ardra/go_sim/install/gazebo_sim/share/gazebo_sim//models/aws_robomaker_residential_KitchenCabinet_01/meshes/aws_KitchenCabinet_01_visual.DAE
[4.837s] -- Symlinking: /home/ardra/go_sim/install/gazebo_sim/share/gazebo_sim//models/aws_robomaker_residential_KitchenCabinet_01/model.config
[4.848s] -- Symlinking: /home/ardra/go_sim/install/gazebo_sim/share/gazebo_sim//models/aws_robomaker_residential_KitchenCabinet_01/model.sdf
[4.860s] -- Symlinking: /home/ardra/go_sim/install/gazebo_sim/share/gazebo_sim//models/aws_robomaker_residential_KitchenTable_01/materials/textures/aws_KitchenTable_01.png
[4.873s] -- Symlinking: /home/ardra/go_sim/install/gazebo_sim/share/gazebo_sim//models/aws_robomaker_residential_KitchenTable_01/meshes/aws_KitchenTable_01_collision.DAE
[4.885s] -- Symlinking: /home/ardra/go_sim/install/gazebo_sim/share/gazebo_sim//models/aws_robomaker_residential_KitchenTable_01/meshes/aws_KitchenTable_01_visual.DAE
[4.897s] -- Symlinking: /home/ardra/go_sim/install/gazebo_sim/share/gazebo_sim//models/aws_robomaker_residential_KitchenTable_01/model.config
[4.908s] -- Symlinking: /home/ardra/go_sim/install/gazebo_sim/share/gazebo_sim//models/aws_robomaker_residential_KitchenTable_01/model.sdf
[4.922s] -- Symlinking: /home/ardra/go_sim/install/gazebo_sim/share/gazebo_sim//models/aws_robomaker_residential_KitchenUtensils_01/materials/textures/aws_KitchenUtensils_01.png
[4.932s] -- Symlinking: /home/ardra/go_sim/install/gazebo_sim/share/gazebo_sim//models/aws_robomaker_residential_KitchenUtensils_01/meshes/aws_KitchenUtensils_01_collision.DAE
[4.942s] -- Symlinking: /home/ardra/go_sim/install/gazebo_sim/share/gazebo_sim//models/aws_robomaker_residential_KitchenUtensils_01/meshes/aws_KitchenUtensils_01_visual.DAE
[4.952s] -- Symlinking: /home/ardra/go_sim/install/gazebo_sim/share/gazebo_sim//models/aws_robomaker_residential_KitchenUtensils_01/model.config
[4.962s] -- Symlinking: /home/ardra/go_sim/install/gazebo_sim/share/gazebo_sim//models/aws_robomaker_residential_KitchenUtensils_01/model.sdf
[4.972s] -- Symlinking: /home/ardra/go_sim/install/gazebo_sim/share/gazebo_sim//models/aws_robomaker_residential_LightC_01/materials/textures/aws_LightC_01.png
[4.982s] -- Symlinking: /home/ardra/go_sim/install/gazebo_sim/share/gazebo_sim//models/aws_robomaker_residential_LightC_01/meshes/aws_LightC_01_collision.DAE
[4.992s] -- Symlinking: /home/ardra/go_sim/install/gazebo_sim/share/gazebo_sim//models/aws_robomaker_residential_LightC_01/meshes/aws_LightC_01_visual.DAE
[5.002s] -- Symlinking: /home/ardra/go_sim/install/gazebo_sim/share/gazebo_sim//models/aws_robomaker_residential_LightC_01/model.config
[5.013s] -- Symlinking: /home/ardra/go_sim/install/gazebo_sim/share/gazebo_sim//models/aws_robomaker_residential_LightC_01/model.sdf
[5.024s] -- Symlinking: /home/ardra/go_sim/install/gazebo_sim/share/gazebo_sim//models/aws_robomaker_residential_NightStand_01/materials/textures/aws_NightStand_01.png
[5.034s] -- Symlinking: /home/ardra/go_sim/install/gazebo_sim/share/gazebo_sim//models/aws_robomaker_residential_NightStand_01/meshes/aws_NightStand_01_collision.DAE
[5.045s] -- Symlinking: /home/ardra/go_sim/install/gazebo_sim/share/gazebo_sim//models/aws_robomaker_residential_NightStand_01/meshes/aws_NightStand_01_visual.DAE
[5.055s] -- Symlinking: /home/ardra/go_sim/install/gazebo_sim/share/gazebo_sim//models/aws_robomaker_residential_NightStand_01/model.config
[5.065s] -- Symlinking: /home/ardra/go_sim/install/gazebo_sim/share/gazebo_sim//models/aws_robomaker_residential_NightStand_01/model.sdf
[5.074s] -- Symlinking: /home/ardra/go_sim/install/gazebo_sim/share/gazebo_sim//models/aws_robomaker_residential_Pillow_01/materials/textures/aws_Pillow_01.png
[5.084s] -- Symlinking: /home/ardra/go_sim/install/gazebo_sim/share/gazebo_sim//models/aws_robomaker_residential_Pillow_01/meshes/aws_Pillow_01_collision.DAE
[5.094s] -- Symlinking: /home/ardra/go_sim/install/gazebo_sim/share/gazebo_sim//models/aws_robomaker_residential_Pillow_01/meshes/aws_Pillow_01_visual.DAE
[5.105s] -- Symlinking: /home/ardra/go_sim/install/gazebo_sim/share/gazebo_sim//models/aws_robomaker_residential_Pillow_01/model.config
[5.117s] -- Symlinking: /home/ardra/go_sim/install/gazebo_sim/share/gazebo_sim//models/aws_robomaker_residential_Pillow_01/model.sdf
[5.127s] -- Symlinking: /home/ardra/go_sim/install/gazebo_sim/share/gazebo_sim//models/aws_robomaker_residential_PortraitA_01/materials/textures/PortraitA_01.jpg
[5.137s] -- Symlinking: /home/ardra/go_sim/install/gazebo_sim/share/gazebo_sim//models/aws_robomaker_residential_PortraitA_01/materials/textures/aws_PortraitA_01.png
[5.147s] -- Symlinking: /home/ardra/go_sim/install/gazebo_sim/share/gazebo_sim//models/aws_robomaker_residential_PortraitA_01/materials/textures/aws_PortraitA_02.png
[5.157s] -- Symlinking: /home/ardra/go_sim/install/gazebo_sim/share/gazebo_sim//models/aws_robomaker_residential_PortraitA_01/meshes/aws_PortraitA_01_collision.DAE
[5.170s] -- Symlinking: /home/ardra/go_sim/install/gazebo_sim/share/gazebo_sim//models/aws_robomaker_residential_PortraitA_01/meshes/aws_PortraitA_01_visual.DAE
[5.185s] -- Symlinking: /home/ardra/go_sim/install/gazebo_sim/share/gazebo_sim//models/aws_robomaker_residential_PortraitA_01/model.config
[5.197s] -- Symlinking: /home/ardra/go_sim/install/gazebo_sim/share/gazebo_sim//models/aws_robomaker_residential_PortraitA_01/model.sdf
[5.212s] -- Symlinking: /home/ardra/go_sim/install/gazebo_sim/share/gazebo_sim//models/aws_robomaker_residential_PortraitA_02/materials/textures/PortraitA_02.jpg
[5.228s] -- Symlinking: /home/ardra/go_sim/install/gazebo_sim/share/gazebo_sim//models/aws_robomaker_residential_PortraitA_02/materials/textures/aws_PortraitA_01.png
[5.244s] -- Symlinking: /home/ardra/go_sim/install/gazebo_sim/share/gazebo_sim//models/aws_robomaker_residential_PortraitA_02/materials/textures/aws_PortraitA_02.png
[5.260s] -- Symlinking: /home/ardra/go_sim/install/gazebo_sim/share/gazebo_sim//models/aws_robomaker_residential_PortraitA_02/meshes/aws_PortraitA_01_collision.DAE
[5.275s] -- Symlinking: /home/ardra/go_sim/install/gazebo_sim/share/gazebo_sim//models/aws_robomaker_residential_PortraitA_02/meshes/aws_PortraitA_01_visual.DAE
[5.288s] -- Symlinking: /home/ardra/go_sim/install/gazebo_sim/share/gazebo_sim//models/aws_robomaker_residential_PortraitA_02/model.config
[5.299s] -- Symlinking: /home/ardra/go_sim/install/gazebo_sim/share/gazebo_sim//models/aws_robomaker_residential_PortraitA_02/model.sdf
[5.311s] -- Symlinking: /home/ardra/go_sim/install/gazebo_sim/share/gazebo_sim//models/aws_robomaker_residential_PortraitB_01/materials/textures/PortraitB_01.jpg
[5.323s] -- Symlinking: /home/ardra/go_sim/install/gazebo_sim/share/gazebo_sim//models/aws_robomaker_residential_PortraitB_01/materials/textures/aws_PortraitB_01.png
[5.333s] -- Symlinking: /home/ardra/go_sim/install/gazebo_sim/share/gazebo_sim//models/aws_robomaker_residential_PortraitB_01/materials/textures/aws_PortraitB_02.png
[5.342s] -- Symlinking: /home/ardra/go_sim/install/gazebo_sim/share/gazebo_sim//models/aws_robomaker_residential_PortraitB_01/meshes/aws_PortraitB_01_collision.DAE
[5.352s] -- Symlinking: /home/ardra/go_sim/install/gazebo_sim/share/gazebo_sim//models/aws_robomaker_residential_PortraitB_01/meshes/aws_PortraitB_01_visual.DAE
[5.361s] -- Symlinking: /home/ardra/go_sim/install/gazebo_sim/share/gazebo_sim//models/aws_robomaker_residential_PortraitB_01/model.config
[5.371s] -- Symlinking: /home/ardra/go_sim/install/gazebo_sim/share/gazebo_sim//models/aws_robomaker_residential_PortraitB_01/model.sdf
[5.380s] -- Symlinking: /home/ardra/go_sim/install/gazebo_sim/share/gazebo_sim//models/aws_robomaker_residential_PortraitB_02/materials/textures/PortraitB_02.jpg
[5.390s] -- Symlinking: /home/ardra/go_sim/install/gazebo_sim/share/gazebo_sim//models/aws_robomaker_residential_PortraitB_02/materials/textures/aws_PortraitB_01.png
[5.401s] -- Symlinking: /home/ardra/go_sim/install/gazebo_sim/share/gazebo_sim//models/aws_robomaker_residential_PortraitB_02/materials/textures/aws_PortraitB_02.png
[5.413s] -- Symlinking: /home/ardra/go_sim/install/gazebo_sim/share/gazebo_sim//models/aws_robomaker_residential_PortraitB_02/meshes/aws_PortraitB_01_collision.DAE
[5.426s] -- Symlinking: /home/ardra/go_sim/install/gazebo_sim/share/gazebo_sim//models/aws_robomaker_residential_PortraitB_02/meshes/aws_PortraitB_01_visual.DAE
[5.438s] -- Symlinking: /home/ardra/go_sim/install/gazebo_sim/share/gazebo_sim//models/aws_robomaker_residential_PortraitB_02/model.config
[5.450s] -- Symlinking: /home/ardra/go_sim/install/gazebo_sim/share/gazebo_sim//models/aws_robomaker_residential_PortraitB_02/model.sdf
[5.464s] -- Symlinking: /home/ardra/go_sim/install/gazebo_sim/share/gazebo_sim//models/aws_robomaker_residential_PortraitB_03/materials/textures/PortraitB_03.jpg
[5.476s] -- Symlinking: /home/ardra/go_sim/install/gazebo_sim/share/gazebo_sim//models/aws_robomaker_residential_PortraitB_03/materials/textures/aws_PortraitB_01.png
[5.487s] -- Symlinking: /home/ardra/go_sim/install/gazebo_sim/share/gazebo_sim//models/aws_robomaker_residential_PortraitB_03/materials/textures/aws_PortraitB_02.png
[5.496s] -- Symlinking: /home/ardra/go_sim/install/gazebo_sim/share/gazebo_sim//models/aws_robomaker_residential_PortraitB_03/meshes/aws_PortraitB_01_collision.DAE
[5.507s] -- Symlinking: /home/ardra/go_sim/install/gazebo_sim/share/gazebo_sim//models/aws_robomaker_residential_PortraitB_03/meshes/aws_PortraitB_01_visual.DAE
[5.521s] -- Symlinking: /home/ardra/go_sim/install/gazebo_sim/share/gazebo_sim//models/aws_robomaker_residential_PortraitB_03/model.config
[5.534s] -- Symlinking: /home/ardra/go_sim/install/gazebo_sim/share/gazebo_sim//models/aws_robomaker_residential_PortraitB_03/model.sdf
[5.545s] -- Symlinking: /home/ardra/go_sim/install/gazebo_sim/share/gazebo_sim//models/aws_robomaker_residential_PortraitC_01/materials/textures/PortraitC_01.jpg
[5.556s] -- Symlinking: /home/ardra/go_sim/install/gazebo_sim/share/gazebo_sim//models/aws_robomaker_residential_PortraitC_01/materials/textures/aws_PortraitC_01.png
[5.566s] -- Symlinking: /home/ardra/go_sim/install/gazebo_sim/share/gazebo_sim//models/aws_robomaker_residential_PortraitC_01/materials/textures/aws_PortraitC_02.png
[5.577s] -- Symlinking: /home/ardra/go_sim/install/gazebo_sim/share/gazebo_sim//models/aws_robomaker_residential_PortraitC_01/meshes/aws_PortraitC_01_collision.DAE
[5.588s] -- Symlinking: /home/ardra/go_sim/install/gazebo_sim/share/gazebo_sim//models/aws_robomaker_residential_PortraitC_01/meshes/aws_PortraitC_01_visual.DAE
[5.599s] -- Symlinking: /home/ardra/go_sim/install/gazebo_sim/share/gazebo_sim//models/aws_robomaker_residential_PortraitC_01/model.config
[5.610s] -- Symlinking: /home/ardra/go_sim/install/gazebo_sim/share/gazebo_sim//models/aws_robomaker_residential_PortraitC_01/model.sdf
[5.623s] -- Symlinking: /home/ardra/go_sim/install/gazebo_sim/share/gazebo_sim//models/aws_robomaker_residential_PortraitD_01/materials/textures/PortraitD_01.jpg
[5.634s] -- Symlinking: /home/ardra/go_sim/install/gazebo_sim/share/gazebo_sim//models/aws_robomaker_residential_PortraitD_01/materials/textures/aws_PortraitD_01.png
[5.644s] -- Symlinking: /home/ardra/go_sim/install/gazebo_sim/share/gazebo_sim//models/aws_robomaker_residential_PortraitD_01/materials/textures/aws_PortraitD_02.png
[5.654s] -- Symlinking: /home/ardra/go_sim/install/gazebo_sim/share/gazebo_sim//models/aws_robomaker_residential_PortraitD_01/meshes/aws_PortraitD_01_collision.DAE
[5.665s] -- Symlinking: /home/ardra/go_sim/install/gazebo_sim/share/gazebo_sim//models/aws_robomaker_residential_PortraitD_01/meshes/aws_PortraitD_01_visual.DAE
[5.676s] -- Symlinking: /home/ardra/go_sim/install/gazebo_sim/share/gazebo_sim//models/aws_robomaker_residential_PortraitD_01/model.config
[5.686s] -- Symlinking: /home/ardra/go_sim/install/gazebo_sim/share/gazebo_sim//models/aws_robomaker_residential_PortraitD_01/model.sdf
[5.697s] -- Symlinking: /home/ardra/go_sim/install/gazebo_sim/share/gazebo_sim//models/aws_robomaker_residential_PortraitD_02/materials/textures/PortraitD_02.jpg
[5.707s] -- Symlinking: /home/ardra/go_sim/install/gazebo_sim/share/gazebo_sim//models/aws_robomaker_residential_PortraitD_02/materials/textures/aws_PortraitD_01.png
[5.722s] -- Symlinking: /home/ardra/go_sim/install/gazebo_sim/share/gazebo_sim//models/aws_robomaker_residential_PortraitD_02/materials/textures/aws_PortraitD_02.png
[5.733s] -- Symlinking: /home/ardra/go_sim/install/gazebo_sim/share/gazebo_sim//models/aws_robomaker_residential_PortraitD_02/meshes/aws_PortraitD_01_collision.DAE
[5.743s] -- Symlinking: /home/ardra/go_sim/install/gazebo_sim/share/gazebo_sim//models/aws_robomaker_residential_PortraitD_02/meshes/aws_PortraitD_01_visual.DAE
[5.754s] -- Symlinking: /home/ardra/go_sim/install/gazebo_sim/share/gazebo_sim//models/aws_robomaker_residential_PortraitD_02/model.config
[5.764s] -- Symlinking: /home/ardra/go_sim/install/gazebo_sim/share/gazebo_sim//models/aws_robomaker_residential_PortraitD_02/model.sdf
[5.776s] -- Symlinking: /home/ardra/go_sim/install/gazebo_sim/share/gazebo_sim//models/aws_robomaker_residential_PortraitE_01/materials/textures/PortraitE_01.jpg
[5.787s] -- Symlinking: /home/ardra/go_sim/install/gazebo_sim/share/gazebo_sim//models/aws_robomaker_residential_PortraitE_01/materials/textures/aws_PortraitE_01.png
[5.803s] -- Symlinking: /home/ardra/go_sim/install/gazebo_sim/share/gazebo_sim//models/aws_robomaker_residential_PortraitE_01/materials/textures/aws_PortraitE_02.png
[5.819s] -- Symlinking: /home/ardra/go_sim/install/gazebo_sim/share/gazebo_sim//models/aws_robomaker_residential_PortraitE_01/meshes/aws_PortraitE_01_collision.DAE
[5.833s] -- Symlinking: /home/ardra/go_sim/install/gazebo_sim/share/gazebo_sim//models/aws_robomaker_residential_PortraitE_01/meshes/aws_PortraitE_01_visual.DAE
[5.847s] -- Symlinking: /home/ardra/go_sim/install/gazebo_sim/share/gazebo_sim//models/aws_robomaker_residential_PortraitE_01/model.config
[5.862s] -- Symlinking: /home/ardra/go_sim/install/gazebo_sim/share/gazebo_sim//models/aws_robomaker_residential_PortraitE_01/model.sdf
[5.877s] -- Symlinking: /home/ardra/go_sim/install/gazebo_sim/share/gazebo_sim//models/aws_robomaker_residential_PortraitE_02/materials/textures/PortraitE_02.jpg
[5.891s] -- Symlinking: /home/ardra/go_sim/install/gazebo_sim/share/gazebo_sim//models/aws_robomaker_residential_PortraitE_02/materials/textures/aws_PortraitE_01.png
[5.907s] -- Symlinking: /home/ardra/go_sim/install/gazebo_sim/share/gazebo_sim//models/aws_robomaker_residential_PortraitE_02/materials/textures/aws_PortraitE_02.png
[5.924s] -- Symlinking: /home/ardra/go_sim/install/gazebo_sim/share/gazebo_sim//models/aws_robomaker_residential_PortraitE_02/meshes/aws_PortraitE_01_collision.DAE
[5.941s] -- Symlinking: /home/ardra/go_sim/install/gazebo_sim/share/gazebo_sim//models/aws_robomaker_residential_PortraitE_02/meshes/aws_PortraitE_01_visual.DAE
[5.957s] -- Symlinking: /home/ardra/go_sim/install/gazebo_sim/share/gazebo_sim//models/aws_robomaker_residential_PortraitE_02/model.config
[5.973s] -- Symlinking: /home/ardra/go_sim/install/gazebo_sim/share/gazebo_sim//models/aws_robomaker_residential_PortraitE_02/model.sdf
[5.985s] -- Symlinking: /home/ardra/go_sim/install/gazebo_sim/share/gazebo_sim//models/aws_robomaker_residential_Quilt_01/materials/textures/aws_Quilt_01.png
[5.997s] -- Symlinking: /home/ardra/go_sim/install/gazebo_sim/share/gazebo_sim//models/aws_robomaker_residential_Quilt_01/meshes/aws_Quilt_01_collision.DAE
[6.008s] -- Symlinking: /home/ardra/go_sim/install/gazebo_sim/share/gazebo_sim//models/aws_robomaker_residential_Quilt_01/meshes/aws_Quilt_01_visual.DAE
[6.021s] -- Symlinking: /home/ardra/go_sim/install/gazebo_sim/share/gazebo_sim//models/aws_robomaker_residential_Quilt_01/model.config
[6.034s] -- Symlinking: /home/ardra/go_sim/install/gazebo_sim/share/gazebo_sim//models/aws_robomaker_residential_Quilt_01/model.sdf
[6.045s] -- Symlinking: /home/ardra/go_sim/install/gazebo_sim/share/gazebo_sim//models/aws_robomaker_residential_Rangehood_01/materials/textures/aws_Rangehood_01.png
[6.057s] -- Symlinking: /home/ardra/go_sim/install/gazebo_sim/share/gazebo_sim//models/aws_robomaker_residential_Rangehood_01/meshes/aws_Rangehood_01_collision.DAE
[6.070s] -- Symlinking: /home/ardra/go_sim/install/gazebo_sim/share/gazebo_sim//models/aws_robomaker_residential_Rangehood_01/meshes/aws_Rangehood_01_visual.DAE
[6.081s] -- Symlinking: /home/ardra/go_sim/install/gazebo_sim/share/gazebo_sim//models/aws_robomaker_residential_Rangehood_01/model.config
[6.091s] -- Symlinking: /home/ardra/go_sim/install/gazebo_sim/share/gazebo_sim//models/aws_robomaker_residential_Rangehood_01/model.sdf
[6.102s] -- Symlinking: /home/ardra/go_sim/install/gazebo_sim/share/gazebo_sim//models/aws_robomaker_residential_ReadingDesk_01/materials/textures/aws_ReadingDesk_01.png
[6.114s] -- Symlinking: /home/ardra/go_sim/install/gazebo_sim/share/gazebo_sim//models/aws_robomaker_residential_ReadingDesk_01/meshes/aws_ReadingDesk_01_collision.DAE
[6.126s] -- Symlinking: /home/ardra/go_sim/install/gazebo_sim/share/gazebo_sim//models/aws_robomaker_residential_ReadingDesk_01/meshes/aws_ReadingDesk_01_visual.DAE
[6.137s] -- Symlinking: /home/ardra/go_sim/install/gazebo_sim/share/gazebo_sim//models/aws_robomaker_residential_ReadingDesk_01/model.config
[6.148s] -- Symlinking: /home/ardra/go_sim/install/gazebo_sim/share/gazebo_sim//models/aws_robomaker_residential_ReadingDesk_01/model.sdf
[6.158s] -- Symlinking: /home/ardra/go_sim/install/gazebo_sim/share/gazebo_sim//models/aws_robomaker_residential_Refrigerator_01/materials/textures/aws_Refrigerator_01.png
[6.169s] -- Symlinking: /home/ardra/go_sim/install/gazebo_sim/share/gazebo_sim//models/aws_robomaker_residential_Refrigerator_01/materials/textures/aws_Refrigerator_02.png
[6.180s] -- Symlinking: /home/ardra/go_sim/install/gazebo_sim/share/gazebo_sim//models/aws_robomaker_residential_Refrigerator_01/meshes/aws_Refrigerator_01.DAE
[6.190s] -- Symlinking: /home/ardra/go_sim/install/gazebo_sim/share/gazebo_sim//models/aws_robomaker_residential_Refrigerator_01/meshes/aws_Refrigerator_01_collision.DAE
[6.200s] -- Symlinking: /home/ardra/go_sim/install/gazebo_sim/share/gazebo_sim//models/aws_robomaker_residential_Refrigerator_01/meshes/aws_Refrigerator_01_visual.DAE
[6.211s] -- Symlinking: /home/ardra/go_sim/install/gazebo_sim/share/gazebo_sim//models/aws_robomaker_residential_Refrigerator_01/model.config
[6.224s] -- Symlinking: /home/ardra/go_sim/install/gazebo_sim/share/gazebo_sim//models/aws_robomaker_residential_Refrigerator_01/model.sdf
[6.235s] -- Symlinking: /home/ardra/go_sim/install/gazebo_sim/share/gazebo_sim//models/aws_robomaker_residential_RoomCeiling_01/materials/textures/aws_RoomCeiling_01.png
[6.245s] -- Symlinking: /home/ardra/go_sim/install/gazebo_sim/share/gazebo_sim//models/aws_robomaker_residential_RoomCeiling_01/meshes/aws_RoomCeiling_01_collision.DAE
[6.255s] -- Symlinking: /home/ardra/go_sim/install/gazebo_sim/share/gazebo_sim//models/aws_robomaker_residential_RoomCeiling_01/meshes/aws_RoomCeiling_01_visual.DAE
[6.266s] -- Symlinking: /home/ardra/go_sim/install/gazebo_sim/share/gazebo_sim//models/aws_robomaker_residential_RoomCeiling_01/model.config
[6.277s] -- Symlinking: /home/ardra/go_sim/install/gazebo_sim/share/gazebo_sim//models/aws_robomaker_residential_RoomCeiling_01/model.sdf
[6.288s] -- Symlinking: /home/ardra/go_sim/install/gazebo_sim/share/gazebo_sim//models/aws_robomaker_residential_RoomWall_01/materials/textures/aws_RoomWall_01.png
[6.299s] -- Symlinking: /home/ardra/go_sim/install/gazebo_sim/share/gazebo_sim//models/aws_robomaker_residential_RoomWall_01/meshes/aws_RoomWall_01_collision.DAE
[6.311s] -- Symlinking: /home/ardra/go_sim/install/gazebo_sim/share/gazebo_sim//models/aws_robomaker_residential_RoomWall_01/meshes/aws_RoomWall_01_visual.DAE
[6.324s] -- Symlinking: /home/ardra/go_sim/install/gazebo_sim/share/gazebo_sim//models/aws_robomaker_residential_RoomWall_01/model.config
[6.334s] -- Symlinking: /home/ardra/go_sim/install/gazebo_sim/share/gazebo_sim//models/aws_robomaker_residential_RoomWall_01/model.sdf
[6.345s] -- Symlinking: /home/ardra/go_sim/install/gazebo_sim/share/gazebo_sim//models/aws_robomaker_residential_RoomWindow_01/materials/textures/aws_RoomWindow_01.png
[6.356s] -- Symlinking: /home/ardra/go_sim/install/gazebo_sim/share/gazebo_sim//models/aws_robomaker_residential_RoomWindow_01/meshes/aws_RoomWindow_01_collision.DAE
[6.367s] -- Symlinking: /home/ardra/go_sim/install/gazebo_sim/share/gazebo_sim//models/aws_robomaker_residential_RoomWindow_01/meshes/aws_RoomWindow_01_visual.DAE
[6.377s] -- Symlinking: /home/ardra/go_sim/install/gazebo_sim/share/gazebo_sim//models/aws_robomaker_residential_RoomWindow_01/model.config
[6.387s] -- Symlinking: /home/ardra/go_sim/install/gazebo_sim/share/gazebo_sim//models/aws_robomaker_residential_RoomWindow_01/model.sdf
[6.398s] -- Symlinking: /home/ardra/go_sim/install/gazebo_sim/share/gazebo_sim//models/aws_robomaker_residential_SeasoningBox_01/materials/textures/aws_SeasoningBox_01.png
[6.408s] -- Symlinking: /home/ardra/go_sim/install/gazebo_sim/share/gazebo_sim//models/aws_robomaker_residential_SeasoningBox_01/meshes/aws_SeasoningBox_01_collision.DAE
[6.420s] -- Symlinking: /home/ardra/go_sim/install/gazebo_sim/share/gazebo_sim//models/aws_robomaker_residential_SeasoningBox_01/meshes/aws_SeasoningBox_01_visual.DAE
[6.431s] -- Symlinking: /home/ardra/go_sim/install/gazebo_sim/share/gazebo_sim//models/aws_robomaker_residential_SeasoningBox_01/model.config
[6.441s] -- Symlinking: /home/ardra/go_sim/install/gazebo_sim/share/gazebo_sim//models/aws_robomaker_residential_SeasoningBox_01/model.sdf
[6.451s] -- Symlinking: /home/ardra/go_sim/install/gazebo_sim/share/gazebo_sim//models/aws_robomaker_residential_SecurityCamera_01/materials/textures/aws_SecurityCamera_01.png
[6.462s] -- Symlinking: /home/ardra/go_sim/install/gazebo_sim/share/gazebo_sim//models/aws_robomaker_residential_SecurityCamera_01/meshes/aws_SecurityCamera_01_collision.DAE
[6.472s] -- Symlinking: /home/ardra/go_sim/install/gazebo_sim/share/gazebo_sim//models/aws_robomaker_residential_SecurityCamera_01/meshes/aws_SecurityCamera_01_visual.DAE
[6.482s] -- Symlinking: /home/ardra/go_sim/install/gazebo_sim/share/gazebo_sim//models/aws_robomaker_residential_SecurityCamera_01/model.config
[6.492s] -- Symlinking: /home/ardra/go_sim/install/gazebo_sim/share/gazebo_sim//models/aws_robomaker_residential_SecurityCamera_01/model.sdf
[6.502s] -- Symlinking: /home/ardra/go_sim/install/gazebo_sim/share/gazebo_sim//models/aws_robomaker_residential_ShoeRack_01/materials/textures/aws_ShoeRack_01.png
[6.513s] -- Symlinking: /home/ardra/go_sim/install/gazebo_sim/share/gazebo_sim//models/aws_robomaker_residential_ShoeRack_01/meshes/aws_ShoeRack_01_collision.DAE
[6.526s] -- Symlinking: /home/ardra/go_sim/install/gazebo_sim/share/gazebo_sim//models/aws_robomaker_residential_ShoeRack_01/meshes/aws_ShoeRack_01_visual.DAE
[6.536s] -- Symlinking: /home/ardra/go_sim/install/gazebo_sim/share/gazebo_sim//models/aws_robomaker_residential_ShoeRack_01/model.config
[6.547s] -- Symlinking: /home/ardra/go_sim/install/gazebo_sim/share/gazebo_sim//models/aws_robomaker_residential_ShoeRack_01/model.sdf
[6.557s] -- Symlinking: /home/ardra/go_sim/install/gazebo_sim/share/gazebo_sim//models/aws_robomaker_residential_SofaB_01/materials/textures/aws_SofaB_01.png
[6.567s] -- Symlinking: /home/ardra/go_sim/install/gazebo_sim/share/gazebo_sim//models/aws_robomaker_residential_SofaB_01/meshes/aws_SofaB_01_collision.DAE
[6.578s] -- Symlinking: /home/ardra/go_sim/install/gazebo_sim/share/gazebo_sim//models/aws_robomaker_residential_SofaB_01/meshes/aws_SofaB_01_visual.DAE
[6.588s] -- Symlinking: /home/ardra/go_sim/install/gazebo_sim/share/gazebo_sim//models/aws_robomaker_residential_SofaB_01/model.config
[6.599s] -- Symlinking: /home/ardra/go_sim/install/gazebo_sim/share/gazebo_sim//models/aws_robomaker_residential_SofaB_01/model.sdf
[6.610s] -- Symlinking: /home/ardra/go_sim/install/gazebo_sim/share/gazebo_sim//models/aws_robomaker_residential_SofaC_01/materials/textures/aws_SofaC_01.png
[6.623s] -- Symlinking: /home/ardra/go_sim/install/gazebo_sim/share/gazebo_sim//models/aws_robomaker_residential_SofaC_01/meshes/aws_SofaC_01_collision.DAE
[6.634s] -- Symlinking: /home/ardra/go_sim/install/gazebo_sim/share/gazebo_sim//models/aws_robomaker_residential_SofaC_01/meshes/aws_SofaC_01_visual.DAE
[6.646s] -- Symlinking: /home/ardra/go_sim/install/gazebo_sim/share/gazebo_sim//models/aws_robomaker_residential_SofaC_01/model.config
[6.657s] -- Symlinking: /home/ardra/go_sim/install/gazebo_sim/share/gazebo_sim//models/aws_robomaker_residential_SofaC_01/model.sdf
[6.667s] -- Symlinking: /home/ardra/go_sim/install/gazebo_sim/share/gazebo_sim//models/aws_robomaker_residential_Sofa_01/materials/textures/aws_Sofa_01.png
[6.678s] -- Symlinking: /home/ardra/go_sim/install/gazebo_sim/share/gazebo_sim//models/aws_robomaker_residential_Sofa_01/meshes/aws_Sofa_01.DAE
[6.688s] -- Symlinking: /home/ardra/go_sim/install/gazebo_sim/share/gazebo_sim//models/aws_robomaker_residential_Sofa_01/meshes/aws_Sofa_01_collision.DAE
[6.699s] -- Symlinking: /home/ardra/go_sim/install/gazebo_sim/share/gazebo_sim//models/aws_robomaker_residential_Sofa_01/meshes/aws_Sofa_01_visual.DAE
[6.710s] -- Symlinking: /home/ardra/go_sim/install/gazebo_sim/share/gazebo_sim//models/aws_robomaker_residential_Sofa_01/model.config
[6.723s] -- Symlinking: /home/ardra/go_sim/install/gazebo_sim/share/gazebo_sim//models/aws_robomaker_residential_Sofa_01/model.sdf
[6.733s] -- Symlinking: /home/ardra/go_sim/install/gazebo_sim/share/gazebo_sim//models/aws_robomaker_residential_TVCabinet_01/materials/textures/aws_TVCabinet_01.png
[6.744s] -- Symlinking: /home/ardra/go_sim/install/gazebo_sim/share/gazebo_sim//models/aws_robomaker_residential_TVCabinet_01/meshes/aws_TVCabinet_01_collision.DAE
[6.761s] -- Symlinking: /home/ardra/go_sim/install/gazebo_sim/share/gazebo_sim//models/aws_robomaker_residential_TVCabinet_01/meshes/aws_TVCabinet_01_visual.DAE
[6.774s] -- Symlinking: /home/ardra/go_sim/install/gazebo_sim/share/gazebo_sim//models/aws_robomaker_residential_TVCabinet_01/model.config
[6.787s] -- Symlinking: /home/ardra/go_sim/install/gazebo_sim/share/gazebo_sim//models/aws_robomaker_residential_TVCabinet_01/model.sdf
[6.798s] -- Symlinking: /home/ardra/go_sim/install/gazebo_sim/share/gazebo_sim//models/aws_robomaker_residential_TV_01/materials/textures/aws_TV_01.png
[6.809s] -- Symlinking: /home/ardra/go_sim/install/gazebo_sim/share/gazebo_sim//models/aws_robomaker_residential_TV_01/meshes/aws_TV_01_collision.DAE
[6.822s] -- Symlinking: /home/ardra/go_sim/install/gazebo_sim/share/gazebo_sim//models/aws_robomaker_residential_TV_01/meshes/aws_TV_01_visual.DAE
[6.833s] -- Symlinking: /home/ardra/go_sim/install/gazebo_sim/share/gazebo_sim//models/aws_robomaker_residential_TV_01/model.config
[6.853s] -- Symlinking: /home/ardra/go_sim/install/gazebo_sim/share/gazebo_sim//models/aws_robomaker_residential_TV_01/model.sdf
[6.871s] -- Symlinking: /home/ardra/go_sim/install/gazebo_sim/share/gazebo_sim//models/aws_robomaker_residential_TV_02/materials/textures/aws_TV_01.png
[6.882s] -- Symlinking: /home/ardra/go_sim/install/gazebo_sim/share/gazebo_sim//models/aws_robomaker_residential_TV_02/meshes/aws_TV_01_collision.DAE
[6.893s] -- Symlinking: /home/ardra/go_sim/install/gazebo_sim/share/gazebo_sim//models/aws_robomaker_residential_TV_02/meshes/aws_TV_01_visual.DAE
[6.914s] -- Symlinking: /home/ardra/go_sim/install/gazebo_sim/share/gazebo_sim//models/aws_robomaker_residential_TV_02/model.config
[6.934s] -- Symlinking: /home/ardra/go_sim/install/gazebo_sim/share/gazebo_sim//models/aws_robomaker_residential_TV_02/model.sdf
[6.957s] -- Symlinking: /home/ardra/go_sim/install/gazebo_sim/share/gazebo_sim//models/aws_robomaker_residential_Tablet_01/.DS_Store
[6.978s] -- Symlinking: /home/ardra/go_sim/install/gazebo_sim/share/gazebo_sim//models/aws_robomaker_residential_Tablet_01/materials/.DS_Store
[6.992s] -- Symlinking: /home/ardra/go_sim/install/gazebo_sim/share/gazebo_sim//models/aws_robomaker_residential_Tablet_01/materials/textures/aws_Tablet_01_nologo.png
[7.005s] -- Symlinking: /home/ardra/go_sim/install/gazebo_sim/share/gazebo_sim//models/aws_robomaker_residential_Tablet_01/meshes/aws_Tablet_01_collision.DAE
[7.020s] -- Symlinking: /home/ardra/go_sim/install/gazebo_sim/share/gazebo_sim//models/aws_robomaker_residential_Tablet_01/meshes/aws_Tablet_01_visual.DAE
[7.031s] -- Symlinking: /home/ardra/go_sim/install/gazebo_sim/share/gazebo_sim//models/aws_robomaker_residential_Tablet_01/model.config
[7.041s] -- Symlinking: /home/ardra/go_sim/install/gazebo_sim/share/gazebo_sim//models/aws_robomaker_residential_Tablet_01/model.sdf
[7.051s] -- Symlinking: /home/ardra/go_sim/install/gazebo_sim/share/gazebo_sim//models/aws_robomaker_residential_Tableware_01/materials/textures/aws_Tableware_01.png
[7.066s] -- Symlinking: /home/ardra/go_sim/install/gazebo_sim/share/gazebo_sim//models/aws_robomaker_residential_Tableware_01/meshes/aws_Tableware_01_collision.DAE
[7.081s] -- Symlinking: /home/ardra/go_sim/install/gazebo_sim/share/gazebo_sim//models/aws_robomaker_residential_Tableware_01/meshes/aws_Tableware_01_visual.DAE
[7.095s] -- Symlinking: /home/ardra/go_sim/install/gazebo_sim/share/gazebo_sim//models/aws_robomaker_residential_Tableware_01/model.config
[7.110s] -- Symlinking: /home/ardra/go_sim/install/gazebo_sim/share/gazebo_sim//models/aws_robomaker_residential_Tableware_01/model.sdf
[7.125s] -- Symlinking: /home/ardra/go_sim/install/gazebo_sim/share/gazebo_sim//models/aws_robomaker_residential_Trash_01/materials/textures/aws_Trash_01.png
[7.140s] -- Symlinking: /home/ardra/go_sim/install/gazebo_sim/share/gazebo_sim//models/aws_robomaker_residential_Trash_01/meshes/aws_Trash_01_collision.DAE
[7.156s] -- Symlinking: /home/ardra/go_sim/install/gazebo_sim/share/gazebo_sim//models/aws_robomaker_residential_Trash_01/meshes/aws_Trash_01_visual.DAE
[7.170s] -- Symlinking: /home/ardra/go_sim/install/gazebo_sim/share/gazebo_sim//models/aws_robomaker_residential_Trash_01/model.config
[7.184s] -- Symlinking: /home/ardra/go_sim/install/gazebo_sim/share/gazebo_sim//models/aws_robomaker_residential_Trash_01/model.sdf
[7.199s] -- Symlinking: /home/ardra/go_sim/install/gazebo_sim/share/gazebo_sim//models/aws_robomaker_residential_Vase_01/materials/textures/aws_Vase_01.png
[7.214s] -- Symlinking: /home/ardra/go_sim/install/gazebo_sim/share/gazebo_sim//models/aws_robomaker_residential_Vase_01/meshes/aws_Vase_01_collision.DAE
[7.231s] -- Symlinking: /home/ardra/go_sim/install/gazebo_sim/share/gazebo_sim//models/aws_robomaker_residential_Vase_01/meshes/aws_Vase_01_visual.DAE
[7.247s] -- Symlinking: /home/ardra/go_sim/install/gazebo_sim/share/gazebo_sim//models/aws_robomaker_residential_Vase_01/model.config
[7.261s] -- Symlinking: /home/ardra/go_sim/install/gazebo_sim/share/gazebo_sim//models/aws_robomaker_residential_Vase_01/model.sdf
[7.275s] -- Symlinking: /home/ardra/go_sim/install/gazebo_sim/share/gazebo_sim//models/aws_robomaker_residential_Wardrobe_01/materials/textures/aws_Wardrobe_01.png
[7.289s] -- Symlinking: /home/ardra/go_sim/install/gazebo_sim/share/gazebo_sim//models/aws_robomaker_residential_Wardrobe_01/meshes/aws_Wardrobe_01_collision.DAE
[7.303s] -- Symlinking: /home/ardra/go_sim/install/gazebo_sim/share/gazebo_sim//models/aws_robomaker_residential_Wardrobe_01/meshes/aws_Wardrobe_01_visual.DAE
[7.318s] -- Symlinking: /home/ardra/go_sim/install/gazebo_sim/share/gazebo_sim//models/aws_robomaker_residential_Wardrobe_01/model.config
[7.333s] -- Symlinking: /home/ardra/go_sim/install/gazebo_sim/share/gazebo_sim//models/aws_robomaker_residential_Wardrobe_01/model.sdf
[7.347s] -- Symlinking: /home/ardra/go_sim/install/gazebo_sim/share/gazebo_sim//models/aws_robomaker_warehouse_Bucket_01/.DS_Store
[7.360s] -- Symlinking: /home/ardra/go_sim/install/gazebo_sim/share/gazebo_sim//models/aws_robomaker_warehouse_Bucket_01/materials/.DS_Store
[7.374s] -- Symlinking: /home/ardra/go_sim/install/gazebo_sim/share/gazebo_sim//models/aws_robomaker_warehouse_Bucket_01/materials/textures/aws_robomaker_warehouse_Bucket_01.png
[7.387s] -- Symlinking: /home/ardra/go_sim/install/gazebo_sim/share/gazebo_sim//models/aws_robomaker_warehouse_Bucket_01/meshes/aws_robomaker_warehouse_Bucket_01_collision.DAE
[7.400s] -- Symlinking: /home/ardra/go_sim/install/gazebo_sim/share/gazebo_sim//models/aws_robomaker_warehouse_Bucket_01/meshes/aws_robomaker_warehouse_Bucket_01_visual.DAE
[7.413s] -- Symlinking: /home/ardra/go_sim/install/gazebo_sim/share/gazebo_sim//models/aws_robomaker_warehouse_Bucket_01/model.config
[7.428s] -- Symlinking: /home/ardra/go_sim/install/gazebo_sim/share/gazebo_sim//models/aws_robomaker_warehouse_Bucket_01/model.sdf
[7.442s] -- Symlinking: /home/ardra/go_sim/install/gazebo_sim/share/gazebo_sim//models/aws_robomaker_warehouse_ClutteringA_01/.DS_Store
[7.455s] -- Symlinking: /home/ardra/go_sim/install/gazebo_sim/share/gazebo_sim//models/aws_robomaker_warehouse_ClutteringA_01/materials/.DS_Store
[7.467s] -- Symlinking: /home/ardra/go_sim/install/gazebo_sim/share/gazebo_sim//models/aws_robomaker_warehouse_ClutteringA_01/materials/textures/.DS_Store
[7.480s] -- Symlinking: /home/ardra/go_sim/install/gazebo_sim/share/gazebo_sim//models/aws_robomaker_warehouse_ClutteringA_01/materials/textures/aws_robomaker_warehouse_ClutteringA_01.png
[7.493s] -- Symlinking: /home/ardra/go_sim/install/gazebo_sim/share/gazebo_sim//models/aws_robomaker_warehouse_ClutteringA_01/materials/textures/aws_robomaker_warehouse_ClutteringA_02.png
[7.506s] -- Symlinking: /home/ardra/go_sim/install/gazebo_sim/share/gazebo_sim//models/aws_robomaker_warehouse_ClutteringA_01/materials/textures/aws_robomaker_warehouse_ClutteringA_03.png
[7.520s] -- Symlinking: /home/ardra/go_sim/install/gazebo_sim/share/gazebo_sim//models/aws_robomaker_warehouse_ClutteringA_01/meshes/aws_robomaker_warehouse_ClutteringA_01_collision.DAE
[7.534s] -- Symlinking: /home/ardra/go_sim/install/gazebo_sim/share/gazebo_sim//models/aws_robomaker_warehouse_ClutteringA_01/meshes/aws_robomaker_warehouse_ClutteringA_01_visual.DAE
[7.547s] -- Symlinking: /home/ardra/go_sim/install/gazebo_sim/share/gazebo_sim//models/aws_robomaker_warehouse_ClutteringA_01/model.config
[7.561s] -- Symlinking: /home/ardra/go_sim/install/gazebo_sim/share/gazebo_sim//models/aws_robomaker_warehouse_ClutteringA_01/model.sdf
[7.574s] -- Symlinking: /home/ardra/go_sim/install/gazebo_sim/share/gazebo_sim//models/aws_robomaker_warehouse_ClutteringC_01/materials/textures/aws_robomaker_warehouse_ClutteringC_01.png
[7.586s] -- Symlinking: /home/ardra/go_sim/install/gazebo_sim/share/gazebo_sim//models/aws_robomaker_warehouse_ClutteringC_01/materials/textures/aws_robomaker_warehouse_ClutteringC_02.png
[7.599s] -- Symlinking: /home/ardra/go_sim/install/gazebo_sim/share/gazebo_sim//models/aws_robomaker_warehouse_ClutteringC_01/meshes/aws_robomaker_warehouse_ClutteringC_01_collision.DAE
[7.612s] -- Symlinking: /home/ardra/go_sim/install/gazebo_sim/share/gazebo_sim//models/aws_robomaker_warehouse_ClutteringC_01/meshes/aws_robomaker_warehouse_ClutteringC_01_visual.DAE
[7.627s] -- Symlinking: /home/ardra/go_sim/install/gazebo_sim/share/gazebo_sim//models/aws_robomaker_warehouse_ClutteringC_01/model.config
[7.640s] -- Symlinking: /home/ardra/go_sim/install/gazebo_sim/share/gazebo_sim//models/aws_robomaker_warehouse_ClutteringC_01/model.sdf
[7.653s] -- Symlinking: /home/ardra/go_sim/install/gazebo_sim/share/gazebo_sim//models/aws_robomaker_warehouse_ClutteringD_01/materials/textures/aws_robomaker_warehouse_ClutteringD_01.png
[7.666s] -- Symlinking: /home/ardra/go_sim/install/gazebo_sim/share/gazebo_sim//models/aws_robomaker_warehouse_ClutteringD_01/materials/textures/aws_robomaker_warehouse_ClutteringD_02.png
[7.679s] -- Symlinking: /home/ardra/go_sim/install/gazebo_sim/share/gazebo_sim//models/aws_robomaker_warehouse_ClutteringD_01/meshes/aws_robomaker_warehouse_ClutteringD_01_collision.DAE
[7.692s] -- Symlinking: /home/ardra/go_sim/install/gazebo_sim/share/gazebo_sim//models/aws_robomaker_warehouse_ClutteringD_01/meshes/aws_robomaker_warehouse_ClutteringD_01_visual.DAE
[7.704s] -- Symlinking: /home/ardra/go_sim/install/gazebo_sim/share/gazebo_sim//models/aws_robomaker_warehouse_ClutteringD_01/model.config
[7.719s] -- Symlinking: /home/ardra/go_sim/install/gazebo_sim/share/gazebo_sim//models/aws_robomaker_warehouse_ClutteringD_01/model.sdf
[7.733s] -- Symlinking: /home/ardra/go_sim/install/gazebo_sim/share/gazebo_sim//models/aws_robomaker_warehouse_DeskC_01/materials/.DS_Store
[7.746s] -- Symlinking: /home/ardra/go_sim/install/gazebo_sim/share/gazebo_sim//models/aws_robomaker_warehouse_DeskC_01/materials/textures/aws_robomaker_warehouse_DeskC_01.png
[7.759s] -- Symlinking: /home/ardra/go_sim/install/gazebo_sim/share/gazebo_sim//models/aws_robomaker_warehouse_DeskC_01/materials/textures/aws_robomaker_warehouse_DeskC_02.png
[7.772s] -- Symlinking: /home/ardra/go_sim/install/gazebo_sim/share/gazebo_sim//models/aws_robomaker_warehouse_DeskC_01/materials/textures/aws_robomaker_warehouse_DeskC_03.png
[7.785s] -- Symlinking: /home/ardra/go_sim/install/gazebo_sim/share/gazebo_sim//models/aws_robomaker_warehouse_DeskC_01/materials/textures/aws_robomaker_warehouse_DeskC_03.psd
[7.798s] -- Symlinking: /home/ardra/go_sim/install/gazebo_sim/share/gazebo_sim//models/aws_robomaker_warehouse_DeskC_01/materials/textures/aws_robomaker_warehouse_DeskC_04.png
[7.812s] -- Symlinking: /home/ardra/go_sim/install/gazebo_sim/share/gazebo_sim//models/aws_robomaker_warehouse_DeskC_01/meshes/aws_robomaker_warehouse_DeskC_01_collision.DAE
[7.831s] -- Symlinking: /home/ardra/go_sim/install/gazebo_sim/share/gazebo_sim//models/aws_robomaker_warehouse_DeskC_01/meshes/aws_robomaker_warehouse_DeskC_01_visual.DAE
[7.848s] -- Symlinking: /home/ardra/go_sim/install/gazebo_sim/share/gazebo_sim//models/aws_robomaker_warehouse_DeskC_01/model.config
[7.862s] -- Symlinking: /home/ardra/go_sim/install/gazebo_sim/share/gazebo_sim//models/aws_robomaker_warehouse_DeskC_01/model.sdf
[7.877s] -- Symlinking: /home/ardra/go_sim/install/gazebo_sim/share/gazebo_sim//models/aws_robomaker_warehouse_GroundB_01/materials/textures/aws_robomaker_warehouse_GroundB_01.png
[7.897s] -- Symlinking: /home/ardra/go_sim/install/gazebo_sim/share/gazebo_sim//models/aws_robomaker_warehouse_GroundB_01/materials/textures/aws_robomaker_warehouse_GroundB_02.png
[7.925s] -- Symlinking: /home/ardra/go_sim/install/gazebo_sim/share/gazebo_sim//models/aws_robomaker_warehouse_GroundB_01/meshes/aws_robomaker_warehouse_GroundB_01_collision.DAE
[7.949s] -- Symlinking: /home/ardra/go_sim/install/gazebo_sim/share/gazebo_sim//models/aws_robomaker_warehouse_GroundB_01/meshes/aws_robomaker_warehouse_GroundB_01_visual.DAE
[7.971s] -- Symlinking: /home/ardra/go_sim/install/gazebo_sim/share/gazebo_sim//models/aws_robomaker_warehouse_GroundB_01/model.config
[7.990s] -- Symlinking: /home/ardra/go_sim/install/gazebo_sim/share/gazebo_sim//models/aws_robomaker_warehouse_GroundB_01/model.sdf
[8.009s] -- Symlinking: /home/ardra/go_sim/install/gazebo_sim/share/gazebo_sim//models/aws_robomaker_warehouse_Lamp_01/materials/textures/aws_robomaker_warehouse_Lamp_01.png
[8.027s] -- Symlinking: /home/ardra/go_sim/install/gazebo_sim/share/gazebo_sim//models/aws_robomaker_warehouse_Lamp_01/meshes/aws_robomaker_warehouse_Lamp_01_collision.DAE
[8.049s] -- Symlinking: /home/ardra/go_sim/install/gazebo_sim/share/gazebo_sim//models/aws_robomaker_warehouse_Lamp_01/meshes/aws_robomaker_warehouse_Lamp_01_visual.DAE
[8.072s] -- Symlinking: /home/ardra/go_sim/install/gazebo_sim/share/gazebo_sim//models/aws_robomaker_warehouse_Lamp_01/model.config
[8.093s] -- Symlinking: /home/ardra/go_sim/install/gazebo_sim/share/gazebo_sim//models/aws_robomaker_warehouse_Lamp_01/model.sdf
[8.121s] -- Symlinking: /home/ardra/go_sim/install/gazebo_sim/share/gazebo_sim//models/aws_robomaker_warehouse_PalletJackB_01/.DS_Store
[8.145s] -- Symlinking: /home/ardra/go_sim/install/gazebo_sim/share/gazebo_sim//models/aws_robomaker_warehouse_PalletJackB_01/materials/.DS_Store
[8.167s] -- Symlinking: /home/ardra/go_sim/install/gazebo_sim/share/gazebo_sim//models/aws_robomaker_warehouse_PalletJackB_01/materials/textures/aws_robomaker_warehouse_PalletJackB_01.png
[8.191s] -- Symlinking: /home/ardra/go_sim/install/gazebo_sim/share/gazebo_sim//models/aws_robomaker_warehouse_PalletJackB_01/materials/textures/aws_robomaker_warehouse_PalletJackB_02.png
[8.218s] -- Symlinking: /home/ardra/go_sim/install/gazebo_sim/share/gazebo_sim//models/aws_robomaker_warehouse_PalletJackB_01/meshes/aws_robomaker_warehouse_PalletJackB_01_collision.DAE
[8.238s] -- Symlinking: /home/ardra/go_sim/install/gazebo_sim/share/gazebo_sim//models/aws_robomaker_warehouse_PalletJackB_01/meshes/aws_robomaker_warehouse_PalletJackB_01_visual.DAE
[8.262s] -- Symlinking: /home/ardra/go_sim/install/gazebo_sim/share/gazebo_sim//models/aws_robomaker_warehouse_PalletJackB_01/model.config
[8.283s] -- Symlinking: /home/ardra/go_sim/install/gazebo_sim/share/gazebo_sim//models/aws_robomaker_warehouse_PalletJackB_01/model.sdf
[8.305s] -- Symlinking: /home/ardra/go_sim/install/gazebo_sim/share/gazebo_sim//models/aws_robomaker_warehouse_RoofB_01/materials/textures/aws_robomaker_warehouse_RoofB_01.png
[8.329s] -- Symlinking: /home/ardra/go_sim/install/gazebo_sim/share/gazebo_sim//models/aws_robomaker_warehouse_RoofB_01/meshes/aws_robomaker_warehouse_RoofB_01_collision.DAE
[8.352s] -- Symlinking: /home/ardra/go_sim/install/gazebo_sim/share/gazebo_sim//models/aws_robomaker_warehouse_RoofB_01/meshes/aws_robomaker_warehouse_RoofB_01_visual.DAE
[8.376s] -- Symlinking: /home/ardra/go_sim/install/gazebo_sim/share/gazebo_sim//models/aws_robomaker_warehouse_RoofB_01/model.config
[8.399s] -- Symlinking: /home/ardra/go_sim/install/gazebo_sim/share/gazebo_sim//models/aws_robomaker_warehouse_RoofB_01/model.sdf
[8.426s] -- Symlinking: /home/ardra/go_sim/install/gazebo_sim/share/gazebo_sim//models/aws_robomaker_warehouse_ShelfD_01/materials/textures/aws_robomaker_warehouse_ShelfD_01.png
[8.451s] -- Symlinking: /home/ardra/go_sim/install/gazebo_sim/share/gazebo_sim//models/aws_robomaker_warehouse_ShelfD_01/materials/textures/aws_robomaker_warehouse_ShelfD_02.png
[8.477s] -- Symlinking: /home/ardra/go_sim/install/gazebo_sim/share/gazebo_sim//models/aws_robomaker_warehouse_ShelfD_01/materials/textures/aws_robomaker_warehouse_ShelfD_03.png
[8.499s] -- Symlinking: /home/ardra/go_sim/install/gazebo_sim/share/gazebo_sim//models/aws_robomaker_warehouse_ShelfD_01/materials/textures/aws_robomaker_warehouse_ShelfD_04.png
[8.527s] -- Symlinking: /home/ardra/go_sim/install/gazebo_sim/share/gazebo_sim//models/aws_robomaker_warehouse_ShelfD_01/meshes/aws_robomaker_warehouse_ShelfD_01_collision.DAE
[8.556s] -- Symlinking: /home/ardra/go_sim/install/gazebo_sim/share/gazebo_sim//models/aws_robomaker_warehouse_ShelfD_01/meshes/aws_robomaker_warehouse_ShelfD_01_visual.DAE
[8.578s] -- Symlinking: /home/ardra/go_sim/install/gazebo_sim/share/gazebo_sim//models/aws_robomaker_warehouse_ShelfD_01/model.config
[8.600s] -- Symlinking: /home/ardra/go_sim/install/gazebo_sim/share/gazebo_sim//models/aws_robomaker_warehouse_ShelfD_01/model.sdf
[8.622s] -- Symlinking: /home/ardra/go_sim/install/gazebo_sim/share/gazebo_sim//models/aws_robomaker_warehouse_ShelfE_01/.DS_Store
[8.649s] -- Symlinking: /home/ardra/go_sim/install/gazebo_sim/share/gazebo_sim//models/aws_robomaker_warehouse_ShelfE_01/materials/.DS_Store
[8.671s] -- Symlinking: /home/ardra/go_sim/install/gazebo_sim/share/gazebo_sim//models/aws_robomaker_warehouse_ShelfE_01/materials/textures/aws_robomaker_warehouse_ShelfE_01.png
[8.695s] -- Symlinking: /home/ardra/go_sim/install/gazebo_sim/share/gazebo_sim//models/aws_robomaker_warehouse_ShelfE_01/materials/textures/aws_robomaker_warehouse_ShelfE_02.png
[8.717s] -- Symlinking: /home/ardra/go_sim/install/gazebo_sim/share/gazebo_sim//models/aws_robomaker_warehouse_ShelfE_01/materials/textures/aws_robomaker_warehouse_ShelfE_03.png
[8.746s] -- Symlinking: /home/ardra/go_sim/install/gazebo_sim/share/gazebo_sim//models/aws_robomaker_warehouse_ShelfE_01/materials/textures/aws_robomaker_warehouse_ShelfE_04.png
[8.767s] -- Symlinking: /home/ardra/go_sim/install/gazebo_sim/share/gazebo_sim//models/aws_robomaker_warehouse_ShelfE_01/meshes/aws_robomaker_warehouse_ShelfE_01_collision.DAE
[8.790s] -- Symlinking: /home/ardra/go_sim/install/gazebo_sim/share/gazebo_sim//models/aws_robomaker_warehouse_ShelfE_01/meshes/aws_robomaker_warehouse_ShelfE_01_visual.DAE
[8.814s] -- Symlinking: /home/ardra/go_sim/install/gazebo_sim/share/gazebo_sim//models/aws_robomaker_warehouse_ShelfE_01/model.config
[8.831s] -- Symlinking: /home/ardra/go_sim/install/gazebo_sim/share/gazebo_sim//models/aws_robomaker_warehouse_ShelfE_01/model.sdf
[8.846s] -- Symlinking: /home/ardra/go_sim/install/gazebo_sim/share/gazebo_sim//models/aws_robomaker_warehouse_ShelfF_01/materials/textures/aws_robomaker_warehouse_ShelfF_01.png
[8.861s] -- Symlinking: /home/ardra/go_sim/install/gazebo_sim/share/gazebo_sim//models/aws_robomaker_warehouse_ShelfF_01/materials/textures/aws_robomaker_warehouse_ShelfF_02.png
[8.875s] -- Symlinking: /home/ardra/go_sim/install/gazebo_sim/share/gazebo_sim//models/aws_robomaker_warehouse_ShelfF_01/materials/textures/aws_robomaker_warehouse_ShelfF_03.png
[8.890s] -- Symlinking: /home/ardra/go_sim/install/gazebo_sim/share/gazebo_sim//models/aws_robomaker_warehouse_ShelfF_01/meshes/aws_robomaker_warehouse_ShelfF_01_collision.DAE
[8.904s] -- Symlinking: /home/ardra/go_sim/install/gazebo_sim/share/gazebo_sim//models/aws_robomaker_warehouse_ShelfF_01/meshes/aws_robomaker_warehouse_ShelfF_01_visual.DAE
[8.921s] -- Symlinking: /home/ardra/go_sim/install/gazebo_sim/share/gazebo_sim//models/aws_robomaker_warehouse_ShelfF_01/model.config
[8.943s] -- Symlinking: /home/ardra/go_sim/install/gazebo_sim/share/gazebo_sim//models/aws_robomaker_warehouse_ShelfF_01/model.sdf
[8.961s] -- Symlinking: /home/ardra/go_sim/install/gazebo_sim/share/gazebo_sim//models/aws_robomaker_warehouse_TrashCanC_01/materials/textures/aws_robomaker_warehouse_TrashCanC_01.png
[8.975s] -- Symlinking: /home/ardra/go_sim/install/gazebo_sim/share/gazebo_sim//models/aws_robomaker_warehouse_TrashCanC_01/meshes/aws_robomaker_warehouse_TrashCanC_01_collision.DAE
[8.994s] -- Symlinking: /home/ardra/go_sim/install/gazebo_sim/share/gazebo_sim//models/aws_robomaker_warehouse_TrashCanC_01/meshes/aws_robomaker_warehouse_TrashCanC_01_visual.DAE
[9.015s] -- Symlinking: /home/ardra/go_sim/install/gazebo_sim/share/gazebo_sim//models/aws_robomaker_warehouse_TrashCanC_01/model.config
[9.039s] -- Symlinking: /home/ardra/go_sim/install/gazebo_sim/share/gazebo_sim//models/aws_robomaker_warehouse_TrashCanC_01/model.sdf
[9.060s] -- Symlinking: /home/ardra/go_sim/install/gazebo_sim/share/gazebo_sim//models/aws_robomaker_warehouse_WallB_01/materials/textures/aws_robomaker_warehouse_WallB_01.png
[9.074s] -- Symlinking: /home/ardra/go_sim/install/gazebo_sim/share/gazebo_sim//models/aws_robomaker_warehouse_WallB_01/meshes/aws_robomaker_warehouse_WallB_01_collision.DAE
[9.090s] -- Symlinking: /home/ardra/go_sim/install/gazebo_sim/share/gazebo_sim//models/aws_robomaker_warehouse_WallB_01/meshes/aws_robomaker_warehouse_WallB_01_visual.DAE
[9.104s] -- Symlinking: /home/ardra/go_sim/install/gazebo_sim/share/gazebo_sim//models/aws_robomaker_warehouse_WallB_01/model.config
[9.118s] -- Symlinking: /home/ardra/go_sim/install/gazebo_sim/share/gazebo_sim//models/aws_robomaker_warehouse_WallB_01/model.sdf
[9.138s] -- Symlinking: /home/ardra/go_sim/install/gazebo_sim/share/gazebo_sim//models/brown_table/model.config
[9.152s] -- Symlinking: /home/ardra/go_sim/install/gazebo_sim/share/gazebo_sim//models/brown_table/model.sdf
[9.166s] -- Symlinking: /home/ardra/go_sim/install/gazebo_sim/share/gazebo_sim//models/cafe/materials/textures/__auto_10.jpg
[9.180s] -- Symlinking: /home/ardra/go_sim/install/gazebo_sim/share/gazebo_sim//models/cafe/materials/textures/__auto_2.jpg
[9.194s] -- Symlinking: /home/ardra/go_sim/install/gazebo_sim/share/gazebo_sim//models/cafe/materials/textures/__auto_21.jpg
[9.208s] -- Symlinking: /home/ardra/go_sim/install/gazebo_sim/share/gazebo_sim//models/cafe/materials/textures/__auto_22.jpg
[9.223s] -- Symlinking: /home/ardra/go_sim/install/gazebo_sim/share/gazebo_sim//models/cafe/materials/textures/__auto_23.jpg
[9.243s] -- Symlinking: /home/ardra/go_sim/install/gazebo_sim/share/gazebo_sim//models/cafe/materials/textures/__auto_24.jpg
[9.256s] -- Symlinking: /home/ardra/go_sim/install/gazebo_sim/share/gazebo_sim//models/cafe/materials/textures/__auto_25.jpg
[9.270s] -- Symlinking: /home/ardra/go_sim/install/gazebo_sim/share/gazebo_sim//models/cafe/materials/textures/__auto_26.jpg
[9.284s] -- Symlinking: /home/ardra/go_sim/install/gazebo_sim/share/gazebo_sim//models/cafe/materials/textures/__auto_28.jpg
[9.299s] -- Symlinking: /home/ardra/go_sim/install/gazebo_sim/share/gazebo_sim//models/cafe/materials/textures/__auto_29.jpg
[9.313s] -- Symlinking: /home/ardra/go_sim/install/gazebo_sim/share/gazebo_sim//models/cafe/materials/textures/__auto_30.jpg
[9.328s] -- Symlinking: /home/ardra/go_sim/install/gazebo_sim/share/gazebo_sim//models/cafe/materials/textures/__auto_31.jpg
[9.344s] -- Symlinking: /home/ardra/go_sim/install/gazebo_sim/share/gazebo_sim//models/cafe/materials/textures/__auto_34.jpg
[9.358s] -- Symlinking: /home/ardra/go_sim/install/gazebo_sim/share/gazebo_sim//models/cafe/materials/textures/__auto_35.jpg
[9.373s] -- Symlinking: /home/ardra/go_sim/install/gazebo_sim/share/gazebo_sim//models/cafe/materials/textures/__auto_37.jpg
[9.387s] -- Symlinking: /home/ardra/go_sim/install/gazebo_sim/share/gazebo_sim//models/cafe/meshes/cafe.dae
[9.401s] -- Symlinking: /home/ardra/go_sim/install/gazebo_sim/share/gazebo_sim//models/cafe/model.config
[9.416s] -- Symlinking: /home/ardra/go_sim/install/gazebo_sim/share/gazebo_sim//models/cafe/model.sdf
[9.431s] -- Symlinking: /home/ardra/go_sim/install/gazebo_sim/share/gazebo_sim//models/cafe_counter/materials/textures/cafe_counter.png
[9.447s] -- Symlinking: /home/ardra/go_sim/install/gazebo_sim/share/gazebo_sim//models/cafe_counter/meshes/cafe_counter.mtl
[9.469s] -- Symlinking: /home/ardra/go_sim/install/gazebo_sim/share/gazebo_sim//models/cafe_counter/meshes/cafe_counter.obj
[9.491s] -- Symlinking: /home/ardra/go_sim/install/gazebo_sim/share/gazebo_sim//models/cafe_counter/meshes/counter_no_sink.obj
[9.513s] -- Symlinking: /home/ardra/go_sim/install/gazebo_sim/share/gazebo_sim//models/cafe_counter/meshes/counter_sink.obj
[9.534s] -- Symlinking: /home/ardra/go_sim/install/gazebo_sim/share/gazebo_sim//models/cafe_counter/model.config
[9.550s] -- Symlinking: /home/ardra/go_sim/install/gazebo_sim/share/gazebo_sim//models/cafe_counter/model.sdf
[9.565s] -- Symlinking: /home/ardra/go_sim/install/gazebo_sim/share/gazebo_sim//models/cafe_table/materials/textures/Maple.jpg
[9.579s] -- Symlinking: /home/ardra/go_sim/install/gazebo_sim/share/gazebo_sim//models/cafe_table/materials/textures/Wood_Floor_Dark.jpg
[9.593s] -- Symlinking: /home/ardra/go_sim/install/gazebo_sim/share/gazebo_sim//models/cafe_table/meshes/cafe_table.dae
[9.607s] -- Symlinking: /home/ardra/go_sim/install/gazebo_sim/share/gazebo_sim//models/cafe_table/model-1_4.sdf
[9.620s] -- Symlinking: /home/ardra/go_sim/install/gazebo_sim/share/gazebo_sim//models/cafe_table/model.config
[9.635s] -- Symlinking: /home/ardra/go_sim/install/gazebo_sim/share/gazebo_sim//models/cafe_table/model.sdf
[9.649s] -- Symlinking: /home/ardra/go_sim/install/gazebo_sim/share/gazebo_sim//models/cardboard_box/materials/textures/cardboard_box.png
[9.662s] -- Symlinking: /home/ardra/go_sim/install/gazebo_sim/share/gazebo_sim//models/cardboard_box/meshes/cardboard_box.dae
[9.675s] -- Symlinking: /home/ardra/go_sim/install/gazebo_sim/share/gazebo_sim//models/cardboard_box/meshes/cardboard_box.png
[9.688s] -- Symlinking: /home/ardra/go_sim/install/gazebo_sim/share/gazebo_sim//models/cardboard_box/model.config
[9.702s] -- Symlinking: /home/ardra/go_sim/install/gazebo_sim/share/gazebo_sim//models/cardboard_box/model.sdf
[9.715s] -- Symlinking: /home/ardra/go_sim/install/gazebo_sim/share/gazebo_sim//models/cheezit_big_original/meshes/cheez_tex_0.jpg
[9.729s] -- Symlinking: /home/ardra/go_sim/install/gazebo_sim/share/gazebo_sim//models/cheezit_big_original/meshes/cheezit_big_original.dae
[9.743s] -- Symlinking: /home/ardra/go_sim/install/gazebo_sim/share/gazebo_sim//models/cheezit_big_original/model.config
[9.756s] -- Symlinking: /home/ardra/go_sim/install/gazebo_sim/share/gazebo_sim//models/cheezit_big_original/model.sdf
[9.768s] -- Symlinking: /home/ardra/go_sim/install/gazebo_sim/share/gazebo_sim//models/christman_L1/meshes/blue_linoleum.png
[9.779s] -- Symlinking: /home/ardra/go_sim/install/gazebo_sim/share/gazebo_sim//models/christman_L1/meshes/concrete2.png
[9.790s] -- Symlinking: /home/ardra/go_sim/install/gazebo_sim/share/gazebo_sim//models/christman_L1/meshes/default.png
[9.801s] -- Symlinking: /home/ardra/go_sim/install/gazebo_sim/share/gazebo_sim//models/christman_L1/meshes/floor_1.mtl
[9.811s] -- Symlinking: /home/ardra/go_sim/install/gazebo_sim/share/gazebo_sim//models/christman_L1/meshes/floor_1.obj
[9.822s] -- Symlinking: /home/ardra/go_sim/install/gazebo_sim/share/gazebo_sim//models/christman_L1/meshes/model.material
[9.834s] -- Symlinking: /home/ardra/go_sim/install/gazebo_sim/share/gazebo_sim//models/christman_L1/meshes/wall_1.mtl
[9.847s] -- Symlinking: /home/ardra/go_sim/install/gazebo_sim/share/gazebo_sim//models/christman_L1/meshes/wall_1.obj
[9.863s] -- Symlinking: /home/ardra/go_sim/install/gazebo_sim/share/gazebo_sim//models/christman_L1/meshes/wall_white.png
[9.878s] -- Symlinking: /home/ardra/go_sim/install/gazebo_sim/share/gazebo_sim//models/christman_L1/model.config
[9.891s] -- Symlinking: /home/ardra/go_sim/install/gazebo_sim/share/gazebo_sim//models/christman_L1/model.sdf
[9.902s] -- Symlinking: /home/ardra/go_sim/install/gazebo_sim/share/gazebo_sim//models/coke_can/materials/textures/coke_can.png
[9.911s] -- Symlinking: /home/ardra/go_sim/install/gazebo_sim/share/gazebo_sim//models/coke_can/meshes/coke_can.dae
[9.922s] -- Symlinking: /home/ardra/go_sim/install/gazebo_sim/share/gazebo_sim//models/coke_can/model-1_2.sdf
[9.933s] -- Symlinking: /home/ardra/go_sim/install/gazebo_sim/share/gazebo_sim//models/coke_can/model-1_3.sdf
[9.944s] -- Symlinking: /home/ardra/go_sim/install/gazebo_sim/share/gazebo_sim//models/coke_can/model-1_4.sdf
[9.959s] -- Symlinking: /home/ardra/go_sim/install/gazebo_sim/share/gazebo_sim//models/coke_can/model.config
[9.974s] -- Symlinking: /home/ardra/go_sim/install/gazebo_sim/share/gazebo_sim//models/coke_can/model.sdf
[9.989s] -- Symlinking: /home/ardra/go_sim/install/gazebo_sim/share/gazebo_sim//models/ground_plane/model-1_2.sdf
[10.004s] -- Symlinking: /home/ardra/go_sim/install/gazebo_sim/share/gazebo_sim//models/ground_plane/model-1_3.sdf
[10.019s] -- Symlinking: /home/ardra/go_sim/install/gazebo_sim/share/gazebo_sim//models/ground_plane/model-1_4.sdf
[10.035s] -- Symlinking: /home/ardra/go_sim/install/gazebo_sim/share/gazebo_sim//models/ground_plane/model.config
[10.049s] -- Symlinking: /home/ardra/go_sim/install/gazebo_sim/share/gazebo_sim//models/ground_plane/model.sdf
[10.061s] -- Symlinking: /home/ardra/go_sim/install/gazebo_sim/share/gazebo_sim//models/hotel_L1/meshes/blue_linoleum.png
[10.071s] -- Symlinking: /home/ardra/go_sim/install/gazebo_sim/share/gazebo_sim//models/hotel_L1/meshes/default.png
[10.080s] -- Symlinking: /home/ardra/go_sim/install/gazebo_sim/share/gazebo_sim//models/hotel_L1/meshes/floor_1.mtl
[10.090s] -- Symlinking: /home/ardra/go_sim/install/gazebo_sim/share/gazebo_sim//models/hotel_L1/meshes/floor_1.obj
[10.099s] -- Symlinking: /home/ardra/go_sim/install/gazebo_sim/share/gazebo_sim//models/hotel_L1/meshes/model.material
[10.108s] -- Symlinking: /home/ardra/go_sim/install/gazebo_sim/share/gazebo_sim//models/hotel_L1/meshes/wall_1.mtl
[10.118s] -- Symlinking: /home/ardra/go_sim/install/gazebo_sim/share/gazebo_sim//models/hotel_L1/meshes/wall_1.obj
[10.127s] -- Symlinking: /home/ardra/go_sim/install/gazebo_sim/share/gazebo_sim//models/hotel_L1/model.config
[10.139s] -- Symlinking: /home/ardra/go_sim/install/gazebo_sim/share/gazebo_sim//models/hotel_L1/model.sdf
[10.149s] -- Symlinking: /home/ardra/go_sim/install/gazebo_sim/share/gazebo_sim//models/mustard/materials/scripts/mustard.material
[10.158s] -- Symlinking: /home/ardra/go_sim/install/gazebo_sim/share/gazebo_sim//models/mustard/materials/textures/optimized_tsdf_texture_mapped_mesh.png
[10.168s] -- Symlinking: /home/ardra/go_sim/install/gazebo_sim/share/gazebo_sim//models/mustard/meshes/mustard.dae
[10.177s] -- Symlinking: /home/ardra/go_sim/install/gazebo_sim/share/gazebo_sim//models/mustard/meshes/texture_map.png
[10.186s] -- Symlinking: /home/ardra/go_sim/install/gazebo_sim/share/gazebo_sim//models/mustard/model.config
[10.195s] -- Symlinking: /home/ardra/go_sim/install/gazebo_sim/share/gazebo_sim//models/mustard/model.sdf
[10.203s] -- Symlinking: /home/ardra/go_sim/install/gazebo_sim/share/gazebo_sim//models/red_cylinder/model.config
[10.213s] -- Symlinking: /home/ardra/go_sim/install/gazebo_sim/share/gazebo_sim//models/red_cylinder/model.sdf
[10.222s] -- Symlinking: /home/ardra/go_sim/install/gazebo_sim/share/gazebo_sim//models/sun/model-1_2.sdf
[10.234s] -- Symlinking: /home/ardra/go_sim/install/gazebo_sim/share/gazebo_sim//models/sun/model-1_3.sdf
[10.244s] -- Symlinking: /home/ardra/go_sim/install/gazebo_sim/share/gazebo_sim//models/sun/model-1_4.sdf
[10.254s] -- Symlinking: /home/ardra/go_sim/install/gazebo_sim/share/gazebo_sim//models/sun/model.config
[10.264s] -- Symlinking: /home/ardra/go_sim/install/gazebo_sim/share/gazebo_sim//models/sun/model.sdf
[10.274s] -- Symlinking: /home/ardra/go_sim/install/gazebo_sim/share/gazebo_sim//src/test_action.py
[10.283s] -- Symlinking: /home/ardra/go_sim/install/gazebo_sim/lib/gazebo_sim/test_action.py
[10.293s] -- Symlinking: /home/ardra/go_sim/install/gazebo_sim/share/ament_index/resource_index/package_run_dependencies/gazebo_sim
[10.303s] -- Symlinking: /home/ardra/go_sim/install/gazebo_sim/share/ament_index/resource_index/parent_prefix_path/gazebo_sim
[10.313s] -- Symlinking: /home/ardra/go_sim/install/gazebo_sim/share/gazebo_sim/environment/ament_prefix_path.sh
[10.323s] -- Symlinking: /home/ardra/go_sim/install/gazebo_sim/share/gazebo_sim/environment/ament_prefix_path.dsv
[10.335s] -- Symlinking: /home/ardra/go_sim/install/gazebo_sim/share/gazebo_sim/environment/path.sh
[10.345s] -- Symlinking: /home/ardra/go_sim/install/gazebo_sim/share/gazebo_sim/environment/path.dsv
[10.354s] -- Symlinking: /home/ardra/go_sim/install/gazebo_sim/share/gazebo_sim/local_setup.bash
[10.363s] -- Symlinking: /home/ardra/go_sim/install/gazebo_sim/share/gazebo_sim/local_setup.sh
[10.373s] -- Symlinking: /home/ardra/go_sim/install/gazebo_sim/share/gazebo_sim/local_setup.zsh
[10.382s] -- Symlinking: /home/ardra/go_sim/install/gazebo_sim/share/gazebo_sim/local_setup.dsv
[10.391s] -- Symlinking: /home/ardra/go_sim/install/gazebo_sim/share/gazebo_sim/package.dsv
[10.401s] -- Symlinking: /home/ardra/go_sim/install/gazebo_sim/share/ament_index/resource_index/packages/gazebo_sim
[10.411s] -- Symlinking: /home/ardra/go_sim/install/gazebo_sim/share/gazebo_sim/cmake/gazebo_simConfig.cmake
[10.420s] -- Symlinking: /home/ardra/go_sim/install/gazebo_sim/share/gazebo_sim/cmake/gazebo_simConfig-version.cmake
[10.432s] -- Symlinking: /home/ardra/go_sim/install/gazebo_sim/share/gazebo_sim/package.xml
[10.445s] Invoked command in '/home/ardra/go_sim/build/gazebo_sim' returned '0': CMAKE_PREFIX_PATH=${CMAKE_PREFIX_PATH}:/opt/ros/jazzy DEBUGINFOD_URLS=https://debuginfod.ubuntu.com /usr/bin/cmake --install /home/ardra/go_sim/build/gazebo_sim
