[0.014s] Invoking command in '/home/ardra/go_sim/build/go1_description': CMAKE_PREFIX_PATH=${CMAKE_PREFIX_PATH}:/opt/ros/jazzy CONDA_PROMPT_MODIFIER=(base) DEBUGINFOD_URLS=https://debuginfod.ubuntu.com /usr/bin/cmake /home/ardra/go_sim/src/go1_description -DCMAKE_INSTALL_PREFIX=/home/ardra/go_sim/install/go1_description
[0.041s] -- Found ament_cmake: 2.5.4 (/opt/ros/jazzy/share/ament_cmake/cmake)
[0.186s] -- Override CMake install command with custom implementation using symlinks instead of copying resources
[0.191s] -- Found rclcpp: 28.1.11 (/opt/ros/jazzy/share/rclcpp/cmake)
[0.211s] -- Found rosidl_generator_c: 4.6.6 (/opt/ros/jazzy/share/rosidl_generator_c/cmake)
[0.217s] -- Found rosidl_generator_cpp: 4.6.6 (/opt/ros/jazzy/share/rosidl_generator_cpp/cmake)
[0.224s] -- Using all available rosidl_typesupport_c: rosidl_typesupport_fastrtps_c;rosidl_typesupport_introspection_c
[0.233s] -- Using all available rosidl_typesupport_cpp: rosidl_typesupport_fastrtps_cpp;rosidl_typesupport_introspection_cpp
[0.285s] -- Found rmw_implementation_cmake: 7.3.2 (/opt/ros/jazzy/share/rmw_implementation_cmake/cmake)
[0.287s] -- Found rmw_fastrtps_cpp: 8.4.3 (/opt/ros/jazzy/share/rmw_fastrtps_cpp/cmake)
[0.342s] -- Using RMW implementation 'rmw_fastrtps_cpp' as default
[0.398s] -- Found urdf: 2.10.0 (/opt/ros/jazzy/share/urdf/cmake)
[0.412s] -- Found xacro: 2.0.13 (/opt/ros/jazzy/share/xacro/cmake)
[0.412s] -- Found std_msgs: 5.3.6 (/opt/ros/jazzy/share/std_msgs/cmake)
[0.483s] -- Configuring done (0.5s)
[0.487s] -- Generating done (0.0s)
[0.489s] -- Build files have been written to: /home/ardra/go_sim/build/go1_description
[0.496s] Invoked command in '/home/ardra/go_sim/build/go1_description' returned '0': CMAKE_PREFIX_PATH=${CMAKE_PREFIX_PATH}:/opt/ros/jazzy CONDA_PROMPT_MODIFIER=(base) DEBUGINFOD_URLS=https://debuginfod.ubuntu.com /usr/bin/cmake /home/ardra/go_sim/src/go1_description -DCMAKE_INSTALL_PREFIX=/home/ardra/go_sim/install/go1_description
[0.496s] Invoking command in '/home/ardra/go_sim/build/go1_description': CMAKE_PREFIX_PATH=${CMAKE_PREFIX_PATH}:/opt/ros/jazzy CONDA_PROMPT_MODIFIER=(base) DEBUGINFOD_URLS=https://debuginfod.ubuntu.com /usr/bin/cmake --build /home/ardra/go_sim/build/go1_description -- -j16 -l16
[0.523s] Invoked command in '/home/ardra/go_sim/build/go1_description' returned '0': CMAKE_PREFIX_PATH=${CMAKE_PREFIX_PATH}:/opt/ros/jazzy CONDA_PROMPT_MODIFIER=(base) DEBUGINFOD_URLS=https://debuginfod.ubuntu.com /usr/bin/cmake --build /home/ardra/go_sim/build/go1_description -- -j16 -l16
[0.524s] Invoking command in '/home/ardra/go_sim/build/go1_description': CMAKE_PREFIX_PATH=${CMAKE_PREFIX_PATH}:/opt/ros/jazzy CONDA_PROMPT_MODIFIER=(base) DEBUGINFOD_URLS=https://debuginfod.ubuntu.com /usr/bin/cmake --install /home/ardra/go_sim/build/go1_description
[0.529s] -- Install configuration: ""
[0.529s] -- Execute custom install script
[0.529s] -- Up-to-date symlink: /home/ardra/go_sim/install/go1_description/share/go1_description//meshes/calf.dae
[0.530s] -- Up-to-date symlink: /home/ardra/go_sim/install/go1_description/share/go1_description//meshes/depthCamera.dae
[0.530s] -- Up-to-date symlink: /home/ardra/go_sim/install/go1_description/share/go1_description//meshes/hip.dae
[0.530s] -- Up-to-date symlink: /home/ardra/go_sim/install/go1_description/share/go1_description//meshes/thigh.dae
[0.530s] -- Up-to-date symlink: /home/ardra/go_sim/install/go1_description/share/go1_description//meshes/thigh_mirror.dae
[0.530s] -- Up-to-date symlink: /home/ardra/go_sim/install/go1_description/share/go1_description//meshes/trunk.dae
[0.530s] -- Up-to-date symlink: /home/ardra/go_sim/install/go1_description/share/go1_description//meshes/ultraSound.dae
[0.530s] -- Up-to-date symlink: /home/ardra/go_sim/install/go1_description/share/go1_description//config/gaz_ros2_ctl_use_sim.yaml
[0.530s] -- Up-to-date symlink: /home/ardra/go_sim/install/go1_description/share/go1_description//config/gz_bridge.yaml
[0.531s] -- Up-to-date symlink: /home/ardra/go_sim/install/go1_description/share/go1_description//config/robot_control.yaml
[0.531s] -- Up-to-date symlink: /home/ardra/go_sim/install/go1_description/share/go1_description//xacro/const.xacro
[0.531s] -- Up-to-date symlink: /home/ardra/go_sim/install/go1_description/share/go1_description//xacro/depthCamera.xacro
[0.531s] -- Up-to-date symlink: /home/ardra/go_sim/install/go1_description/share/go1_description//xacro/gazebo.xacro
[0.531s] -- Up-to-date symlink: /home/ardra/go_sim/install/go1_description/share/go1_description//xacro/leg.xacro
[0.531s] -- Up-to-date symlink: /home/ardra/go_sim/install/go1_description/share/go1_description//xacro/materials.xacro
[0.531s] -- Up-to-date symlink: /home/ardra/go_sim/install/go1_description/share/go1_description//xacro/robot.xacro
[0.531s] -- Up-to-date symlink: /home/ardra/go_sim/install/go1_description/share/go1_description//xacro/transmission.xacro
[0.531s] -- Up-to-date symlink: /home/ardra/go_sim/install/go1_description/share/go1_description//xacro/ultraSound.xacro
[0.532s] -- Up-to-date symlink: /home/ardra/go_sim/install/go1_description/share/go1_description//launch/joints_move.launch.py
[0.532s] -- Up-to-date symlink: /home/ardra/go_sim/install/go1_description/share/go1_description//launch/launch_sim.launch.py
[0.532s] -- Up-to-date symlink: /home/ardra/go_sim/install/go1_description/share/ament_index/resource_index/package_run_dependencies/go1_description
[0.532s] -- Up-to-date symlink: /home/ardra/go_sim/install/go1_description/share/ament_index/resource_index/parent_prefix_path/go1_description
[0.532s] -- Up-to-date symlink: /home/ardra/go_sim/install/go1_description/share/go1_description/environment/ament_prefix_path.sh
[0.532s] -- Up-to-date symlink: /home/ardra/go_sim/install/go1_description/share/go1_description/environment/ament_prefix_path.dsv
[0.533s] -- Up-to-date symlink: /home/ardra/go_sim/install/go1_description/share/go1_description/environment/path.sh
[0.533s] -- Up-to-date symlink: /home/ardra/go_sim/install/go1_description/share/go1_description/environment/path.dsv
[0.533s] -- Up-to-date symlink: /home/ardra/go_sim/install/go1_description/share/go1_description/local_setup.bash
[0.533s] -- Up-to-date symlink: /home/ardra/go_sim/install/go1_description/share/go1_description/local_setup.sh
[0.533s] -- Up-to-date symlink: /home/ardra/go_sim/install/go1_description/share/go1_description/local_setup.zsh
[0.533s] -- Up-to-date symlink: /home/ardra/go_sim/install/go1_description/share/go1_description/local_setup.dsv
[0.534s] -- Symlinking: /home/ardra/go_sim/install/go1_description/share/go1_description/package.dsv
[0.540s] -- Up-to-date symlink: /home/ardra/go_sim/install/go1_description/share/ament_index/resource_index/packages/go1_description
[0.540s] -- Up-to-date symlink: /home/ardra/go_sim/install/go1_description/share/go1_description/cmake/go1_descriptionConfig.cmake
[0.540s] -- Up-to-date symlink: /home/ardra/go_sim/install/go1_description/share/go1_description/cmake/go1_descriptionConfig-version.cmake
[0.540s] -- Up-to-date symlink: /home/ardra/go_sim/install/go1_description/share/go1_description/package.xml
[0.542s] Invoked command in '/home/ardra/go_sim/build/go1_description' returned '0': CMAKE_PREFIX_PATH=${CMAKE_PREFIX_PATH}:/opt/ros/jazzy CONDA_PROMPT_MODIFIER=(base) DEBUGINFOD_URLS=https://debuginfod.ubuntu.com /usr/bin/cmake --install /home/ardra/go_sim/build/go1_description
