-- Found ament_cmake: 2.5.4 (/opt/ros/jazzy/share/ament_cmake/cmake)
-- Found Python3: /usr/bin/python3 (found version "3.12.3") found components: Interpreter 
-- Override CMake install command with custom implementation using symlinks instead of copying resources
-- Found geometry_msgs: 5.3.6 (/opt/ros/jazzy/share/geometry_msgs/cmake)
-- Found rosidl_generator_c: 4.6.6 (/opt/ros/jazzy/share/rosidl_generator_c/cmake)
-- Found rosidl_generator_cpp: 4.6.6 (/opt/ros/jazzy/share/rosidl_generator_cpp/cmake)
-- Using all available rosidl_typesupport_c: rosidl_typesupport_fastrtps_c;rosidl_typesupport_introspection_c
-- Using all available rosidl_typesupport_cpp: rosidl_typesupport_fastrtps_cpp;rosidl_typesupport_introspection_cpp
-- Found rosidl_default_generators: 1.6.0 (/opt/ros/jazzy/share/rosidl_default_generators/cmake)
-- Found rosidl_adapter: 4.6.6 (/opt/ros/jazzy/share/rosidl_adapter/cmake)
-- Found ament_cmake_ros: 0.12.0 (/opt/ros/jazzy/share/ament_cmake_ros/cmake)
-- Using all available rosidl_typesupport_c: rosidl_typesupport_fastrtps_c;rosidl_typesupport_introspection_c
-- Using all available rosidl_typesupport_cpp: rosidl_typesupport_fastrtps_cpp;rosidl_typesupport_introspection_cpp
-- Found python_cmake_module: 0.11.1 (/opt/ros/jazzy/share/python_cmake_module/cmake)
-- Found Python3: /usr/bin/python3 (found version "3.12.3") found components: Interpreter Development NumPy Development.Module Development.Embed 
-- Found ament_lint_auto: 0.17.3 (/opt/ros/jazzy/share/ament_lint_auto/cmake)
-- Added test 'lint_cmake' to check CMake code style
-- Added test 'xmllint' to check XML markup files
-- Configuring done (1.0s)
-- Generating done (0.0s)
-- Build files have been written to: /home/ardra/go_sim/build/quadropted_msgs
[  1%] Built target quadropted_msgs__rosidl_generator_type_description
[  1%] Built target ament_cmake_python_symlink_quadropted_msgs
[  2%] Built target quadropted_msgs__cpp
[  5%] [32mBuilding C object CMakeFiles/quadropted_msgs__rosidl_generator_c.dir/rosidl_generator_c/quadropted_msgs/msg/detail/robot_velocity__description.c.o[0m
[  5%] [32mBuilding C object CMakeFiles/quadropted_msgs__rosidl_generator_c.dir/rosidl_generator_c/quadropted_msgs/msg/detail/robot_velocity__type_support.c.o[0m
[  6%] [32mBuilding C object CMakeFiles/quadropted_msgs__rosidl_generator_c.dir/rosidl_generator_c/quadropted_msgs/msg/detail/robot_velocity__functions.c.o[0m
[  8%] [32mBuilding C object CMakeFiles/quadropted_msgs__rosidl_generator_c.dir/rosidl_generator_c/quadropted_msgs/msg/detail/robot_gait_command__description.c.o[0m
[  9%] [32mBuilding C object CMakeFiles/quadropted_msgs__rosidl_generator_c.dir/rosidl_generator_c/quadropted_msgs/msg/detail/robot_gait_command__functions.c.o[0m
[ 10%] [32mBuilding C object CMakeFiles/quadropted_msgs__rosidl_generator_c.dir/rosidl_generator_c/quadropted_msgs/msg/detail/robot_gait_command__type_support.c.o[0m
[ 12%] [32mBuilding C object CMakeFiles/quadropted_msgs__rosidl_generator_c.dir/rosidl_generator_c/quadropted_msgs/msg/detail/robot_mode_command__description.c.o[0m
[ 13%] [32mBuilding C object CMakeFiles/quadropted_msgs__rosidl_generator_c.dir/rosidl_generator_c/quadropted_msgs/msg/detail/robot_foot_contact__description.c.o[0m
[ 14%] [32mBuilding C object CMakeFiles/quadropted_msgs__rosidl_generator_c.dir/rosidl_generator_c/quadropted_msgs/msg/detail/robot_mode_command__functions.c.o[0m
[ 16%] [32mBuilding C object CMakeFiles/quadropted_msgs__rosidl_generator_c.dir/rosidl_generator_c/quadropted_msgs/msg/detail/robot_mode_command__type_support.c.o[0m
[ 17%] [32mBuilding C object CMakeFiles/quadropted_msgs__rosidl_generator_c.dir/rosidl_generator_c/quadropted_msgs/msg/detail/robot_foot_contact__functions.c.o[0m
[ 18%] [32mBuilding C object CMakeFiles/quadropted_msgs__rosidl_generator_c.dir/rosidl_generator_c/quadropted_msgs/msg/detail/robot_foot_contact__type_support.c.o[0m
[ 20%] [32mBuilding C object CMakeFiles/quadropted_msgs__rosidl_generator_c.dir/rosidl_generator_c/quadropted_msgs/srv/detail/robot_behavior_command__description.c.o[0m
[ 21%] [32mBuilding C object CMakeFiles/quadropted_msgs__rosidl_generator_c.dir/rosidl_generator_c/quadropted_msgs/srv/detail/robot_behavior_command__type_support.c.o[0m
[ 22%] [32mBuilding C object CMakeFiles/quadropted_msgs__rosidl_generator_c.dir/rosidl_generator_c/quadropted_msgs/srv/detail/robot_behavior_command__functions.c.o[0m
[ 24%] [32m[1mLinking C shared library libquadropted_msgs__rosidl_generator_c.so[0m
[ 25%] Built target quadropted_msgs__rosidl_generator_c
[ 28%] [32mBuilding CXX object CMakeFiles/quadropted_msgs__rosidl_typesupport_c.dir/rosidl_typesupport_c/quadropted_msgs/msg/robot_mode_command__type_support.cpp.o[0m
[ 28%] [32mBuilding CXX object CMakeFiles/quadropted_msgs__rosidl_typesupport_c.dir/rosidl_typesupport_c/quadropted_msgs/msg/robot_foot_contact__type_support.cpp.o[0m
[ 29%] [32mBuilding C object CMakeFiles/quadropted_msgs__rosidl_typesupport_introspection_c.dir/rosidl_typesupport_introspection_c/quadropted_msgs/msg/detail/robot_gait_command__type_support.c.o[0m
[ 31%] [32mBuilding C object CMakeFiles/quadropted_msgs__rosidl_typesupport_introspection_c.dir/rosidl_typesupport_introspection_c/quadropted_msgs/msg/detail/robot_mode_command__type_support.c.o[0m
[ 33%] [32mBuilding C object CMakeFiles/quadropted_msgs__rosidl_typesupport_introspection_c.dir/rosidl_typesupport_introspection_c/quadropted_msgs/msg/detail/robot_foot_contact__type_support.c.o[0m
[ 35%] [32mBuilding C object CMakeFiles/quadropted_msgs__rosidl_typesupport_introspection_c.dir/rosidl_typesupport_introspection_c/quadropted_msgs/srv/detail/robot_behavior_command__type_support.c.o[0m
[ 36%] [32mBuilding CXX object CMakeFiles/quadropted_msgs__rosidl_typesupport_c.dir/rosidl_typesupport_c/quadropted_msgs/msg/robot_gait_command__type_support.cpp.o[0m
[ 37%] [32mBuilding C object CMakeFiles/quadropted_msgs__rosidl_typesupport_introspection_c.dir/rosidl_typesupport_introspection_c/quadropted_msgs/msg/detail/robot_velocity__type_support.c.o[0m
[ 39%] [32mBuilding CXX object CMakeFiles/quadropted_msgs__rosidl_typesupport_c.dir/rosidl_typesupport_c/quadropted_msgs/srv/robot_behavior_command__type_support.cpp.o[0m
[ 37%] [32mBuilding CXX object CMakeFiles/quadropted_msgs__rosidl_typesupport_c.dir/rosidl_typesupport_c/quadropted_msgs/msg/robot_velocity__type_support.cpp.o[0m
[ 40%] [32mBuilding CXX object CMakeFiles/quadropted_msgs__rosidl_typesupport_fastrtps_cpp.dir/rosidl_typesupport_fastrtps_cpp/quadropted_msgs/msg/detail/dds_fastrtps/robot_velocity__type_support.cpp.o[0m
[ 41%] [32mBuilding CXX object CMakeFiles/quadropted_msgs__rosidl_typesupport_introspection_cpp.dir/rosidl_typesupport_introspection_cpp/quadropted_msgs/msg/detail/robot_gait_command__type_support.cpp.o[0m
[ 43%] [32mBuilding CXX object CMakeFiles/quadropted_msgs__rosidl_typesupport_introspection_cpp.dir/rosidl_typesupport_introspection_cpp/quadropted_msgs/msg/detail/robot_velocity__type_support.cpp.o[0m
[ 44%] [32mBuilding CXX object CMakeFiles/quadropted_msgs__rosidl_typesupport_cpp.dir/rosidl_typesupport_cpp/quadropted_msgs/msg/robot_velocity__type_support.cpp.o[0m
[ 45%] [32mBuilding CXX object CMakeFiles/quadropted_msgs__rosidl_typesupport_fastrtps_c.dir/rosidl_typesupport_fastrtps_c/quadropted_msgs/msg/detail/robot_velocity__type_support_c.cpp.o[0m
[ 47%] [32mBuilding CXX object CMakeFiles/quadropted_msgs__rosidl_typesupport_cpp.dir/rosidl_typesupport_cpp/quadropted_msgs/msg/robot_gait_command__type_support.cpp.o[0m
[ 48%] [32mBuilding CXX object CMakeFiles/quadropted_msgs__rosidl_typesupport_introspection_cpp.dir/rosidl_typesupport_introspection_cpp/quadropted_msgs/msg/detail/robot_mode_command__type_support.cpp.o[0m
[ 50%] [32mBuilding CXX object CMakeFiles/quadropted_msgs__rosidl_typesupport_introspection_cpp.dir/rosidl_typesupport_introspection_cpp/quadropted_msgs/msg/detail/robot_foot_contact__type_support.cpp.o[0m
[ 51%] [32mBuilding CXX object CMakeFiles/quadropted_msgs__rosidl_typesupport_cpp.dir/rosidl_typesupport_cpp/quadropted_msgs/msg/robot_mode_command__type_support.cpp.o[0m
running egg_info
[ 52%] [32m[1mLinking C shared library libquadropted_msgs__rosidl_typesupport_introspection_c.so[0m
writing quadropted_msgs.egg-info/PKG-INFO
writing dependency_links to quadropted_msgs.egg-info/dependency_links.txt
writing top-level names to quadropted_msgs.egg-info/top_level.txt
[ 56%] [32mBuilding CXX object CMakeFiles/quadropted_msgs__rosidl_typesupport_cpp.dir/rosidl_typesupport_cpp/quadropted_msgs/srv/robot_behavior_command__type_support.cpp.o[0m
[ 56%] [32mBuilding CXX object CMakeFiles/quadropted_msgs__rosidl_typesupport_fastrtps_c.dir/rosidl_typesupport_fastrtps_c/quadropted_msgs/msg/detail/robot_gait_command__type_support_c.cpp.o[0m
[ 56%] [32mBuilding CXX object CMakeFiles/quadropted_msgs__rosidl_typesupport_introspection_cpp.dir/rosidl_typesupport_introspection_cpp/quadropted_msgs/srv/detail/robot_behavior_command__type_support.cpp.o[0m
[ 59%] [32m[1mLinking CXX shared library libquadropted_msgs__rosidl_typesupport_c.so[0m
[ 59%] [32mBuilding CXX object CMakeFiles/quadropted_msgs__rosidl_typesupport_cpp.dir/rosidl_typesupport_cpp/quadropted_msgs/msg/robot_foot_contact__type_support.cpp.o[0m
[ 60%] Built target quadropted_msgs__rosidl_typesupport_introspection_c
[ 62%] [32mBuilding CXX object CMakeFiles/quadropted_msgs__rosidl_typesupport_fastrtps_c.dir/rosidl_typesupport_fastrtps_c/quadropted_msgs/msg/detail/robot_mode_command__type_support_c.cpp.o[0m
[ 63%] Built target quadropted_msgs__rosidl_typesupport_c
[ 64%] [32mBuilding CXX object CMakeFiles/quadropted_msgs__rosidl_typesupport_fastrtps_c.dir/rosidl_typesupport_fastrtps_c/quadropted_msgs/msg/detail/robot_foot_contact__type_support_c.cpp.o[0m
reading manifest file 'quadropted_msgs.egg-info/SOURCES.txt'
writing manifest file 'quadropted_msgs.egg-info/SOURCES.txt'
[ 64%] Built target ament_cmake_python_build_quadropted_msgs_egg
[ 66%] [32mBuilding CXX object CMakeFiles/quadropted_msgs__rosidl_typesupport_fastrtps_cpp.dir/rosidl_typesupport_fastrtps_cpp/quadropted_msgs/msg/detail/dds_fastrtps/robot_gait_command__type_support.cpp.o[0m
[ 67%] [32mBuilding CXX object CMakeFiles/quadropted_msgs__rosidl_typesupport_fastrtps_cpp.dir/rosidl_typesupport_fastrtps_cpp/quadropted_msgs/msg/detail/dds_fastrtps/robot_mode_command__type_support.cpp.o[0m
[ 68%] [32mBuilding CXX object CMakeFiles/quadropted_msgs__rosidl_typesupport_fastrtps_c.dir/rosidl_typesupport_fastrtps_c/quadropted_msgs/srv/detail/robot_behavior_command__type_support_c.cpp.o[0m
[ 70%] [32mBuilding CXX object CMakeFiles/quadropted_msgs__rosidl_typesupport_fastrtps_cpp.dir/rosidl_typesupport_fastrtps_cpp/quadropted_msgs/msg/detail/dds_fastrtps/robot_foot_contact__type_support.cpp.o[0m
[ 71%] [32mBuilding CXX object CMakeFiles/quadropted_msgs__rosidl_typesupport_fastrtps_cpp.dir/rosidl_typesupport_fastrtps_cpp/quadropted_msgs/srv/detail/dds_fastrtps/robot_behavior_command__type_support.cpp.o[0m
[ 72%] [32m[1mLinking CXX shared library libquadropted_msgs__rosidl_typesupport_cpp.so[0m
[ 74%] Built target quadropted_msgs__rosidl_typesupport_cpp
[ 75%] [32m[1mLinking CXX shared library libquadropted_msgs__rosidl_typesupport_introspection_cpp.so[0m
[ 77%] Built target quadropted_msgs__rosidl_typesupport_introspection_cpp
[ 78%] [32m[1mLinking CXX shared library libquadropted_msgs__rosidl_typesupport_fastrtps_c.so[0m
[ 79%] Built target quadropted_msgs__rosidl_typesupport_fastrtps_c
[ 81%] [32m[1mLinking CXX shared library libquadropted_msgs__rosidl_typesupport_fastrtps_cpp.so[0m
[ 82%] Built target quadropted_msgs__rosidl_typesupport_fastrtps_cpp
[ 82%] Built target quadropted_msgs
[ 83%] Built target quadropted_msgs__py
[ 85%] [32mBuilding C object CMakeFiles/quadropted_msgs__rosidl_generator_py.dir/rosidl_generator_py/quadropted_msgs/msg/_robot_velocity_s.c.o[0m
[ 86%] [32mBuilding C object CMakeFiles/quadropted_msgs__rosidl_generator_py.dir/rosidl_generator_py/quadropted_msgs/msg/_robot_gait_command_s.c.o[0m
[ 87%] [32mBuilding C object CMakeFiles/quadropted_msgs__rosidl_generator_py.dir/rosidl_generator_py/quadropted_msgs/msg/_robot_mode_command_s.c.o[0m
[ 89%] [32mBuilding C object CMakeFiles/quadropted_msgs__rosidl_generator_py.dir/rosidl_generator_py/quadropted_msgs/msg/_robot_foot_contact_s.c.o[0m
[ 90%] [32mBuilding C object CMakeFiles/quadropted_msgs__rosidl_generator_py.dir/rosidl_generator_py/quadropted_msgs/srv/_robot_behavior_command_s.c.o[0m
[ 91%] [32m[1mLinking C shared library libquadropted_msgs__rosidl_generator_py.so[0m
[ 91%] Built target quadropted_msgs__rosidl_generator_py
[ 95%] [32mBuilding C object CMakeFiles/quadropted_msgs_s__rosidl_typesupport_fastrtps_c.dir/rosidl_generator_py/quadropted_msgs/_quadropted_msgs_s.ep.rosidl_typesupport_fastrtps_c.c.o[0m
[ 95%] [32mBuilding C object CMakeFiles/quadropted_msgs_s__rosidl_typesupport_introspection_c.dir/rosidl_generator_py/quadropted_msgs/_quadropted_msgs_s.ep.rosidl_typesupport_introspection_c.c.o[0m
[ 95%] [32mBuilding C object CMakeFiles/quadropted_msgs_s__rosidl_typesupport_c.dir/rosidl_generator_py/quadropted_msgs/_quadropted_msgs_s.ep.rosidl_typesupport_c.c.o[0m
[ 98%] [32m[1mLinking C shared module rosidl_generator_py/quadropted_msgs/quadropted_msgs_s__rosidl_typesupport_fastrtps_c.so[0m
[100%] [32m[1mLinking C shared module rosidl_generator_py/quadropted_msgs/quadropted_msgs_s__rosidl_typesupport_introspection_c.so[0m
[100%] [32m[1mLinking C shared module rosidl_generator_py/quadropted_msgs/quadropted_msgs_s__rosidl_typesupport_c.so[0m
[100%] Built target quadropted_msgs_s__rosidl_typesupport_introspection_c
[100%] Built target quadropted_msgs_s__rosidl_typesupport_c
[100%] Built target quadropted_msgs_s__rosidl_typesupport_fastrtps_c
-- Install configuration: ""
-- Execute custom install script
-- Up-to-date symlink: /home/ardra/go_sim/install/quadropted_msgs/share/ament_index/resource_index/rosidl_interfaces/quadropted_msgs
-- Up-to-date symlink: /home/ardra/go_sim/install/quadropted_msgs/share/quadropted_msgs/msg/RobotVelocity.json
-- Up-to-date symlink: /home/ardra/go_sim/install/quadropted_msgs/share/quadropted_msgs/msg/RobotGaitCommand.json
-- Up-to-date symlink: /home/ardra/go_sim/install/quadropted_msgs/share/quadropted_msgs/msg/RobotModeCommand.json
-- Up-to-date symlink: /home/ardra/go_sim/install/quadropted_msgs/share/quadropted_msgs/msg/RobotFootContact.json
-- Up-to-date symlink: /home/ardra/go_sim/install/quadropted_msgs/share/quadropted_msgs/srv/RobotBehaviorCommand.json
-- Up-to-date symlink: /home/ardra/go_sim/install/quadropted_msgs/include/quadropted_msgs/quadropted_msgs/msg/detail/robot_foot_contact__functions.h
-- Up-to-date symlink: /home/ardra/go_sim/install/quadropted_msgs/include/quadropted_msgs/quadropted_msgs/msg/detail/robot_foot_contact__struct.h
-- Up-to-date symlink: /home/ardra/go_sim/install/quadropted_msgs/include/quadropted_msgs/quadropted_msgs/msg/detail/robot_foot_contact__type_support.h
-- Up-to-date symlink: /home/ardra/go_sim/install/quadropted_msgs/include/quadropted_msgs/quadropted_msgs/msg/detail/robot_gait_command__functions.h
-- Up-to-date symlink: /home/ardra/go_sim/install/quadropted_msgs/include/quadropted_msgs/quadropted_msgs/msg/detail/robot_gait_command__struct.h
-- Up-to-date symlink: /home/ardra/go_sim/install/quadropted_msgs/include/quadropted_msgs/quadropted_msgs/msg/detail/robot_gait_command__type_support.h
-- Up-to-date symlink: /home/ardra/go_sim/install/quadropted_msgs/include/quadropted_msgs/quadropted_msgs/msg/detail/robot_mode_command__functions.h
-- Up-to-date symlink: /home/ardra/go_sim/install/quadropted_msgs/include/quadropted_msgs/quadropted_msgs/msg/detail/robot_mode_command__struct.h
-- Up-to-date symlink: /home/ardra/go_sim/install/quadropted_msgs/include/quadropted_msgs/quadropted_msgs/msg/detail/robot_mode_command__type_support.h
-- Up-to-date symlink: /home/ardra/go_sim/install/quadropted_msgs/include/quadropted_msgs/quadropted_msgs/msg/detail/robot_velocity__functions.h
-- Up-to-date symlink: /home/ardra/go_sim/install/quadropted_msgs/include/quadropted_msgs/quadropted_msgs/msg/detail/robot_velocity__struct.h
-- Up-to-date symlink: /home/ardra/go_sim/install/quadropted_msgs/include/quadropted_msgs/quadropted_msgs/msg/detail/robot_velocity__type_support.h
-- Up-to-date symlink: /home/ardra/go_sim/install/quadropted_msgs/include/quadropted_msgs/quadropted_msgs/msg/robot_foot_contact.h
-- Up-to-date symlink: /home/ardra/go_sim/install/quadropted_msgs/include/quadropted_msgs/quadropted_msgs/msg/robot_gait_command.h
-- Up-to-date symlink: /home/ardra/go_sim/install/quadropted_msgs/include/quadropted_msgs/quadropted_msgs/msg/robot_mode_command.h
-- Up-to-date symlink: /home/ardra/go_sim/install/quadropted_msgs/include/quadropted_msgs/quadropted_msgs/msg/robot_velocity.h
-- Up-to-date symlink: /home/ardra/go_sim/install/quadropted_msgs/include/quadropted_msgs/quadropted_msgs/msg/rosidl_generator_c__visibility_control.h
-- Up-to-date symlink: /home/ardra/go_sim/install/quadropted_msgs/include/quadropted_msgs/quadropted_msgs/srv/detail/robot_behavior_command__functions.h
-- Up-to-date symlink: /home/ardra/go_sim/install/quadropted_msgs/include/quadropted_msgs/quadropted_msgs/srv/detail/robot_behavior_command__struct.h
-- Up-to-date symlink: /home/ardra/go_sim/install/quadropted_msgs/include/quadropted_msgs/quadropted_msgs/srv/detail/robot_behavior_command__type_support.h
-- Up-to-date symlink: /home/ardra/go_sim/install/quadropted_msgs/include/quadropted_msgs/quadropted_msgs/srv/robot_behavior_command.h
-- Up-to-date symlink: /home/ardra/go_sim/install/quadropted_msgs/share/quadropted_msgs/environment/library_path.sh
-- Up-to-date symlink: /home/ardra/go_sim/install/quadropted_msgs/share/quadropted_msgs/environment/library_path.dsv
-- Up-to-date symlink: /home/ardra/go_sim/install/quadropted_msgs/include/quadropted_msgs/quadropted_msgs/msg/detail/robot_foot_contact__rosidl_typesupport_fastrtps_c.h
-- Up-to-date symlink: /home/ardra/go_sim/install/quadropted_msgs/include/quadropted_msgs/quadropted_msgs/msg/detail/robot_gait_command__rosidl_typesupport_fastrtps_c.h
-- Up-to-date symlink: /home/ardra/go_sim/install/quadropted_msgs/include/quadropted_msgs/quadropted_msgs/msg/detail/robot_mode_command__rosidl_typesupport_fastrtps_c.h
-- Up-to-date symlink: /home/ardra/go_sim/install/quadropted_msgs/include/quadropted_msgs/quadropted_msgs/msg/detail/robot_velocity__rosidl_typesupport_fastrtps_c.h
-- Up-to-date symlink: /home/ardra/go_sim/install/quadropted_msgs/include/quadropted_msgs/quadropted_msgs/msg/rosidl_typesupport_fastrtps_c__visibility_control.h
-- Up-to-date symlink: /home/ardra/go_sim/install/quadropted_msgs/include/quadropted_msgs/quadropted_msgs/srv/detail/robot_behavior_command__rosidl_typesupport_fastrtps_c.h
-- Up-to-date symlink: /home/ardra/go_sim/install/quadropted_msgs/include/quadropted_msgs/quadropted_msgs/msg/detail/robot_foot_contact__builder.hpp
-- Up-to-date symlink: /home/ardra/go_sim/install/quadropted_msgs/include/quadropted_msgs/quadropted_msgs/msg/detail/robot_foot_contact__struct.hpp
-- Up-to-date symlink: /home/ardra/go_sim/install/quadropted_msgs/include/quadropted_msgs/quadropted_msgs/msg/detail/robot_foot_contact__traits.hpp
-- Up-to-date symlink: /home/ardra/go_sim/install/quadropted_msgs/include/quadropted_msgs/quadropted_msgs/msg/detail/robot_foot_contact__type_support.hpp
-- Up-to-date symlink: /home/ardra/go_sim/install/quadropted_msgs/include/quadropted_msgs/quadropted_msgs/msg/detail/robot_gait_command__builder.hpp
-- Up-to-date symlink: /home/ardra/go_sim/install/quadropted_msgs/include/quadropted_msgs/quadropted_msgs/msg/detail/robot_gait_command__struct.hpp
-- Up-to-date symlink: /home/ardra/go_sim/install/quadropted_msgs/include/quadropted_msgs/quadropted_msgs/msg/detail/robot_gait_command__traits.hpp
-- Up-to-date symlink: /home/ardra/go_sim/install/quadropted_msgs/include/quadropted_msgs/quadropted_msgs/msg/detail/robot_gait_command__type_support.hpp
-- Up-to-date symlink: /home/ardra/go_sim/install/quadropted_msgs/include/quadropted_msgs/quadropted_msgs/msg/detail/robot_mode_command__builder.hpp
-- Up-to-date symlink: /home/ardra/go_sim/install/quadropted_msgs/include/quadropted_msgs/quadropted_msgs/msg/detail/robot_mode_command__struct.hpp
-- Up-to-date symlink: /home/ardra/go_sim/install/quadropted_msgs/include/quadropted_msgs/quadropted_msgs/msg/detail/robot_mode_command__traits.hpp
-- Up-to-date symlink: /home/ardra/go_sim/install/quadropted_msgs/include/quadropted_msgs/quadropted_msgs/msg/detail/robot_mode_command__type_support.hpp
-- Up-to-date symlink: /home/ardra/go_sim/install/quadropted_msgs/include/quadropted_msgs/quadropted_msgs/msg/detail/robot_velocity__builder.hpp
-- Up-to-date symlink: /home/ardra/go_sim/install/quadropted_msgs/include/quadropted_msgs/quadropted_msgs/msg/detail/robot_velocity__struct.hpp
-- Up-to-date symlink: /home/ardra/go_sim/install/quadropted_msgs/include/quadropted_msgs/quadropted_msgs/msg/detail/robot_velocity__traits.hpp
-- Up-to-date symlink: /home/ardra/go_sim/install/quadropted_msgs/include/quadropted_msgs/quadropted_msgs/msg/detail/robot_velocity__type_support.hpp
-- Up-to-date symlink: /home/ardra/go_sim/install/quadropted_msgs/include/quadropted_msgs/quadropted_msgs/msg/robot_foot_contact.hpp
-- Up-to-date symlink: /home/ardra/go_sim/install/quadropted_msgs/include/quadropted_msgs/quadropted_msgs/msg/robot_gait_command.hpp
-- Up-to-date symlink: /home/ardra/go_sim/install/quadropted_msgs/include/quadropted_msgs/quadropted_msgs/msg/robot_mode_command.hpp
-- Up-to-date symlink: /home/ardra/go_sim/install/quadropted_msgs/include/quadropted_msgs/quadropted_msgs/msg/robot_velocity.hpp
-- Up-to-date symlink: /home/ardra/go_sim/install/quadropted_msgs/include/quadropted_msgs/quadropted_msgs/msg/rosidl_generator_cpp__visibility_control.hpp
-- Up-to-date symlink: /home/ardra/go_sim/install/quadropted_msgs/include/quadropted_msgs/quadropted_msgs/srv/detail/robot_behavior_command__builder.hpp
-- Up-to-date symlink: /home/ardra/go_sim/install/quadropted_msgs/include/quadropted_msgs/quadropted_msgs/srv/detail/robot_behavior_command__struct.hpp
-- Up-to-date symlink: /home/ardra/go_sim/install/quadropted_msgs/include/quadropted_msgs/quadropted_msgs/srv/detail/robot_behavior_command__traits.hpp
-- Up-to-date symlink: /home/ardra/go_sim/install/quadropted_msgs/include/quadropted_msgs/quadropted_msgs/srv/detail/robot_behavior_command__type_support.hpp
-- Up-to-date symlink: /home/ardra/go_sim/install/quadropted_msgs/include/quadropted_msgs/quadropted_msgs/srv/robot_behavior_command.hpp
-- Up-to-date symlink: /home/ardra/go_sim/install/quadropted_msgs/include/quadropted_msgs/quadropted_msgs/msg/detail/robot_foot_contact__rosidl_typesupport_fastrtps_cpp.hpp
-- Up-to-date symlink: /home/ardra/go_sim/install/quadropted_msgs/include/quadropted_msgs/quadropted_msgs/msg/detail/robot_gait_command__rosidl_typesupport_fastrtps_cpp.hpp
-- Up-to-date symlink: /home/ardra/go_sim/install/quadropted_msgs/include/quadropted_msgs/quadropted_msgs/msg/detail/robot_mode_command__rosidl_typesupport_fastrtps_cpp.hpp
-- Up-to-date symlink: /home/ardra/go_sim/install/quadropted_msgs/include/quadropted_msgs/quadropted_msgs/msg/detail/robot_velocity__rosidl_typesupport_fastrtps_cpp.hpp
-- Up-to-date symlink: /home/ardra/go_sim/install/quadropted_msgs/include/quadropted_msgs/quadropted_msgs/msg/rosidl_typesupport_fastrtps_cpp__visibility_control.h
-- Up-to-date symlink: /home/ardra/go_sim/install/quadropted_msgs/include/quadropted_msgs/quadropted_msgs/srv/detail/robot_behavior_command__rosidl_typesupport_fastrtps_cpp.hpp
-- Up-to-date symlink: /home/ardra/go_sim/install/quadropted_msgs/include/quadropted_msgs/quadropted_msgs/msg/detail/robot_foot_contact__rosidl_typesupport_introspection_c.h
-- Up-to-date symlink: /home/ardra/go_sim/install/quadropted_msgs/include/quadropted_msgs/quadropted_msgs/msg/detail/robot_gait_command__rosidl_typesupport_introspection_c.h
-- Up-to-date symlink: /home/ardra/go_sim/install/quadropted_msgs/include/quadropted_msgs/quadropted_msgs/msg/detail/robot_mode_command__rosidl_typesupport_introspection_c.h
-- Up-to-date symlink: /home/ardra/go_sim/install/quadropted_msgs/include/quadropted_msgs/quadropted_msgs/msg/detail/robot_velocity__rosidl_typesupport_introspection_c.h
-- Up-to-date symlink: /home/ardra/go_sim/install/quadropted_msgs/include/quadropted_msgs/quadropted_msgs/msg/rosidl_typesupport_introspection_c__visibility_control.h
-- Up-to-date symlink: /home/ardra/go_sim/install/quadropted_msgs/include/quadropted_msgs/quadropted_msgs/srv/detail/robot_behavior_command__rosidl_typesupport_introspection_c.h
-- Up-to-date symlink: /home/ardra/go_sim/install/quadropted_msgs/include/quadropted_msgs/quadropted_msgs/msg/detail/robot_foot_contact__rosidl_typesupport_introspection_cpp.hpp
-- Up-to-date symlink: /home/ardra/go_sim/install/quadropted_msgs/include/quadropted_msgs/quadropted_msgs/msg/detail/robot_gait_command__rosidl_typesupport_introspection_cpp.hpp
-- Up-to-date symlink: /home/ardra/go_sim/install/quadropted_msgs/include/quadropted_msgs/quadropted_msgs/msg/detail/robot_mode_command__rosidl_typesupport_introspection_cpp.hpp
-- Up-to-date symlink: /home/ardra/go_sim/install/quadropted_msgs/include/quadropted_msgs/quadropted_msgs/msg/detail/robot_velocity__rosidl_typesupport_introspection_cpp.hpp
-- Up-to-date symlink: /home/ardra/go_sim/install/quadropted_msgs/include/quadropted_msgs/quadropted_msgs/srv/detail/robot_behavior_command__rosidl_typesupport_introspection_cpp.hpp
-- Up-to-date symlink: /home/ardra/go_sim/install/quadropted_msgs/share/quadropted_msgs/environment/pythonpath.sh
-- Up-to-date symlink: /home/ardra/go_sim/install/quadropted_msgs/share/quadropted_msgs/environment/pythonpath.dsv
-- Up-to-date symlink: /home/ardra/go_sim/install/quadropted_msgs/lib/python3.12/site-packages/quadropted_msgs-0.1.0-py3.12.egg-info/PKG-INFO
-- Up-to-date symlink: /home/ardra/go_sim/install/quadropted_msgs/lib/python3.12/site-packages/quadropted_msgs-0.1.0-py3.12.egg-info/SOURCES.txt
-- Up-to-date symlink: /home/ardra/go_sim/install/quadropted_msgs/lib/python3.12/site-packages/quadropted_msgs-0.1.0-py3.12.egg-info/dependency_links.txt
-- Up-to-date symlink: /home/ardra/go_sim/install/quadropted_msgs/lib/python3.12/site-packages/quadropted_msgs-0.1.0-py3.12.egg-info/top_level.txt
-- Up-to-date symlink: /home/ardra/go_sim/install/quadropted_msgs/lib/python3.12/site-packages/quadropted_msgs/__init__.py
-- Up-to-date symlink: /home/ardra/go_sim/install/quadropted_msgs/lib/python3.12/site-packages/quadropted_msgs/_quadropted_msgs_s.ep.rosidl_typesupport_c.c
-- Up-to-date symlink: /home/ardra/go_sim/install/quadropted_msgs/lib/python3.12/site-packages/quadropted_msgs/_quadropted_msgs_s.ep.rosidl_typesupport_fastrtps_c.c
-- Up-to-date symlink: /home/ardra/go_sim/install/quadropted_msgs/lib/python3.12/site-packages/quadropted_msgs/_quadropted_msgs_s.ep.rosidl_typesupport_introspection_c.c
-- Up-to-date symlink: /home/ardra/go_sim/install/quadropted_msgs/lib/python3.12/site-packages/quadropted_msgs/msg/__init__.py
-- Up-to-date symlink: /home/ardra/go_sim/install/quadropted_msgs/lib/python3.12/site-packages/quadropted_msgs/msg/_robot_foot_contact.py
-- Up-to-date symlink: /home/ardra/go_sim/install/quadropted_msgs/lib/python3.12/site-packages/quadropted_msgs/msg/_robot_foot_contact_s.c
-- Up-to-date symlink: /home/ardra/go_sim/install/quadropted_msgs/lib/python3.12/site-packages/quadropted_msgs/msg/_robot_gait_command.py
-- Up-to-date symlink: /home/ardra/go_sim/install/quadropted_msgs/lib/python3.12/site-packages/quadropted_msgs/msg/_robot_gait_command_s.c
-- Up-to-date symlink: /home/ardra/go_sim/install/quadropted_msgs/lib/python3.12/site-packages/quadropted_msgs/msg/_robot_mode_command.py
-- Up-to-date symlink: /home/ardra/go_sim/install/quadropted_msgs/lib/python3.12/site-packages/quadropted_msgs/msg/_robot_mode_command_s.c
-- Up-to-date symlink: /home/ardra/go_sim/install/quadropted_msgs/lib/python3.12/site-packages/quadropted_msgs/msg/_robot_velocity.py
-- Up-to-date symlink: /home/ardra/go_sim/install/quadropted_msgs/lib/python3.12/site-packages/quadropted_msgs/msg/_robot_velocity_s.c
-- Up-to-date symlink: /home/ardra/go_sim/install/quadropted_msgs/lib/python3.12/site-packages/quadropted_msgs/quadropted_msgs_s__rosidl_typesupport_c.so
-- Up-to-date symlink: /home/ardra/go_sim/install/quadropted_msgs/lib/python3.12/site-packages/quadropted_msgs/quadropted_msgs_s__rosidl_typesupport_fastrtps_c.so
-- Up-to-date symlink: /home/ardra/go_sim/install/quadropted_msgs/lib/python3.12/site-packages/quadropted_msgs/quadropted_msgs_s__rosidl_typesupport_introspection_c.so
-- Up-to-date symlink: /home/ardra/go_sim/install/quadropted_msgs/lib/python3.12/site-packages/quadropted_msgs/srv/__init__.py
-- Up-to-date symlink: /home/ardra/go_sim/install/quadropted_msgs/lib/python3.12/site-packages/quadropted_msgs/srv/_robot_behavior_command.py
-- Up-to-date symlink: /home/ardra/go_sim/install/quadropted_msgs/lib/python3.12/site-packages/quadropted_msgs/srv/_robot_behavior_command_s.c
-- Up-to-date symlink: /home/ardra/go_sim/install/quadropted_msgs/lib/python3.12/site-packages/quadropted_msgs/quadropted_msgs_s__rosidl_typesupport_fastrtps_c.so
-- Up-to-date symlink: /home/ardra/go_sim/install/quadropted_msgs/lib/python3.12/site-packages/quadropted_msgs/quadropted_msgs_s__rosidl_typesupport_introspection_c.so
-- Up-to-date symlink: /home/ardra/go_sim/install/quadropted_msgs/lib/python3.12/site-packages/quadropted_msgs/quadropted_msgs_s__rosidl_typesupport_c.so
-- Up-to-date symlink: /home/ardra/go_sim/install/quadropted_msgs/share/quadropted_msgs/msg/RobotVelocity.idl
-- Up-to-date symlink: /home/ardra/go_sim/install/quadropted_msgs/share/quadropted_msgs/msg/RobotGaitCommand.idl
-- Up-to-date symlink: /home/ardra/go_sim/install/quadropted_msgs/share/quadropted_msgs/msg/RobotModeCommand.idl
-- Up-to-date symlink: /home/ardra/go_sim/install/quadropted_msgs/share/quadropted_msgs/msg/RobotFootContact.idl
-- Up-to-date symlink: /home/ardra/go_sim/install/quadropted_msgs/share/quadropted_msgs/srv/RobotBehaviorCommand.idl
-- Up-to-date symlink: /home/ardra/go_sim/install/quadropted_msgs/share/quadropted_msgs/msg/RobotVelocity.msg
-- Up-to-date symlink: /home/ardra/go_sim/install/quadropted_msgs/share/quadropted_msgs/msg/RobotGaitCommand.msg
-- Up-to-date symlink: /home/ardra/go_sim/install/quadropted_msgs/share/quadropted_msgs/msg/RobotModeCommand.msg
-- Up-to-date symlink: /home/ardra/go_sim/install/quadropted_msgs/share/quadropted_msgs/msg/RobotFootContact.msg
-- Up-to-date symlink: /home/ardra/go_sim/install/quadropted_msgs/share/quadropted_msgs/srv/RobotBehaviorCommand.srv
-- Up-to-date symlink: /home/ardra/go_sim/install/quadropted_msgs/share/ament_index/resource_index/package_run_dependencies/quadropted_msgs
-- Up-to-date symlink: /home/ardra/go_sim/install/quadropted_msgs/share/ament_index/resource_index/parent_prefix_path/quadropted_msgs
-- Up-to-date symlink: /home/ardra/go_sim/install/quadropted_msgs/share/quadropted_msgs/environment/ament_prefix_path.sh
-- Up-to-date symlink: /home/ardra/go_sim/install/quadropted_msgs/share/quadropted_msgs/environment/ament_prefix_path.dsv
-- Up-to-date symlink: /home/ardra/go_sim/install/quadropted_msgs/share/quadropted_msgs/environment/path.sh
-- Up-to-date symlink: /home/ardra/go_sim/install/quadropted_msgs/share/quadropted_msgs/environment/path.dsv
-- Up-to-date symlink: /home/ardra/go_sim/install/quadropted_msgs/share/quadropted_msgs/local_setup.bash
-- Up-to-date symlink: /home/ardra/go_sim/install/quadropted_msgs/share/quadropted_msgs/local_setup.sh
-- Up-to-date symlink: /home/ardra/go_sim/install/quadropted_msgs/share/quadropted_msgs/local_setup.zsh
-- Up-to-date symlink: /home/ardra/go_sim/install/quadropted_msgs/share/quadropted_msgs/local_setup.dsv
-- Symlinking: /home/ardra/go_sim/install/quadropted_msgs/share/quadropted_msgs/package.dsv
-- Up-to-date symlink: /home/ardra/go_sim/install/quadropted_msgs/share/ament_index/resource_index/packages/quadropted_msgs
-- Up-to-date symlink: /home/ardra/go_sim/install/quadropted_msgs/share/quadropted_msgs/cmake/rosidl_cmake-extras.cmake
-- Up-to-date symlink: /home/ardra/go_sim/install/quadropted_msgs/share/quadropted_msgs/cmake/ament_cmake_export_dependencies-extras.cmake
-- Up-to-date symlink: /home/ardra/go_sim/install/quadropted_msgs/share/quadropted_msgs/cmake/ament_cmake_export_include_directories-extras.cmake
-- Up-to-date symlink: /home/ardra/go_sim/install/quadropted_msgs/share/quadropted_msgs/cmake/ament_cmake_export_libraries-extras.cmake
-- Up-to-date symlink: /home/ardra/go_sim/install/quadropted_msgs/share/quadropted_msgs/cmake/ament_cmake_export_targets-extras.cmake
-- Up-to-date symlink: /home/ardra/go_sim/install/quadropted_msgs/share/quadropted_msgs/cmake/rosidl_cmake_export_typesupport_targets-extras.cmake
-- Up-to-date symlink: /home/ardra/go_sim/install/quadropted_msgs/share/quadropted_msgs/cmake/rosidl_cmake_export_typesupport_libraries-extras.cmake
-- Up-to-date symlink: /home/ardra/go_sim/install/quadropted_msgs/share/quadropted_msgs/cmake/quadropted_msgsConfig.cmake
-- Up-to-date symlink: /home/ardra/go_sim/install/quadropted_msgs/share/quadropted_msgs/cmake/quadropted_msgsConfig-version.cmake
-- Up-to-date symlink: /home/ardra/go_sim/install/quadropted_msgs/share/quadropted_msgs/package.xml
-- Installing: /home/ardra/go_sim/install/quadropted_msgs/lib/libquadropted_msgs__rosidl_generator_c.so
-- Set non-toolchain portion of runtime path of "/home/ardra/go_sim/install/quadropted_msgs/lib/libquadropted_msgs__rosidl_generator_c.so" to ""
-- Installing: /home/ardra/go_sim/install/quadropted_msgs/lib/libquadropted_msgs__rosidl_typesupport_fastrtps_c.so
-- Set non-toolchain portion of runtime path of "/home/ardra/go_sim/install/quadropted_msgs/lib/libquadropted_msgs__rosidl_typesupport_fastrtps_c.so" to ""
-- Installing: /home/ardra/go_sim/install/quadropted_msgs/lib/libquadropted_msgs__rosidl_typesupport_fastrtps_cpp.so
-- Set non-toolchain portion of runtime path of "/home/ardra/go_sim/install/quadropted_msgs/lib/libquadropted_msgs__rosidl_typesupport_fastrtps_cpp.so" to ""
-- Installing: /home/ardra/go_sim/install/quadropted_msgs/lib/libquadropted_msgs__rosidl_typesupport_introspection_c.so
-- Set non-toolchain portion of runtime path of "/home/ardra/go_sim/install/quadropted_msgs/lib/libquadropted_msgs__rosidl_typesupport_introspection_c.so" to ""
-- Installing: /home/ardra/go_sim/install/quadropted_msgs/lib/libquadropted_msgs__rosidl_typesupport_c.so
-- Set non-toolchain portion of runtime path of "/home/ardra/go_sim/install/quadropted_msgs/lib/libquadropted_msgs__rosidl_typesupport_c.so" to ""
-- Installing: /home/ardra/go_sim/install/quadropted_msgs/lib/libquadropted_msgs__rosidl_typesupport_introspection_cpp.so
-- Set non-toolchain portion of runtime path of "/home/ardra/go_sim/install/quadropted_msgs/lib/libquadropted_msgs__rosidl_typesupport_introspection_cpp.so" to ""
-- Installing: /home/ardra/go_sim/install/quadropted_msgs/lib/libquadropted_msgs__rosidl_typesupport_cpp.so
-- Set non-toolchain portion of runtime path of "/home/ardra/go_sim/install/quadropted_msgs/lib/libquadropted_msgs__rosidl_typesupport_cpp.so" to ""
Listing '/home/ardra/go_sim/install/quadropted_msgs/lib/python3.12/site-packages/quadropted_msgs'...
Compiling '/home/ardra/go_sim/install/quadropted_msgs/lib/python3.12/site-packages/quadropted_msgs/__init__.py'...
Listing '/home/ardra/go_sim/install/quadropted_msgs/lib/python3.12/site-packages/quadropted_msgs/msg'...
Listing '/home/ardra/go_sim/install/quadropted_msgs/lib/python3.12/site-packages/quadropted_msgs/srv'...
-- Installing: /home/ardra/go_sim/install/quadropted_msgs/lib/libquadropted_msgs__rosidl_generator_py.so
-- Set non-toolchain portion of runtime path of "/home/ardra/go_sim/install/quadropted_msgs/lib/libquadropted_msgs__rosidl_generator_py.so" to ""
-- Up-to-date: /home/ardra/go_sim/install/quadropted_msgs/share/quadropted_msgs/cmake/export_quadropted_msgs__rosidl_generator_cExport.cmake
-- Up-to-date: /home/ardra/go_sim/install/quadropted_msgs/share/quadropted_msgs/cmake/export_quadropted_msgs__rosidl_generator_cExport-noconfig.cmake
-- Up-to-date: /home/ardra/go_sim/install/quadropted_msgs/share/quadropted_msgs/cmake/export_quadropted_msgs__rosidl_typesupport_fastrtps_cExport.cmake
-- Up-to-date: /home/ardra/go_sim/install/quadropted_msgs/share/quadropted_msgs/cmake/export_quadropted_msgs__rosidl_typesupport_fastrtps_cExport-noconfig.cmake
-- Up-to-date: /home/ardra/go_sim/install/quadropted_msgs/share/quadropted_msgs/cmake/export_quadropted_msgs__rosidl_generator_cppExport.cmake
-- Up-to-date: /home/ardra/go_sim/install/quadropted_msgs/share/quadropted_msgs/cmake/export_quadropted_msgs__rosidl_typesupport_fastrtps_cppExport.cmake
-- Up-to-date: /home/ardra/go_sim/install/quadropted_msgs/share/quadropted_msgs/cmake/export_quadropted_msgs__rosidl_typesupport_fastrtps_cppExport-noconfig.cmake
-- Up-to-date: /home/ardra/go_sim/install/quadropted_msgs/share/quadropted_msgs/cmake/quadropted_msgs__rosidl_typesupport_introspection_cExport.cmake
-- Up-to-date: /home/ardra/go_sim/install/quadropted_msgs/share/quadropted_msgs/cmake/quadropted_msgs__rosidl_typesupport_introspection_cExport-noconfig.cmake
-- Up-to-date: /home/ardra/go_sim/install/quadropted_msgs/share/quadropted_msgs/cmake/quadropted_msgs__rosidl_typesupport_cExport.cmake
-- Up-to-date: /home/ardra/go_sim/install/quadropted_msgs/share/quadropted_msgs/cmake/quadropted_msgs__rosidl_typesupport_cExport-noconfig.cmake
-- Up-to-date: /home/ardra/go_sim/install/quadropted_msgs/share/quadropted_msgs/cmake/quadropted_msgs__rosidl_typesupport_introspection_cppExport.cmake
-- Up-to-date: /home/ardra/go_sim/install/quadropted_msgs/share/quadropted_msgs/cmake/quadropted_msgs__rosidl_typesupport_introspection_cppExport-noconfig.cmake
-- Up-to-date: /home/ardra/go_sim/install/quadropted_msgs/share/quadropted_msgs/cmake/quadropted_msgs__rosidl_typesupport_cppExport.cmake
-- Up-to-date: /home/ardra/go_sim/install/quadropted_msgs/share/quadropted_msgs/cmake/quadropted_msgs__rosidl_typesupport_cppExport-noconfig.cmake
-- Up-to-date: /home/ardra/go_sim/install/quadropted_msgs/share/quadropted_msgs/cmake/export_quadropted_msgs__rosidl_generator_pyExport.cmake
-- Up-to-date: /home/ardra/go_sim/install/quadropted_msgs/share/quadropted_msgs/cmake/export_quadropted_msgs__rosidl_generator_pyExport-noconfig.cmake
