[0.131s] DEBUG:colcon:Command line arguments: ['/usr/bin/colcon', 'build', '--packages-select', 'gazebo_sim']
[0.131s] DEBUG:colcon:Parsed command line arguments: Namespace(log_base=None, log_level=None, verb_name='build', build_base='build', install_base='install', merge_install=False, symlink_install=False, test_result_base=None, continue_on_error=False, executor='parallel', parallel_workers=16, event_handlers=None, ignore_user_meta=False, metas=['./colcon.meta'], base_paths=['.'], packages_ignore=None, packages_ignore_regex=None, paths=None, packages_up_to=None, packages_up_to_regex=None, packages_above=None, packages_above_and_dependencies=None, packages_above_depth=None, packages_select_by_dep=None, packages_skip_by_dep=None, packages_skip_up_to=None, packages_select_build_failed=False, packages_skip_build_finished=False, packages_select_test_failures=False, packages_skip_test_passed=False, packages_select=['gazebo_sim'], packages_skip=None, packages_select_regex=None, packages_skip_regex=None, packages_start=None, packages_end=None, allow_overriding=[], cmake_args=None, cmake_target=None, cmake_target_skip_unavailable=False, cmake_clean_cache=False, cmake_clean_first=False, cmake_force_configure=False, ament_cmake_args=None, catkin_cmake_args=None, catkin_skip_building_tests=False, mixin_files=None, mixin=None, verb_parser=<colcon_mixin.mixin.mixin_argument.MixinArgumentDecorator object at 0x79cb1fc66d80>, verb_extension=<colcon_core.verb.build.BuildVerb object at 0x79cb1fc66720>, main=<bound method BuildVerb.main of <colcon_core.verb.build.BuildVerb object at 0x79cb1fc66720>>, mixin_verb=('build',))
[0.165s] Level 1:colcon.colcon_core.package_discovery:discover_packages(colcon_meta) check parameters
[0.165s] Level 1:colcon.colcon_core.package_discovery:discover_packages(recursive) check parameters
[0.165s] Level 1:colcon.colcon_core.package_discovery:discover_packages(ignore) check parameters
[0.165s] Level 1:colcon.colcon_core.package_discovery:discover_packages(path) check parameters
[0.165s] Level 1:colcon.colcon_core.package_discovery:discover_packages(colcon_meta) discover
[0.165s] Level 1:colcon.colcon_core.package_discovery:discover_packages(recursive) discover
[0.165s] INFO:colcon.colcon_core.package_discovery:Crawling recursively for packages in '/home/ardra/go_sim'
[0.165s] Level 1:colcon.colcon_core.package_identification:_identify(.) by extensions ['ignore', 'ignore_ament_install']
[0.165s] Level 1:colcon.colcon_core.package_identification:_identify(.) by extension 'ignore'
[0.165s] Level 1:colcon.colcon_core.package_identification:_identify(.) by extension 'ignore_ament_install'
[0.165s] Level 1:colcon.colcon_core.package_identification:_identify(.) by extensions ['colcon_pkg']
[0.165s] Level 1:colcon.colcon_core.package_identification:_identify(.) by extension 'colcon_pkg'
[0.165s] Level 1:colcon.colcon_core.package_identification:_identify(.) by extensions ['colcon_meta']
[0.165s] Level 1:colcon.colcon_core.package_identification:_identify(.) by extension 'colcon_meta'
[0.165s] Level 1:colcon.colcon_core.package_identification:_identify(.) by extensions ['ros']
[0.165s] Level 1:colcon.colcon_core.package_identification:_identify(.) by extension 'ros'
[0.185s] Level 1:colcon.colcon_core.package_identification:_identify(.) by extensions ['cmake', 'python']
[0.185s] Level 1:colcon.colcon_core.package_identification:_identify(.) by extension 'cmake'
[0.185s] Level 1:colcon.colcon_core.package_identification:_identify(.) by extension 'python'
[0.185s] Level 1:colcon.colcon_core.package_identification:_identify(.) by extensions ['python_setup_py']
[0.185s] Level 1:colcon.colcon_core.package_identification:_identify(.) by extension 'python_setup_py'
[0.185s] Level 1:colcon.colcon_core.package_identification:_identify(build) by extensions ['ignore', 'ignore_ament_install']
[0.185s] Level 1:colcon.colcon_core.package_identification:_identify(build) by extension 'ignore'
[0.185s] Level 1:colcon.colcon_core.package_identification:_identify(build) ignored
[0.185s] Level 1:colcon.colcon_core.package_identification:_identify(install) by extensions ['ignore', 'ignore_ament_install']
[0.185s] Level 1:colcon.colcon_core.package_identification:_identify(install) by extension 'ignore'
[0.185s] Level 1:colcon.colcon_core.package_identification:_identify(install) ignored
[0.185s] Level 1:colcon.colcon_core.package_identification:_identify(log) by extensions ['ignore', 'ignore_ament_install']
[0.185s] Level 1:colcon.colcon_core.package_identification:_identify(log) by extension 'ignore'
[0.185s] Level 1:colcon.colcon_core.package_identification:_identify(log) ignored
[0.185s] Level 1:colcon.colcon_core.package_identification:_identify(src) by extensions ['ignore', 'ignore_ament_install']
[0.185s] Level 1:colcon.colcon_core.package_identification:_identify(src) by extension 'ignore'
[0.185s] Level 1:colcon.colcon_core.package_identification:_identify(src) by extension 'ignore_ament_install'
[0.185s] Level 1:colcon.colcon_core.package_identification:_identify(src) by extensions ['colcon_pkg']
[0.185s] Level 1:colcon.colcon_core.package_identification:_identify(src) by extension 'colcon_pkg'
[0.185s] Level 1:colcon.colcon_core.package_identification:_identify(src) by extensions ['colcon_meta']
[0.186s] Level 1:colcon.colcon_core.package_identification:_identify(src) by extension 'colcon_meta'
[0.186s] Level 1:colcon.colcon_core.package_identification:_identify(src) by extensions ['ros']
[0.186s] Level 1:colcon.colcon_core.package_identification:_identify(src) by extension 'ros'
[0.186s] Level 1:colcon.colcon_core.package_identification:_identify(src) by extensions ['cmake', 'python']
[0.186s] Level 1:colcon.colcon_core.package_identification:_identify(src) by extension 'cmake'
[0.186s] Level 1:colcon.colcon_core.package_identification:_identify(src) by extension 'python'
[0.186s] Level 1:colcon.colcon_core.package_identification:_identify(src) by extensions ['python_setup_py']
[0.186s] Level 1:colcon.colcon_core.package_identification:_identify(src) by extension 'python_setup_py'
[0.186s] Level 1:colcon.colcon_core.package_identification:_identify(src/docker) by extensions ['ignore', 'ignore_ament_install']
[0.186s] Level 1:colcon.colcon_core.package_identification:_identify(src/docker) by extension 'ignore'
[0.186s] Level 1:colcon.colcon_core.package_identification:_identify(src/docker) by extension 'ignore_ament_install'
[0.186s] Level 1:colcon.colcon_core.package_identification:_identify(src/docker) by extensions ['colcon_pkg']
[0.186s] Level 1:colcon.colcon_core.package_identification:_identify(src/docker) by extension 'colcon_pkg'
[0.186s] Level 1:colcon.colcon_core.package_identification:_identify(src/docker) by extensions ['colcon_meta']
[0.186s] Level 1:colcon.colcon_core.package_identification:_identify(src/docker) by extension 'colcon_meta'
[0.186s] Level 1:colcon.colcon_core.package_identification:_identify(src/docker) by extensions ['ros']
[0.186s] Level 1:colcon.colcon_core.package_identification:_identify(src/docker) by extension 'ros'
[0.186s] Level 1:colcon.colcon_core.package_identification:_identify(src/docker) by extensions ['cmake', 'python']
[0.186s] Level 1:colcon.colcon_core.package_identification:_identify(src/docker) by extension 'cmake'
[0.186s] Level 1:colcon.colcon_core.package_identification:_identify(src/docker) by extension 'python'
[0.186s] Level 1:colcon.colcon_core.package_identification:_identify(src/docker) by extensions ['python_setup_py']
[0.186s] Level 1:colcon.colcon_core.package_identification:_identify(src/docker) by extension 'python_setup_py'
[0.186s] Level 1:colcon.colcon_core.package_identification:_identify(src/gazebo_sim) by extensions ['ignore', 'ignore_ament_install']
[0.186s] Level 1:colcon.colcon_core.package_identification:_identify(src/gazebo_sim) by extension 'ignore'
[0.186s] Level 1:colcon.colcon_core.package_identification:_identify(src/gazebo_sim) by extension 'ignore_ament_install'
[0.186s] Level 1:colcon.colcon_core.package_identification:_identify(src/gazebo_sim) by extensions ['colcon_pkg']
[0.186s] Level 1:colcon.colcon_core.package_identification:_identify(src/gazebo_sim) by extension 'colcon_pkg'
[0.186s] Level 1:colcon.colcon_core.package_identification:_identify(src/gazebo_sim) by extensions ['colcon_meta']
[0.186s] Level 1:colcon.colcon_core.package_identification:_identify(src/gazebo_sim) by extension 'colcon_meta'
[0.186s] Level 1:colcon.colcon_core.package_identification:_identify(src/gazebo_sim) by extensions ['ros']
[0.186s] Level 1:colcon.colcon_core.package_identification:_identify(src/gazebo_sim) by extension 'ros'
[0.190s] DEBUG:colcon.colcon_core.package_identification:Package 'src/gazebo_sim' with type 'ros.ament_cmake' and name 'gazebo_sim'
[0.190s] Level 1:colcon.colcon_core.package_identification:_identify(src/go1_description) by extensions ['ignore', 'ignore_ament_install']
[0.190s] Level 1:colcon.colcon_core.package_identification:_identify(src/go1_description) by extension 'ignore'
[0.190s] Level 1:colcon.colcon_core.package_identification:_identify(src/go1_description) by extension 'ignore_ament_install'
[0.190s] Level 1:colcon.colcon_core.package_identification:_identify(src/go1_description) by extensions ['colcon_pkg']
[0.190s] Level 1:colcon.colcon_core.package_identification:_identify(src/go1_description) by extension 'colcon_pkg'
[0.190s] Level 1:colcon.colcon_core.package_identification:_identify(src/go1_description) by extensions ['colcon_meta']
[0.190s] Level 1:colcon.colcon_core.package_identification:_identify(src/go1_description) by extension 'colcon_meta'
[0.190s] Level 1:colcon.colcon_core.package_identification:_identify(src/go1_description) by extensions ['ros']
[0.190s] Level 1:colcon.colcon_core.package_identification:_identify(src/go1_description) by extension 'ros'
[0.192s] DEBUG:colcon.colcon_core.package_identification:Package 'src/go1_description' with type 'ros.ament_cmake' and name 'go1_description'
[0.192s] Level 1:colcon.colcon_core.package_identification:_identify(src/go2_description) by extensions ['ignore', 'ignore_ament_install']
[0.192s] Level 1:colcon.colcon_core.package_identification:_identify(src/go2_description) by extension 'ignore'
[0.192s] Level 1:colcon.colcon_core.package_identification:_identify(src/go2_description) by extension 'ignore_ament_install'
[0.192s] Level 1:colcon.colcon_core.package_identification:_identify(src/go2_description) by extensions ['colcon_pkg']
[0.192s] Level 1:colcon.colcon_core.package_identification:_identify(src/go2_description) by extension 'colcon_pkg'
[0.192s] Level 1:colcon.colcon_core.package_identification:_identify(src/go2_description) by extensions ['colcon_meta']
[0.192s] Level 1:colcon.colcon_core.package_identification:_identify(src/go2_description) by extension 'colcon_meta'
[0.192s] Level 1:colcon.colcon_core.package_identification:_identify(src/go2_description) by extensions ['ros']
[0.192s] Level 1:colcon.colcon_core.package_identification:_identify(src/go2_description) by extension 'ros'
[0.193s] DEBUG:colcon.colcon_core.package_identification:Package 'src/go2_description' with type 'ros.ament_cmake' and name 'go2_description'
[0.193s] Level 1:colcon.colcon_core.package_identification:_identify(src/media) by extensions ['ignore', 'ignore_ament_install']
[0.193s] Level 1:colcon.colcon_core.package_identification:_identify(src/media) by extension 'ignore'
[0.193s] Level 1:colcon.colcon_core.package_identification:_identify(src/media) by extension 'ignore_ament_install'
[0.193s] Level 1:colcon.colcon_core.package_identification:_identify(src/media) by extensions ['colcon_pkg']
[0.193s] Level 1:colcon.colcon_core.package_identification:_identify(src/media) by extension 'colcon_pkg'
[0.193s] Level 1:colcon.colcon_core.package_identification:_identify(src/media) by extensions ['colcon_meta']
[0.193s] Level 1:colcon.colcon_core.package_identification:_identify(src/media) by extension 'colcon_meta'
[0.193s] Level 1:colcon.colcon_core.package_identification:_identify(src/media) by extensions ['ros']
[0.193s] Level 1:colcon.colcon_core.package_identification:_identify(src/media) by extension 'ros'
[0.193s] Level 1:colcon.colcon_core.package_identification:_identify(src/media) by extensions ['cmake', 'python']
[0.193s] Level 1:colcon.colcon_core.package_identification:_identify(src/media) by extension 'cmake'
[0.193s] Level 1:colcon.colcon_core.package_identification:_identify(src/media) by extension 'python'
[0.193s] Level 1:colcon.colcon_core.package_identification:_identify(src/media) by extensions ['python_setup_py']
[0.193s] Level 1:colcon.colcon_core.package_identification:_identify(src/media) by extension 'python_setup_py'
[0.193s] Level 1:colcon.colcon_core.package_identification:_identify(src/quadropted_controller) by extensions ['ignore', 'ignore_ament_install']
[0.193s] Level 1:colcon.colcon_core.package_identification:_identify(src/quadropted_controller) by extension 'ignore'
[0.193s] Level 1:colcon.colcon_core.package_identification:_identify(src/quadropted_controller) by extension 'ignore_ament_install'
[0.193s] Level 1:colcon.colcon_core.package_identification:_identify(src/quadropted_controller) by extensions ['colcon_pkg']
[0.193s] Level 1:colcon.colcon_core.package_identification:_identify(src/quadropted_controller) by extension 'colcon_pkg'
[0.193s] Level 1:colcon.colcon_core.package_identification:_identify(src/quadropted_controller) by extensions ['colcon_meta']
[0.193s] Level 1:colcon.colcon_core.package_identification:_identify(src/quadropted_controller) by extension 'colcon_meta'
[0.193s] Level 1:colcon.colcon_core.package_identification:_identify(src/quadropted_controller) by extensions ['ros']
[0.193s] Level 1:colcon.colcon_core.package_identification:_identify(src/quadropted_controller) by extension 'ros'
[0.194s] DEBUG:colcon.colcon_core.package_identification:Package 'src/quadropted_controller' with type 'ros.ament_cmake' and name 'quadropted_controller'
[0.194s] Level 1:colcon.colcon_core.package_identification:_identify(src/quadropted_msgs) by extensions ['ignore', 'ignore_ament_install']
[0.194s] Level 1:colcon.colcon_core.package_identification:_identify(src/quadropted_msgs) by extension 'ignore'
[0.194s] Level 1:colcon.colcon_core.package_identification:_identify(src/quadropted_msgs) by extension 'ignore_ament_install'
[0.194s] Level 1:colcon.colcon_core.package_identification:_identify(src/quadropted_msgs) by extensions ['colcon_pkg']
[0.194s] Level 1:colcon.colcon_core.package_identification:_identify(src/quadropted_msgs) by extension 'colcon_pkg'
[0.194s] Level 1:colcon.colcon_core.package_identification:_identify(src/quadropted_msgs) by extensions ['colcon_meta']
[0.194s] Level 1:colcon.colcon_core.package_identification:_identify(src/quadropted_msgs) by extension 'colcon_meta'
[0.194s] Level 1:colcon.colcon_core.package_identification:_identify(src/quadropted_msgs) by extensions ['ros']
[0.194s] Level 1:colcon.colcon_core.package_identification:_identify(src/quadropted_msgs) by extension 'ros'
[0.194s] DEBUG:colcon.colcon_core.package_identification:Package 'src/quadropted_msgs' with type 'ros.ament_cmake' and name 'quadropted_msgs'
[0.194s] Level 1:colcon.colcon_core.package_discovery:discover_packages(recursive) using defaults
[0.194s] Level 1:colcon.colcon_core.package_discovery:discover_packages(ignore) discover
[0.194s] Level 1:colcon.colcon_core.package_discovery:discover_packages(ignore) using defaults
[0.194s] Level 1:colcon.colcon_core.package_discovery:discover_packages(path) discover
[0.194s] Level 1:colcon.colcon_core.package_discovery:discover_packages(path) using defaults
[0.209s] INFO:colcon.colcon_core.package_selection:Skipping not selected package 'go1_description' in 'src/go1_description'
[0.209s] INFO:colcon.colcon_core.package_selection:Skipping not selected package 'go2_description' in 'src/go2_description'
[0.210s] INFO:colcon.colcon_core.package_selection:Skipping not selected package 'quadropted_controller' in 'src/quadropted_controller'
[0.210s] INFO:colcon.colcon_core.package_selection:Skipping not selected package 'quadropted_msgs' in 'src/quadropted_msgs'
[0.210s] Level 1:colcon.colcon_core.package_discovery:discover_packages(prefix_path) check parameters
[0.210s] Level 1:colcon.colcon_core.package_discovery:discover_packages(prefix_path) discover
[0.212s] DEBUG:colcon.colcon_installed_package_information.package_discovery:Found 5 installed packages in /home/ardra/go_sim/install
[0.214s] DEBUG:colcon.colcon_installed_package_information.package_discovery:Found 422 installed packages in /opt/ros/jazzy
[0.215s] Level 1:colcon.colcon_core.package_discovery:discover_packages(prefix_path) using defaults
[0.254s] Level 5:colcon.colcon_core.verb:set package 'gazebo_sim' build argument 'cmake_args' from command line to 'None'
[0.254s] Level 5:colcon.colcon_core.verb:set package 'gazebo_sim' build argument 'cmake_target' from command line to 'None'
[0.254s] Level 5:colcon.colcon_core.verb:set package 'gazebo_sim' build argument 'cmake_target_skip_unavailable' from command line to 'False'
[0.254s] Level 5:colcon.colcon_core.verb:set package 'gazebo_sim' build argument 'cmake_clean_cache' from command line to 'False'
[0.254s] Level 5:colcon.colcon_core.verb:set package 'gazebo_sim' build argument 'cmake_clean_first' from command line to 'False'
[0.254s] Level 5:colcon.colcon_core.verb:set package 'gazebo_sim' build argument 'cmake_force_configure' from command line to 'False'
[0.254s] Level 5:colcon.colcon_core.verb:set package 'gazebo_sim' build argument 'ament_cmake_args' from command line to 'None'
[0.254s] Level 5:colcon.colcon_core.verb:set package 'gazebo_sim' build argument 'catkin_cmake_args' from command line to 'None'
[0.254s] Level 5:colcon.colcon_core.verb:set package 'gazebo_sim' build argument 'catkin_skip_building_tests' from command line to 'False'
[0.254s] DEBUG:colcon.colcon_core.verb:Building package 'gazebo_sim' with the following arguments: {'ament_cmake_args': None, 'build_base': '/home/ardra/go_sim/build/gazebo_sim', 'catkin_cmake_args': None, 'catkin_skip_building_tests': False, 'cmake_args': None, 'cmake_clean_cache': False, 'cmake_clean_first': False, 'cmake_force_configure': False, 'cmake_target': None, 'cmake_target_skip_unavailable': False, 'install_base': '/home/ardra/go_sim/install/gazebo_sim', 'merge_install': False, 'path': '/home/ardra/go_sim/src/gazebo_sim', 'symlink_install': False, 'test_result_base': None}
[0.255s] INFO:colcon.colcon_core.executor:Executing jobs using 'parallel' executor
[0.255s] DEBUG:colcon.colcon_parallel_executor.executor.parallel:run_until_complete
[0.256s] INFO:colcon.colcon_ros.task.ament_cmake.build:Building ROS package in '/home/ardra/go_sim/src/gazebo_sim' with build type 'ament_cmake'
[0.256s] INFO:colcon.colcon_cmake.task.cmake.build:Building CMake package in '/home/ardra/go_sim/src/gazebo_sim'
[0.258s] INFO:colcon.colcon_core.plugin_system:Skipping extension 'colcon_core.shell.bat': Not used on non-Windows systems
[0.258s] INFO:colcon.colcon_core.shell:Skip shell extension 'powershell' for command environment: Not usable outside of PowerShell
[0.258s] DEBUG:colcon.colcon_core.shell:Skip shell extension 'dsv' for command environment
[0.265s] DEBUG:colcon.colcon_core.event_handler.log_command:Invoking command in '/home/ardra/go_sim/build/gazebo_sim': CMAKE_PREFIX_PATH=${CMAKE_PREFIX_PATH}:/opt/ros/jazzy DEBUGINFOD_URLS=https://debuginfod.ubuntu.com /usr/bin/cmake --build /home/ardra/go_sim/build/gazebo_sim -- -j16 -l16
[0.297s] DEBUG:colcon.colcon_core.event_handler.log_command:Invoked command in '/home/ardra/go_sim/build/gazebo_sim' returned '0': CMAKE_PREFIX_PATH=${CMAKE_PREFIX_PATH}:/opt/ros/jazzy DEBUGINFOD_URLS=https://debuginfod.ubuntu.com /usr/bin/cmake --build /home/ardra/go_sim/build/gazebo_sim -- -j16 -l16
[0.304s] DEBUG:colcon.colcon_core.event_handler.log_command:Invoking command in '/home/ardra/go_sim/build/gazebo_sim': CMAKE_PREFIX_PATH=${CMAKE_PREFIX_PATH}:/opt/ros/jazzy DEBUGINFOD_URLS=https://debuginfod.ubuntu.com /usr/bin/cmake --install /home/ardra/go_sim/build/gazebo_sim
[0.360s] Level 1:colcon.colcon_core.environment:create_environment_scripts_only(gazebo_sim)
[0.360s] DEBUG:colcon.colcon_core.event_handler.log_command:Invoked command in '/home/ardra/go_sim/build/gazebo_sim' returned '0': CMAKE_PREFIX_PATH=${CMAKE_PREFIX_PATH}:/opt/ros/jazzy DEBUGINFOD_URLS=https://debuginfod.ubuntu.com /usr/bin/cmake --install /home/ardra/go_sim/build/gazebo_sim
[0.363s] Level 1:colcon.colcon_core.environment:checking '/home/ardra/go_sim/install/gazebo_sim' for CMake module files
[0.363s] Level 1:colcon.colcon_core.environment:checking '/home/ardra/go_sim/install/gazebo_sim' for CMake config files
[0.363s] Level 1:colcon.colcon_core.shell:create_environment_hook('gazebo_sim', 'cmake_prefix_path')
[0.363s] INFO:colcon.colcon_core.shell:Creating environment hook '/home/ardra/go_sim/install/gazebo_sim/share/gazebo_sim/hook/cmake_prefix_path.ps1'
[0.364s] INFO:colcon.colcon_core.shell:Creating environment descriptor '/home/ardra/go_sim/install/gazebo_sim/share/gazebo_sim/hook/cmake_prefix_path.dsv'
[0.364s] INFO:colcon.colcon_core.shell:Creating environment hook '/home/ardra/go_sim/install/gazebo_sim/share/gazebo_sim/hook/cmake_prefix_path.sh'
[0.365s] Level 1:colcon.colcon_core.environment:checking '/home/ardra/go_sim/install/gazebo_sim/lib'
[0.365s] Level 1:colcon.colcon_core.environment:checking '/home/ardra/go_sim/install/gazebo_sim/bin'
[0.365s] Level 1:colcon.colcon_core.environment:checking '/home/ardra/go_sim/install/gazebo_sim/lib/pkgconfig/gazebo_sim.pc'
[0.365s] Level 1:colcon.colcon_core.environment:checking '/home/ardra/go_sim/install/gazebo_sim/lib/python3.12/site-packages'
[0.365s] Level 1:colcon.colcon_core.environment:checking '/home/ardra/go_sim/install/gazebo_sim/bin'
[0.365s] INFO:colcon.colcon_core.shell:Creating package script '/home/ardra/go_sim/install/gazebo_sim/share/gazebo_sim/package.ps1'
[0.366s] INFO:colcon.colcon_core.shell:Creating package descriptor '/home/ardra/go_sim/install/gazebo_sim/share/gazebo_sim/package.dsv'
[0.366s] INFO:colcon.colcon_core.shell:Creating package script '/home/ardra/go_sim/install/gazebo_sim/share/gazebo_sim/package.sh'
[0.366s] INFO:colcon.colcon_core.shell:Creating package script '/home/ardra/go_sim/install/gazebo_sim/share/gazebo_sim/package.bash'
[0.367s] INFO:colcon.colcon_core.shell:Creating package script '/home/ardra/go_sim/install/gazebo_sim/share/gazebo_sim/package.zsh'
[0.367s] Level 1:colcon.colcon_core.environment:create_file_with_runtime_dependencies(/home/ardra/go_sim/install/gazebo_sim/share/colcon-core/packages/gazebo_sim)
[0.368s] Level 1:colcon.colcon_core.environment:create_environment_scripts_only(gazebo_sim)
[0.368s] Level 1:colcon.colcon_core.environment:checking '/home/ardra/go_sim/install/gazebo_sim' for CMake module files
[0.368s] Level 1:colcon.colcon_core.environment:checking '/home/ardra/go_sim/install/gazebo_sim' for CMake config files
[0.368s] Level 1:colcon.colcon_core.shell:create_environment_hook('gazebo_sim', 'cmake_prefix_path')
[0.368s] INFO:colcon.colcon_core.shell:Creating environment hook '/home/ardra/go_sim/install/gazebo_sim/share/gazebo_sim/hook/cmake_prefix_path.ps1'
[0.369s] INFO:colcon.colcon_core.shell:Creating environment descriptor '/home/ardra/go_sim/install/gazebo_sim/share/gazebo_sim/hook/cmake_prefix_path.dsv'
[0.369s] INFO:colcon.colcon_core.shell:Creating environment hook '/home/ardra/go_sim/install/gazebo_sim/share/gazebo_sim/hook/cmake_prefix_path.sh'
[0.369s] Level 1:colcon.colcon_core.environment:checking '/home/ardra/go_sim/install/gazebo_sim/lib'
[0.369s] Level 1:colcon.colcon_core.environment:checking '/home/ardra/go_sim/install/gazebo_sim/bin'
[0.369s] Level 1:colcon.colcon_core.environment:checking '/home/ardra/go_sim/install/gazebo_sim/lib/pkgconfig/gazebo_sim.pc'
[0.369s] Level 1:colcon.colcon_core.environment:checking '/home/ardra/go_sim/install/gazebo_sim/lib/python3.12/site-packages'
[0.369s] Level 1:colcon.colcon_core.environment:checking '/home/ardra/go_sim/install/gazebo_sim/bin'
[0.370s] INFO:colcon.colcon_core.shell:Creating package script '/home/ardra/go_sim/install/gazebo_sim/share/gazebo_sim/package.ps1'
[0.370s] INFO:colcon.colcon_core.shell:Creating package descriptor '/home/ardra/go_sim/install/gazebo_sim/share/gazebo_sim/package.dsv'
[0.370s] INFO:colcon.colcon_core.shell:Creating package script '/home/ardra/go_sim/install/gazebo_sim/share/gazebo_sim/package.sh'
[0.370s] INFO:colcon.colcon_core.shell:Creating package script '/home/ardra/go_sim/install/gazebo_sim/share/gazebo_sim/package.bash'
[0.371s] INFO:colcon.colcon_core.shell:Creating package script '/home/ardra/go_sim/install/gazebo_sim/share/gazebo_sim/package.zsh'
[0.371s] Level 1:colcon.colcon_core.environment:create_file_with_runtime_dependencies(/home/ardra/go_sim/install/gazebo_sim/share/colcon-core/packages/gazebo_sim)
[0.371s] DEBUG:colcon.colcon_parallel_executor.executor.parallel:closing loop
[0.371s] DEBUG:colcon.colcon_parallel_executor.executor.parallel:loop closed
[0.371s] DEBUG:colcon.colcon_parallel_executor.executor.parallel:run_until_complete finished with '0'
[0.371s] DEBUG:colcon.colcon_core.event_reactor:joining thread
[0.377s] INFO:colcon.colcon_core.plugin_system:Skipping extension 'colcon_notification.desktop_notification.terminal_notifier': Not used on non-Darwin systems
[0.377s] INFO:colcon.colcon_core.plugin_system:Skipping extension 'colcon_notification.desktop_notification.win32': Not used on non-Windows systems
[0.377s] INFO:colcon.colcon_notification.desktop_notification:Sending desktop notification using 'notify2'
[0.386s] DEBUG:colcon.colcon_core.event_reactor:joined thread
[0.386s] INFO:colcon.colcon_core.shell:Creating prefix script '/home/ardra/go_sim/install/local_setup.ps1'
[0.387s] INFO:colcon.colcon_core.shell:Creating prefix util module '/home/ardra/go_sim/install/_local_setup_util_ps1.py'
[0.387s] INFO:colcon.colcon_core.shell:Creating prefix chain script '/home/ardra/go_sim/install/setup.ps1'
[0.388s] INFO:colcon.colcon_core.shell:Creating prefix script '/home/ardra/go_sim/install/local_setup.sh'
[0.389s] INFO:colcon.colcon_core.shell:Creating prefix util module '/home/ardra/go_sim/install/_local_setup_util_sh.py'
[0.389s] INFO:colcon.colcon_core.shell:Creating prefix chain script '/home/ardra/go_sim/install/setup.sh'
[0.390s] INFO:colcon.colcon_core.shell:Creating prefix script '/home/ardra/go_sim/install/local_setup.bash'
[0.390s] INFO:colcon.colcon_core.shell:Creating prefix chain script '/home/ardra/go_sim/install/setup.bash'
[0.391s] INFO:colcon.colcon_core.shell:Creating prefix script '/home/ardra/go_sim/install/local_setup.zsh'
[0.391s] INFO:colcon.colcon_core.shell:Creating prefix chain script '/home/ardra/go_sim/install/setup.zsh'
